<?xml version="1.0" encoding="UTF-8"?>
<!-- Generated by org.testng.reporters.JUnitXMLReporter -->
<testsuite hostname="CIPLWKT014" ignored="0" name="Test14" tests="17" failures="4" timestamp="06 Apr 2024 11:20:57 GMT" time="704.788" errors="0">
  <testcase name="Login_EWA" time="36.211" classname="Script.My_Preferences_QuickFind"/>
  <testcase name="TC_01_Verify_QuickFind_DocIdSearch" time="99.636" classname="Script.My_Preferences_QuickFind">
    <skipped/>
  </testcase> <!-- TC_01_Verify_QuickFind_DocIdSearch -->
  <testcase name="TC_01_Verify_QuickFind_DocIdSearch" time="8.042" classname="Script.My_Preferences_QuickFind">
    <skipped/>
  </testcase> <!-- TC_01_Verify_QuickFind_DocIdSearch -->
  <testcase name="TC_01_Verify_QuickFind_DocIdSearch" time="70.123" classname="Script.My_Preferences_QuickFind">
    <skipped/>
  </testcase> <!-- TC_01_Verify_QuickFind_DocIdSearch -->
  <testcase name="TC_01_Verify_QuickFind_DocIdSearch" time="69.559" classname="Script.My_Preferences_QuickFind">
    <failure type="org.openqa.selenium.NoSuchElementException" message="no such element: Unable to locate element: {&amp;quot;method&amp;quot;:&amp;quot;xpath&amp;quot;,&amp;quot;selector&amp;quot;:&amp;quot;//table[@id=&amp;apos;docTypeIndicesTable&amp;apos;]/tbody[1]/tr[1]/td[2]/input[1]&amp;quot;}
  (Session info: chrome=123.0.6312.106)
For documentation on this error, please visit: https://www.seleniumhq.org/exceptions/no_such_element.html
Build info: version: &amp;apos;3.141.59&amp;apos;, revision: &amp;apos;e82be7d358&amp;apos;, time: &amp;apos;2018-11-14T08:25:53&amp;apos;
System info: host: &amp;apos;CIPLWKT014&amp;apos;, ip: &amp;apos;10.4.8.14&amp;apos;, os.name: &amp;apos;Windows 10&amp;apos;, os.arch: &amp;apos;x86&amp;apos;, os.version: &amp;apos;10.0&amp;apos;, java.version: &amp;apos;1.8.0_351&amp;apos;
Driver info: org.openqa.selenium.chrome.ChromeDriver
Capabilities {acceptInsecureCerts: false, browserName: chrome, browserVersion: 123.0.6312.106, chrome: {chromedriverVersion: 123.0.6312.58 (6b4b19e9dfbb..., userDataDir: C:\Users\nisha.r\AppData\Lo...}, fedcm:accounts: true, goog:chromeOptions: {debuggerAddress: localhost:56457}, javascriptEnabled: true, networkConnectionEnabled: false, pageLoadStrategy: normal, platform: WINDOWS, platformName: WINDOWS, proxy: Proxy(), setWindowRect: true, strictFileInteractability: false, timeouts: {implicit: 0, pageLoad: 300000, script: 30000}, unhandledPromptBehavior: dismiss and notify, webauthn:extension:credBlob: true, webauthn:extension:largeBlob: true, webauthn:extension:minPinLength: true, webauthn:extension:prf: true, webauthn:virtualAuthenticators: true}
Session ID: 9fd5352554f2a455c82fffd2b9eea392
*** Element info: {Using=xpath, value=//table[@id=&amp;apos;docTypeIndicesTable&amp;apos;]/tbody[1]/tr[1]/td[2]/input[1]}">
      <![CDATA[org.openqa.selenium.NoSuchElementException: no such element: Unable to locate element: {"method":"xpath","selector":"//table[@id='docTypeIndicesTable']/tbody[1]/tr[1]/td[2]/input[1]"}
  (Session info: chrome=123.0.6312.106)
For documentation on this error, please visit: https://www.seleniumhq.org/exceptions/no_such_element.html
Build info: version: '3.141.59', revision: 'e82be7d358', time: '2018-11-14T08:25:53'
System info: host: 'CIPLWKT014', ip: '10.4.8.14', os.name: 'Windows 10', os.arch: 'x86', os.version: '10.0', java.version: '1.8.0_351'
Driver info: org.openqa.selenium.chrome.ChromeDriver
Capabilities {acceptInsecureCerts: false, browserName: chrome, browserVersion: 123.0.6312.106, chrome: {chromedriverVersion: 123.0.6312.58 (6b4b19e9dfbb..., userDataDir: C:\Users\nisha.r\AppData\Lo...}, fedcm:accounts: true, goog:chromeOptions: {debuggerAddress: localhost:56457}, javascriptEnabled: true, networkConnectionEnabled: false, pageLoadStrategy: normal, platform: WINDOWS, platformName: WINDOWS, proxy: Proxy(), setWindowRect: true, strictFileInteractability: false, timeouts: {implicit: 0, pageLoad: 300000, script: 30000}, unhandledPromptBehavior: dismiss and notify, webauthn:extension:credBlob: true, webauthn:extension:largeBlob: true, webauthn:extension:minPinLength: true, webauthn:extension:prf: true, webauthn:virtualAuthenticators: true}
Session ID: 9fd5352554f2a455c82fffd2b9eea392
*** Element info: {Using=xpath, value=//table[@id='docTypeIndicesTable']/tbody[1]/tr[1]/td[2]/input[1]}
at org.openqa.selenium.remote.http.W3CHttpResponseCodec.createException(W3CHttpResponseCodec.java:187)
at org.openqa.selenium.remote.http.W3CHttpResponseCodec.decode(W3CHttpResponseCodec.java:122)
at org.openqa.selenium.remote.http.W3CHttpResponseCodec.decode(W3CHttpResponseCodec.java:49)
at org.openqa.selenium.remote.HttpCommandExecutor.execute(HttpCommandExecutor.java:158)
at org.openqa.selenium.remote.service.DriverCommandExecutor.execute(DriverCommandExecutor.java:83)
at org.openqa.selenium.remote.RemoteWebDriver.execute(RemoteWebDriver.java:552)
at org.openqa.selenium.remote.RemoteWebDriver.findElement(RemoteWebDriver.java:323)
at org.openqa.selenium.remote.RemoteWebDriver.findElementByXPath(RemoteWebDriver.java:428)
at org.openqa.selenium.By$ByXPath.findElement(By.java:353)
at org.openqa.selenium.remote.RemoteWebDriver.findElement(RemoteWebDriver.java:315)
at org.openqa.selenium.support.pagefactory.DefaultElementLocator.findElement(DefaultElementLocator.java:69)
at org.openqa.selenium.support.pagefactory.internal.LocatingElementHandler.invoke(LocatingElementHandler.java:38)
at com.sun.proxy.$Proxy23.click(Unknown Source)
at Pom.My_Preferences.getEnter_ReportName(My_Preferences.java:287)
at Script.My_Preferences_QuickFind.TC_01_Verify_QuickFind_DocIdSearch(My_Preferences_QuickFind.java:76)
... Removed 31 stack frames]]>
    </failure>
  </testcase> <!-- TC_01_Verify_QuickFind_DocIdSearch -->
  <testcase name="TC_02_Verify_QuickFind_TextSearch" time="34.003" classname="Script.My_Preferences_QuickFind">
    <skipped/>
  </testcase> <!-- TC_02_Verify_QuickFind_TextSearch -->
  <testcase name="TC_02_Verify_QuickFind_TextSearch" time="33.813" classname="Script.My_Preferences_QuickFind">
    <skipped/>
  </testcase> <!-- TC_02_Verify_QuickFind_TextSearch -->
  <testcase name="TC_02_Verify_QuickFind_TextSearch" time="33.923" classname="Script.My_Preferences_QuickFind">
    <skipped/>
  </testcase> <!-- TC_02_Verify_QuickFind_TextSearch -->
  <testcase name="TC_02_Verify_QuickFind_TextSearch" time="34.295" classname="Script.My_Preferences_QuickFind">
    <failure type="org.openqa.selenium.ElementClickInterceptedException" message="element click intercepted: Element &amp;lt;input style=&amp;quot;margin-top: 8px; font-size: 15px; font-family: Calibri;&amp;quot; id=&amp;quot;search-text&amp;quot; class=&amp;quot;search-field&amp;quot; name=&amp;quot;search&amp;quot; type=&amp;quot;text&amp;quot; placeholder=&amp;quot;Search...&amp;quot;&amp;gt; is not clickable at point (1482, 20). Other element would receive the click: &amp;lt;div id=&amp;quot;cvModel27&amp;quot; class=&amp;quot;cvModel&amp;quot; style=&amp;quot;display: block; font-family: Calibri;&amp;quot;&amp;gt;...&amp;lt;/div&amp;gt;
  (Session info: chrome=123.0.6312.106)
Build info: version: &amp;apos;3.141.59&amp;apos;, revision: &amp;apos;e82be7d358&amp;apos;, time: &amp;apos;2018-11-14T08:25:53&amp;apos;
System info: host: &amp;apos;CIPLWKT014&amp;apos;, ip: &amp;apos;10.4.8.14&amp;apos;, os.name: &amp;apos;Windows 10&amp;apos;, os.arch: &amp;apos;x86&amp;apos;, os.version: &amp;apos;10.0&amp;apos;, java.version: &amp;apos;1.8.0_351&amp;apos;
Driver info: org.openqa.selenium.chrome.ChromeDriver
Capabilities {acceptInsecureCerts: false, browserName: chrome, browserVersion: 123.0.6312.106, chrome: {chromedriverVersion: 123.0.6312.58 (6b4b19e9dfbb..., userDataDir: C:\Users\nisha.r\AppData\Lo...}, fedcm:accounts: true, goog:chromeOptions: {debuggerAddress: localhost:56457}, javascriptEnabled: true, networkConnectionEnabled: false, pageLoadStrategy: normal, platform: WINDOWS, platformName: WINDOWS, proxy: Proxy(), setWindowRect: true, strictFileInteractability: false, timeouts: {implicit: 0, pageLoad: 300000, script: 30000}, unhandledPromptBehavior: dismiss and notify, webauthn:extension:credBlob: true, webauthn:extension:largeBlob: true, webauthn:extension:minPinLength: true, webauthn:extension:prf: true, webauthn:virtualAuthenticators: true}
Session ID: 9fd5352554f2a455c82fffd2b9eea392">
      <![CDATA[org.openqa.selenium.ElementClickInterceptedException: element click intercepted: Element <input style="margin-top: 8px; font-size: 15px; font-family: Calibri;" id="search-text" class="search-field" name="search" type="text" placeholder="Search..."> is not clickable at point (1482, 20). Other element would receive the click: <div id="cvModel27" class="cvModel" style="display: block; font-family: Calibri;">...</div>
  (Session info: chrome=123.0.6312.106)
Build info: version: '3.141.59', revision: 'e82be7d358', time: '2018-11-14T08:25:53'
System info: host: 'CIPLWKT014', ip: '10.4.8.14', os.name: 'Windows 10', os.arch: 'x86', os.version: '10.0', java.version: '1.8.0_351'
Driver info: org.openqa.selenium.chrome.ChromeDriver
Capabilities {acceptInsecureCerts: false, browserName: chrome, browserVersion: 123.0.6312.106, chrome: {chromedriverVersion: 123.0.6312.58 (6b4b19e9dfbb..., userDataDir: C:\Users\nisha.r\AppData\Lo...}, fedcm:accounts: true, goog:chromeOptions: {debuggerAddress: localhost:56457}, javascriptEnabled: true, networkConnectionEnabled: false, pageLoadStrategy: normal, platform: WINDOWS, platformName: WINDOWS, proxy: Proxy(), setWindowRect: true, strictFileInteractability: false, timeouts: {implicit: 0, pageLoad: 300000, script: 30000}, unhandledPromptBehavior: dismiss and notify, webauthn:extension:credBlob: true, webauthn:extension:largeBlob: true, webauthn:extension:minPinLength: true, webauthn:extension:prf: true, webauthn:virtualAuthenticators: true}
Session ID: 9fd5352554f2a455c82fffd2b9eea392
at org.openqa.selenium.remote.http.W3CHttpResponseCodec.createException(W3CHttpResponseCodec.java:187)
at org.openqa.selenium.remote.http.W3CHttpResponseCodec.decode(W3CHttpResponseCodec.java:122)
at org.openqa.selenium.remote.http.W3CHttpResponseCodec.decode(W3CHttpResponseCodec.java:49)
at org.openqa.selenium.remote.HttpCommandExecutor.execute(HttpCommandExecutor.java:158)
at org.openqa.selenium.remote.service.DriverCommandExecutor.execute(DriverCommandExecutor.java:83)
at org.openqa.selenium.remote.RemoteWebDriver.execute(RemoteWebDriver.java:552)
at org.openqa.selenium.remote.RemoteWebElement.execute(RemoteWebElement.java:285)
at org.openqa.selenium.remote.RemoteWebElement.click(RemoteWebElement.java:84)
at org.openqa.selenium.support.pagefactory.internal.LocatingElementHandler.invoke(LocatingElementHandler.java:51)
at com.sun.proxy.$Proxy23.click(Unknown Source)
at Pom.My_Preferences.getEnter_Text_InSearch(My_Preferences.java:669)
at Script.My_Preferences_QuickFind.TC_02_Verify_QuickFind_TextSearch(My_Preferences_QuickFind.java:137)
... Removed 34 stack frames]]>
    </failure>
  </testcase> <!-- TC_02_Verify_QuickFind_TextSearch -->
  <testcase name="TC_03_Verify_QuickFind_IndexSearch" time="33.876" classname="Script.My_Preferences_QuickFind">
    <skipped/>
  </testcase> <!-- TC_03_Verify_QuickFind_IndexSearch -->
  <testcase name="TC_03_Verify_QuickFind_IndexSearch" time="33.894" classname="Script.My_Preferences_QuickFind">
    <skipped/>
  </testcase> <!-- TC_03_Verify_QuickFind_IndexSearch -->
  <testcase name="TC_03_Verify_QuickFind_IndexSearch" time="33.879" classname="Script.My_Preferences_QuickFind">
    <skipped/>
  </testcase> <!-- TC_03_Verify_QuickFind_IndexSearch -->
  <testcase name="TC_03_Verify_QuickFind_IndexSearch" time="33.923" classname="Script.My_Preferences_QuickFind">
    <failure type="org.openqa.selenium.ElementClickInterceptedException" message="element click intercepted: Element &amp;lt;input style=&amp;quot;margin-top: 8px; font-size: 15px; font-family: Calibri;&amp;quot; id=&amp;quot;search-text&amp;quot; class=&amp;quot;search-field&amp;quot; name=&amp;quot;search&amp;quot; type=&amp;quot;text&amp;quot; placeholder=&amp;quot;Search...&amp;quot;&amp;gt; is not clickable at point (1482, 20). Other element would receive the click: &amp;lt;div id=&amp;quot;cvModel27&amp;quot; class=&amp;quot;cvModel&amp;quot; style=&amp;quot;display: block; font-family: Calibri;&amp;quot;&amp;gt;...&amp;lt;/div&amp;gt;
  (Session info: chrome=123.0.6312.106)
Build info: version: &amp;apos;3.141.59&amp;apos;, revision: &amp;apos;e82be7d358&amp;apos;, time: &amp;apos;2018-11-14T08:25:53&amp;apos;
System info: host: &amp;apos;CIPLWKT014&amp;apos;, ip: &amp;apos;10.4.8.14&amp;apos;, os.name: &amp;apos;Windows 10&amp;apos;, os.arch: &amp;apos;x86&amp;apos;, os.version: &amp;apos;10.0&amp;apos;, java.version: &amp;apos;1.8.0_351&amp;apos;
Driver info: org.openqa.selenium.chrome.ChromeDriver
Capabilities {acceptInsecureCerts: false, browserName: chrome, browserVersion: 123.0.6312.106, chrome: {chromedriverVersion: 123.0.6312.58 (6b4b19e9dfbb..., userDataDir: C:\Users\nisha.r\AppData\Lo...}, fedcm:accounts: true, goog:chromeOptions: {debuggerAddress: localhost:56457}, javascriptEnabled: true, networkConnectionEnabled: false, pageLoadStrategy: normal, platform: WINDOWS, platformName: WINDOWS, proxy: Proxy(), setWindowRect: true, strictFileInteractability: false, timeouts: {implicit: 0, pageLoad: 300000, script: 30000}, unhandledPromptBehavior: dismiss and notify, webauthn:extension:credBlob: true, webauthn:extension:largeBlob: true, webauthn:extension:minPinLength: true, webauthn:extension:prf: true, webauthn:virtualAuthenticators: true}
Session ID: 9fd5352554f2a455c82fffd2b9eea392">
      <![CDATA[org.openqa.selenium.ElementClickInterceptedException: element click intercepted: Element <input style="margin-top: 8px; font-size: 15px; font-family: Calibri;" id="search-text" class="search-field" name="search" type="text" placeholder="Search..."> is not clickable at point (1482, 20). Other element would receive the click: <div id="cvModel27" class="cvModel" style="display: block; font-family: Calibri;">...</div>
  (Session info: chrome=123.0.6312.106)
Build info: version: '3.141.59', revision: 'e82be7d358', time: '2018-11-14T08:25:53'
System info: host: 'CIPLWKT014', ip: '10.4.8.14', os.name: 'Windows 10', os.arch: 'x86', os.version: '10.0', java.version: '1.8.0_351'
Driver info: org.openqa.selenium.chrome.ChromeDriver
Capabilities {acceptInsecureCerts: false, browserName: chrome, browserVersion: 123.0.6312.106, chrome: {chromedriverVersion: 123.0.6312.58 (6b4b19e9dfbb..., userDataDir: C:\Users\nisha.r\AppData\Lo...}, fedcm:accounts: true, goog:chromeOptions: {debuggerAddress: localhost:56457}, javascriptEnabled: true, networkConnectionEnabled: false, pageLoadStrategy: normal, platform: WINDOWS, platformName: WINDOWS, proxy: Proxy(), setWindowRect: true, strictFileInteractability: false, timeouts: {implicit: 0, pageLoad: 300000, script: 30000}, unhandledPromptBehavior: dismiss and notify, webauthn:extension:credBlob: true, webauthn:extension:largeBlob: true, webauthn:extension:minPinLength: true, webauthn:extension:prf: true, webauthn:virtualAuthenticators: true}
Session ID: 9fd5352554f2a455c82fffd2b9eea392
at org.openqa.selenium.remote.http.W3CHttpResponseCodec.createException(W3CHttpResponseCodec.java:187)
at org.openqa.selenium.remote.http.W3CHttpResponseCodec.decode(W3CHttpResponseCodec.java:122)
at org.openqa.selenium.remote.http.W3CHttpResponseCodec.decode(W3CHttpResponseCodec.java:49)
at org.openqa.selenium.remote.HttpCommandExecutor.execute(HttpCommandExecutor.java:158)
at org.openqa.selenium.remote.service.DriverCommandExecutor.execute(DriverCommandExecutor.java:83)
at org.openqa.selenium.remote.RemoteWebDriver.execute(RemoteWebDriver.java:552)
at org.openqa.selenium.remote.RemoteWebElement.execute(RemoteWebElement.java:285)
at org.openqa.selenium.remote.RemoteWebElement.click(RemoteWebElement.java:84)
at org.openqa.selenium.support.pagefactory.internal.LocatingElementHandler.invoke(LocatingElementHandler.java:51)
at com.sun.proxy.$Proxy23.click(Unknown Source)
at Pom.My_Preferences.getEnter_IndexValue_InSearch(My_Preferences.java:684)
at Script.My_Preferences_QuickFind.TC_03_Verify_QuickFind_IndexSearch(My_Preferences_QuickFind.java:163)
... Removed 34 stack frames]]>
    </failure>
  </testcase> <!-- TC_03_Verify_QuickFind_IndexSearch -->
  <testcase name="TC_04_Verify_QuickFind_BothSearch" time="33.976" classname="Script.My_Preferences_QuickFind">
    <skipped/>
  </testcase> <!-- TC_04_Verify_QuickFind_BothSearch -->
  <testcase name="TC_04_Verify_QuickFind_BothSearch" time="33.872" classname="Script.My_Preferences_QuickFind">
    <skipped/>
  </testcase> <!-- TC_04_Verify_QuickFind_BothSearch -->
  <testcase name="TC_04_Verify_QuickFind_BothSearch" time="33.785" classname="Script.My_Preferences_QuickFind">
    <skipped/>
  </testcase> <!-- TC_04_Verify_QuickFind_BothSearch -->
  <testcase name="TC_04_Verify_QuickFind_BothSearch" time="33.877" classname="Script.My_Preferences_QuickFind">
    <failure type="org.openqa.selenium.ElementClickInterceptedException" message="element click intercepted: Element &amp;lt;input style=&amp;quot;margin-top: 8px; font-size: 15px; font-family: Calibri;&amp;quot; id=&amp;quot;search-text&amp;quot; class=&amp;quot;search-field&amp;quot; name=&amp;quot;search&amp;quot; type=&amp;quot;text&amp;quot; placeholder=&amp;quot;Search...&amp;quot;&amp;gt; is not clickable at point (1482, 20). Other element would receive the click: &amp;lt;div id=&amp;quot;cvModel27&amp;quot; class=&amp;quot;cvModel&amp;quot; style=&amp;quot;display: block; font-family: Calibri;&amp;quot;&amp;gt;...&amp;lt;/div&amp;gt;
  (Session info: chrome=123.0.6312.106)
Build info: version: &amp;apos;3.141.59&amp;apos;, revision: &amp;apos;e82be7d358&amp;apos;, time: &amp;apos;2018-11-14T08:25:53&amp;apos;
System info: host: &amp;apos;CIPLWKT014&amp;apos;, ip: &amp;apos;10.4.8.14&amp;apos;, os.name: &amp;apos;Windows 10&amp;apos;, os.arch: &amp;apos;x86&amp;apos;, os.version: &amp;apos;10.0&amp;apos;, java.version: &amp;apos;1.8.0_351&amp;apos;
Driver info: org.openqa.selenium.chrome.ChromeDriver
Capabilities {acceptInsecureCerts: false, browserName: chrome, browserVersion: 123.0.6312.106, chrome: {chromedriverVersion: 123.0.6312.58 (6b4b19e9dfbb..., userDataDir: C:\Users\nisha.r\AppData\Lo...}, fedcm:accounts: true, goog:chromeOptions: {debuggerAddress: localhost:56457}, javascriptEnabled: true, networkConnectionEnabled: false, pageLoadStrategy: normal, platform: WINDOWS, platformName: WINDOWS, proxy: Proxy(), setWindowRect: true, strictFileInteractability: false, timeouts: {implicit: 0, pageLoad: 300000, script: 30000}, unhandledPromptBehavior: dismiss and notify, webauthn:extension:credBlob: true, webauthn:extension:largeBlob: true, webauthn:extension:minPinLength: true, webauthn:extension:prf: true, webauthn:virtualAuthenticators: true}
Session ID: 9fd5352554f2a455c82fffd2b9eea392">
      <![CDATA[org.openqa.selenium.ElementClickInterceptedException: element click intercepted: Element <input style="margin-top: 8px; font-size: 15px; font-family: Calibri;" id="search-text" class="search-field" name="search" type="text" placeholder="Search..."> is not clickable at point (1482, 20). Other element would receive the click: <div id="cvModel27" class="cvModel" style="display: block; font-family: Calibri;">...</div>
  (Session info: chrome=123.0.6312.106)
Build info: version: '3.141.59', revision: 'e82be7d358', time: '2018-11-14T08:25:53'
System info: host: 'CIPLWKT014', ip: '10.4.8.14', os.name: 'Windows 10', os.arch: 'x86', os.version: '10.0', java.version: '1.8.0_351'
Driver info: org.openqa.selenium.chrome.ChromeDriver
Capabilities {acceptInsecureCerts: false, browserName: chrome, browserVersion: 123.0.6312.106, chrome: {chromedriverVersion: 123.0.6312.58 (6b4b19e9dfbb..., userDataDir: C:\Users\nisha.r\AppData\Lo...}, fedcm:accounts: true, goog:chromeOptions: {debuggerAddress: localhost:56457}, javascriptEnabled: true, networkConnectionEnabled: false, pageLoadStrategy: normal, platform: WINDOWS, platformName: WINDOWS, proxy: Proxy(), setWindowRect: true, strictFileInteractability: false, timeouts: {implicit: 0, pageLoad: 300000, script: 30000}, unhandledPromptBehavior: dismiss and notify, webauthn:extension:credBlob: true, webauthn:extension:largeBlob: true, webauthn:extension:minPinLength: true, webauthn:extension:prf: true, webauthn:virtualAuthenticators: true}
Session ID: 9fd5352554f2a455c82fffd2b9eea392
at org.openqa.selenium.remote.http.W3CHttpResponseCodec.createException(W3CHttpResponseCodec.java:187)
at org.openqa.selenium.remote.http.W3CHttpResponseCodec.decode(W3CHttpResponseCodec.java:122)
at org.openqa.selenium.remote.http.W3CHttpResponseCodec.decode(W3CHttpResponseCodec.java:49)
at org.openqa.selenium.remote.HttpCommandExecutor.execute(HttpCommandExecutor.java:158)
at org.openqa.selenium.remote.service.DriverCommandExecutor.execute(DriverCommandExecutor.java:83)
at org.openqa.selenium.remote.RemoteWebDriver.execute(RemoteWebDriver.java:552)
at org.openqa.selenium.remote.RemoteWebElement.execute(RemoteWebElement.java:285)
at org.openqa.selenium.remote.RemoteWebElement.click(RemoteWebElement.java:84)
at org.openqa.selenium.support.pagefactory.internal.LocatingElementHandler.invoke(LocatingElementHandler.java:51)
at com.sun.proxy.$Proxy23.click(Unknown Source)
at Pom.My_Preferences.getEnter_BothValue_InSearch(My_Preferences.java:699)
at Script.My_Preferences_QuickFind.TC_04_Verify_QuickFind_BothSearch(My_Preferences_QuickFind.java:188)
... Removed 34 stack frames]]>
    </failure>
  </testcase> <!-- TC_04_Verify_QuickFind_BothSearch -->
</testsuite> <!-- Test14 -->
