<?xml version="1.0" encoding="utf-8" ?>
<!DOCTYPE html PUBLIC "-//W3C//DTD XHTML 1.0 Strict//EN"
        "http://www.w3.org/TR/xhtml1/DTD/xhtml1-strict.dtd">
<html xmlns="http://www.w3.org/1999/xhtml" xml:lang="" lang="">
<head>
  <title>Test Results Report - Test 16</title>
  <meta http-equiv="Content-Type" content="text/html;charset=utf-8" />
  <meta name="description" content="TestNG unit test results." />
  <link href="reportng.css" rel="stylesheet" type="text/css" />
    <script type="text/javascript" src="reportng.js"></script>
</head>
<body>
<h1>Test 16</h1>
<p>
  Test duration: 103.251s
</p>



  <table class="resultsTable">
    <tr><th colspan="3" class="header failed">Failed Tests</th></tr>
          <tr>
        <td colspan="3" class="group">Script.Thumbnail_MicroSoft_FabBTN</td>
      </tr>
            
<tr>
  <td class="method">
                  TC_1_ShowThumbnail
      </td>
  <td class="duration">
    5.120s
  </td>
  <td class="result">
        
    
            <div class="testOutput">
                        Expand the cabinet<br />
                                Expand the drawer<br />
                  </div>
    

        <a href="javascript:toggleElement('exception-0', 'block')" title="Click to expand/collapse"><b>org.openqa.selenium.NoSuchElementException: no such element: Unable to locate element: {&quot;method&quot;:&quot;xpath&quot;,&quot;selector&quot;:&quot;//div[@id=&apos;viewDocumentnavigator&apos;]/ul/li[2]/ul/li[1]&quot;}<br/>
&nbsp; (Session info: chrome=122.0.6261.112)<br/>
For documentation on this error, please visit: https://www.seleniumhq.org/exceptions/no_such_element.html<br/>
Build info: version: &apos;3.141.59&apos;, revision: &apos;e82be7d358&apos;, time: &apos;2018-11-14T08:25:53&apos;<br/>
System info: host: &apos;CIPLWKT014&apos;, ip: &apos;10.4.8.14&apos;, os.name: &apos;Windows 10&apos;, os.arch: &apos;x86&apos;, os.version: &apos;10.0&apos;, java.version: &apos;1.8.0_351&apos;<br/>
Driver info: org.openqa.selenium.chrome.ChromeDriver<br/>
Capabilities {acceptInsecureCerts: false, browserName: chrome, browserVersion: 122.0.6261.112, chrome: {chromedriverVersion: 121.0.6167.184 (057a8ae7deb..., userDataDir: C:\Users\nisha.r\AppData\Lo...}, fedcm:accounts: true, goog:chromeOptions: {debuggerAddress: localhost:54181}, javascriptEnabled: true, networkConnectionEnabled: false, pageLoadStrategy: normal, platform: WINDOWS, platformName: WINDOWS, proxy: Proxy(), setWindowRect: true, strictFileInteractability: false, timeouts: {implicit: 0, pageLoad: 300000, script: 30000}, unhandledPromptBehavior: dismiss and notify, webauthn:extension:credBlob: true, webauthn:extension:largeBlob: true, webauthn:extension:minPinLength: true, webauthn:extension:prf: true, webauthn:virtualAuthenticators: true}<br/>
Session ID: a8a1a62a0929aced6908ecf5164d712e<br/>
*** Element info: {Using=xpath, value=//div[@id=&apos;viewDocumentnavigator&apos;]/ul/li[2]/ul/li[1]}</b></a><br />
    <div class="stackTrace" id="exception-0">
              sun.reflect.NativeConstructorAccessorImpl.newInstance0(Native Method)<br />
              sun.reflect.NativeConstructorAccessorImpl.newInstance(Unknown Source)<br />
              sun.reflect.DelegatingConstructorAccessorImpl.newInstance(Unknown Source)<br />
              java.lang.reflect.Constructor.newInstance(Unknown Source)<br />
              org.openqa.selenium.remote.http.W3CHttpResponseCodec.createException(W3CHttpResponseCodec.java:187)<br />
              org.openqa.selenium.remote.http.W3CHttpResponseCodec.decode(W3CHttpResponseCodec.java:122)<br />
              org.openqa.selenium.remote.http.W3CHttpResponseCodec.decode(W3CHttpResponseCodec.java:49)<br />
              org.openqa.selenium.remote.HttpCommandExecutor.execute(HttpCommandExecutor.java:158)<br />
              org.openqa.selenium.remote.service.DriverCommandExecutor.execute(DriverCommandExecutor.java:83)<br />
              org.openqa.selenium.remote.RemoteWebDriver.execute(RemoteWebDriver.java:552)<br />
              org.openqa.selenium.remote.RemoteWebDriver.findElement(RemoteWebDriver.java:323)<br />
              org.openqa.selenium.remote.RemoteWebDriver.findElementByXPath(RemoteWebDriver.java:428)<br />
              org.openqa.selenium.By$ByXPath.findElement(By.java:353)<br />
              org.openqa.selenium.remote.RemoteWebDriver.findElement(RemoteWebDriver.java:315)<br />
              org.openqa.selenium.support.pagefactory.DefaultElementLocator.findElement(DefaultElementLocator.java:69)<br />
              org.openqa.selenium.support.pagefactory.internal.LocatingElementHandler.invoke(LocatingElementHandler.java:38)<br />
              com.sun.proxy.$Proxy25.getWrappedElement(Unknown Source)<br />
              org.openqa.selenium.remote.internal.WebElementToJsonConverter.apply(WebElementToJsonConverter.java:50)<br />
              java.util.stream.ReferencePipeline$3$1.accept(Unknown Source)<br />
              java.util.Spliterators$ArraySpliterator.forEachRemaining(Unknown Source)<br />
              java.util.stream.AbstractPipeline.copyInto(Unknown Source)<br />
              java.util.stream.AbstractPipeline.wrapAndCopyInto(Unknown Source)<br />
              java.util.stream.ReduceOps$ReduceOp.evaluateSequential(Unknown Source)<br />
              java.util.stream.AbstractPipeline.evaluate(Unknown Source)<br />
              java.util.stream.ReferencePipeline.collect(Unknown Source)<br />
              org.openqa.selenium.remote.RemoteWebDriver.executeScript(RemoteWebDriver.java:484)<br />
              Generic.BaseClass.jsclick(BaseClass.java:638)<br />
              Pom.AdvancedViewer.CreateDocumentAndShowThumbnail(AdvancedViewer.java:382)<br />
              Script.Thumbnail_MicroSoft_FabBTN.TC_1_ShowThumbnail(Thumbnail_MicroSoft_FabBTN.java:35)<br />
              sun.reflect.NativeMethodAccessorImpl.invoke0(Native Method)<br />
              sun.reflect.NativeMethodAccessorImpl.invoke(Unknown Source)<br />
              sun.reflect.DelegatingMethodAccessorImpl.invoke(Unknown Source)<br />
              java.lang.reflect.Method.invoke(Unknown Source)<br />
              org.testng.internal.MethodInvocationHelper.invokeMethod(MethodInvocationHelper.java:124)<br />
              org.testng.internal.Invoker.invokeMethod(Invoker.java:583)<br />
              org.testng.internal.Invoker.retryFailed(Invoker.java:839)<br />
              org.testng.internal.Invoker.invokeTestMethods(Invoker.java:1010)<br />
              org.testng.internal.TestMethodWorker.invokeTestMethods(TestMethodWorker.java:125)<br />
              org.testng.internal.TestMethodWorker.run(TestMethodWorker.java:109)<br />
              org.testng.TestRunner.privateRun(TestRunner.java:648)<br />
              org.testng.TestRunner.run(TestRunner.java:505)<br />
              org.testng.SuiteRunner.runTest(SuiteRunner.java:455)<br />
              org.testng.SuiteRunner.runSequentially(SuiteRunner.java:450)<br />
              org.testng.SuiteRunner.privateRun(SuiteRunner.java:415)<br />
              org.testng.SuiteRunner.run(SuiteRunner.java:364)<br />
              org.testng.SuiteRunnerWorker.runSuite(SuiteRunnerWorker.java:52)<br />
              org.testng.SuiteRunnerWorker.run(SuiteRunnerWorker.java:84)<br />
              org.testng.TestNG.runSuitesSequentially(TestNG.java:1208)<br />
              org.testng.TestNG.runSuitesLocally(TestNG.java:1137)<br />
              org.testng.TestNG.runSuites(TestNG.java:1049)<br />
              org.testng.TestNG.run(TestNG.java:1017)<br />
              org.testng.remote.AbstractRemoteTestNG.run(AbstractRemoteTestNG.java:114)<br />
              org.testng.remote.RemoteTestNG.initAndRun(RemoteTestNG.java:251)<br />
              org.testng.remote.RemoteTestNG.main(RemoteTestNG.java:77)<br />
                </div>
      </td>
</tr>
<tr>
  <td class="method">
                  TC_2_Create_document_saveDoc
      </td>
  <td class="duration">
    7.134s
  </td>
  <td class="result">
        
    
            <div class="testOutput">
                        User create document and save document by using floating button Save icon<br />
                  </div>
    

        <a href="javascript:toggleElement('exception-1', 'block')" title="Click to expand/collapse"><b>org.openqa.selenium.json.JsonException: java.lang.reflect.InvocationTargetException<br/>
Build info: version: &apos;3.141.59&apos;, revision: &apos;e82be7d358&apos;, time: &apos;2018-11-14T08:25:53&apos;<br/>
System info: host: &apos;CIPLWKT014&apos;, ip: &apos;10.4.8.14&apos;, os.name: &apos;Windows 10&apos;, os.arch: &apos;x86&apos;, os.version: &apos;10.0&apos;, java.version: &apos;1.8.0_351&apos;<br/>
Driver info: driver.version: RemoteWebDriver</b></a><br />
    <div class="stackTrace" id="exception-1">
              org.openqa.selenium.json.JsonOutput.convertUsingMethod(JsonOutput.java:332)<br />
              org.openqa.selenium.json.JsonOutput.lambda$new$16(JsonOutput.java:155)<br />
              org.openqa.selenium.json.JsonOutput.write(JsonOutput.java:264)<br />
              org.openqa.selenium.json.JsonOutput.lambda$null$21(JsonOutput.java:168)<br />
              java.util.LinkedHashMap$LinkedValues.forEach(Unknown Source)<br />
              org.openqa.selenium.json.JsonOutput.lambda$new$22(JsonOutput.java:168)<br />
              org.openqa.selenium.json.JsonOutput.write(JsonOutput.java:264)<br />
              org.openqa.selenium.json.JsonOutput.lambda$null$23(JsonOutput.java:177)<br />
              com.google.common.collect.SingletonImmutableBiMap.forEach(SingletonImmutableBiMap.java:65)<br />
              org.openqa.selenium.json.JsonOutput.lambda$new$24(JsonOutput.java:176)<br />
              org.openqa.selenium.json.JsonOutput.write(JsonOutput.java:264)<br />
              org.openqa.selenium.json.JsonOutput.write(JsonOutput.java:255)<br />
              org.openqa.selenium.json.Json.toJson(Json.java:42)<br />
              org.openqa.selenium.remote.http.AbstractHttpCommandCodec.encode(AbstractHttpCommandCodec.java:227)<br />
              org.openqa.selenium.remote.http.AbstractHttpCommandCodec.encode(AbstractHttpCommandCodec.java:117)<br />
              org.openqa.selenium.remote.HttpCommandExecutor.execute(HttpCommandExecutor.java:152)<br />
              org.openqa.selenium.remote.service.DriverCommandExecutor.execute(DriverCommandExecutor.java:83)<br />
              org.openqa.selenium.remote.RemoteWebDriver.execute(RemoteWebDriver.java:552)<br />
              org.openqa.selenium.remote.RemoteWebDriver.perform(RemoteWebDriver.java:618)<br />
              org.openqa.selenium.interactions.Actions$BuiltAction.perform(Actions.java:639)<br />
              Pom.AdvancedViewer.CreateDocumentAnd_SaveFromDocument_Fabbtn(AdvancedViewer.java:523)<br />
              Script.Thumbnail_MicroSoft_FabBTN.TC_2_Create_document_saveDoc(Thumbnail_MicroSoft_FabBTN.java:43)<br />
              sun.reflect.NativeMethodAccessorImpl.invoke0(Native Method)<br />
              sun.reflect.NativeMethodAccessorImpl.invoke(Unknown Source)<br />
              sun.reflect.DelegatingMethodAccessorImpl.invoke(Unknown Source)<br />
              java.lang.reflect.Method.invoke(Unknown Source)<br />
              org.testng.internal.MethodInvocationHelper.invokeMethod(MethodInvocationHelper.java:124)<br />
              org.testng.internal.Invoker.invokeMethod(Invoker.java:583)<br />
              org.testng.internal.Invoker.retryFailed(Invoker.java:839)<br />
              org.testng.internal.Invoker.invokeTestMethods(Invoker.java:1010)<br />
              org.testng.internal.TestMethodWorker.invokeTestMethods(TestMethodWorker.java:125)<br />
              org.testng.internal.TestMethodWorker.run(TestMethodWorker.java:109)<br />
              org.testng.TestRunner.privateRun(TestRunner.java:648)<br />
              org.testng.TestRunner.run(TestRunner.java:505)<br />
              org.testng.SuiteRunner.runTest(SuiteRunner.java:455)<br />
              org.testng.SuiteRunner.runSequentially(SuiteRunner.java:450)<br />
              org.testng.SuiteRunner.privateRun(SuiteRunner.java:415)<br />
              org.testng.SuiteRunner.run(SuiteRunner.java:364)<br />
              org.testng.SuiteRunnerWorker.runSuite(SuiteRunnerWorker.java:52)<br />
              org.testng.SuiteRunnerWorker.run(SuiteRunnerWorker.java:84)<br />
              org.testng.TestNG.runSuitesSequentially(TestNG.java:1208)<br />
              org.testng.TestNG.runSuitesLocally(TestNG.java:1137)<br />
              org.testng.TestNG.runSuites(TestNG.java:1049)<br />
              org.testng.TestNG.run(TestNG.java:1017)<br />
              org.testng.remote.AbstractRemoteTestNG.run(AbstractRemoteTestNG.java:114)<br />
              org.testng.remote.RemoteTestNG.initAndRun(RemoteTestNG.java:251)<br />
              org.testng.remote.RemoteTestNG.main(RemoteTestNG.java:77)<br />
                    <b>Caused by: </b> <a href="javascript:toggleElement('exception-2', 'block')" title="Click to expand/collapse">java.lang.reflect.InvocationTargetException</a><br />
        <div class="stackTrace" id="exception-2">
                      sun.reflect.GeneratedMethodAccessor6.invoke(Unknown Source)<br />
                      sun.reflect.DelegatingMethodAccessorImpl.invoke(Unknown Source)<br />
                      java.lang.reflect.Method.invoke(Unknown Source)<br />
                      org.openqa.selenium.json.JsonOutput.convertUsingMethod(JsonOutput.java:328)<br />
                      org.openqa.selenium.json.JsonOutput.lambda$new$16(JsonOutput.java:155)<br />
                      org.openqa.selenium.json.JsonOutput.write(JsonOutput.java:264)<br />
                      org.openqa.selenium.json.JsonOutput.lambda$null$21(JsonOutput.java:168)<br />
                      java.util.LinkedHashMap$LinkedValues.forEach(Unknown Source)<br />
                      org.openqa.selenium.json.JsonOutput.lambda$new$22(JsonOutput.java:168)<br />
                      org.openqa.selenium.json.JsonOutput.write(JsonOutput.java:264)<br />
                      org.openqa.selenium.json.JsonOutput.lambda$null$23(JsonOutput.java:177)<br />
                      com.google.common.collect.SingletonImmutableBiMap.forEach(SingletonImmutableBiMap.java:65)<br />
                      org.openqa.selenium.json.JsonOutput.lambda$new$24(JsonOutput.java:176)<br />
                      org.openqa.selenium.json.JsonOutput.write(JsonOutput.java:264)<br />
                      org.openqa.selenium.json.JsonOutput.write(JsonOutput.java:255)<br />
                      org.openqa.selenium.json.Json.toJson(Json.java:42)<br />
                      org.openqa.selenium.remote.http.AbstractHttpCommandCodec.encode(AbstractHttpCommandCodec.java:227)<br />
                      org.openqa.selenium.remote.http.AbstractHttpCommandCodec.encode(AbstractHttpCommandCodec.java:117)<br />
                      org.openqa.selenium.remote.HttpCommandExecutor.execute(HttpCommandExecutor.java:152)<br />
                      org.openqa.selenium.remote.service.DriverCommandExecutor.execute(DriverCommandExecutor.java:83)<br />
                      org.openqa.selenium.remote.RemoteWebDriver.execute(RemoteWebDriver.java:552)<br />
                      org.openqa.selenium.remote.RemoteWebDriver.perform(RemoteWebDriver.java:618)<br />
                      org.openqa.selenium.interactions.Actions$BuiltAction.perform(Actions.java:639)<br />
                      Pom.AdvancedViewer.CreateDocumentAnd_SaveFromDocument_Fabbtn(AdvancedViewer.java:523)<br />
                      Script.Thumbnail_MicroSoft_FabBTN.TC_2_Create_document_saveDoc(Thumbnail_MicroSoft_FabBTN.java:43)<br />
                      sun.reflect.NativeMethodAccessorImpl.invoke0(Native Method)<br />
                      sun.reflect.NativeMethodAccessorImpl.invoke(Unknown Source)<br />
                      sun.reflect.DelegatingMethodAccessorImpl.invoke(Unknown Source)<br />
                      java.lang.reflect.Method.invoke(Unknown Source)<br />
                      org.testng.internal.MethodInvocationHelper.invokeMethod(MethodInvocationHelper.java:124)<br />
                      org.testng.internal.Invoker.invokeMethod(Invoker.java:583)<br />
                      org.testng.internal.Invoker.retryFailed(Invoker.java:839)<br />
                      org.testng.internal.Invoker.invokeTestMethods(Invoker.java:1010)<br />
                      org.testng.internal.TestMethodWorker.invokeTestMethods(TestMethodWorker.java:125)<br />
                      org.testng.internal.TestMethodWorker.run(TestMethodWorker.java:109)<br />
                      org.testng.TestRunner.privateRun(TestRunner.java:648)<br />
                      org.testng.TestRunner.run(TestRunner.java:505)<br />
                      org.testng.SuiteRunner.runTest(SuiteRunner.java:455)<br />
                      org.testng.SuiteRunner.runSequentially(SuiteRunner.java:450)<br />
                      org.testng.SuiteRunner.privateRun(SuiteRunner.java:415)<br />
                      org.testng.SuiteRunner.run(SuiteRunner.java:364)<br />
                      org.testng.SuiteRunnerWorker.runSuite(SuiteRunnerWorker.java:52)<br />
                      org.testng.SuiteRunnerWorker.run(SuiteRunnerWorker.java:84)<br />
                      org.testng.TestNG.runSuitesSequentially(TestNG.java:1208)<br />
                      org.testng.TestNG.runSuitesLocally(TestNG.java:1137)<br />
                      org.testng.TestNG.runSuites(TestNG.java:1049)<br />
                      org.testng.TestNG.run(TestNG.java:1017)<br />
                      org.testng.remote.AbstractRemoteTestNG.run(AbstractRemoteTestNG.java:114)<br />
                      org.testng.remote.RemoteTestNG.initAndRun(RemoteTestNG.java:251)<br />
                      org.testng.remote.RemoteTestNG.main(RemoteTestNG.java:77)<br />
                  </div>
              <b>Caused by: </b> <a href="javascript:toggleElement('exception-3', 'block')" title="Click to expand/collapse">org.openqa.selenium.NoSuchElementException: no such element: Unable to locate element: {&quot;method&quot;:&quot;xpath&quot;,&quot;selector&quot;:&quot;(//div[@id=&apos;djvuViewerDiv_editor_viewerContainer&apos;])[1]&quot;}<br/>
&nbsp; (Session info: chrome=122.0.6261.112)<br/>
For documentation on this error, please visit: https://www.seleniumhq.org/exceptions/no_such_element.html<br/>
Build info: version: &apos;3.141.59&apos;, revision: &apos;e82be7d358&apos;, time: &apos;2018-11-14T08:25:53&apos;<br/>
System info: host: &apos;CIPLWKT014&apos;, ip: &apos;10.4.8.14&apos;, os.name: &apos;Windows 10&apos;, os.arch: &apos;x86&apos;, os.version: &apos;10.0&apos;, java.version: &apos;1.8.0_351&apos;<br/>
Driver info: org.openqa.selenium.chrome.ChromeDriver<br/>
Capabilities {acceptInsecureCerts: false, browserName: chrome, browserVersion: 122.0.6261.112, chrome: {chromedriverVersion: 121.0.6167.184 (057a8ae7deb..., userDataDir: C:\Users\nisha.r\AppData\Lo...}, fedcm:accounts: true, goog:chromeOptions: {debuggerAddress: localhost:54181}, javascriptEnabled: true, networkConnectionEnabled: false, pageLoadStrategy: normal, platform: WINDOWS, platformName: WINDOWS, proxy: Proxy(), setWindowRect: true, strictFileInteractability: false, timeouts: {implicit: 0, pageLoad: 300000, script: 30000}, unhandledPromptBehavior: dismiss and notify, webauthn:extension:credBlob: true, webauthn:extension:largeBlob: true, webauthn:extension:minPinLength: true, webauthn:extension:prf: true, webauthn:virtualAuthenticators: true}<br/>
Session ID: a8a1a62a0929aced6908ecf5164d712e<br/>
*** Element info: {Using=xpath, value=(//div[@id=&apos;djvuViewerDiv_editor_viewerContainer&apos;])[1]}</a><br />
        <div class="stackTrace" id="exception-3">
                      sun.reflect.NativeConstructorAccessorImpl.newInstance0(Native Method)<br />
                      sun.reflect.NativeConstructorAccessorImpl.newInstance(Unknown Source)<br />
                      sun.reflect.DelegatingConstructorAccessorImpl.newInstance(Unknown Source)<br />
                      java.lang.reflect.Constructor.newInstance(Unknown Source)<br />
                      org.openqa.selenium.remote.http.W3CHttpResponseCodec.createException(W3CHttpResponseCodec.java:187)<br />
                      org.openqa.selenium.remote.http.W3CHttpResponseCodec.decode(W3CHttpResponseCodec.java:122)<br />
                      org.openqa.selenium.remote.http.W3CHttpResponseCodec.decode(W3CHttpResponseCodec.java:49)<br />
                      org.openqa.selenium.remote.HttpCommandExecutor.execute(HttpCommandExecutor.java:158)<br />
                      org.openqa.selenium.remote.service.DriverCommandExecutor.execute(DriverCommandExecutor.java:83)<br />
                      org.openqa.selenium.remote.RemoteWebDriver.execute(RemoteWebDriver.java:552)<br />
                      org.openqa.selenium.remote.RemoteWebDriver.findElement(RemoteWebDriver.java:323)<br />
                      org.openqa.selenium.remote.RemoteWebDriver.findElementByXPath(RemoteWebDriver.java:428)<br />
                      org.openqa.selenium.By$ByXPath.findElement(By.java:353)<br />
                      org.openqa.selenium.remote.RemoteWebDriver.findElement(RemoteWebDriver.java:315)<br />
                      org.openqa.selenium.support.pagefactory.DefaultElementLocator.findElement(DefaultElementLocator.java:69)<br />
                      org.openqa.selenium.support.pagefactory.internal.LocatingElementHandler.invoke(LocatingElementHandler.java:38)<br />
                      com.sun.proxy.$Proxy25.getWrappedElement(Unknown Source)<br />
                      org.openqa.selenium.interactions.PointerInput$Origin.asArg(PointerInput.java:204)<br />
                      org.openqa.selenium.interactions.PointerInput$Move.encode(PointerInput.java:155)<br />
                      org.openqa.selenium.interactions.Sequence.encode(Sequence.java:75)<br />
                      org.openqa.selenium.interactions.Sequence.toJson(Sequence.java:84)<br />
                      sun.reflect.GeneratedMethodAccessor6.invoke(Unknown Source)<br />
                      sun.reflect.DelegatingMethodAccessorImpl.invoke(Unknown Source)<br />
                      java.lang.reflect.Method.invoke(Unknown Source)<br />
                      org.openqa.selenium.json.JsonOutput.convertUsingMethod(JsonOutput.java:328)<br />
                      org.openqa.selenium.json.JsonOutput.lambda$new$16(JsonOutput.java:155)<br />
                      org.openqa.selenium.json.JsonOutput.write(JsonOutput.java:264)<br />
                      org.openqa.selenium.json.JsonOutput.lambda$null$21(JsonOutput.java:168)<br />
                      java.util.LinkedHashMap$LinkedValues.forEach(Unknown Source)<br />
                      org.openqa.selenium.json.JsonOutput.lambda$new$22(JsonOutput.java:168)<br />
                      org.openqa.selenium.json.JsonOutput.write(JsonOutput.java:264)<br />
                      org.openqa.selenium.json.JsonOutput.lambda$null$23(JsonOutput.java:177)<br />
                      com.google.common.collect.SingletonImmutableBiMap.forEach(SingletonImmutableBiMap.java:65)<br />
                      org.openqa.selenium.json.JsonOutput.lambda$new$24(JsonOutput.java:176)<br />
                      org.openqa.selenium.json.JsonOutput.write(JsonOutput.java:264)<br />
                      org.openqa.selenium.json.JsonOutput.write(JsonOutput.java:255)<br />
                      org.openqa.selenium.json.Json.toJson(Json.java:42)<br />
                      org.openqa.selenium.remote.http.AbstractHttpCommandCodec.encode(AbstractHttpCommandCodec.java:227)<br />
                      org.openqa.selenium.remote.http.AbstractHttpCommandCodec.encode(AbstractHttpCommandCodec.java:117)<br />
                      org.openqa.selenium.remote.HttpCommandExecutor.execute(HttpCommandExecutor.java:152)<br />
                      org.openqa.selenium.remote.service.DriverCommandExecutor.execute(DriverCommandExecutor.java:83)<br />
                      org.openqa.selenium.remote.RemoteWebDriver.execute(RemoteWebDriver.java:552)<br />
                      org.openqa.selenium.remote.RemoteWebDriver.perform(RemoteWebDriver.java:618)<br />
                      org.openqa.selenium.interactions.Actions$BuiltAction.perform(Actions.java:639)<br />
                      Pom.AdvancedViewer.CreateDocumentAnd_SaveFromDocument_Fabbtn(AdvancedViewer.java:523)<br />
                      Script.Thumbnail_MicroSoft_FabBTN.TC_2_Create_document_saveDoc(Thumbnail_MicroSoft_FabBTN.java:43)<br />
                      sun.reflect.NativeMethodAccessorImpl.invoke0(Native Method)<br />
                      sun.reflect.NativeMethodAccessorImpl.invoke(Unknown Source)<br />
                      sun.reflect.DelegatingMethodAccessorImpl.invoke(Unknown Source)<br />
                      java.lang.reflect.Method.invoke(Unknown Source)<br />
                      org.testng.internal.MethodInvocationHelper.invokeMethod(MethodInvocationHelper.java:124)<br />
                      org.testng.internal.Invoker.invokeMethod(Invoker.java:583)<br />
                      org.testng.internal.Invoker.retryFailed(Invoker.java:839)<br />
                      org.testng.internal.Invoker.invokeTestMethods(Invoker.java:1010)<br />
                      org.testng.internal.TestMethodWorker.invokeTestMethods(TestMethodWorker.java:125)<br />
                      org.testng.internal.TestMethodWorker.run(TestMethodWorker.java:109)<br />
                      org.testng.TestRunner.privateRun(TestRunner.java:648)<br />
                      org.testng.TestRunner.run(TestRunner.java:505)<br />
                      org.testng.SuiteRunner.runTest(SuiteRunner.java:455)<br />
                      org.testng.SuiteRunner.runSequentially(SuiteRunner.java:450)<br />
                      org.testng.SuiteRunner.privateRun(SuiteRunner.java:415)<br />
                      org.testng.SuiteRunner.run(SuiteRunner.java:364)<br />
                      org.testng.SuiteRunnerWorker.runSuite(SuiteRunnerWorker.java:52)<br />
                      org.testng.SuiteRunnerWorker.run(SuiteRunnerWorker.java:84)<br />
                      org.testng.TestNG.runSuitesSequentially(TestNG.java:1208)<br />
                      org.testng.TestNG.runSuitesLocally(TestNG.java:1137)<br />
                      org.testng.TestNG.runSuites(TestNG.java:1049)<br />
                      org.testng.TestNG.run(TestNG.java:1017)<br />
                      org.testng.remote.AbstractRemoteTestNG.run(AbstractRemoteTestNG.java:114)<br />
                      org.testng.remote.RemoteTestNG.initAndRun(RemoteTestNG.java:251)<br />
                      org.testng.remote.RemoteTestNG.main(RemoteTestNG.java:77)<br />
                  </div>
          </div>
      </td>
</tr>
<tr>
  <td class="method">
                  TC_3_Upload_Document_fabBTN
      </td>
  <td class="duration">
    4.077s
  </td>
  <td class="result">
        
    
            <div class="testOutput">
                        User add file by using floating button Browse icon<br />
                  </div>
    

        <a href="javascript:toggleElement('exception-4', 'block')" title="Click to expand/collapse"><b>org.openqa.selenium.ElementNotInteractableException: element not interactable: [object HTMLElement] has no size and location<br/>
&nbsp; (Session info: chrome=122.0.6261.112)<br/>
Build info: version: &apos;3.141.59&apos;, revision: &apos;e82be7d358&apos;, time: &apos;2018-11-14T08:25:53&apos;<br/>
System info: host: &apos;CIPLWKT014&apos;, ip: &apos;10.4.8.14&apos;, os.name: &apos;Windows 10&apos;, os.arch: &apos;x86&apos;, os.version: &apos;10.0&apos;, java.version: &apos;1.8.0_351&apos;<br/>
Driver info: org.openqa.selenium.chrome.ChromeDriver<br/>
Capabilities {acceptInsecureCerts: false, browserName: chrome, browserVersion: 122.0.6261.112, chrome: {chromedriverVersion: 121.0.6167.184 (057a8ae7deb..., userDataDir: C:\Users\nisha.r\AppData\Lo...}, fedcm:accounts: true, goog:chromeOptions: {debuggerAddress: localhost:54181}, javascriptEnabled: true, networkConnectionEnabled: false, pageLoadStrategy: normal, platform: WINDOWS, platformName: WINDOWS, proxy: Proxy(), setWindowRect: true, strictFileInteractability: false, timeouts: {implicit: 0, pageLoad: 300000, script: 30000}, unhandledPromptBehavior: dismiss and notify, webauthn:extension:credBlob: true, webauthn:extension:largeBlob: true, webauthn:extension:minPinLength: true, webauthn:extension:prf: true, webauthn:virtualAuthenticators: true}<br/>
Session ID: a8a1a62a0929aced6908ecf5164d712e</b></a><br />
    <div class="stackTrace" id="exception-4">
              sun.reflect.NativeConstructorAccessorImpl.newInstance0(Native Method)<br />
              sun.reflect.NativeConstructorAccessorImpl.newInstance(Unknown Source)<br />
              sun.reflect.DelegatingConstructorAccessorImpl.newInstance(Unknown Source)<br />
              java.lang.reflect.Constructor.newInstance(Unknown Source)<br />
              org.openqa.selenium.remote.http.W3CHttpResponseCodec.createException(W3CHttpResponseCodec.java:187)<br />
              org.openqa.selenium.remote.http.W3CHttpResponseCodec.decode(W3CHttpResponseCodec.java:122)<br />
              org.openqa.selenium.remote.http.W3CHttpResponseCodec.decode(W3CHttpResponseCodec.java:49)<br />
              org.openqa.selenium.remote.HttpCommandExecutor.execute(HttpCommandExecutor.java:158)<br />
              org.openqa.selenium.remote.service.DriverCommandExecutor.execute(DriverCommandExecutor.java:83)<br />
              org.openqa.selenium.remote.RemoteWebDriver.execute(RemoteWebDriver.java:552)<br />
              org.openqa.selenium.remote.RemoteWebDriver.perform(RemoteWebDriver.java:618)<br />
              org.openqa.selenium.interactions.Actions$BuiltAction.perform(Actions.java:639)<br />
              Pom.AdvancedViewer.CreateDocumentAnd_Upload_NewDocument_From_FabBrowseOption(AdvancedViewer.java:545)<br />
              Script.Thumbnail_MicroSoft_FabBTN.TC_3_Upload_Document_fabBTN(Thumbnail_MicroSoft_FabBTN.java:51)<br />
              sun.reflect.NativeMethodAccessorImpl.invoke0(Native Method)<br />
              sun.reflect.NativeMethodAccessorImpl.invoke(Unknown Source)<br />
              sun.reflect.DelegatingMethodAccessorImpl.invoke(Unknown Source)<br />
              java.lang.reflect.Method.invoke(Unknown Source)<br />
              org.testng.internal.MethodInvocationHelper.invokeMethod(MethodInvocationHelper.java:124)<br />
              org.testng.internal.Invoker.invokeMethod(Invoker.java:583)<br />
              org.testng.internal.Invoker.retryFailed(Invoker.java:839)<br />
              org.testng.internal.Invoker.invokeTestMethods(Invoker.java:1010)<br />
              org.testng.internal.TestMethodWorker.invokeTestMethods(TestMethodWorker.java:125)<br />
              org.testng.internal.TestMethodWorker.run(TestMethodWorker.java:109)<br />
              org.testng.TestRunner.privateRun(TestRunner.java:648)<br />
              org.testng.TestRunner.run(TestRunner.java:505)<br />
              org.testng.SuiteRunner.runTest(SuiteRunner.java:455)<br />
              org.testng.SuiteRunner.runSequentially(SuiteRunner.java:450)<br />
              org.testng.SuiteRunner.privateRun(SuiteRunner.java:415)<br />
              org.testng.SuiteRunner.run(SuiteRunner.java:364)<br />
              org.testng.SuiteRunnerWorker.runSuite(SuiteRunnerWorker.java:52)<br />
              org.testng.SuiteRunnerWorker.run(SuiteRunnerWorker.java:84)<br />
              org.testng.TestNG.runSuitesSequentially(TestNG.java:1208)<br />
              org.testng.TestNG.runSuitesLocally(TestNG.java:1137)<br />
              org.testng.TestNG.runSuites(TestNG.java:1049)<br />
              org.testng.TestNG.run(TestNG.java:1017)<br />
              org.testng.remote.AbstractRemoteTestNG.run(AbstractRemoteTestNG.java:114)<br />
              org.testng.remote.RemoteTestNG.initAndRun(RemoteTestNG.java:251)<br />
              org.testng.remote.RemoteTestNG.main(RemoteTestNG.java:77)<br />
                </div>
      </td>
</tr>
<tr>
  <td class="method">
                  TC_5_View_Document_Delete
      </td>
  <td class="duration">
    6.142s
  </td>
  <td class="result">
        
    
            <div class="testOutput">
                        Mouse hover on floating button<br />
                                Select thumbnail page check box<br />
                  </div>
    

        <a href="javascript:toggleElement('exception-5', 'block')" title="Click to expand/collapse"><b>org.openqa.selenium.NoSuchElementException: no such element: Unable to locate element: {&quot;method&quot;:&quot;xpath&quot;,&quot;selector&quot;:&quot;//*[@id=&quot;docViewerMetaData&quot;]/div[2]/div/input&quot;}<br/>
&nbsp; (Session info: chrome=122.0.6261.112)<br/>
For documentation on this error, please visit: https://www.seleniumhq.org/exceptions/no_such_element.html<br/>
Build info: version: &apos;3.141.59&apos;, revision: &apos;e82be7d358&apos;, time: &apos;2018-11-14T08:25:53&apos;<br/>
System info: host: &apos;CIPLWKT014&apos;, ip: &apos;10.4.8.14&apos;, os.name: &apos;Windows 10&apos;, os.arch: &apos;x86&apos;, os.version: &apos;10.0&apos;, java.version: &apos;1.8.0_351&apos;<br/>
Driver info: org.openqa.selenium.chrome.ChromeDriver<br/>
Capabilities {acceptInsecureCerts: false, browserName: chrome, browserVersion: 122.0.6261.112, chrome: {chromedriverVersion: 121.0.6167.184 (057a8ae7deb..., userDataDir: C:\Users\nisha.r\AppData\Lo...}, fedcm:accounts: true, goog:chromeOptions: {debuggerAddress: localhost:54181}, javascriptEnabled: true, networkConnectionEnabled: false, pageLoadStrategy: normal, platform: WINDOWS, platformName: WINDOWS, proxy: Proxy(), setWindowRect: true, strictFileInteractability: false, timeouts: {implicit: 0, pageLoad: 300000, script: 30000}, unhandledPromptBehavior: dismiss and notify, webauthn:extension:credBlob: true, webauthn:extension:largeBlob: true, webauthn:extension:minPinLength: true, webauthn:extension:prf: true, webauthn:virtualAuthenticators: true}<br/>
Session ID: a8a1a62a0929aced6908ecf5164d712e<br/>
*** Element info: {Using=xpath, value=//*[@id=&quot;docViewerMetaData&quot;]/div[2]/div/input}</b></a><br />
    <div class="stackTrace" id="exception-5">
              sun.reflect.NativeConstructorAccessorImpl.newInstance0(Native Method)<br />
              sun.reflect.NativeConstructorAccessorImpl.newInstance(Unknown Source)<br />
              sun.reflect.DelegatingConstructorAccessorImpl.newInstance(Unknown Source)<br />
              java.lang.reflect.Constructor.newInstance(Unknown Source)<br />
              org.openqa.selenium.remote.http.W3CHttpResponseCodec.createException(W3CHttpResponseCodec.java:187)<br />
              org.openqa.selenium.remote.http.W3CHttpResponseCodec.decode(W3CHttpResponseCodec.java:122)<br />
              org.openqa.selenium.remote.http.W3CHttpResponseCodec.decode(W3CHttpResponseCodec.java:49)<br />
              org.openqa.selenium.remote.HttpCommandExecutor.execute(HttpCommandExecutor.java:158)<br />
              org.openqa.selenium.remote.service.DriverCommandExecutor.execute(DriverCommandExecutor.java:83)<br />
              org.openqa.selenium.remote.RemoteWebDriver.execute(RemoteWebDriver.java:552)<br />
              org.openqa.selenium.remote.RemoteWebDriver.findElement(RemoteWebDriver.java:323)<br />
              org.openqa.selenium.remote.RemoteWebDriver.findElementByXPath(RemoteWebDriver.java:428)<br />
              org.openqa.selenium.By$ByXPath.findElement(By.java:353)<br />
              org.openqa.selenium.remote.RemoteWebDriver.findElement(RemoteWebDriver.java:315)<br />
              org.openqa.selenium.support.pagefactory.DefaultElementLocator.findElement(DefaultElementLocator.java:69)<br />
              org.openqa.selenium.support.pagefactory.internal.LocatingElementHandler.invoke(LocatingElementHandler.java:38)<br />
              com.sun.proxy.$Proxy25.getWrappedElement(Unknown Source)<br />
              org.openqa.selenium.remote.internal.WebElementToJsonConverter.apply(WebElementToJsonConverter.java:50)<br />
              java.util.stream.ReferencePipeline$3$1.accept(Unknown Source)<br />
              java.util.Spliterators$ArraySpliterator.forEachRemaining(Unknown Source)<br />
              java.util.stream.AbstractPipeline.copyInto(Unknown Source)<br />
              java.util.stream.AbstractPipeline.wrapAndCopyInto(Unknown Source)<br />
              java.util.stream.ReduceOps$ReduceOp.evaluateSequential(Unknown Source)<br />
              java.util.stream.AbstractPipeline.evaluate(Unknown Source)<br />
              java.util.stream.ReferencePipeline.collect(Unknown Source)<br />
              org.openqa.selenium.remote.RemoteWebDriver.executeScript(RemoteWebDriver.java:484)<br />
              Generic.BaseClass.jsclick(BaseClass.java:638)<br />
              Pom.AdvancedViewer.CreateDocumentAnd_DeleteFabBTN_option(AdvancedViewer.java:589)<br />
              Script.Thumbnail_MicroSoft_FabBTN.TC_5_View_Document_Delete(Thumbnail_MicroSoft_FabBTN.java:67)<br />
              sun.reflect.NativeMethodAccessorImpl.invoke0(Native Method)<br />
              sun.reflect.NativeMethodAccessorImpl.invoke(Unknown Source)<br />
              sun.reflect.DelegatingMethodAccessorImpl.invoke(Unknown Source)<br />
              java.lang.reflect.Method.invoke(Unknown Source)<br />
              org.testng.internal.MethodInvocationHelper.invokeMethod(MethodInvocationHelper.java:124)<br />
              org.testng.internal.Invoker.invokeMethod(Invoker.java:583)<br />
              org.testng.internal.Invoker.retryFailed(Invoker.java:839)<br />
              org.testng.internal.Invoker.invokeTestMethods(Invoker.java:1010)<br />
              org.testng.internal.TestMethodWorker.invokeTestMethods(TestMethodWorker.java:125)<br />
              org.testng.internal.TestMethodWorker.run(TestMethodWorker.java:109)<br />
              org.testng.TestRunner.privateRun(TestRunner.java:648)<br />
              org.testng.TestRunner.run(TestRunner.java:505)<br />
              org.testng.SuiteRunner.runTest(SuiteRunner.java:455)<br />
              org.testng.SuiteRunner.runSequentially(SuiteRunner.java:450)<br />
              org.testng.SuiteRunner.privateRun(SuiteRunner.java:415)<br />
              org.testng.SuiteRunner.run(SuiteRunner.java:364)<br />
              org.testng.SuiteRunnerWorker.runSuite(SuiteRunnerWorker.java:52)<br />
              org.testng.SuiteRunnerWorker.run(SuiteRunnerWorker.java:84)<br />
              org.testng.TestNG.runSuitesSequentially(TestNG.java:1208)<br />
              org.testng.TestNG.runSuitesLocally(TestNG.java:1137)<br />
              org.testng.TestNG.runSuites(TestNG.java:1049)<br />
              org.testng.TestNG.run(TestNG.java:1017)<br />
              org.testng.remote.AbstractRemoteTestNG.run(AbstractRemoteTestNG.java:114)<br />
              org.testng.remote.RemoteTestNG.initAndRun(RemoteTestNG.java:251)<br />
              org.testng.remote.RemoteTestNG.main(RemoteTestNG.java:77)<br />
                </div>
      </td>
</tr>
      </table>

  <table class="resultsTable" width="100%">
    <tr><th colspan="3" class="header skipped">Skipped Tests</th></tr>
          <tr>
        <td colspan="3" class="group">Script.Thumbnail_MicroSoft_FabBTN</td>
      </tr>
            
<tr>
  <td class="method">
                  TC_1_ShowThumbnail
      </td>
  <td class="duration">
    5.142s
  </td>
  <td class="result">
                               
    
            <div class="testOutput">
                        Expand the cabinet<br />
                                Expand the drawer<br />
                  </div>
    

      </td>
</tr>
<tr>
  <td class="method">
                  TC_1_ShowThumbnail
      </td>
  <td class="duration">
    5.139s
  </td>
  <td class="result">
                               
    
            <div class="testOutput">
                        Expand the cabinet<br />
                                Expand the drawer<br />
                  </div>
    

      </td>
</tr>
<tr>
  <td class="method">
                  TC_1_ShowThumbnail
      </td>
  <td class="duration">
    5.117s
  </td>
  <td class="result">
                               
    
            <div class="testOutput">
                        Expand the cabinet<br />
                                Expand the drawer<br />
                  </div>
    

      </td>
</tr>
<tr>
  <td class="method">
                  TC_2_Create_document_saveDoc
      </td>
  <td class="duration">
    7.143s
  </td>
  <td class="result">
                               
    
            <div class="testOutput">
                        User create document and save document by using floating button Save icon<br />
                  </div>
    

      </td>
</tr>
<tr>
  <td class="method">
                  TC_2_Create_document_saveDoc
      </td>
  <td class="duration">
    7.248s
  </td>
  <td class="result">
                               
    
            <div class="testOutput">
                        User create document and save document by using floating button Save icon<br />
                  </div>
    

      </td>
</tr>
<tr>
  <td class="method">
                  TC_2_Create_document_saveDoc
      </td>
  <td class="duration">
    7.148s
  </td>
  <td class="result">
                               
    
            <div class="testOutput">
                        User create document and save document by using floating button Save icon<br />
                  </div>
    

      </td>
</tr>
<tr>
  <td class="method">
                  TC_3_Upload_Document_fabBTN
      </td>
  <td class="duration">
    4.062s
  </td>
  <td class="result">
                               
    
            <div class="testOutput">
                        User add file by using floating button Browse icon<br />
                  </div>
    

      </td>
</tr>
<tr>
  <td class="method">
                  TC_3_Upload_Document_fabBTN
      </td>
  <td class="duration">
    4.081s
  </td>
  <td class="result">
                               
    
            <div class="testOutput">
                        User add file by using floating button Browse icon<br />
                  </div>
    

      </td>
</tr>
<tr>
  <td class="method">
                  TC_3_Upload_Document_fabBTN
      </td>
  <td class="duration">
    4.087s
  </td>
  <td class="result">
                               
    
            <div class="testOutput">
                        User add file by using floating button Browse icon<br />
                  </div>
    

      </td>
</tr>
<tr>
  <td class="method">
                  TC_5_View_Document_Delete
      </td>
  <td class="duration">
    6.105s
  </td>
  <td class="result">
                               
    
            <div class="testOutput">
                        Mouse hover on floating button<br />
                                Select thumbnail page check box<br />
                  </div>
    

      </td>
</tr>
<tr>
  <td class="method">
                  TC_5_View_Document_Delete
      </td>
  <td class="duration">
    6.124s
  </td>
  <td class="result">
                               
    
            <div class="testOutput">
                        Mouse hover on floating button<br />
                                Select thumbnail page check box<br />
                  </div>
    

      </td>
</tr>
<tr>
  <td class="method">
                  TC_5_View_Document_Delete
      </td>
  <td class="duration">
    6.118s
  </td>
  <td class="result">
                               
    
            <div class="testOutput">
                        Mouse hover on floating button<br />
                                Select thumbnail page check box<br />
                  </div>
    

      </td>
</tr>
      </table>

  <table class="resultsTable">
    <tr><th colspan="3" class="header passed">Passed Tests</th></tr>
          <tr>
        <td colspan="3" class="group">Script.Thumbnail_MicroSoft_FabBTN</td>
      </tr>
            
<tr>
  <td class="method">
                  TC_4_View_Document_fullScreen
      </td>
  <td class="duration">
    13.264s
  </td>
  <td class="result">
        
    
            <div class="testOutput">
                        User mouse hover on floating button<br />
                                User click on full screen view icon<br />
                                It shows the document full screen view<br />
                  </div>
    

      </td>
</tr>
      </table>
  
</body>
</html>
