<?xml version="1.0" encoding="UTF-8"?>
<!-- Generated by org.testng.reporters.JUnitXMLReporter -->
<testsuite hostname="CIPLWKT014" ignored="0" name="ChromeTest" tests="22" failures="1" timestamp="07 Nov 2023 13:29:32 GMT" time="753.173" errors="0">
  <testcase name="LaunchCVSBrow" time="14.956" classname="Generic.CrossBrowserTesting"/>
  <testcase name="CVSLogin" time="20.999" classname="Script.SearchSelectDocumentLocation"/>
  <testcase name="BlankSearch" time="16.763" classname="Script.SearchSelectDocumentLocation"/>
  <testcase name="ExactSearchInIndexWithLoadMoreCount" time="36.056" classname="Script.SearchSelectDocumentLocation">
    <failure type="org.openqa.selenium.UnhandledAlertException" message="unexpected alert open: {Alert text : No more data found !}
  (Session info: chrome=119.0.6045.105): No more data found !
Build info: version: &amp;apos;3.141.59&amp;apos;, revision: &amp;apos;e82be7d358&amp;apos;, time: &amp;apos;2018-11-14T08:25:53&amp;apos;
System info: host: &amp;apos;CIPLWKT014&amp;apos;, ip: &amp;apos;10.4.8.14&amp;apos;, os.name: &amp;apos;Windows 10&amp;apos;, os.arch: &amp;apos;x86&amp;apos;, os.version: &amp;apos;10.0&amp;apos;, java.version: &amp;apos;1.8.0_351&amp;apos;
Driver info: org.openqa.selenium.chrome.ChromeDriver
Capabilities {acceptInsecureCerts: false, browserName: chrome, browserVersion: 119.0.6045.105, chrome: {chromedriverVersion: 119.0.6045.105 (38c72552c5e..., userDataDir: C:\Users\nisha.r\AppData\Lo...}, fedcm:accounts: true, goog:chromeOptions: {debuggerAddress: localhost:55106}, javascriptEnabled: true, networkConnectionEnabled: false, pageLoadStrategy: normal, platform: WINDOWS, platformName: WINDOWS, proxy: Proxy(), setWindowRect: true, strictFileInteractability: false, timeouts: {implicit: 0, pageLoad: 300000, script: 30000}, unhandledPromptBehavior: dismiss and notify, webauthn:extension:credBlob: true, webauthn:extension:largeBlob: true, webauthn:extension:minPinLength: true, webauthn:extension:prf: true, webauthn:virtualAuthenticators: true}
Session ID: 87be49683c55794d1e869ba3e86cc32b
*** Element info: {Using=xpath, value=(//td[@class=&amp;apos; details-control&amp;apos;])[66]}">
      <![CDATA[org.openqa.selenium.UnhandledAlertException: unexpected alert open: {Alert text : No more data found !}
  (Session info: chrome=119.0.6045.105): No more data found !
Build info: version: '3.141.59', revision: 'e82be7d358', time: '2018-11-14T08:25:53'
System info: host: 'CIPLWKT014', ip: '10.4.8.14', os.name: 'Windows 10', os.arch: 'x86', os.version: '10.0', java.version: '1.8.0_351'
Driver info: org.openqa.selenium.chrome.ChromeDriver
Capabilities {acceptInsecureCerts: false, browserName: chrome, browserVersion: 119.0.6045.105, chrome: {chromedriverVersion: 119.0.6045.105 (38c72552c5e..., userDataDir: C:\Users\nisha.r\AppData\Lo...}, fedcm:accounts: true, goog:chromeOptions: {debuggerAddress: localhost:55106}, javascriptEnabled: true, networkConnectionEnabled: false, pageLoadStrategy: normal, platform: WINDOWS, platformName: WINDOWS, proxy: Proxy(), setWindowRect: true, strictFileInteractability: false, timeouts: {implicit: 0, pageLoad: 300000, script: 30000}, unhandledPromptBehavior: dismiss and notify, webauthn:extension:credBlob: true, webauthn:extension:largeBlob: true, webauthn:extension:minPinLength: true, webauthn:extension:prf: true, webauthn:virtualAuthenticators: true}
Session ID: 87be49683c55794d1e869ba3e86cc32b
*** Element info: {Using=xpath, value=(//td[@class=' details-control'])[66]}
at org.openqa.selenium.remote.http.W3CHttpResponseCodec.decode(W3CHttpResponseCodec.java:120)
at org.openqa.selenium.remote.http.W3CHttpResponseCodec.decode(W3CHttpResponseCodec.java:49)
at org.openqa.selenium.remote.HttpCommandExecutor.execute(HttpCommandExecutor.java:158)
at org.openqa.selenium.remote.service.DriverCommandExecutor.execute(DriverCommandExecutor.java:83)
at org.openqa.selenium.remote.RemoteWebDriver.execute(RemoteWebDriver.java:552)
at org.openqa.selenium.remote.RemoteWebDriver.findElement(RemoteWebDriver.java:323)
at org.openqa.selenium.remote.RemoteWebDriver.findElementByXPath(RemoteWebDriver.java:428)
at org.openqa.selenium.By$ByXPath.findElement(By.java:353)
at org.openqa.selenium.remote.RemoteWebDriver.findElement(RemoteWebDriver.java:315)
at org.openqa.selenium.support.pagefactory.DefaultElementLocator.findElement(DefaultElementLocator.java:69)
at org.openqa.selenium.support.pagefactory.internal.LocatingElementHandler.invoke(LocatingElementHandler.java:38)
at com.sun.proxy.$Proxy10.getWrappedElement(Unknown Source)
at org.openqa.selenium.remote.internal.WebElementToJsonConverter.apply(WebElementToJsonConverter.java:50)
at java.util.stream.ReferencePipeline$3$1.accept(Unknown Source)
at java.util.Spliterators$ArraySpliterator.forEachRemaining(Unknown Source)
at java.util.stream.AbstractPipeline.copyInto(Unknown Source)
at java.util.stream.AbstractPipeline.wrapAndCopyInto(Unknown Source)
at java.util.stream.ReduceOps$ReduceOp.evaluateSequential(Unknown Source)
at java.util.stream.AbstractPipeline.evaluate(Unknown Source)
at java.util.stream.ReferencePipeline.collect(Unknown Source)
at org.openqa.selenium.remote.RemoteWebDriver.executeScript(RemoteWebDriver.java:484)
at Generic.BaseClass.scrollDown(BaseClass.java:397)
at Script.SearchSelectDocumentLocation.ExactSearchInIndexWithLoadMoreCount(SearchSelectDocumentLocation.java:82)
at java.util.concurrent.ThreadPoolExecutor.runWorker(Unknown Source)
at java.util.concurrent.ThreadPoolExecutor$Worker.run(Unknown Source)
at java.lang.Thread.run(Unknown Source)
... Removed 10 stack frames]]>
    </failure>
  </testcase> <!-- ExactSearchInIndexWithLoadMoreCount -->
  <testcase name="ExactSearchInIndex" time="29.751" classname="Script.SearchSelectDocumentLocation"/>
  <testcase name="AtLeastOneWordSeachIndex" time="14.422" classname="Script.SearchSelectDocumentLocation"/>
  <testcase name="AllOfTheWordSearchIndex" time="26.154" classname="Script.SearchSelectDocumentLocation"/>
  <testcase name="AllVrsn_Incldcmnt_FindInHit_AppendToHit" time="91.346" classname="Script.SearchSelectDocumentLocation"/>
  <testcase name="FolderLevelSearch" time="24.239" classname="Script.SearchSelectDocumentLocation"/>
  <testcase name="DrawerLevelSearch" time="23.353" classname="Script.SearchSelectDocumentLocation"/>
  <testcase name="CabinetLevel" time="19.969" classname="Script.SearchSelectDocumentLocation"/>
  <testcase name="DocumentDropDown" time="14.161" classname="Script.SearchSelectDocumentLocation"/>
  <testcase name="DocumentCreatorDropDown" time="19.684" classname="Script.SearchSelectDocumentLocation"/>
  <testcase name="WorkflowStatusDropdown" time="109.402" classname="Script.SearchSelectDocumentLocation"/>
  <testcase name="CreatedFromToModifiedFromTo" time="24.402" classname="Script.SearchSelectDocumentLocation"/>
  <testcase name="SavingTheSearchDoc" time="26.776" classname="Script.SearchSelectDocumentLocation"/>
  <testcase name="TextSearchWithSQLData" time="43.452" classname="Script.SearchSelectDocumentLocation"/>
  <testcase name="TextSearchWithAllOftheWords" time="47.21" classname="Script.SearchSelectDocumentLocation"/>
  <testcase name="TextSearchWithAtpartOftheWord" time="47.713" classname="Script.SearchSelectDocumentLocation"/>
  <testcase name="FolderSerchIcon" time="20.554" classname="Script.SearchSelectDocumentLocation"/>
  <testcase name="QuickSearch" time="18.675" classname="Script.SearchSelectDocumentLocation"/>
  <testcase name="DocumentSearch" time="53.162" classname="Script.SearchSelectDocumentLocation"/>
</testsuite> <!-- ChromeTest -->
