<html>
<head>
<title>TestNG:  ChromeTest</title>
<link href="../testng.css" rel="stylesheet" type="text/css" />
<link href="../my-testng.css" rel="stylesheet" type="text/css" />

<style type="text/css">
.log { display: none;} 
.stack-trace { display: none;} 
</style>
<script type="text/javascript">
<!--
function flip(e) {
  current = e.style.display;
  if (current == 'block') {
    e.style.display = 'none';
    return 0;
  }
  else {
    e.style.display = 'block';
    return 1;
  }
}

function toggleBox(szDivId, elem, msg1, msg2)
{
  var res = -1;  if (document.getElementById) {
    res = flip(document.getElementById(szDivId));
  }
  else if (document.all) {
    // this is the way old msie versions work
    res = flip(document.all[szDivId]);
  }
  if(elem) {
    if(res == 0) elem.innerHTML = msg1; else elem.innerHTML = msg2;
  }

}

function toggleAllBoxes() {
  if (document.getElementsByTagName) {
    d = document.getElementsByTagName('div');
    for (i = 0; i < d.length; i++) {
      if (d[i].className == 'log') {
        flip(d[i]);
      }
    }
  }
}

// -->
</script>

</head>
<body>
<h2 align='center'>ChromeTest</h2><table border='1' align="center">
<tr>
<td>Tests passed/Failed/Skipped:</td><td>21/1/0</td>
</tr><tr>
<td>Started on:</td><td>Tue Nov 07 05:16:58 PST 2023</td>
</tr>
<tr><td>Total time:</td><td>753 seconds (753173 ms)</td>
</tr><tr>
<td>Included groups:</td><td></td>
</tr><tr>
<td>Excluded groups:</td><td></td>
</tr>
</table><p/>
<small><i>(Hover the method name to see the test class name)</i></small><p/>
<table width='100%' border='1' class='invocation-failed'>
<tr><td colspan='4' align='center'><b>FAILED TESTS</b></td></tr>
<tr><td><b>Test method</b></td>
<td width="30%"><b>Exception</b></td>
<td width="10%"><b>Time (seconds)</b></td>
<td><b>Instance</b></td>
</tr>
<tr>
<td title='Script.SearchSelectDocumentLocation.ExactSearchInIndexWithLoadMoreCount()'><b>ExactSearchInIndexWithLoadMoreCount</b><br>Test class: Script.SearchSelectDocumentLocation</td>
<td><div><pre>org.openqa.selenium.UnhandledAlertException: unexpected alert open: {Alert text : No more data found !}
  (Session info: chrome=119.0.6045.105): No more data found !
Build info: version: &apos;3.141.59&apos;, revision: &apos;e82be7d358&apos;, time: &apos;2018-11-14T08:25:53&apos;
System info: host: &apos;CIPLWKT014&apos;, ip: &apos;10.4.8.14&apos;, os.name: &apos;Windows 10&apos;, os.arch: &apos;x86&apos;, os.version: &apos;10.0&apos;, java.version: &apos;1.8.0_351&apos;
Driver info: org.openqa.selenium.chrome.ChromeDriver
Capabilities {acceptInsecureCerts: false, browserName: chrome, browserVersion: 119.0.6045.105, chrome: {chromedriverVersion: 119.0.6045.105 (38c72552c5e..., userDataDir: C:\Users\nisha.r\AppData\Lo...}, fedcm:accounts: true, goog:chromeOptions: {debuggerAddress: localhost:55106}, javascriptEnabled: true, networkConnectionEnabled: false, pageLoadStrategy: normal, platform: WINDOWS, platformName: WINDOWS, proxy: Proxy(), setWindowRect: true, strictFileInteractability: false, timeouts: {implicit: 0, pageLoad: 300000, script: 30000}, unhandledPromptBehavior: dismiss and notify, webauthn:extension:credBlob: true, webauthn:extension:largeBlob: true, webauthn:extension:minPinLength: true, webauthn:extension:prf: true, webauthn:virtualAuthenticators: true}
Session ID: 87be49683c55794d1e869ba3e86cc32b
*** Element info: {Using=xpath, value=(//td[@class=&apos; details-control&apos;])[66]}
	at org.openqa.selenium.remote.http.W3CHttpResponseCodec.decode(W3CHttpResponseCodec.java:120)
	at org.openqa.selenium.remote.http.W3CHttpResponseCodec.decode(W3CHttpResponseCodec.java:49)
	at org.openqa.selenium.remote.HttpCommandExecutor.execute(HttpCommandExecutor.java:158)
	at org.openqa.selenium.remote.service.DriverCommandExecutor.execute(DriverCommandExecutor.java:83)
	at org.openqa.selenium.remote.RemoteWebDriver.execute(RemoteWebDriver.java:552)
	at org.openqa.selenium.remote.RemoteWebDriver.findElement(RemoteWebDriver.java:323)
	at org.openqa.selenium.remote.RemoteWebDriver.findElementByXPath(RemoteWebDriver.java:428)
	at org.openqa.selenium.By$ByXPath.findElement(By.java:353)
	at org.openqa.selenium.remote.RemoteWebDriver.findElement(RemoteWebDriver.java:315)
	at org.openqa.selenium.support.pagefactory.DefaultElementLocator.findElement(DefaultElementLocator.java:69)
	at org.openqa.selenium.support.pagefactory.internal.LocatingElementHandler.invoke(LocatingElementHandler.java:38)
	at com.sun.proxy.$Proxy10.getWrappedElement(Unknown Source)
	at org.openqa.selenium.remote.internal.WebElementToJsonConverter.apply(WebElementToJsonConverter.java:50)
	at java.util.stream.ReferencePipeline$3$1.accept(Unknown Source)
	at java.util.Spliterators$ArraySpliterator.forEachRemaining(Unknown Source)
	at java.util.stream.AbstractPipeline.copyInto(Unknown Source)
	at java.util.stream.AbstractPipeline.wrapAndCopyInto(Unknown Source)
	at java.util.stream.ReduceOps$ReduceOp.evaluateSequential(Unknown Source)
	at java.util.stream.AbstractPipeline.evaluate(Unknown Source)
	at java.util.stream.ReferencePipeline.collect(Unknown Source)
	at org.openqa.selenium.remote.RemoteWebDriver.executeScript(RemoteWebDriver.java:484)
	at Generic.BaseClass.scrollDown(BaseClass.java:397)
	at Script.SearchSelectDocumentLocation.ExactSearchInIndexWithLoadMoreCount(SearchSelectDocumentLocation.java:82)
	at java.util.concurrent.ThreadPoolExecutor.runWorker(Unknown Source)
	at java.util.concurrent.ThreadPoolExecutor$Worker.run(Unknown Source)
	at java.lang.Thread.run(Unknown Source)
... Removed 10 stack frames</pre></div><a href='#' onClick='toggleBox("stack-trace29886530", this, "Click to show all stack frames", "Click to hide stack frames")'>Click to show all stack frames</a>
<div class='stack-trace' id='stack-trace29886530'><pre>org.openqa.selenium.UnhandledAlertException: unexpected alert open: {Alert text : No more data found !}
  (Session info: chrome=119.0.6045.105): No more data found !
Build info: version: &apos;3.141.59&apos;, revision: &apos;e82be7d358&apos;, time: &apos;2018-11-14T08:25:53&apos;
System info: host: &apos;CIPLWKT014&apos;, ip: &apos;10.4.8.14&apos;, os.name: &apos;Windows 10&apos;, os.arch: &apos;x86&apos;, os.version: &apos;10.0&apos;, java.version: &apos;1.8.0_351&apos;
Driver info: org.openqa.selenium.chrome.ChromeDriver
Capabilities {acceptInsecureCerts: false, browserName: chrome, browserVersion: 119.0.6045.105, chrome: {chromedriverVersion: 119.0.6045.105 (38c72552c5e..., userDataDir: C:\Users\nisha.r\AppData\Lo...}, fedcm:accounts: true, goog:chromeOptions: {debuggerAddress: localhost:55106}, javascriptEnabled: true, networkConnectionEnabled: false, pageLoadStrategy: normal, platform: WINDOWS, platformName: WINDOWS, proxy: Proxy(), setWindowRect: true, strictFileInteractability: false, timeouts: {implicit: 0, pageLoad: 300000, script: 30000}, unhandledPromptBehavior: dismiss and notify, webauthn:extension:credBlob: true, webauthn:extension:largeBlob: true, webauthn:extension:minPinLength: true, webauthn:extension:prf: true, webauthn:virtualAuthenticators: true}
Session ID: 87be49683c55794d1e869ba3e86cc32b
*** Element info: {Using=xpath, value=(//td[@class=&apos; details-control&apos;])[66]}
	at org.openqa.selenium.remote.http.W3CHttpResponseCodec.decode(W3CHttpResponseCodec.java:120)
	at org.openqa.selenium.remote.http.W3CHttpResponseCodec.decode(W3CHttpResponseCodec.java:49)
	at org.openqa.selenium.remote.HttpCommandExecutor.execute(HttpCommandExecutor.java:158)
	at org.openqa.selenium.remote.service.DriverCommandExecutor.execute(DriverCommandExecutor.java:83)
	at org.openqa.selenium.remote.RemoteWebDriver.execute(RemoteWebDriver.java:552)
	at org.openqa.selenium.remote.RemoteWebDriver.findElement(RemoteWebDriver.java:323)
	at org.openqa.selenium.remote.RemoteWebDriver.findElementByXPath(RemoteWebDriver.java:428)
	at org.openqa.selenium.By$ByXPath.findElement(By.java:353)
	at org.openqa.selenium.remote.RemoteWebDriver.findElement(RemoteWebDriver.java:315)
	at org.openqa.selenium.support.pagefactory.DefaultElementLocator.findElement(DefaultElementLocator.java:69)
	at org.openqa.selenium.support.pagefactory.internal.LocatingElementHandler.invoke(LocatingElementHandler.java:38)
	at com.sun.proxy.$Proxy10.getWrappedElement(Unknown Source)
	at org.openqa.selenium.remote.internal.WebElementToJsonConverter.apply(WebElementToJsonConverter.java:50)
	at java.util.stream.ReferencePipeline$3$1.accept(Unknown Source)
	at java.util.Spliterators$ArraySpliterator.forEachRemaining(Unknown Source)
	at java.util.stream.AbstractPipeline.copyInto(Unknown Source)
	at java.util.stream.AbstractPipeline.wrapAndCopyInto(Unknown Source)
	at java.util.stream.ReduceOps$ReduceOp.evaluateSequential(Unknown Source)
	at java.util.stream.AbstractPipeline.evaluate(Unknown Source)
	at java.util.stream.ReferencePipeline.collect(Unknown Source)
	at org.openqa.selenium.remote.RemoteWebDriver.executeScript(RemoteWebDriver.java:484)
	at Generic.BaseClass.scrollDown(BaseClass.java:397)
	at Script.SearchSelectDocumentLocation.ExactSearchInIndexWithLoadMoreCount(SearchSelectDocumentLocation.java:82)
	at sun.reflect.NativeMethodAccessorImpl.invoke0(Native Method)
	at sun.reflect.NativeMethodAccessorImpl.invoke(Unknown Source)
	at sun.reflect.DelegatingMethodAccessorImpl.invoke(Unknown Source)
	at java.lang.reflect.Method.invoke(Unknown Source)
	at org.testng.internal.MethodInvocationHelper.invokeMethod(MethodInvocationHelper.java:124)
	at org.testng.internal.Invoker.invokeMethod(Invoker.java:583)
	at org.testng.internal.Invoker.invokeTestMethod(Invoker.java:719)
	at org.testng.internal.Invoker.invokeTestMethods(Invoker.java:989)
	at org.testng.internal.TestMethodWorker.invokeTestMethods(TestMethodWorker.java:125)
	at org.testng.internal.TestMethodWorker.run(TestMethodWorker.java:109)
	at java.util.concurrent.ThreadPoolExecutor.runWorker(Unknown Source)
	at java.util.concurrent.ThreadPoolExecutor$Worker.run(Unknown Source)
	at java.lang.Thread.run(Unknown Source)
</pre></div></td>
<td>36</td>
<td>Script.SearchSelectDocumentLocation@12c9a9c</td></tr>
</table><p>
<table width='100%' border='1' class='invocation-passed'>
<tr><td colspan='4' align='center'><b>PASSED TESTS</b></td></tr>
<tr><td><b>Test method</b></td>
<td width="30%"><b>Exception</b></td>
<td width="10%"><b>Time (seconds)</b></td>
<td><b>Instance</b></td>
</tr>
<tr>
<td title='Script.SearchSelectDocumentLocation.AllOfTheWordSearchIndex()'><b>AllOfTheWordSearchIndex</b><br>Test class: Script.SearchSelectDocumentLocation</td>
<td></td>
<td>26</td>
<td>Script.SearchSelectDocumentLocation@12c9a9c</td></tr>
<tr>
<td title='Script.SearchSelectDocumentLocation.AllVrsn_Incldcmnt_FindInHit_AppendToHit()'><b>AllVrsn_Incldcmnt_FindInHit_AppendToHit</b><br>Test class: Script.SearchSelectDocumentLocation</td>
<td></td>
<td>91</td>
<td>Script.SearchSelectDocumentLocation@12c9a9c</td></tr>
<tr>
<td title='Script.SearchSelectDocumentLocation.AtLeastOneWordSeachIndex()'><b>AtLeastOneWordSeachIndex</b><br>Test class: Script.SearchSelectDocumentLocation</td>
<td></td>
<td>14</td>
<td>Script.SearchSelectDocumentLocation@12c9a9c</td></tr>
<tr>
<td title='Script.SearchSelectDocumentLocation.BlankSearch()'><b>BlankSearch</b><br>Test class: Script.SearchSelectDocumentLocation</td>
<td></td>
<td>16</td>
<td>Script.SearchSelectDocumentLocation@12c9a9c</td></tr>
<tr>
<td title='Script.SearchSelectDocumentLocation.CVSLogin()'><b>CVSLogin</b><br>Test class: Script.SearchSelectDocumentLocation</td>
<td></td>
<td>20</td>
<td>Script.SearchSelectDocumentLocation@12c9a9c</td></tr>
<tr>
<td title='Script.SearchSelectDocumentLocation.CabinetLevel()'><b>CabinetLevel</b><br>Test class: Script.SearchSelectDocumentLocation</td>
<td></td>
<td>19</td>
<td>Script.SearchSelectDocumentLocation@12c9a9c</td></tr>
<tr>
<td title='Script.SearchSelectDocumentLocation.CreatedFromToModifiedFromTo()'><b>CreatedFromToModifiedFromTo</b><br>Test class: Script.SearchSelectDocumentLocation</td>
<td></td>
<td>24</td>
<td>Script.SearchSelectDocumentLocation@12c9a9c</td></tr>
<tr>
<td title='Script.SearchSelectDocumentLocation.DocumentCreatorDropDown()'><b>DocumentCreatorDropDown</b><br>Test class: Script.SearchSelectDocumentLocation</td>
<td></td>
<td>19</td>
<td>Script.SearchSelectDocumentLocation@12c9a9c</td></tr>
<tr>
<td title='Script.SearchSelectDocumentLocation.DocumentDropDown()'><b>DocumentDropDown</b><br>Test class: Script.SearchSelectDocumentLocation</td>
<td></td>
<td>14</td>
<td>Script.SearchSelectDocumentLocation@12c9a9c</td></tr>
<tr>
<td title='Script.SearchSelectDocumentLocation.DocumentSearch()'><b>DocumentSearch</b><br>Test class: Script.SearchSelectDocumentLocation</td>
<td></td>
<td>53</td>
<td>Script.SearchSelectDocumentLocation@12c9a9c</td></tr>
<tr>
<td title='Script.SearchSelectDocumentLocation.DrawerLevelSearch()'><b>DrawerLevelSearch</b><br>Test class: Script.SearchSelectDocumentLocation</td>
<td></td>
<td>23</td>
<td>Script.SearchSelectDocumentLocation@12c9a9c</td></tr>
<tr>
<td title='Script.SearchSelectDocumentLocation.ExactSearchInIndex()'><b>ExactSearchInIndex</b><br>Test class: Script.SearchSelectDocumentLocation</td>
<td></td>
<td>29</td>
<td>Script.SearchSelectDocumentLocation@12c9a9c</td></tr>
<tr>
<td title='Script.SearchSelectDocumentLocation.FolderLevelSearch()'><b>FolderLevelSearch</b><br>Test class: Script.SearchSelectDocumentLocation</td>
<td></td>
<td>24</td>
<td>Script.SearchSelectDocumentLocation@12c9a9c</td></tr>
<tr>
<td title='Script.SearchSelectDocumentLocation.FolderSerchIcon()'><b>FolderSerchIcon</b><br>Test class: Script.SearchSelectDocumentLocation</td>
<td></td>
<td>20</td>
<td>Script.SearchSelectDocumentLocation@12c9a9c</td></tr>
<tr>
<td title='Generic.CrossBrowserTesting.LaunchCVSBrow()'><b>LaunchCVSBrow</b><br>Test class: Generic.CrossBrowserTesting<br>Parameters: chromebrowser</td>
<td></td>
<td>14</td>
<td>Generic.CrossBrowserTesting@162f559</td></tr>
<tr>
<td title='Script.SearchSelectDocumentLocation.QuickSearch()'><b>QuickSearch</b><br>Test class: Script.SearchSelectDocumentLocation</td>
<td></td>
<td>18</td>
<td>Script.SearchSelectDocumentLocation@12c9a9c</td></tr>
<tr>
<td title='Script.SearchSelectDocumentLocation.SavingTheSearchDoc()'><b>SavingTheSearchDoc</b><br>Test class: Script.SearchSelectDocumentLocation</td>
<td></td>
<td>26</td>
<td>Script.SearchSelectDocumentLocation@12c9a9c</td></tr>
<tr>
<td title='Script.SearchSelectDocumentLocation.TextSearchWithAllOftheWords()'><b>TextSearchWithAllOftheWords</b><br>Test class: Script.SearchSelectDocumentLocation</td>
<td></td>
<td>47</td>
<td>Script.SearchSelectDocumentLocation@12c9a9c</td></tr>
<tr>
<td title='Script.SearchSelectDocumentLocation.TextSearchWithAtpartOftheWord()'><b>TextSearchWithAtpartOftheWord</b><br>Test class: Script.SearchSelectDocumentLocation</td>
<td></td>
<td>47</td>
<td>Script.SearchSelectDocumentLocation@12c9a9c</td></tr>
<tr>
<td title='Script.SearchSelectDocumentLocation.TextSearchWithSQLData()'><b>TextSearchWithSQLData</b><br>Test class: Script.SearchSelectDocumentLocation</td>
<td></td>
<td>43</td>
<td>Script.SearchSelectDocumentLocation@12c9a9c</td></tr>
<tr>
<td title='Script.SearchSelectDocumentLocation.WorkflowStatusDropdown()'><b>WorkflowStatusDropdown</b><br>Test class: Script.SearchSelectDocumentLocation</td>
<td></td>
<td>109</td>
<td>Script.SearchSelectDocumentLocation@12c9a9c</td></tr>
</table><p>
</body>
</html>