<?xml version="1.0" encoding="UTF-8"?>
<!-- Generated by org.testng.reporters.JUnitXMLReporter -->
<testsuite hostname="CIPLWKT014" ignored="0" name="Test29" tests="10" failures="2" timestamp="21 Jun 2024 22:18:56 GMT" time="200.945" errors="0">
  <testcase name="Login_EWA" time="37.291" classname="Script.Negative_SpecialCharFile"/>
  <testcase name="TC_01_Verify_Destination_Folder" time="101.039" classname="Script.Negative_SpecialCharFile"/>
  <testcase name="TC_02_Verify_Asterrisk_Field" time="7.122" classname="Script.Negative_SpecialCharFile">
    <skipped/>
  </testcase> <!-- TC_02_Verify_Asterrisk_Field -->
  <testcase name="TC_02_Verify_Asterrisk_Field" time="7.149" classname="Script.Negative_SpecialCharFile">
    <skipped/>
  </testcase> <!-- TC_02_Verify_Asterrisk_Field -->
  <testcase name="TC_02_Verify_Asterrisk_Field" time="7.12" classname="Script.Negative_SpecialCharFile">
    <skipped/>
  </testcase> <!-- TC_02_Verify_Asterrisk_Field -->
  <testcase name="TC_02_Verify_Asterrisk_Field" time="7.119" classname="Script.Negative_SpecialCharFile">
    <failure type="org.openqa.selenium.NoSuchElementException" message="Cannot locate element with text: CVReports
For documentation on this error, please visit: https://www.seleniumhq.org/exceptions/no_such_element.html
Build info: version: &amp;apos;3.141.59&amp;apos;, revision: &amp;apos;e82be7d358&amp;apos;, time: &amp;apos;2018-11-14T08:25:53&amp;apos;
System info: host: &amp;apos;CIPLWKT014&amp;apos;, ip: &amp;apos;10.4.8.14&amp;apos;, os.name: &amp;apos;Windows 10&amp;apos;, os.arch: &amp;apos;x86&amp;apos;, os.version: &amp;apos;10.0&amp;apos;, java.version: &amp;apos;1.8.0_351&amp;apos;
Driver info: driver.version: unknown">
      <![CDATA[org.openqa.selenium.NoSuchElementException: Cannot locate element with text: CVReports
For documentation on this error, please visit: https://www.seleniumhq.org/exceptions/no_such_element.html
Build info: version: '3.141.59', revision: 'e82be7d358', time: '2018-11-14T08:25:53'
System info: host: 'CIPLWKT014', ip: '10.4.8.14', os.name: 'Windows 10', os.arch: 'x86', os.version: '10.0', java.version: '1.8.0_351'
Driver info: driver.version: unknown
at org.openqa.selenium.support.ui.Select.selectByVisibleText(Select.java:147)
at Pom.SpecialCharFilenames.getSelect_Document_Type_Dropdown(SpecialCharFilenames.java:84)
at Script.Negative_SpecialCharFile.TC_02_Verify_Asterrisk_Field(Negative_SpecialCharFile.java:81)
... Removed 25 stack frames]]>
    </failure>
  </testcase> <!-- TC_02_Verify_Asterrisk_Field -->
  <testcase name="TC_03_Create_Emptypage_Document" time="7.113" classname="Script.Negative_SpecialCharFile">
    <skipped/>
  </testcase> <!-- TC_03_Create_Emptypage_Document -->
  <testcase name="TC_03_Create_Emptypage_Document" time="7.104" classname="Script.Negative_SpecialCharFile">
    <skipped/>
  </testcase> <!-- TC_03_Create_Emptypage_Document -->
  <testcase name="TC_03_Create_Emptypage_Document" time="7.093" classname="Script.Negative_SpecialCharFile">
    <skipped/>
  </testcase> <!-- TC_03_Create_Emptypage_Document -->
  <testcase name="TC_03_Create_Emptypage_Document" time="7.093" classname="Script.Negative_SpecialCharFile">
    <failure type="org.openqa.selenium.NoSuchElementException" message="no such element: Unable to locate element: {&amp;quot;method&amp;quot;:&amp;quot;xpath&amp;quot;,&amp;quot;selector&amp;quot;:&amp;quot;//table[@id=&amp;apos;docTypeIndicesTable&amp;apos;]/tbody[1]/tr[1]/td[2]/input[1]&amp;quot;}
  (Session info: chrome=126.0.6478.115)
For documentation on this error, please visit: https://www.seleniumhq.org/exceptions/no_such_element.html
Build info: version: &amp;apos;3.141.59&amp;apos;, revision: &amp;apos;e82be7d358&amp;apos;, time: &amp;apos;2018-11-14T08:25:53&amp;apos;
System info: host: &amp;apos;CIPLWKT014&amp;apos;, ip: &amp;apos;10.4.8.14&amp;apos;, os.name: &amp;apos;Windows 10&amp;apos;, os.arch: &amp;apos;x86&amp;apos;, os.version: &amp;apos;10.0&amp;apos;, java.version: &amp;apos;1.8.0_351&amp;apos;
Driver info: org.openqa.selenium.chrome.ChromeDriver
Capabilities {acceptInsecureCerts: false, browserName: chrome, browserVersion: 126.0.6478.115, chrome: {chromedriverVersion: 126.0.6478.62 (b2781ca4c383..., userDataDir: C:\Users\nisha.r\AppData\Lo...}, fedcm:accounts: true, goog:chromeOptions: {debuggerAddress: localhost:59306}, javascriptEnabled: true, networkConnectionEnabled: false, pageLoadStrategy: normal, platform: WINDOWS, platformName: WINDOWS, proxy: Proxy(), setWindowRect: true, strictFileInteractability: false, timeouts: {implicit: 0, pageLoad: 300000, script: 30000}, unhandledPromptBehavior: dismiss and notify, webauthn:extension:credBlob: true, webauthn:extension:largeBlob: true, webauthn:extension:minPinLength: true, webauthn:extension:prf: true, webauthn:virtualAuthenticators: true}
Session ID: 9f7a894ef78dba6051f002a409a0baf1
*** Element info: {Using=xpath, value=//table[@id=&amp;apos;docTypeIndicesTable&amp;apos;]/tbody[1]/tr[1]/td[2]/input[1]}">
      <![CDATA[org.openqa.selenium.NoSuchElementException: no such element: Unable to locate element: {"method":"xpath","selector":"//table[@id='docTypeIndicesTable']/tbody[1]/tr[1]/td[2]/input[1]"}
  (Session info: chrome=126.0.6478.115)
For documentation on this error, please visit: https://www.seleniumhq.org/exceptions/no_such_element.html
Build info: version: '3.141.59', revision: 'e82be7d358', time: '2018-11-14T08:25:53'
System info: host: 'CIPLWKT014', ip: '10.4.8.14', os.name: 'Windows 10', os.arch: 'x86', os.version: '10.0', java.version: '1.8.0_351'
Driver info: org.openqa.selenium.chrome.ChromeDriver
Capabilities {acceptInsecureCerts: false, browserName: chrome, browserVersion: 126.0.6478.115, chrome: {chromedriverVersion: 126.0.6478.62 (b2781ca4c383..., userDataDir: C:\Users\nisha.r\AppData\Lo...}, fedcm:accounts: true, goog:chromeOptions: {debuggerAddress: localhost:59306}, javascriptEnabled: true, networkConnectionEnabled: false, pageLoadStrategy: normal, platform: WINDOWS, platformName: WINDOWS, proxy: Proxy(), setWindowRect: true, strictFileInteractability: false, timeouts: {implicit: 0, pageLoad: 300000, script: 30000}, unhandledPromptBehavior: dismiss and notify, webauthn:extension:credBlob: true, webauthn:extension:largeBlob: true, webauthn:extension:minPinLength: true, webauthn:extension:prf: true, webauthn:virtualAuthenticators: true}
Session ID: 9f7a894ef78dba6051f002a409a0baf1
*** Element info: {Using=xpath, value=//table[@id='docTypeIndicesTable']/tbody[1]/tr[1]/td[2]/input[1]}
at org.openqa.selenium.remote.http.W3CHttpResponseCodec.createException(W3CHttpResponseCodec.java:187)
at org.openqa.selenium.remote.http.W3CHttpResponseCodec.decode(W3CHttpResponseCodec.java:122)
at org.openqa.selenium.remote.http.W3CHttpResponseCodec.decode(W3CHttpResponseCodec.java:49)
at org.openqa.selenium.remote.HttpCommandExecutor.execute(HttpCommandExecutor.java:158)
at org.openqa.selenium.remote.service.DriverCommandExecutor.execute(DriverCommandExecutor.java:83)
at org.openqa.selenium.remote.RemoteWebDriver.execute(RemoteWebDriver.java:552)
at org.openqa.selenium.remote.RemoteWebDriver.findElement(RemoteWebDriver.java:323)
at org.openqa.selenium.remote.RemoteWebDriver.findElementByXPath(RemoteWebDriver.java:428)
at org.openqa.selenium.By$ByXPath.findElement(By.java:353)
at org.openqa.selenium.remote.RemoteWebDriver.findElement(RemoteWebDriver.java:315)
at org.openqa.selenium.support.pagefactory.DefaultElementLocator.findElement(DefaultElementLocator.java:69)
at org.openqa.selenium.support.pagefactory.internal.LocatingElementHandler.invoke(LocatingElementHandler.java:38)
at com.sun.proxy.$Proxy5.sendKeys(Unknown Source)
at Script.Negative_SpecialCharFile.TC_03_Create_Emptypage_Document(Negative_SpecialCharFile.java:100)
... Removed 29 stack frames]]>
    </failure>
  </testcase> <!-- TC_03_Create_Emptypage_Document -->
</testsuite> <!-- Test29 -->
