<?xml version="1.0" encoding="UTF-8"?>
<!-- Generated by org.testng.reporters.JUnitXMLReporter -->
<testsuite hostname="CIPLWKT014" ignored="0" name="Test26" tests="19" failures="2" timestamp="21 Jun 2024 22:04:10 GMT" time="808.557" errors="0">
  <testcase name="Login_EWA" time="43.494" classname="Script.Negative_DocumentContextMenu"/>
  <testcase name="TC_01_Verify_BlankToemailID" time="78.016" classname="Script.Negative_DocumentContextMenu"/>
  <testcase name="TC_02_Verify_InvalidToEmailId" time="11.436" classname="Script.Negative_DocumentContextMenu">
    <skipped/>
  </testcase> <!-- TC_02_Verify_InvalidToEmailId -->
  <testcase name="TC_02_Verify_InvalidToEmailId" time="11.159" classname="Script.Negative_DocumentContextMenu">
    <skipped/>
  </testcase> <!-- TC_02_Verify_InvalidToEmailId -->
  <testcase name="TC_02_Verify_InvalidToEmailId" time="11.138" classname="Script.Negative_DocumentContextMenu">
    <skipped/>
  </testcase> <!-- TC_02_Verify_InvalidToEmailId -->
  <testcase name="TC_02_Verify_InvalidToEmailId" time="11.179" classname="Script.Negative_DocumentContextMenu">
    <failure type="org.openqa.selenium.ElementNotInteractableException" message="element not interactable
  (Session info: chrome=126.0.6478.115)
Build info: version: &amp;apos;3.141.59&amp;apos;, revision: &amp;apos;e82be7d358&amp;apos;, time: &amp;apos;2018-11-14T08:25:53&amp;apos;
System info: host: &amp;apos;CIPLWKT014&amp;apos;, ip: &amp;apos;10.4.8.14&amp;apos;, os.name: &amp;apos;Windows 10&amp;apos;, os.arch: &amp;apos;x86&amp;apos;, os.version: &amp;apos;10.0&amp;apos;, java.version: &amp;apos;1.8.0_351&amp;apos;
Driver info: org.openqa.selenium.chrome.ChromeDriver
Capabilities {acceptInsecureCerts: false, browserName: chrome, browserVersion: 126.0.6478.115, chrome: {chromedriverVersion: 126.0.6478.62 (b2781ca4c383..., userDataDir: C:\Users\nisha.r\AppData\Lo...}, fedcm:accounts: true, goog:chromeOptions: {debuggerAddress: localhost:52491}, javascriptEnabled: true, networkConnectionEnabled: false, pageLoadStrategy: normal, platform: WINDOWS, platformName: WINDOWS, proxy: Proxy(), setWindowRect: true, strictFileInteractability: false, timeouts: {implicit: 0, pageLoad: 300000, script: 30000}, unhandledPromptBehavior: dismiss and notify, webauthn:extension:credBlob: true, webauthn:extension:largeBlob: true, webauthn:extension:minPinLength: true, webauthn:extension:prf: true, webauthn:virtualAuthenticators: true}
Session ID: 33a345c6106161307060236461b2d5e6">
      <![CDATA[org.openqa.selenium.ElementNotInteractableException: element not interactable
  (Session info: chrome=126.0.6478.115)
Build info: version: '3.141.59', revision: 'e82be7d358', time: '2018-11-14T08:25:53'
System info: host: 'CIPLWKT014', ip: '10.4.8.14', os.name: 'Windows 10', os.arch: 'x86', os.version: '10.0', java.version: '1.8.0_351'
Driver info: org.openqa.selenium.chrome.ChromeDriver
Capabilities {acceptInsecureCerts: false, browserName: chrome, browserVersion: 126.0.6478.115, chrome: {chromedriverVersion: 126.0.6478.62 (b2781ca4c383..., userDataDir: C:\Users\nisha.r\AppData\Lo...}, fedcm:accounts: true, goog:chromeOptions: {debuggerAddress: localhost:52491}, javascriptEnabled: true, networkConnectionEnabled: false, pageLoadStrategy: normal, platform: WINDOWS, platformName: WINDOWS, proxy: Proxy(), setWindowRect: true, strictFileInteractability: false, timeouts: {implicit: 0, pageLoad: 300000, script: 30000}, unhandledPromptBehavior: dismiss and notify, webauthn:extension:credBlob: true, webauthn:extension:largeBlob: true, webauthn:extension:minPinLength: true, webauthn:extension:prf: true, webauthn:virtualAuthenticators: true}
Session ID: 33a345c6106161307060236461b2d5e6
at org.openqa.selenium.remote.http.W3CHttpResponseCodec.createException(W3CHttpResponseCodec.java:187)
at org.openqa.selenium.remote.http.W3CHttpResponseCodec.decode(W3CHttpResponseCodec.java:122)
at org.openqa.selenium.remote.http.W3CHttpResponseCodec.decode(W3CHttpResponseCodec.java:49)
at org.openqa.selenium.remote.HttpCommandExecutor.execute(HttpCommandExecutor.java:158)
at org.openqa.selenium.remote.service.DriverCommandExecutor.execute(DriverCommandExecutor.java:83)
at org.openqa.selenium.remote.RemoteWebDriver.execute(RemoteWebDriver.java:552)
at org.openqa.selenium.remote.RemoteWebElement.execute(RemoteWebElement.java:285)
at org.openqa.selenium.remote.RemoteWebElement.sendKeys(RemoteWebElement.java:106)
at org.openqa.selenium.support.pagefactory.internal.LocatingElementHandler.invoke(LocatingElementHandler.java:51)
at com.sun.proxy.$Proxy5.sendKeys(Unknown Source)
at Pom.Documents_ContextMenu.getVerify_SendTo_InvalidEmail(Documents_ContextMenu.java:954)
at Script.Negative_DocumentContextMenu.TC_02_Verify_InvalidToEmailId(Negative_DocumentContextMenu.java:72)
... Removed 32 stack frames]]>
    </failure>
  </testcase> <!-- TC_02_Verify_InvalidToEmailId -->
  <testcase name="TC_03_Verify_InvalidCCEmailId" time="11.075" classname="Script.Negative_DocumentContextMenu">
    <skipped/>
  </testcase> <!-- TC_03_Verify_InvalidCCEmailId -->
  <testcase name="TC_03_Verify_InvalidCCEmailId" time="11.092" classname="Script.Negative_DocumentContextMenu">
    <skipped/>
  </testcase> <!-- TC_03_Verify_InvalidCCEmailId -->
  <testcase name="TC_03_Verify_InvalidCCEmailId" time="11.094" classname="Script.Negative_DocumentContextMenu">
    <skipped/>
  </testcase> <!-- TC_03_Verify_InvalidCCEmailId -->
  <testcase name="TC_03_Verify_InvalidCCEmailId" time="11.084" classname="Script.Negative_DocumentContextMenu">
    <failure type="org.openqa.selenium.ElementNotInteractableException" message="element not interactable
  (Session info: chrome=126.0.6478.115)
Build info: version: &amp;apos;3.141.59&amp;apos;, revision: &amp;apos;e82be7d358&amp;apos;, time: &amp;apos;2018-11-14T08:25:53&amp;apos;
System info: host: &amp;apos;CIPLWKT014&amp;apos;, ip: &amp;apos;10.4.8.14&amp;apos;, os.name: &amp;apos;Windows 10&amp;apos;, os.arch: &amp;apos;x86&amp;apos;, os.version: &amp;apos;10.0&amp;apos;, java.version: &amp;apos;1.8.0_351&amp;apos;
Driver info: org.openqa.selenium.chrome.ChromeDriver
Capabilities {acceptInsecureCerts: false, browserName: chrome, browserVersion: 126.0.6478.115, chrome: {chromedriverVersion: 126.0.6478.62 (b2781ca4c383..., userDataDir: C:\Users\nisha.r\AppData\Lo...}, fedcm:accounts: true, goog:chromeOptions: {debuggerAddress: localhost:52491}, javascriptEnabled: true, networkConnectionEnabled: false, pageLoadStrategy: normal, platform: WINDOWS, platformName: WINDOWS, proxy: Proxy(), setWindowRect: true, strictFileInteractability: false, timeouts: {implicit: 0, pageLoad: 300000, script: 30000}, unhandledPromptBehavior: dismiss and notify, webauthn:extension:credBlob: true, webauthn:extension:largeBlob: true, webauthn:extension:minPinLength: true, webauthn:extension:prf: true, webauthn:virtualAuthenticators: true}
Session ID: 33a345c6106161307060236461b2d5e6">
      <![CDATA[org.openqa.selenium.ElementNotInteractableException: element not interactable
  (Session info: chrome=126.0.6478.115)
Build info: version: '3.141.59', revision: 'e82be7d358', time: '2018-11-14T08:25:53'
System info: host: 'CIPLWKT014', ip: '10.4.8.14', os.name: 'Windows 10', os.arch: 'x86', os.version: '10.0', java.version: '1.8.0_351'
Driver info: org.openqa.selenium.chrome.ChromeDriver
Capabilities {acceptInsecureCerts: false, browserName: chrome, browserVersion: 126.0.6478.115, chrome: {chromedriverVersion: 126.0.6478.62 (b2781ca4c383..., userDataDir: C:\Users\nisha.r\AppData\Lo...}, fedcm:accounts: true, goog:chromeOptions: {debuggerAddress: localhost:52491}, javascriptEnabled: true, networkConnectionEnabled: false, pageLoadStrategy: normal, platform: WINDOWS, platformName: WINDOWS, proxy: Proxy(), setWindowRect: true, strictFileInteractability: false, timeouts: {implicit: 0, pageLoad: 300000, script: 30000}, unhandledPromptBehavior: dismiss and notify, webauthn:extension:credBlob: true, webauthn:extension:largeBlob: true, webauthn:extension:minPinLength: true, webauthn:extension:prf: true, webauthn:virtualAuthenticators: true}
Session ID: 33a345c6106161307060236461b2d5e6
at org.openqa.selenium.remote.http.W3CHttpResponseCodec.createException(W3CHttpResponseCodec.java:187)
at org.openqa.selenium.remote.http.W3CHttpResponseCodec.decode(W3CHttpResponseCodec.java:122)
at org.openqa.selenium.remote.http.W3CHttpResponseCodec.decode(W3CHttpResponseCodec.java:49)
at org.openqa.selenium.remote.HttpCommandExecutor.execute(HttpCommandExecutor.java:158)
at org.openqa.selenium.remote.service.DriverCommandExecutor.execute(DriverCommandExecutor.java:83)
at org.openqa.selenium.remote.RemoteWebDriver.execute(RemoteWebDriver.java:552)
at org.openqa.selenium.remote.RemoteWebElement.execute(RemoteWebElement.java:285)
at org.openqa.selenium.remote.RemoteWebElement.clear(RemoteWebElement.java:124)
at org.openqa.selenium.support.pagefactory.internal.LocatingElementHandler.invoke(LocatingElementHandler.java:51)
at com.sun.proxy.$Proxy5.clear(Unknown Source)
at Pom.Documents_ContextMenu.getVerify_SendTo_InvalidCCEmail(Documents_ContextMenu.java:980)
at Script.Negative_DocumentContextMenu.TC_03_Verify_InvalidCCEmailId(Negative_DocumentContextMenu.java:87)
... Removed 33 stack frames]]>
    </failure>
  </testcase> <!-- TC_03_Verify_InvalidCCEmailId -->
  <testcase name="TC_04_Verify_MailDialog_Cancel_button" time="7.107" classname="Script.Negative_DocumentContextMenu"/>
  <testcase name="TC_05_Verify_PrintDialog_Cancel_button" time="28.731" classname="Script.Negative_DocumentContextMenu"/>
  <testcase name="TC_06_Verify_ExportDialog_Cancel_button" time="33.642" classname="Script.Negative_DocumentContextMenu"/>
  <testcase name="TC_07_Verify_SecureLink_mailvalidation" time="281.326" classname="Script.Negative_DocumentContextMenu"/>
  <testcase name="TC_08_Verify_Accept_Workflow_Validation" time="103.883" classname="Script.Negative_DocumentContextMenu"/>
  <testcase name="TC_09_Verify_Reject_Workflow_Validation" time="35.994" classname="Script.Negative_DocumentContextMenu"/>
  <testcase name="TC_10_Verify_EndWorkflow_Workflow_Validation" time="33.815" classname="Script.Negative_DocumentContextMenu"/>
  <testcase name="TC_11_Verify_Summary_Workflow_Validation" time="17.312" classname="Script.Negative_DocumentContextMenu"/>
  <testcase name="TC_12_Verify_Comment_Workflow_Validation" time="34.411" classname="Script.Negative_DocumentContextMenu"/>
</testsuite> <!-- Test26 -->
