<?xml version="1.0" encoding="UTF-8"?>
<!-- Generated by org.testng.reporters.JUnitXMLReporter -->
<testsuite ignored="0" hostname="CIPLWKT014" failures="1" tests="7" name="Test 11" time="262.219" errors="0" timestamp="2025-01-01T13:59:39 IST">
  <testcase classname="Computhink.Script.SecureLink" name="Login" time="35.151"/>
  <testcase classname="Computhink.Script.SecureLink" name="TC_1_DocumentSendToSecureLink" time="80.873"/>
  <testcase classname="Computhink.Script.SecureLink" name="TC_2_SecureLinkFromSearchTab" time="52.488"/>
  <testcase classname="Computhink.Script.SecureLink" name="TC_3_SecureLinkFromDocumentList" time="13.235">
    <skipped/>
  </testcase> <!-- TC_3_SecureLinkFromDocumentList -->
  <testcase classname="Computhink.Script.SecureLink" name="TC_3_SecureLinkFromDocumentList" time="0.018">
    <skipped/>
  </testcase> <!-- TC_3_SecureLinkFromDocumentList -->
  <testcase classname="Computhink.Script.SecureLink" name="TC_3_SecureLinkFromDocumentList" time="33.708">
    <skipped/>
  </testcase> <!-- TC_3_SecureLinkFromDocumentList -->
  <testcase classname="Computhink.Script.SecureLink" name="TC_3_SecureLinkFromDocumentList" time="33.505">
    <failure type="org.openqa.selenium.TimeoutException" message="Expected condition failed: waiting for element to be clickable: [[ChromeDriver: chrome on WINDOWS (889753d2d87a1222df479e26d79110f3)] -&amp;gt; xpath: //table[@id=&amp;apos;recentFolders&amp;apos;]/tbody/tr[1]/td[1]] (tried for 30 second(s) with 500 milliseconds interval)
Build info: version: &amp;apos;3.141.59&amp;apos;, revision: &amp;apos;e82be7d358&amp;apos;, time: &amp;apos;2018-11-14T08:25:53&amp;apos;
System info: host: &amp;apos;CIPLWKT014&amp;apos;, ip: &amp;apos;10.4.8.14&amp;apos;, os.name: &amp;apos;Windows 10&amp;apos;, os.arch: &amp;apos;amd64&amp;apos;, os.version: &amp;apos;10.0&amp;apos;, java.version: &amp;apos;17.0.12&amp;apos;
Driver info: org.openqa.selenium.chrome.ChromeDriver
Capabilities {acceptInsecureCerts: false, browserName: chrome, browserVersion: 131.0.6778.205, chrome: {chromedriverVersion: 131.0.6778.204 (52183f9e99a..., userDataDir: C:\Users\nisha.r\AppData\Lo...}, fedcm:accounts: true, goog:chromeOptions: {debuggerAddress: localhost:57102}, javascriptEnabled: true, networkConnectionEnabled: false, pageLoadStrategy: normal, platform: WINDOWS, platformName: WINDOWS, proxy: Proxy(), setWindowRect: true, strictFileInteractability: false, timeouts: {implicit: 0, pageLoad: 300000, script: 30000}, unhandledPromptBehavior: dismiss and notify, webauthn:extension:credBlob: true, webauthn:extension:largeBlob: true, webauthn:extension:minPinLength: true, webauthn:extension:prf: true, webauthn:virtualAuthenticators: true}
Session ID: 889753d2d87a1222df479e26d79110f3">
      <![CDATA[org.openqa.selenium.TimeoutException: Expected condition failed: waiting for element to be clickable: [[ChromeDriver: chrome on WINDOWS (889753d2d87a1222df479e26d79110f3)] -> xpath: //table[@id='recentFolders']/tbody/tr[1]/td[1]] (tried for 30 second(s) with 500 milliseconds interval)
Build info: version: '3.141.59', revision: 'e82be7d358', time: '2018-11-14T08:25:53'
System info: host: 'CIPLWKT014', ip: '10.4.8.14', os.name: 'Windows 10', os.arch: 'amd64', os.version: '10.0', java.version: '17.0.12'
Driver info: org.openqa.selenium.chrome.ChromeDriver
Capabilities {acceptInsecureCerts: false, browserName: chrome, browserVersion: 131.0.6778.205, chrome: {chromedriverVersion: 131.0.6778.204 (52183f9e99a..., userDataDir: C:\Users\nisha.r\AppData\Lo...}, fedcm:accounts: true, goog:chromeOptions: {debuggerAddress: localhost:57102}, javascriptEnabled: true, networkConnectionEnabled: false, pageLoadStrategy: normal, platform: WINDOWS, platformName: WINDOWS, proxy: Proxy(), setWindowRect: true, strictFileInteractability: false, timeouts: {implicit: 0, pageLoad: 300000, script: 30000}, unhandledPromptBehavior: dismiss and notify, webauthn:extension:credBlob: true, webauthn:extension:largeBlob: true, webauthn:extension:minPinLength: true, webauthn:extension:prf: true, webauthn:virtualAuthenticators: true}
Session ID: 889753d2d87a1222df479e26d79110f3
at org.openqa.selenium.support.ui.WebDriverWait.timeoutException(WebDriverWait.java:95)
at org.openqa.selenium.support.ui.FluentWait.until(FluentWait.java:272)
at Computhink.Generic.BaseClass.ElementToBeClickable(BaseClass.java:1707)
at Computhink.Pom.Print.SecureLinkFromDocumentList(Print.java:1619)
at Computhink.Script.SecureLink.TC_3_SecureLinkFromDocumentList(SecureLink.java:64)
at java.base/java.util.ArrayList.forEach(ArrayList.java:1511)
... Removed 27 stack frames]]>
    </failure>
  </testcase> <!-- TC_3_SecureLinkFromDocumentList -->
</testsuite> <!-- Test 11 -->
