<?xml version="1.0" encoding="UTF-8"?>
<!-- Generated by org.testng.reporters.JUnitXMLReporter -->
<testsuite ignored="0" hostname="CIPLWKT014" failures="1" tests="4" name="Test 14" time="178.641" errors="0" timestamp="2024-12-26T11:19:04 IST">
  <testcase classname="Computhink.Script.Print_Email_Export_Negative_Scenerio" name="TC_1_Email_Print_Export_Negative_Script" time="44.825">
    <skipped/>
  </testcase> <!-- TC_1_Email_Print_Export_Negative_Script -->
  <testcase classname="Computhink.Script.Print_Email_Export_Negative_Scenerio" name="TC_1_Email_Print_Export_Negative_Script" time="44.471">
    <skipped/>
  </testcase> <!-- TC_1_Email_Print_Export_Negative_Script -->
  <testcase classname="Computhink.Script.Print_Email_Export_Negative_Scenerio" name="TC_1_Email_Print_Export_Negative_Script" time="44.765">
    <skipped/>
  </testcase> <!-- TC_1_Email_Print_Export_Negative_Script -->
  <testcase classname="Computhink.Script.Print_Email_Export_Negative_Scenerio" name="TC_1_Email_Print_Export_Negative_Script" time="44.38">
    <failure type="org.openqa.selenium.TimeoutException" message="Expected condition failed: waiting for element to be clickable: [[ChromeDriver: chrome on WINDOWS (0848454b4e720b7ed3aaba816e5fd7e3)] -&amp;gt; xpath: //*[@id=&amp;quot;viewDocumentnavigator&amp;quot;]/ul/li[1]/ul/li/ul/li[1]/a] (tried for 30 second(s) with 500 milliseconds interval)
Build info: version: &amp;apos;3.141.59&amp;apos;, revision: &amp;apos;e82be7d358&amp;apos;, time: &amp;apos;2018-11-14T08:25:53&amp;apos;
System info: host: &amp;apos;CIPLWKT014&amp;apos;, ip: &amp;apos;10.4.8.14&amp;apos;, os.name: &amp;apos;Windows 10&amp;apos;, os.arch: &amp;apos;amd64&amp;apos;, os.version: &amp;apos;10.0&amp;apos;, java.version: &amp;apos;17.0.12&amp;apos;
Driver info: org.openqa.selenium.chrome.ChromeDriver
Capabilities {acceptInsecureCerts: false, browserName: chrome, browserVersion: 131.0.6778.205, chrome: {chromedriverVersion: 131.0.6778.204 (52183f9e99a..., userDataDir: C:\Users\nisha.r\AppData\Lo...}, fedcm:accounts: true, goog:chromeOptions: {debuggerAddress: localhost:53093}, javascriptEnabled: true, networkConnectionEnabled: false, pageLoadStrategy: normal, platform: WINDOWS, platformName: WINDOWS, proxy: Proxy(), setWindowRect: true, strictFileInteractability: false, timeouts: {implicit: 0, pageLoad: 300000, script: 30000}, unhandledPromptBehavior: dismiss and notify, webauthn:extension:credBlob: true, webauthn:extension:largeBlob: true, webauthn:extension:minPinLength: true, webauthn:extension:prf: true, webauthn:virtualAuthenticators: true}
Session ID: 0848454b4e720b7ed3aaba816e5fd7e3">
      <![CDATA[org.openqa.selenium.TimeoutException: Expected condition failed: waiting for element to be clickable: [[ChromeDriver: chrome on WINDOWS (0848454b4e720b7ed3aaba816e5fd7e3)] -> xpath: //*[@id="viewDocumentnavigator"]/ul/li[1]/ul/li/ul/li[1]/a] (tried for 30 second(s) with 500 milliseconds interval)
Build info: version: '3.141.59', revision: 'e82be7d358', time: '2018-11-14T08:25:53'
System info: host: 'CIPLWKT014', ip: '10.4.8.14', os.name: 'Windows 10', os.arch: 'amd64', os.version: '10.0', java.version: '17.0.12'
Driver info: org.openqa.selenium.chrome.ChromeDriver
Capabilities {acceptInsecureCerts: false, browserName: chrome, browserVersion: 131.0.6778.205, chrome: {chromedriverVersion: 131.0.6778.204 (52183f9e99a..., userDataDir: C:\Users\nisha.r\AppData\Lo...}, fedcm:accounts: true, goog:chromeOptions: {debuggerAddress: localhost:53093}, javascriptEnabled: true, networkConnectionEnabled: false, pageLoadStrategy: normal, platform: WINDOWS, platformName: WINDOWS, proxy: Proxy(), setWindowRect: true, strictFileInteractability: false, timeouts: {implicit: 0, pageLoad: 300000, script: 30000}, unhandledPromptBehavior: dismiss and notify, webauthn:extension:credBlob: true, webauthn:extension:largeBlob: true, webauthn:extension:minPinLength: true, webauthn:extension:prf: true, webauthn:virtualAuthenticators: true}
Session ID: 0848454b4e720b7ed3aaba816e5fd7e3
at org.openqa.selenium.support.ui.WebDriverWait.timeoutException(WebDriverWait.java:95)
at org.openqa.selenium.support.ui.FluentWait.until(FluentWait.java:272)
at Computhink.Generic.BaseClass.ElementToBeClickable(BaseClass.java:1707)
at Computhink.Pom.Print.Email_ConvertPDF_WithAll_Annotations_Invalid(Print.java:1001)
at Computhink.Script.Print_Email_Export_Negative_Scenerio.TC_1_Email_Print_Export_Negative_Script(Print_Email_Export_Negative_Scenerio.java:51)
at java.base/java.util.ArrayList.forEach(ArrayList.java:1511)
... Removed 27 stack frames]]>
    </failure>
  </testcase> <!-- TC_1_Email_Print_Export_Negative_Script -->
</testsuite> <!-- Test 14 -->
