<html>
<head>
<title>TestNG:  Test15</title>
<link href="../testng.css" rel="stylesheet" type="text/css" />
<link href="../my-testng.css" rel="stylesheet" type="text/css" />

<style type="text/css">
.log { display: none;} 
.stack-trace { display: none;} 
</style>
<script type="text/javascript">
<!--
function flip(e) {
  current = e.style.display;
  if (current == 'block') {
    e.style.display = 'none';
    return 0;
  }
  else {
    e.style.display = 'block';
    return 1;
  }
}

function toggleBox(szDivId, elem, msg1, msg2)
{
  var res = -1;  if (document.getElementById) {
    res = flip(document.getElementById(szDivId));
  }
  else if (document.all) {
    // this is the way old msie versions work
    res = flip(document.all[szDivId]);
  }
  if(elem) {
    if(res == 0) elem.innerHTML = msg1; else elem.innerHTML = msg2;
  }

}

function toggleAllBoxes() {
  if (document.getElementsByTagName) {
    d = document.getElementsByTagName('div');
    for (i = 0; i < d.length; i++) {
      if (d[i].className == 'log') {
        flip(d[i]);
      }
    }
  }
}

// -->
</script>

</head>
<body>
<h2 align='center'>Test15</h2><table border='1' align="center">
<tr>
<td>Tests passed/Failed/Skipped:</td><td>1/1/3</td>
</tr><tr>
<td>Started on:</td><td>Fri Jun 21 15:03:06 CDT 2024</td>
</tr>
<tr><td>Total time:</td><td>357 seconds (357124 ms)</td>
</tr><tr>
<td>Included groups:</td><td></td>
</tr><tr>
<td>Excluded groups:</td><td></td>
</tr>
</table><p/>
<small><i>(Hover the method name to see the test class name)</i></small><p/>
<table width='100%' border='1' class='invocation-failed'>
<tr><td colspan='4' align='center'><b>FAILED TESTS</b></td></tr>
<tr><td><b>Test method</b></td>
<td width="30%"><b>Exception</b></td>
<td width="10%"><b>Time (seconds)</b></td>
<td><b>Instance</b></td>
</tr>
<tr>
<td title='Script.My_Preferences_Download_Allfiles.TC_01_Verify_Download_All_Files()'><b>TC_01_Verify_Download_All_Files</b><br>Test class: Script.My_Preferences_Download_Allfiles<br/>
<a href="#Output-2725665" onClick='toggleBox("Output-2725665", this, "Show output", "Hide output");'>Show output</a>

<a href="#Output-2725665" onClick="toggleAllBoxes();">Show all outputs</a>
<div class='log' id="Output-2725665">
Test Scenario 1 : Verifying Download All Files <br/>
Click on Refresh button<br/>
Click on Setting Icon<br/>
Click on My Preferences Option<br/>
Check Download all file checkbox<br/>
Click on Apply button<br/>
Click on Search Tab<br/>
Enter Document Name<br/>
Click on Find button<br/>
Select and Open Document page<br/>
</div>
</td>
<td><div><pre>org.openqa.selenium.ElementClickInterceptedException: element click intercepted: Element &lt;span class=&quot;icon   downloadPageIcon icon-content&quot; style=&quot;background-image: url(&amp;quot;data:image/png;base64,iVBORw0KGgoAAAANSUhEUgAAABAAAAAQCAYAAAAf8/9hAAAAfklEQVR42rWThRkDIQyFq+swyHXoeviSoc4Fd3i4/VhymtV1D5jSEJngpGseiNQCaQcgouHz+RyJcy63/YAEtQCYV9CvUucE23dD0glerxcCwA7IfsR8gBgzAVtdABDxODoRyYsMgKiHT+BNMW/gXRzjjcAYuxuLUzVBbrbFI1ZlSkvGJHM0AAAAAElFTkSuQmCC&amp;quot;); font-size: 15px;&quot;&gt;&lt;/span&gt; is not clickable at point (1003, 86). Other element would receive the click: &lt;span class=&quot;icon  closeIcon&quot; title=&quot;Document Close&quot; style=&quot;background-image: url(&amp;quot;data:image/png;base64,iVBORw0KGgoAAAANSUhEUgAAABAAAAAQCAQAAAC1+jfqAAAAbUlEQVR42q3P1QECMRRFwaGdtbSP94JrDzg83M/v3N0kvq9G1DGQXXAy0XVqYGUmF7y00nMqNxOTasczGVFubmWuUFkIFhX7SfBtpc0k+KNB8Cyue5+zyxfd8uWLTo0Fx4sGTrX1BENpoO4vrQGZikCiGU5i6QAAAABJRU5ErkJggg==&amp;quot;); font-size: 15px;&quot;&gt;&lt;/span&gt;
  (Session info: chrome=126.0.6478.115)
Build info: version: &apos;3.141.59&apos;, revision: &apos;e82be7d358&apos;, time: &apos;2018-11-14T08:25:53&apos;
System info: host: &apos;CIPLWKT014&apos;, ip: &apos;10.4.8.14&apos;, os.name: &apos;Windows 10&apos;, os.arch: &apos;x86&apos;, os.version: &apos;10.0&apos;, java.version: &apos;1.8.0_351&apos;
Driver info: org.openqa.selenium.chrome.ChromeDriver
Capabilities {acceptInsecureCerts: false, browserName: chrome, browserVersion: 126.0.6478.115, chrome: {chromedriverVersion: 126.0.6478.62 (b2781ca4c383..., userDataDir: C:\Users\nisha.r\AppData\Lo...}, fedcm:accounts: true, goog:chromeOptions: {debuggerAddress: localhost:56002}, javascriptEnabled: true, networkConnectionEnabled: false, pageLoadStrategy: normal, platform: WINDOWS, platformName: WINDOWS, proxy: Proxy(), setWindowRect: true, strictFileInteractability: false, timeouts: {implicit: 0, pageLoad: 300000, script: 30000}, unhandledPromptBehavior: dismiss and notify, webauthn:extension:credBlob: true, webauthn:extension:largeBlob: true, webauthn:extension:minPinLength: true, webauthn:extension:prf: true, webauthn:virtualAuthenticators: true}
Session ID: 7ee732e35d2634a1b44bec35ef50c871
	at org.openqa.selenium.remote.http.W3CHttpResponseCodec.createException(W3CHttpResponseCodec.java:187)
	at org.openqa.selenium.remote.http.W3CHttpResponseCodec.decode(W3CHttpResponseCodec.java:122)
	at org.openqa.selenium.remote.http.W3CHttpResponseCodec.decode(W3CHttpResponseCodec.java:49)
	at org.openqa.selenium.remote.HttpCommandExecutor.execute(HttpCommandExecutor.java:158)
	at org.openqa.selenium.remote.service.DriverCommandExecutor.execute(DriverCommandExecutor.java:83)
	at org.openqa.selenium.remote.RemoteWebDriver.execute(RemoteWebDriver.java:552)
	at org.openqa.selenium.remote.RemoteWebElement.execute(RemoteWebElement.java:285)
	at org.openqa.selenium.remote.RemoteWebElement.click(RemoteWebElement.java:84)
	at org.openqa.selenium.support.pagefactory.internal.LocatingElementHandler.invoke(LocatingElementHandler.java:51)
	at com.sun.proxy.$Proxy5.click(Unknown Source)
	at Pom.My_Preferences.getDownload_File(My_Preferences.java:834)
	at Script.My_Preferences_Download_Allfiles.TC_01_Verify_Download_All_Files(My_Preferences_Download_Allfiles.java:69)
... Removed 32 stack frames</pre></div><a href='#' onClick='toggleBox("stack-trace2725665", this, "Click to show all stack frames", "Click to hide stack frames")'>Click to show all stack frames</a>
<div class='stack-trace' id='stack-trace2725665'><pre>org.openqa.selenium.ElementClickInterceptedException: element click intercepted: Element &lt;span class=&quot;icon   downloadPageIcon icon-content&quot; style=&quot;background-image: url(&amp;quot;data:image/png;base64,iVBORw0KGgoAAAANSUhEUgAAABAAAAAQCAYAAAAf8/9hAAAAfklEQVR42rWThRkDIQyFq+swyHXoeviSoc4Fd3i4/VhymtV1D5jSEJngpGseiNQCaQcgouHz+RyJcy63/YAEtQCYV9CvUucE23dD0glerxcCwA7IfsR8gBgzAVtdABDxODoRyYsMgKiHT+BNMW/gXRzjjcAYuxuLUzVBbrbFI1ZlSkvGJHM0AAAAAElFTkSuQmCC&amp;quot;); font-size: 15px;&quot;&gt;&lt;/span&gt; is not clickable at point (1003, 86). Other element would receive the click: &lt;span class=&quot;icon  closeIcon&quot; title=&quot;Document Close&quot; style=&quot;background-image: url(&amp;quot;data:image/png;base64,iVBORw0KGgoAAAANSUhEUgAAABAAAAAQCAQAAAC1+jfqAAAAbUlEQVR42q3P1QECMRRFwaGdtbSP94JrDzg83M/v3N0kvq9G1DGQXXAy0XVqYGUmF7y00nMqNxOTasczGVFubmWuUFkIFhX7SfBtpc0k+KNB8Cyue5+zyxfd8uWLTo0Fx4sGTrX1BENpoO4vrQGZikCiGU5i6QAAAABJRU5ErkJggg==&amp;quot;); font-size: 15px;&quot;&gt;&lt;/span&gt;
  (Session info: chrome=126.0.6478.115)
Build info: version: &apos;3.141.59&apos;, revision: &apos;e82be7d358&apos;, time: &apos;2018-11-14T08:25:53&apos;
System info: host: &apos;CIPLWKT014&apos;, ip: &apos;10.4.8.14&apos;, os.name: &apos;Windows 10&apos;, os.arch: &apos;x86&apos;, os.version: &apos;10.0&apos;, java.version: &apos;1.8.0_351&apos;
Driver info: org.openqa.selenium.chrome.ChromeDriver
Capabilities {acceptInsecureCerts: false, browserName: chrome, browserVersion: 126.0.6478.115, chrome: {chromedriverVersion: 126.0.6478.62 (b2781ca4c383..., userDataDir: C:\Users\nisha.r\AppData\Lo...}, fedcm:accounts: true, goog:chromeOptions: {debuggerAddress: localhost:56002}, javascriptEnabled: true, networkConnectionEnabled: false, pageLoadStrategy: normal, platform: WINDOWS, platformName: WINDOWS, proxy: Proxy(), setWindowRect: true, strictFileInteractability: false, timeouts: {implicit: 0, pageLoad: 300000, script: 30000}, unhandledPromptBehavior: dismiss and notify, webauthn:extension:credBlob: true, webauthn:extension:largeBlob: true, webauthn:extension:minPinLength: true, webauthn:extension:prf: true, webauthn:virtualAuthenticators: true}
Session ID: 7ee732e35d2634a1b44bec35ef50c871
	at sun.reflect.NativeConstructorAccessorImpl.newInstance0(Native Method)
	at sun.reflect.NativeConstructorAccessorImpl.newInstance(Unknown Source)
	at sun.reflect.DelegatingConstructorAccessorImpl.newInstance(Unknown Source)
	at java.lang.reflect.Constructor.newInstance(Unknown Source)
	at org.openqa.selenium.remote.http.W3CHttpResponseCodec.createException(W3CHttpResponseCodec.java:187)
	at org.openqa.selenium.remote.http.W3CHttpResponseCodec.decode(W3CHttpResponseCodec.java:122)
	at org.openqa.selenium.remote.http.W3CHttpResponseCodec.decode(W3CHttpResponseCodec.java:49)
	at org.openqa.selenium.remote.HttpCommandExecutor.execute(HttpCommandExecutor.java:158)
	at org.openqa.selenium.remote.service.DriverCommandExecutor.execute(DriverCommandExecutor.java:83)
	at org.openqa.selenium.remote.RemoteWebDriver.execute(RemoteWebDriver.java:552)
	at org.openqa.selenium.remote.RemoteWebElement.execute(RemoteWebElement.java:285)
	at org.openqa.selenium.remote.RemoteWebElement.click(RemoteWebElement.java:84)
	at sun.reflect.GeneratedMethodAccessor7.invoke(Unknown Source)
	at sun.reflect.DelegatingMethodAccessorImpl.invoke(Unknown Source)
	at java.lang.reflect.Method.invoke(Unknown Source)
	at org.openqa.selenium.support.pagefactory.internal.LocatingElementHandler.invoke(LocatingElementHandler.java:51)
	at com.sun.proxy.$Proxy5.click(Unknown Source)
	at Pom.My_Preferences.getDownload_File(My_Preferences.java:834)
	at Script.My_Preferences_Download_Allfiles.TC_01_Verify_Download_All_Files(My_Preferences_Download_Allfiles.java:69)
	at sun.reflect.NativeMethodAccessorImpl.invoke0(Native Method)
	at sun.reflect.NativeMethodAccessorImpl.invoke(Unknown Source)
	at sun.reflect.DelegatingMethodAccessorImpl.invoke(Unknown Source)
	at java.lang.reflect.Method.invoke(Unknown Source)
	at org.testng.internal.MethodInvocationHelper.invokeMethod(MethodInvocationHelper.java:124)
	at org.testng.internal.Invoker.invokeMethod(Invoker.java:583)
	at org.testng.internal.Invoker.retryFailed(Invoker.java:839)
	at org.testng.internal.Invoker.invokeTestMethods(Invoker.java:1010)
	at org.testng.internal.TestMethodWorker.invokeTestMethods(TestMethodWorker.java:125)
	at org.testng.internal.TestMethodWorker.run(TestMethodWorker.java:109)
	at org.testng.TestRunner.privateRun(TestRunner.java:648)
	at org.testng.TestRunner.run(TestRunner.java:505)
	at org.testng.SuiteRunner.runTest(SuiteRunner.java:455)
	at org.testng.SuiteRunner.runSequentially(SuiteRunner.java:450)
	at org.testng.SuiteRunner.privateRun(SuiteRunner.java:415)
	at org.testng.SuiteRunner.run(SuiteRunner.java:364)
	at org.testng.SuiteRunnerWorker.runSuite(SuiteRunnerWorker.java:52)
	at org.testng.SuiteRunnerWorker.run(SuiteRunnerWorker.java:84)
	at org.testng.TestNG.runSuitesSequentially(TestNG.java:1208)
	at org.testng.TestNG.runSuitesLocally(TestNG.java:1137)
	at org.testng.TestNG.runSuites(TestNG.java:1049)
	at org.testng.TestNG.run(TestNG.java:1017)
	at org.testng.remote.AbstractRemoteTestNG.run(AbstractRemoteTestNG.java:114)
	at org.testng.remote.RemoteTestNG.initAndRun(RemoteTestNG.java:251)
	at org.testng.remote.RemoteTestNG.main(RemoteTestNG.java:77)
</pre></div></td>
<td>78</td>
<td>Script.My_Preferences_Download_Allfiles@190fc5b</td></tr>
</table><p>
<table width='100%' border='1' class='invocation-passed'>
<tr><td colspan='4' align='center'><b>PASSED TESTS</b></td></tr>
<tr><td><b>Test method</b></td>
<td width="30%"><b>Exception</b></td>
<td width="10%"><b>Time (seconds)</b></td>
<td><b>Instance</b></td>
</tr>
<tr>
<td title='Script.My_Preferences_Download_Allfiles.Login_EWA()'><b>Login_EWA</b><br>Test class: Script.My_Preferences_Download_Allfiles<br/>
<a href="#Output-2991561" onClick='toggleBox("Output-2991561", this, "Show output", "Hide output");'>Show output</a>

<a href="#Output-2991561" onClick="toggleAllBoxes();">Show all outputs</a>
<div class='log' id="Output-2991561">
Enter valid username into username field<br/>
Enter valid password into password field<br/>
Select a room<br/>
Click on the Login button<br/>
Session for user is already active.Do you want to create new Session? dialog box displayed<br/>
Click on the Yes button<br/>
User has logged in successfully<br/>
</div>
</td>
<td></td>
<td>32</td>
<td>Script.My_Preferences_Download_Allfiles@190fc5b</td></tr>
</table><p>
<table width='100%' border='1' class='invocation-skipped'>
<tr><td colspan='4' align='center'><b>SKIPPED TESTS</b></td></tr>
<tr><td><b>Test method</b></td>
<td width="30%"><b>Exception</b></td>
<td width="10%"><b>Time (seconds)</b></td>
<td><b>Instance</b></td>
</tr>
<tr>
<td title='Script.My_Preferences_Download_Allfiles.TC_01_Verify_Download_All_Files()'><b>TC_01_Verify_Download_All_Files</b><br>Test class: Script.My_Preferences_Download_Allfiles<br/>
<a href="#Output-17693112" onClick='toggleBox("Output-17693112", this, "Show output", "Hide output");'>Show output</a>

<a href="#Output-17693112" onClick="toggleAllBoxes();">Show all outputs</a>
<div class='log' id="Output-17693112">
Test Scenario 1 : Verifying Download All Files <br/>
Click on Refresh button<br/>
Click on Setting Icon<br/>
Click on My Preferences Option<br/>
Check Download all file checkbox<br/>
Click on Apply button<br/>
Click on Search Tab<br/>
Enter Document Name<br/>
Click on Find button<br/>
Select and Open Document page<br/>
</div>
</td>
<td><div><pre>org.openqa.selenium.ElementClickInterceptedException: element click intercepted: Element &lt;span class=&quot;icon   downloadPageIcon icon-content&quot; style=&quot;background-image: url(&amp;quot;data:image/png;base64,iVBORw0KGgoAAAANSUhEUgAAABAAAAAQCAYAAAAf8/9hAAAAfklEQVR42rWThRkDIQyFq+swyHXoeviSoc4Fd3i4/VhymtV1D5jSEJngpGseiNQCaQcgouHz+RyJcy63/YAEtQCYV9CvUucE23dD0glerxcCwA7IfsR8gBgzAVtdABDxODoRyYsMgKiHT+BNMW/gXRzjjcAYuxuLUzVBbrbFI1ZlSkvGJHM0AAAAAElFTkSuQmCC&amp;quot;); font-size: 15px;&quot;&gt;&lt;/span&gt; is not clickable at point (1003, 86). Other element would receive the click: &lt;span class=&quot;icon  closeIcon&quot; title=&quot;Document Close&quot; style=&quot;background-image: url(&amp;quot;data:image/png;base64,iVBORw0KGgoAAAANSUhEUgAAABAAAAAQCAQAAAC1+jfqAAAAbUlEQVR42q3P1QECMRRFwaGdtbSP94JrDzg83M/v3N0kvq9G1DGQXXAy0XVqYGUmF7y00nMqNxOTasczGVFubmWuUFkIFhX7SfBtpc0k+KNB8Cyue5+zyxfd8uWLTo0Fx4sGTrX1BENpoO4vrQGZikCiGU5i6QAAAABJRU5ErkJggg==&amp;quot;); font-size: 15px;&quot;&gt;&lt;/span&gt;
  (Session info: chrome=126.0.6478.115)
Build info: version: &apos;3.141.59&apos;, revision: &apos;e82be7d358&apos;, time: &apos;2018-11-14T08:25:53&apos;
System info: host: &apos;CIPLWKT014&apos;, ip: &apos;10.4.8.14&apos;, os.name: &apos;Windows 10&apos;, os.arch: &apos;x86&apos;, os.version: &apos;10.0&apos;, java.version: &apos;1.8.0_351&apos;
Driver info: org.openqa.selenium.chrome.ChromeDriver
Capabilities {acceptInsecureCerts: false, browserName: chrome, browserVersion: 126.0.6478.115, chrome: {chromedriverVersion: 126.0.6478.62 (b2781ca4c383..., userDataDir: C:\Users\nisha.r\AppData\Lo...}, fedcm:accounts: true, goog:chromeOptions: {debuggerAddress: localhost:56002}, javascriptEnabled: true, networkConnectionEnabled: false, pageLoadStrategy: normal, platform: WINDOWS, platformName: WINDOWS, proxy: Proxy(), setWindowRect: true, strictFileInteractability: false, timeouts: {implicit: 0, pageLoad: 300000, script: 30000}, unhandledPromptBehavior: dismiss and notify, webauthn:extension:credBlob: true, webauthn:extension:largeBlob: true, webauthn:extension:minPinLength: true, webauthn:extension:prf: true, webauthn:virtualAuthenticators: true}
Session ID: 7ee732e35d2634a1b44bec35ef50c871
	at org.openqa.selenium.remote.http.W3CHttpResponseCodec.createException(W3CHttpResponseCodec.java:187)
	at org.openqa.selenium.remote.http.W3CHttpResponseCodec.decode(W3CHttpResponseCodec.java:122)
	at org.openqa.selenium.remote.http.W3CHttpResponseCodec.decode(W3CHttpResponseCodec.java:49)
	at org.openqa.selenium.remote.HttpCommandExecutor.execute(HttpCommandExecutor.java:158)
	at org.openqa.selenium.remote.service.DriverCommandExecutor.execute(DriverCommandExecutor.java:83)
	at org.openqa.selenium.remote.RemoteWebDriver.execute(RemoteWebDriver.java:552)
	at org.openqa.selenium.remote.RemoteWebElement.execute(RemoteWebElement.java:285)
	at org.openqa.selenium.remote.RemoteWebElement.click(RemoteWebElement.java:84)
	at org.openqa.selenium.support.pagefactory.internal.LocatingElementHandler.invoke(LocatingElementHandler.java:51)
	at com.sun.proxy.$Proxy5.click(Unknown Source)
	at Pom.My_Preferences.getDownload_File(My_Preferences.java:834)
	at Script.My_Preferences_Download_Allfiles.TC_01_Verify_Download_All_Files(My_Preferences_Download_Allfiles.java:69)
... Removed 32 stack frames</pre></div><a href='#' onClick='toggleBox("stack-trace17693112", this, "Click to show all stack frames", "Click to hide stack frames")'>Click to show all stack frames</a>
<div class='stack-trace' id='stack-trace17693112'><pre>org.openqa.selenium.ElementClickInterceptedException: element click intercepted: Element &lt;span class=&quot;icon   downloadPageIcon icon-content&quot; style=&quot;background-image: url(&amp;quot;data:image/png;base64,iVBORw0KGgoAAAANSUhEUgAAABAAAAAQCAYAAAAf8/9hAAAAfklEQVR42rWThRkDIQyFq+swyHXoeviSoc4Fd3i4/VhymtV1D5jSEJngpGseiNQCaQcgouHz+RyJcy63/YAEtQCYV9CvUucE23dD0glerxcCwA7IfsR8gBgzAVtdABDxODoRyYsMgKiHT+BNMW/gXRzjjcAYuxuLUzVBbrbFI1ZlSkvGJHM0AAAAAElFTkSuQmCC&amp;quot;); font-size: 15px;&quot;&gt;&lt;/span&gt; is not clickable at point (1003, 86). Other element would receive the click: &lt;span class=&quot;icon  closeIcon&quot; title=&quot;Document Close&quot; style=&quot;background-image: url(&amp;quot;data:image/png;base64,iVBORw0KGgoAAAANSUhEUgAAABAAAAAQCAQAAAC1+jfqAAAAbUlEQVR42q3P1QECMRRFwaGdtbSP94JrDzg83M/v3N0kvq9G1DGQXXAy0XVqYGUmF7y00nMqNxOTasczGVFubmWuUFkIFhX7SfBtpc0k+KNB8Cyue5+zyxfd8uWLTo0Fx4sGTrX1BENpoO4vrQGZikCiGU5i6QAAAABJRU5ErkJggg==&amp;quot;); font-size: 15px;&quot;&gt;&lt;/span&gt;
  (Session info: chrome=126.0.6478.115)
Build info: version: &apos;3.141.59&apos;, revision: &apos;e82be7d358&apos;, time: &apos;2018-11-14T08:25:53&apos;
System info: host: &apos;CIPLWKT014&apos;, ip: &apos;10.4.8.14&apos;, os.name: &apos;Windows 10&apos;, os.arch: &apos;x86&apos;, os.version: &apos;10.0&apos;, java.version: &apos;1.8.0_351&apos;
Driver info: org.openqa.selenium.chrome.ChromeDriver
Capabilities {acceptInsecureCerts: false, browserName: chrome, browserVersion: 126.0.6478.115, chrome: {chromedriverVersion: 126.0.6478.62 (b2781ca4c383..., userDataDir: C:\Users\nisha.r\AppData\Lo...}, fedcm:accounts: true, goog:chromeOptions: {debuggerAddress: localhost:56002}, javascriptEnabled: true, networkConnectionEnabled: false, pageLoadStrategy: normal, platform: WINDOWS, platformName: WINDOWS, proxy: Proxy(), setWindowRect: true, strictFileInteractability: false, timeouts: {implicit: 0, pageLoad: 300000, script: 30000}, unhandledPromptBehavior: dismiss and notify, webauthn:extension:credBlob: true, webauthn:extension:largeBlob: true, webauthn:extension:minPinLength: true, webauthn:extension:prf: true, webauthn:virtualAuthenticators: true}
Session ID: 7ee732e35d2634a1b44bec35ef50c871
	at sun.reflect.NativeConstructorAccessorImpl.newInstance0(Native Method)
	at sun.reflect.NativeConstructorAccessorImpl.newInstance(Unknown Source)
	at sun.reflect.DelegatingConstructorAccessorImpl.newInstance(Unknown Source)
	at java.lang.reflect.Constructor.newInstance(Unknown Source)
	at org.openqa.selenium.remote.http.W3CHttpResponseCodec.createException(W3CHttpResponseCodec.java:187)
	at org.openqa.selenium.remote.http.W3CHttpResponseCodec.decode(W3CHttpResponseCodec.java:122)
	at org.openqa.selenium.remote.http.W3CHttpResponseCodec.decode(W3CHttpResponseCodec.java:49)
	at org.openqa.selenium.remote.HttpCommandExecutor.execute(HttpCommandExecutor.java:158)
	at org.openqa.selenium.remote.service.DriverCommandExecutor.execute(DriverCommandExecutor.java:83)
	at org.openqa.selenium.remote.RemoteWebDriver.execute(RemoteWebDriver.java:552)
	at org.openqa.selenium.remote.RemoteWebElement.execute(RemoteWebElement.java:285)
	at org.openqa.selenium.remote.RemoteWebElement.click(RemoteWebElement.java:84)
	at sun.reflect.GeneratedMethodAccessor7.invoke(Unknown Source)
	at sun.reflect.DelegatingMethodAccessorImpl.invoke(Unknown Source)
	at java.lang.reflect.Method.invoke(Unknown Source)
	at org.openqa.selenium.support.pagefactory.internal.LocatingElementHandler.invoke(LocatingElementHandler.java:51)
	at com.sun.proxy.$Proxy5.click(Unknown Source)
	at Pom.My_Preferences.getDownload_File(My_Preferences.java:834)
	at Script.My_Preferences_Download_Allfiles.TC_01_Verify_Download_All_Files(My_Preferences_Download_Allfiles.java:69)
	at sun.reflect.NativeMethodAccessorImpl.invoke0(Native Method)
	at sun.reflect.NativeMethodAccessorImpl.invoke(Unknown Source)
	at sun.reflect.DelegatingMethodAccessorImpl.invoke(Unknown Source)
	at java.lang.reflect.Method.invoke(Unknown Source)
	at org.testng.internal.MethodInvocationHelper.invokeMethod(MethodInvocationHelper.java:124)
	at org.testng.internal.Invoker.invokeMethod(Invoker.java:583)
	at org.testng.internal.Invoker.invokeTestMethod(Invoker.java:719)
	at org.testng.internal.Invoker.invokeTestMethods(Invoker.java:989)
	at org.testng.internal.TestMethodWorker.invokeTestMethods(TestMethodWorker.java:125)
	at org.testng.internal.TestMethodWorker.run(TestMethodWorker.java:109)
	at org.testng.TestRunner.privateRun(TestRunner.java:648)
	at org.testng.TestRunner.run(TestRunner.java:505)
	at org.testng.SuiteRunner.runTest(SuiteRunner.java:455)
	at org.testng.SuiteRunner.runSequentially(SuiteRunner.java:450)
	at org.testng.SuiteRunner.privateRun(SuiteRunner.java:415)
	at org.testng.SuiteRunner.run(SuiteRunner.java:364)
	at org.testng.SuiteRunnerWorker.runSuite(SuiteRunnerWorker.java:52)
	at org.testng.SuiteRunnerWorker.run(SuiteRunnerWorker.java:84)
	at org.testng.TestNG.runSuitesSequentially(TestNG.java:1208)
	at org.testng.TestNG.runSuitesLocally(TestNG.java:1137)
	at org.testng.TestNG.runSuites(TestNG.java:1049)
	at org.testng.TestNG.run(TestNG.java:1017)
	at org.testng.remote.AbstractRemoteTestNG.run(AbstractRemoteTestNG.java:114)
	at org.testng.remote.RemoteTestNG.initAndRun(RemoteTestNG.java:251)
	at org.testng.remote.RemoteTestNG.main(RemoteTestNG.java:77)
</pre></div></td>
<td>77</td>
<td>Script.My_Preferences_Download_Allfiles@190fc5b</td></tr>
<tr>
<td title='Script.My_Preferences_Download_Allfiles.TC_01_Verify_Download_All_Files()'><b>TC_01_Verify_Download_All_Files</b><br>Test class: Script.My_Preferences_Download_Allfiles<br/>
<a href="#Output-31491208" onClick='toggleBox("Output-31491208", this, "Show output", "Hide output");'>Show output</a>

<a href="#Output-31491208" onClick="toggleAllBoxes();">Show all outputs</a>
<div class='log' id="Output-31491208">
Test Scenario 1 : Verifying Download All Files <br/>
Click on Refresh button<br/>
Click on Setting Icon<br/>
Click on My Preferences Option<br/>
Check Download all file checkbox<br/>
Click on Apply button<br/>
Click on Search Tab<br/>
Enter Document Name<br/>
Click on Find button<br/>
Select and Open Document page<br/>
</div>
</td>
<td><div><pre>org.openqa.selenium.ElementClickInterceptedException: element click intercepted: Element &lt;span class=&quot;icon   downloadPageIcon icon-content&quot; style=&quot;background-image: url(&amp;quot;data:image/png;base64,iVBORw0KGgoAAAANSUhEUgAAABAAAAAQCAYAAAAf8/9hAAAAfklEQVR42rWThRkDIQyFq+swyHXoeviSoc4Fd3i4/VhymtV1D5jSEJngpGseiNQCaQcgouHz+RyJcy63/YAEtQCYV9CvUucE23dD0glerxcCwA7IfsR8gBgzAVtdABDxODoRyYsMgKiHT+BNMW/gXRzjjcAYuxuLUzVBbrbFI1ZlSkvGJHM0AAAAAElFTkSuQmCC&amp;quot;); font-size: 15px;&quot;&gt;&lt;/span&gt; is not clickable at point (1003, 86). Other element would receive the click: &lt;span class=&quot;icon  closeIcon&quot; title=&quot;Document Close&quot; style=&quot;background-image: url(&amp;quot;data:image/png;base64,iVBORw0KGgoAAAANSUhEUgAAABAAAAAQCAQAAAC1+jfqAAAAbUlEQVR42q3P1QECMRRFwaGdtbSP94JrDzg83M/v3N0kvq9G1DGQXXAy0XVqYGUmF7y00nMqNxOTasczGVFubmWuUFkIFhX7SfBtpc0k+KNB8Cyue5+zyxfd8uWLTo0Fx4sGTrX1BENpoO4vrQGZikCiGU5i6QAAAABJRU5ErkJggg==&amp;quot;); font-size: 15px;&quot;&gt;&lt;/span&gt;
  (Session info: chrome=126.0.6478.115)
Build info: version: &apos;3.141.59&apos;, revision: &apos;e82be7d358&apos;, time: &apos;2018-11-14T08:25:53&apos;
System info: host: &apos;CIPLWKT014&apos;, ip: &apos;10.4.8.14&apos;, os.name: &apos;Windows 10&apos;, os.arch: &apos;x86&apos;, os.version: &apos;10.0&apos;, java.version: &apos;1.8.0_351&apos;
Driver info: org.openqa.selenium.chrome.ChromeDriver
Capabilities {acceptInsecureCerts: false, browserName: chrome, browserVersion: 126.0.6478.115, chrome: {chromedriverVersion: 126.0.6478.62 (b2781ca4c383..., userDataDir: C:\Users\nisha.r\AppData\Lo...}, fedcm:accounts: true, goog:chromeOptions: {debuggerAddress: localhost:56002}, javascriptEnabled: true, networkConnectionEnabled: false, pageLoadStrategy: normal, platform: WINDOWS, platformName: WINDOWS, proxy: Proxy(), setWindowRect: true, strictFileInteractability: false, timeouts: {implicit: 0, pageLoad: 300000, script: 30000}, unhandledPromptBehavior: dismiss and notify, webauthn:extension:credBlob: true, webauthn:extension:largeBlob: true, webauthn:extension:minPinLength: true, webauthn:extension:prf: true, webauthn:virtualAuthenticators: true}
Session ID: 7ee732e35d2634a1b44bec35ef50c871
	at org.openqa.selenium.remote.http.W3CHttpResponseCodec.createException(W3CHttpResponseCodec.java:187)
	at org.openqa.selenium.remote.http.W3CHttpResponseCodec.decode(W3CHttpResponseCodec.java:122)
	at org.openqa.selenium.remote.http.W3CHttpResponseCodec.decode(W3CHttpResponseCodec.java:49)
	at org.openqa.selenium.remote.HttpCommandExecutor.execute(HttpCommandExecutor.java:158)
	at org.openqa.selenium.remote.service.DriverCommandExecutor.execute(DriverCommandExecutor.java:83)
	at org.openqa.selenium.remote.RemoteWebDriver.execute(RemoteWebDriver.java:552)
	at org.openqa.selenium.remote.RemoteWebElement.execute(RemoteWebElement.java:285)
	at org.openqa.selenium.remote.RemoteWebElement.click(RemoteWebElement.java:84)
	at org.openqa.selenium.support.pagefactory.internal.LocatingElementHandler.invoke(LocatingElementHandler.java:51)
	at com.sun.proxy.$Proxy5.click(Unknown Source)
	at Pom.My_Preferences.getDownload_File(My_Preferences.java:834)
	at Script.My_Preferences_Download_Allfiles.TC_01_Verify_Download_All_Files(My_Preferences_Download_Allfiles.java:69)
... Removed 32 stack frames</pre></div><a href='#' onClick='toggleBox("stack-trace31491208", this, "Click to show all stack frames", "Click to hide stack frames")'>Click to show all stack frames</a>
<div class='stack-trace' id='stack-trace31491208'><pre>org.openqa.selenium.ElementClickInterceptedException: element click intercepted: Element &lt;span class=&quot;icon   downloadPageIcon icon-content&quot; style=&quot;background-image: url(&amp;quot;data:image/png;base64,iVBORw0KGgoAAAANSUhEUgAAABAAAAAQCAYAAAAf8/9hAAAAfklEQVR42rWThRkDIQyFq+swyHXoeviSoc4Fd3i4/VhymtV1D5jSEJngpGseiNQCaQcgouHz+RyJcy63/YAEtQCYV9CvUucE23dD0glerxcCwA7IfsR8gBgzAVtdABDxODoRyYsMgKiHT+BNMW/gXRzjjcAYuxuLUzVBbrbFI1ZlSkvGJHM0AAAAAElFTkSuQmCC&amp;quot;); font-size: 15px;&quot;&gt;&lt;/span&gt; is not clickable at point (1003, 86). Other element would receive the click: &lt;span class=&quot;icon  closeIcon&quot; title=&quot;Document Close&quot; style=&quot;background-image: url(&amp;quot;data:image/png;base64,iVBORw0KGgoAAAANSUhEUgAAABAAAAAQCAQAAAC1+jfqAAAAbUlEQVR42q3P1QECMRRFwaGdtbSP94JrDzg83M/v3N0kvq9G1DGQXXAy0XVqYGUmF7y00nMqNxOTasczGVFubmWuUFkIFhX7SfBtpc0k+KNB8Cyue5+zyxfd8uWLTo0Fx4sGTrX1BENpoO4vrQGZikCiGU5i6QAAAABJRU5ErkJggg==&amp;quot;); font-size: 15px;&quot;&gt;&lt;/span&gt;
  (Session info: chrome=126.0.6478.115)
Build info: version: &apos;3.141.59&apos;, revision: &apos;e82be7d358&apos;, time: &apos;2018-11-14T08:25:53&apos;
System info: host: &apos;CIPLWKT014&apos;, ip: &apos;10.4.8.14&apos;, os.name: &apos;Windows 10&apos;, os.arch: &apos;x86&apos;, os.version: &apos;10.0&apos;, java.version: &apos;1.8.0_351&apos;
Driver info: org.openqa.selenium.chrome.ChromeDriver
Capabilities {acceptInsecureCerts: false, browserName: chrome, browserVersion: 126.0.6478.115, chrome: {chromedriverVersion: 126.0.6478.62 (b2781ca4c383..., userDataDir: C:\Users\nisha.r\AppData\Lo...}, fedcm:accounts: true, goog:chromeOptions: {debuggerAddress: localhost:56002}, javascriptEnabled: true, networkConnectionEnabled: false, pageLoadStrategy: normal, platform: WINDOWS, platformName: WINDOWS, proxy: Proxy(), setWindowRect: true, strictFileInteractability: false, timeouts: {implicit: 0, pageLoad: 300000, script: 30000}, unhandledPromptBehavior: dismiss and notify, webauthn:extension:credBlob: true, webauthn:extension:largeBlob: true, webauthn:extension:minPinLength: true, webauthn:extension:prf: true, webauthn:virtualAuthenticators: true}
Session ID: 7ee732e35d2634a1b44bec35ef50c871
	at sun.reflect.NativeConstructorAccessorImpl.newInstance0(Native Method)
	at sun.reflect.NativeConstructorAccessorImpl.newInstance(Unknown Source)
	at sun.reflect.DelegatingConstructorAccessorImpl.newInstance(Unknown Source)
	at java.lang.reflect.Constructor.newInstance(Unknown Source)
	at org.openqa.selenium.remote.http.W3CHttpResponseCodec.createException(W3CHttpResponseCodec.java:187)
	at org.openqa.selenium.remote.http.W3CHttpResponseCodec.decode(W3CHttpResponseCodec.java:122)
	at org.openqa.selenium.remote.http.W3CHttpResponseCodec.decode(W3CHttpResponseCodec.java:49)
	at org.openqa.selenium.remote.HttpCommandExecutor.execute(HttpCommandExecutor.java:158)
	at org.openqa.selenium.remote.service.DriverCommandExecutor.execute(DriverCommandExecutor.java:83)
	at org.openqa.selenium.remote.RemoteWebDriver.execute(RemoteWebDriver.java:552)
	at org.openqa.selenium.remote.RemoteWebElement.execute(RemoteWebElement.java:285)
	at org.openqa.selenium.remote.RemoteWebElement.click(RemoteWebElement.java:84)
	at sun.reflect.GeneratedMethodAccessor7.invoke(Unknown Source)
	at sun.reflect.DelegatingMethodAccessorImpl.invoke(Unknown Source)
	at java.lang.reflect.Method.invoke(Unknown Source)
	at org.openqa.selenium.support.pagefactory.internal.LocatingElementHandler.invoke(LocatingElementHandler.java:51)
	at com.sun.proxy.$Proxy5.click(Unknown Source)
	at Pom.My_Preferences.getDownload_File(My_Preferences.java:834)
	at Script.My_Preferences_Download_Allfiles.TC_01_Verify_Download_All_Files(My_Preferences_Download_Allfiles.java:69)
	at sun.reflect.NativeMethodAccessorImpl.invoke0(Native Method)
	at sun.reflect.NativeMethodAccessorImpl.invoke(Unknown Source)
	at sun.reflect.DelegatingMethodAccessorImpl.invoke(Unknown Source)
	at java.lang.reflect.Method.invoke(Unknown Source)
	at org.testng.internal.MethodInvocationHelper.invokeMethod(MethodInvocationHelper.java:124)
	at org.testng.internal.Invoker.invokeMethod(Invoker.java:583)
	at org.testng.internal.Invoker.retryFailed(Invoker.java:839)
	at org.testng.internal.Invoker.invokeTestMethods(Invoker.java:1010)
	at org.testng.internal.TestMethodWorker.invokeTestMethods(TestMethodWorker.java:125)
	at org.testng.internal.TestMethodWorker.run(TestMethodWorker.java:109)
	at org.testng.TestRunner.privateRun(TestRunner.java:648)
	at org.testng.TestRunner.run(TestRunner.java:505)
	at org.testng.SuiteRunner.runTest(SuiteRunner.java:455)
	at org.testng.SuiteRunner.runSequentially(SuiteRunner.java:450)
	at org.testng.SuiteRunner.privateRun(SuiteRunner.java:415)
	at org.testng.SuiteRunner.run(SuiteRunner.java:364)
	at org.testng.SuiteRunnerWorker.runSuite(SuiteRunnerWorker.java:52)
	at org.testng.SuiteRunnerWorker.run(SuiteRunnerWorker.java:84)
	at org.testng.TestNG.runSuitesSequentially(TestNG.java:1208)
	at org.testng.TestNG.runSuitesLocally(TestNG.java:1137)
	at org.testng.TestNG.runSuites(TestNG.java:1049)
	at org.testng.TestNG.run(TestNG.java:1017)
	at org.testng.remote.AbstractRemoteTestNG.run(AbstractRemoteTestNG.java:114)
	at org.testng.remote.RemoteTestNG.initAndRun(RemoteTestNG.java:251)
	at org.testng.remote.RemoteTestNG.main(RemoteTestNG.java:77)
</pre></div></td>
<td>79</td>
<td>Script.My_Preferences_Download_Allfiles@190fc5b</td></tr>
<tr>
<td title='Script.My_Preferences_Download_Allfiles.TC_01_Verify_Download_All_Files()'><b>TC_01_Verify_Download_All_Files</b><br>Test class: Script.My_Preferences_Download_Allfiles<br/>
<a href="#Output-626629" onClick='toggleBox("Output-626629", this, "Show output", "Hide output");'>Show output</a>

<a href="#Output-626629" onClick="toggleAllBoxes();">Show all outputs</a>
<div class='log' id="Output-626629">
Test Scenario 1 : Verifying Download All Files <br/>
Click on Refresh button<br/>
Click on Setting Icon<br/>
Click on My Preferences Option<br/>
Check Download all file checkbox<br/>
Click on Apply button<br/>
Click on Search Tab<br/>
Enter Document Name<br/>
Click on Find button<br/>
Select and Open Document page<br/>
</div>
</td>
<td><div><pre>org.openqa.selenium.ElementClickInterceptedException: element click intercepted: Element &lt;span class=&quot;icon   downloadPageIcon icon-content&quot; style=&quot;background-image: url(&amp;quot;data:image/png;base64,iVBORw0KGgoAAAANSUhEUgAAABAAAAAQCAYAAAAf8/9hAAAAfklEQVR42rWThRkDIQyFq+swyHXoeviSoc4Fd3i4/VhymtV1D5jSEJngpGseiNQCaQcgouHz+RyJcy63/YAEtQCYV9CvUucE23dD0glerxcCwA7IfsR8gBgzAVtdABDxODoRyYsMgKiHT+BNMW/gXRzjjcAYuxuLUzVBbrbFI1ZlSkvGJHM0AAAAAElFTkSuQmCC&amp;quot;); font-size: 15px;&quot;&gt;&lt;/span&gt; is not clickable at point (1003, 86). Other element would receive the click: &lt;span class=&quot;icon  closeIcon&quot; title=&quot;Document Close&quot; style=&quot;background-image: url(&amp;quot;data:image/png;base64,iVBORw0KGgoAAAANSUhEUgAAABAAAAAQCAQAAAC1+jfqAAAAbUlEQVR42q3P1QECMRRFwaGdtbSP94JrDzg83M/v3N0kvq9G1DGQXXAy0XVqYGUmF7y00nMqNxOTasczGVFubmWuUFkIFhX7SfBtpc0k+KNB8Cyue5+zyxfd8uWLTo0Fx4sGTrX1BENpoO4vrQGZikCiGU5i6QAAAABJRU5ErkJggg==&amp;quot;); font-size: 15px;&quot;&gt;&lt;/span&gt;
  (Session info: chrome=126.0.6478.115)
Build info: version: &apos;3.141.59&apos;, revision: &apos;e82be7d358&apos;, time: &apos;2018-11-14T08:25:53&apos;
System info: host: &apos;CIPLWKT014&apos;, ip: &apos;10.4.8.14&apos;, os.name: &apos;Windows 10&apos;, os.arch: &apos;x86&apos;, os.version: &apos;10.0&apos;, java.version: &apos;1.8.0_351&apos;
Driver info: org.openqa.selenium.chrome.ChromeDriver
Capabilities {acceptInsecureCerts: false, browserName: chrome, browserVersion: 126.0.6478.115, chrome: {chromedriverVersion: 126.0.6478.62 (b2781ca4c383..., userDataDir: C:\Users\nisha.r\AppData\Lo...}, fedcm:accounts: true, goog:chromeOptions: {debuggerAddress: localhost:56002}, javascriptEnabled: true, networkConnectionEnabled: false, pageLoadStrategy: normal, platform: WINDOWS, platformName: WINDOWS, proxy: Proxy(), setWindowRect: true, strictFileInteractability: false, timeouts: {implicit: 0, pageLoad: 300000, script: 30000}, unhandledPromptBehavior: dismiss and notify, webauthn:extension:credBlob: true, webauthn:extension:largeBlob: true, webauthn:extension:minPinLength: true, webauthn:extension:prf: true, webauthn:virtualAuthenticators: true}
Session ID: 7ee732e35d2634a1b44bec35ef50c871
	at org.openqa.selenium.remote.http.W3CHttpResponseCodec.createException(W3CHttpResponseCodec.java:187)
	at org.openqa.selenium.remote.http.W3CHttpResponseCodec.decode(W3CHttpResponseCodec.java:122)
	at org.openqa.selenium.remote.http.W3CHttpResponseCodec.decode(W3CHttpResponseCodec.java:49)
	at org.openqa.selenium.remote.HttpCommandExecutor.execute(HttpCommandExecutor.java:158)
	at org.openqa.selenium.remote.service.DriverCommandExecutor.execute(DriverCommandExecutor.java:83)
	at org.openqa.selenium.remote.RemoteWebDriver.execute(RemoteWebDriver.java:552)
	at org.openqa.selenium.remote.RemoteWebElement.execute(RemoteWebElement.java:285)
	at org.openqa.selenium.remote.RemoteWebElement.click(RemoteWebElement.java:84)
	at org.openqa.selenium.support.pagefactory.internal.LocatingElementHandler.invoke(LocatingElementHandler.java:51)
	at com.sun.proxy.$Proxy5.click(Unknown Source)
	at Pom.My_Preferences.getDownload_File(My_Preferences.java:834)
	at Script.My_Preferences_Download_Allfiles.TC_01_Verify_Download_All_Files(My_Preferences_Download_Allfiles.java:69)
... Removed 32 stack frames</pre></div><a href='#' onClick='toggleBox("stack-trace626629", this, "Click to show all stack frames", "Click to hide stack frames")'>Click to show all stack frames</a>
<div class='stack-trace' id='stack-trace626629'><pre>org.openqa.selenium.ElementClickInterceptedException: element click intercepted: Element &lt;span class=&quot;icon   downloadPageIcon icon-content&quot; style=&quot;background-image: url(&amp;quot;data:image/png;base64,iVBORw0KGgoAAAANSUhEUgAAABAAAAAQCAYAAAAf8/9hAAAAfklEQVR42rWThRkDIQyFq+swyHXoeviSoc4Fd3i4/VhymtV1D5jSEJngpGseiNQCaQcgouHz+RyJcy63/YAEtQCYV9CvUucE23dD0glerxcCwA7IfsR8gBgzAVtdABDxODoRyYsMgKiHT+BNMW/gXRzjjcAYuxuLUzVBbrbFI1ZlSkvGJHM0AAAAAElFTkSuQmCC&amp;quot;); font-size: 15px;&quot;&gt;&lt;/span&gt; is not clickable at point (1003, 86). Other element would receive the click: &lt;span class=&quot;icon  closeIcon&quot; title=&quot;Document Close&quot; style=&quot;background-image: url(&amp;quot;data:image/png;base64,iVBORw0KGgoAAAANSUhEUgAAABAAAAAQCAQAAAC1+jfqAAAAbUlEQVR42q3P1QECMRRFwaGdtbSP94JrDzg83M/v3N0kvq9G1DGQXXAy0XVqYGUmF7y00nMqNxOTasczGVFubmWuUFkIFhX7SfBtpc0k+KNB8Cyue5+zyxfd8uWLTo0Fx4sGTrX1BENpoO4vrQGZikCiGU5i6QAAAABJRU5ErkJggg==&amp;quot;); font-size: 15px;&quot;&gt;&lt;/span&gt;
  (Session info: chrome=126.0.6478.115)
Build info: version: &apos;3.141.59&apos;, revision: &apos;e82be7d358&apos;, time: &apos;2018-11-14T08:25:53&apos;
System info: host: &apos;CIPLWKT014&apos;, ip: &apos;10.4.8.14&apos;, os.name: &apos;Windows 10&apos;, os.arch: &apos;x86&apos;, os.version: &apos;10.0&apos;, java.version: &apos;1.8.0_351&apos;
Driver info: org.openqa.selenium.chrome.ChromeDriver
Capabilities {acceptInsecureCerts: false, browserName: chrome, browserVersion: 126.0.6478.115, chrome: {chromedriverVersion: 126.0.6478.62 (b2781ca4c383..., userDataDir: C:\Users\nisha.r\AppData\Lo...}, fedcm:accounts: true, goog:chromeOptions: {debuggerAddress: localhost:56002}, javascriptEnabled: true, networkConnectionEnabled: false, pageLoadStrategy: normal, platform: WINDOWS, platformName: WINDOWS, proxy: Proxy(), setWindowRect: true, strictFileInteractability: false, timeouts: {implicit: 0, pageLoad: 300000, script: 30000}, unhandledPromptBehavior: dismiss and notify, webauthn:extension:credBlob: true, webauthn:extension:largeBlob: true, webauthn:extension:minPinLength: true, webauthn:extension:prf: true, webauthn:virtualAuthenticators: true}
Session ID: 7ee732e35d2634a1b44bec35ef50c871
	at sun.reflect.NativeConstructorAccessorImpl.newInstance0(Native Method)
	at sun.reflect.NativeConstructorAccessorImpl.newInstance(Unknown Source)
	at sun.reflect.DelegatingConstructorAccessorImpl.newInstance(Unknown Source)
	at java.lang.reflect.Constructor.newInstance(Unknown Source)
	at org.openqa.selenium.remote.http.W3CHttpResponseCodec.createException(W3CHttpResponseCodec.java:187)
	at org.openqa.selenium.remote.http.W3CHttpResponseCodec.decode(W3CHttpResponseCodec.java:122)
	at org.openqa.selenium.remote.http.W3CHttpResponseCodec.decode(W3CHttpResponseCodec.java:49)
	at org.openqa.selenium.remote.HttpCommandExecutor.execute(HttpCommandExecutor.java:158)
	at org.openqa.selenium.remote.service.DriverCommandExecutor.execute(DriverCommandExecutor.java:83)
	at org.openqa.selenium.remote.RemoteWebDriver.execute(RemoteWebDriver.java:552)
	at org.openqa.selenium.remote.RemoteWebElement.execute(RemoteWebElement.java:285)
	at org.openqa.selenium.remote.RemoteWebElement.click(RemoteWebElement.java:84)
	at sun.reflect.GeneratedMethodAccessor7.invoke(Unknown Source)
	at sun.reflect.DelegatingMethodAccessorImpl.invoke(Unknown Source)
	at java.lang.reflect.Method.invoke(Unknown Source)
	at org.openqa.selenium.support.pagefactory.internal.LocatingElementHandler.invoke(LocatingElementHandler.java:51)
	at com.sun.proxy.$Proxy5.click(Unknown Source)
	at Pom.My_Preferences.getDownload_File(My_Preferences.java:834)
	at Script.My_Preferences_Download_Allfiles.TC_01_Verify_Download_All_Files(My_Preferences_Download_Allfiles.java:69)
	at sun.reflect.NativeMethodAccessorImpl.invoke0(Native Method)
	at sun.reflect.NativeMethodAccessorImpl.invoke(Unknown Source)
	at sun.reflect.DelegatingMethodAccessorImpl.invoke(Unknown Source)
	at java.lang.reflect.Method.invoke(Unknown Source)
	at org.testng.internal.MethodInvocationHelper.invokeMethod(MethodInvocationHelper.java:124)
	at org.testng.internal.Invoker.invokeMethod(Invoker.java:583)
	at org.testng.internal.Invoker.retryFailed(Invoker.java:839)
	at org.testng.internal.Invoker.invokeTestMethods(Invoker.java:1010)
	at org.testng.internal.TestMethodWorker.invokeTestMethods(TestMethodWorker.java:125)
	at org.testng.internal.TestMethodWorker.run(TestMethodWorker.java:109)
	at org.testng.TestRunner.privateRun(TestRunner.java:648)
	at org.testng.TestRunner.run(TestRunner.java:505)
	at org.testng.SuiteRunner.runTest(SuiteRunner.java:455)
	at org.testng.SuiteRunner.runSequentially(SuiteRunner.java:450)
	at org.testng.SuiteRunner.privateRun(SuiteRunner.java:415)
	at org.testng.SuiteRunner.run(SuiteRunner.java:364)
	at org.testng.SuiteRunnerWorker.runSuite(SuiteRunnerWorker.java:52)
	at org.testng.SuiteRunnerWorker.run(SuiteRunnerWorker.java:84)
	at org.testng.TestNG.runSuitesSequentially(TestNG.java:1208)
	at org.testng.TestNG.runSuitesLocally(TestNG.java:1137)
	at org.testng.TestNG.runSuites(TestNG.java:1049)
	at org.testng.TestNG.run(TestNG.java:1017)
	at org.testng.remote.AbstractRemoteTestNG.run(AbstractRemoteTestNG.java:114)
	at org.testng.remote.RemoteTestNG.initAndRun(RemoteTestNG.java:251)
	at org.testng.remote.RemoteTestNG.main(RemoteTestNG.java:77)
</pre></div></td>
<td>79</td>
<td>Script.My_Preferences_Download_Allfiles@190fc5b</td></tr>
</table><p>
</body>
</html>