<?xml version="1.0" encoding="UTF-8"?>
<!-- Generated by org.testng.reporters.JUnitXMLReporter -->
<testsuite ignored="0" hostname="CIPLWKT014" failures="1" tests="12" name="Test 10" time="485.195" errors="0" timestamp="2024-11-14T18:42:05 IST">
  <testcase classname="Computhink.Script.DashBoardScript" name="Login" time="37.905"/>
  <testcase classname="Computhink.Script.DashBoardScript" name="TC_1_SearchIconDashBoardFunctionality" time="31.398"/>
  <testcase classname="Computhink.Script.DashBoardScript" name="TC_2_NotifiactionIconDashBoardFunctionality" time="30.121"/>
  <testcase classname="Computhink.Script.DashBoardScript" name="TodoListWFDetailsDashBoardFunctionality" time="67.539"/>
  <testcase classname="Computhink.Script.DashBoardScript" name="TC_4_CreateNewDocumentFromDB" time="18.971"/>
  <testcase classname="Computhink.Script.DashBoardScript" name="TC_5_Contentverse_Document_Report" time="54.338"/>
  <testcase classname="Computhink.Script.DashBoardScript" name="TC_6_Contentverse_WrokflowStatus_Report" time="64.784"/>
  <testcase classname="Computhink.Script.DashBoardScript" name="TC_7_Contentverse_RejectDocumentInWFReport_Report" time="55.337">
    <skipped/>
  </testcase> <!-- TC_7_Contentverse_RejectDocumentInWFReport_Report -->
  <testcase classname="Computhink.Script.DashBoardScript" name="TC_7_Contentverse_RejectDocumentInWFReport_Report" time="33.92">
    <skipped/>
  </testcase> <!-- TC_7_Contentverse_RejectDocumentInWFReport_Report -->
  <testcase classname="Computhink.Script.DashBoardScript" name="TC_7_Contentverse_RejectDocumentInWFReport_Report" time="34.015">
    <skipped/>
  </testcase> <!-- TC_7_Contentverse_RejectDocumentInWFReport_Report -->
  <testcase classname="Computhink.Script.DashBoardScript" name="TC_7_Contentverse_RejectDocumentInWFReport_Report" time="34.112">
    <failure type="org.openqa.selenium.JavascriptException" message="javascript error: {&amp;quot;status&amp;quot;:60,&amp;quot;value&amp;quot;:&amp;quot;[object HTMLSpanElement] has no size and location&amp;quot;}
  (Session info: chrome=130.0.6723.117)
Build info: version: &amp;apos;3.141.59&amp;apos;, revision: &amp;apos;e82be7d358&amp;apos;, time: &amp;apos;2018-11-14T08:25:53&amp;apos;
System info: host: &amp;apos;CIPLWKT014&amp;apos;, ip: &amp;apos;10.4.8.14&amp;apos;, os.name: &amp;apos;Windows 10&amp;apos;, os.arch: &amp;apos;amd64&amp;apos;, os.version: &amp;apos;10.0&amp;apos;, java.version: &amp;apos;17.0.12&amp;apos;
Driver info: org.openqa.selenium.chrome.ChromeDriver
Capabilities {acceptInsecureCerts: false, browserName: chrome, browserVersion: 130.0.6723.117, chrome: {chromedriverVersion: 130.0.6723.116 (6ac35f94ae3..., userDataDir: C:\Users\nisha.r\AppData\Lo...}, fedcm:accounts: true, goog:chromeOptions: {debuggerAddress: localhost:51213}, javascriptEnabled: true, networkConnectionEnabled: false, pageLoadStrategy: normal, platform: WINDOWS, platformName: WINDOWS, proxy: Proxy(), setWindowRect: true, strictFileInteractability: false, timeouts: {implicit: 0, pageLoad: 300000, script: 30000}, unhandledPromptBehavior: dismiss and notify, webauthn:extension:credBlob: true, webauthn:extension:largeBlob: true, webauthn:extension:minPinLength: true, webauthn:extension:prf: true, webauthn:virtualAuthenticators: true}
Session ID: 1bc6dc25f3d0b75b7cdf614e46f6a400">
      <![CDATA[org.openqa.selenium.JavascriptException: javascript error: {"status":60,"value":"[object HTMLSpanElement] has no size and location"}
  (Session info: chrome=130.0.6723.117)
Build info: version: '3.141.59', revision: 'e82be7d358', time: '2018-11-14T08:25:53'
System info: host: 'CIPLWKT014', ip: '10.4.8.14', os.name: 'Windows 10', os.arch: 'amd64', os.version: '10.0', java.version: '17.0.12'
Driver info: org.openqa.selenium.chrome.ChromeDriver
Capabilities {acceptInsecureCerts: false, browserName: chrome, browserVersion: 130.0.6723.117, chrome: {chromedriverVersion: 130.0.6723.116 (6ac35f94ae3..., userDataDir: C:\Users\nisha.r\AppData\Lo...}, fedcm:accounts: true, goog:chromeOptions: {debuggerAddress: localhost:51213}, javascriptEnabled: true, networkConnectionEnabled: false, pageLoadStrategy: normal, platform: WINDOWS, platformName: WINDOWS, proxy: Proxy(), setWindowRect: true, strictFileInteractability: false, timeouts: {implicit: 0, pageLoad: 300000, script: 30000}, unhandledPromptBehavior: dismiss and notify, webauthn:extension:credBlob: true, webauthn:extension:largeBlob: true, webauthn:extension:minPinLength: true, webauthn:extension:prf: true, webauthn:virtualAuthenticators: true}
Session ID: 1bc6dc25f3d0b75b7cdf614e46f6a400
at org.openqa.selenium.remote.http.W3CHttpResponseCodec.createException(W3CHttpResponseCodec.java:187)
at org.openqa.selenium.remote.http.W3CHttpResponseCodec.decode(W3CHttpResponseCodec.java:122)
at org.openqa.selenium.remote.http.W3CHttpResponseCodec.decode(W3CHttpResponseCodec.java:49)
at org.openqa.selenium.remote.HttpCommandExecutor.execute(HttpCommandExecutor.java:158)
at org.openqa.selenium.remote.service.DriverCommandExecutor.execute(DriverCommandExecutor.java:83)
at org.openqa.selenium.remote.RemoteWebDriver.execute(RemoteWebDriver.java:552)
at org.openqa.selenium.remote.RemoteWebDriver.perform(RemoteWebDriver.java:618)
at org.openqa.selenium.interactions.Actions$BuiltAction.perform(Actions.java:639)
at Computhink.Pom.DashBoardPom.ContentverseRejectDocumentInWFReport(DashBoardPom.java:382)
at Computhink.Script.DashBoardScript.TC_7_Contentverse_RejectDocumentInWFReport_Report(DashBoardScript.java:89)
at java.base/java.util.ArrayList.forEach(ArrayList.java:1511)
... Removed 32 stack frames]]>
    </failure>
  </testcase> <!-- TC_7_Contentverse_RejectDocumentInWFReport_Report -->
  <testcase classname="Computhink.Script.DashBoardScript" name="TC_8_logoutFromDB" time="9.573"/>
</testsuite> <!-- Test 10 -->
