<?xml version="1.0" encoding="UTF-8"?>
<!-- Generated by org.testng.reporters.JUnitXMLReporter -->
<testsuite ignored="0" hostname="CIPLWKT014" failures="3" tests="13" name="Test2" time="347.523" errors="0" timestamp="2024-11-14T18:17:19 IST">
  <testcase classname="Computhink.Script.AdvancedViewer_Script" name="TestCase_1_AdvancedViewerOptionSelection" time="14.937"/>
  <testcase classname="Computhink.Script.AdvancedViewer_Script" name="TestCase_2_AdvancedViewerWordDocument" time="4.472">
    <skipped/>
  </testcase> <!-- TestCase_2_AdvancedViewerWordDocument -->
  <testcase classname="Computhink.Script.AdvancedViewer_Script" name="TestCase_2_AdvancedViewerWordDocument" time="128.251">
    <skipped/>
  </testcase> <!-- TestCase_2_AdvancedViewerWordDocument -->
  <testcase classname="Computhink.Script.AdvancedViewer_Script" name="TestCase_2_AdvancedViewerWordDocument" time="40.779">
    <skipped/>
  </testcase> <!-- TestCase_2_AdvancedViewerWordDocument -->
  <testcase classname="Computhink.Script.AdvancedViewer_Script" name="TestCase_2_AdvancedViewerWordDocument" time="40.652">
    <failure type="org.openqa.selenium.TimeoutException" message="Expected condition failed: waiting for visibility of [[ChromeDriver: chrome on WINDOWS (8a9396239ac01c77c9f5b294b16c70bb)] -&amp;gt; xpath: //div[@id=&amp;apos;createDocuemntNavigator&amp;apos;]/ul/li[2]/ul/li[1]/a] (tried for 30 second(s) with 500 milliseconds interval)
Build info: version: &amp;apos;3.141.59&amp;apos;, revision: &amp;apos;e82be7d358&amp;apos;, time: &amp;apos;2018-11-14T08:25:53&amp;apos;
System info: host: &amp;apos;CIPLWKT014&amp;apos;, ip: &amp;apos;10.4.8.14&amp;apos;, os.name: &amp;apos;Windows 10&amp;apos;, os.arch: &amp;apos;amd64&amp;apos;, os.version: &amp;apos;10.0&amp;apos;, java.version: &amp;apos;17.0.12&amp;apos;
Driver info: org.openqa.selenium.chrome.ChromeDriver
Capabilities {acceptInsecureCerts: false, browserName: chrome, browserVersion: 130.0.6723.117, chrome: {chromedriverVersion: 130.0.6723.116 (6ac35f94ae3..., userDataDir: C:\Users\nisha.r\AppData\Lo...}, fedcm:accounts: true, goog:chromeOptions: {debuggerAddress: localhost:65273}, javascriptEnabled: true, networkConnectionEnabled: false, pageLoadStrategy: normal, platform: WINDOWS, platformName: WINDOWS, proxy: Proxy(), setWindowRect: true, strictFileInteractability: false, timeouts: {implicit: 0, pageLoad: 300000, script: 30000}, unhandledPromptBehavior: dismiss and notify, webauthn:extension:credBlob: true, webauthn:extension:largeBlob: true, webauthn:extension:minPinLength: true, webauthn:extension:prf: true, webauthn:virtualAuthenticators: true}
Session ID: 8a9396239ac01c77c9f5b294b16c70bb">
      <![CDATA[org.openqa.selenium.TimeoutException: Expected condition failed: waiting for visibility of [[ChromeDriver: chrome on WINDOWS (8a9396239ac01c77c9f5b294b16c70bb)] -> xpath: //div[@id='createDocuemntNavigator']/ul/li[2]/ul/li[1]/a] (tried for 30 second(s) with 500 milliseconds interval)
Build info: version: '3.141.59', revision: 'e82be7d358', time: '2018-11-14T08:25:53'
System info: host: 'CIPLWKT014', ip: '10.4.8.14', os.name: 'Windows 10', os.arch: 'amd64', os.version: '10.0', java.version: '17.0.12'
Driver info: org.openqa.selenium.chrome.ChromeDriver
Capabilities {acceptInsecureCerts: false, browserName: chrome, browserVersion: 130.0.6723.117, chrome: {chromedriverVersion: 130.0.6723.116 (6ac35f94ae3..., userDataDir: C:\Users\nisha.r\AppData\Lo...}, fedcm:accounts: true, goog:chromeOptions: {debuggerAddress: localhost:65273}, javascriptEnabled: true, networkConnectionEnabled: false, pageLoadStrategy: normal, platform: WINDOWS, platformName: WINDOWS, proxy: Proxy(), setWindowRect: true, strictFileInteractability: false, timeouts: {implicit: 0, pageLoad: 300000, script: 30000}, unhandledPromptBehavior: dismiss and notify, webauthn:extension:credBlob: true, webauthn:extension:largeBlob: true, webauthn:extension:minPinLength: true, webauthn:extension:prf: true, webauthn:virtualAuthenticators: true}
Session ID: 8a9396239ac01c77c9f5b294b16c70bb
at org.openqa.selenium.support.ui.WebDriverWait.timeoutException(WebDriverWait.java:95)
at org.openqa.selenium.support.ui.FluentWait.until(FluentWait.java:272)
at Computhink.Generic.BaseClass.VisiblityOf(BaseClass.java:1667)
at Computhink.Pom.AdvancedViewer.CreateDocumentAdvancedViewWordDocument(AdvancedViewer.java:1708)
at Computhink.Script.AdvancedViewer_Script.TestCase_2_AdvancedViewerWordDocument(AdvancedViewer_Script.java:54)
at java.base/java.util.ArrayList.forEach(ArrayList.java:1511)
... Removed 27 stack frames]]>
    </failure>
  </testcase> <!-- TestCase_2_AdvancedViewerWordDocument -->
  <testcase classname="Computhink.Script.AdvancedViewer_Script" name="TestCase_3_AdvancedViewerPDfDoc" time="13.235">
    <skipped/>
  </testcase> <!-- TestCase_3_AdvancedViewerPDfDoc -->
  <testcase classname="Computhink.Script.AdvancedViewer_Script" name="TestCase_3_AdvancedViewerPDfDoc" time="13.274">
    <skipped/>
  </testcase> <!-- TestCase_3_AdvancedViewerPDfDoc -->
  <testcase classname="Computhink.Script.AdvancedViewer_Script" name="TestCase_3_AdvancedViewerPDfDoc" time="13.345">
    <skipped/>
  </testcase> <!-- TestCase_3_AdvancedViewerPDfDoc -->
  <testcase classname="Computhink.Script.AdvancedViewer_Script" name="TestCase_3_AdvancedViewerPDfDoc" time="13.297">
    <failure type="org.openqa.selenium.NoSuchElementException" message="Cannot locate element with text: CVReports
For documentation on this error, please visit: https://www.seleniumhq.org/exceptions/no_such_element.html
Build info: version: &amp;apos;3.141.59&amp;apos;, revision: &amp;apos;e82be7d358&amp;apos;, time: &amp;apos;2018-11-14T08:25:53&amp;apos;
System info: host: &amp;apos;CIPLWKT014&amp;apos;, ip: &amp;apos;10.4.8.14&amp;apos;, os.name: &amp;apos;Windows 10&amp;apos;, os.arch: &amp;apos;amd64&amp;apos;, os.version: &amp;apos;10.0&amp;apos;, java.version: &amp;apos;17.0.12&amp;apos;
Driver info: driver.version: unknown">
      <![CDATA[org.openqa.selenium.NoSuchElementException: Cannot locate element with text: CVReports
For documentation on this error, please visit: https://www.seleniumhq.org/exceptions/no_such_element.html
Build info: version: '3.141.59', revision: 'e82be7d358', time: '2018-11-14T08:25:53'
System info: host: 'CIPLWKT014', ip: '10.4.8.14', os.name: 'Windows 10', os.arch: 'amd64', os.version: '10.0', java.version: '17.0.12'
Driver info: driver.version: unknown
at org.openqa.selenium.support.ui.Select.selectByVisibleText(Select.java:147)
at Computhink.Pom.AdvancedViewer.getSelect_Document_Type_Dropdown(AdvancedViewer.java:144)
at Computhink.Pom.AdvancedViewer.AdvancedViewPDFDocument(AdvancedViewer.java:1815)
at Computhink.Script.AdvancedViewer_Script.TestCase_3_AdvancedViewerPDfDoc(AdvancedViewer_Script.java:61)
at java.base/java.util.ArrayList.forEach(ArrayList.java:1511)
... Removed 27 stack frames]]>
    </failure>
  </testcase> <!-- TestCase_3_AdvancedViewerPDfDoc -->
  <testcase classname="Computhink.Script.AdvancedViewer_Script" name="TestCase_4_AdvancedViewerExcelFile" time="16.325">
    <skipped/>
  </testcase> <!-- TestCase_4_AdvancedViewerExcelFile -->
  <testcase classname="Computhink.Script.AdvancedViewer_Script" name="TestCase_4_AdvancedViewerExcelFile" time="16.291">
    <skipped/>
  </testcase> <!-- TestCase_4_AdvancedViewerExcelFile -->
  <testcase classname="Computhink.Script.AdvancedViewer_Script" name="TestCase_4_AdvancedViewerExcelFile" time="16.325">
    <skipped/>
  </testcase> <!-- TestCase_4_AdvancedViewerExcelFile -->
  <testcase classname="Computhink.Script.AdvancedViewer_Script" name="TestCase_4_AdvancedViewerExcelFile" time="16.321">
    <failure type="org.openqa.selenium.NoSuchElementException" message="Cannot locate element with text: CVReports
For documentation on this error, please visit: https://www.seleniumhq.org/exceptions/no_such_element.html
Build info: version: &amp;apos;3.141.59&amp;apos;, revision: &amp;apos;e82be7d358&amp;apos;, time: &amp;apos;2018-11-14T08:25:53&amp;apos;
System info: host: &amp;apos;CIPLWKT014&amp;apos;, ip: &amp;apos;10.4.8.14&amp;apos;, os.name: &amp;apos;Windows 10&amp;apos;, os.arch: &amp;apos;amd64&amp;apos;, os.version: &amp;apos;10.0&amp;apos;, java.version: &amp;apos;17.0.12&amp;apos;
Driver info: driver.version: unknown">
      <![CDATA[org.openqa.selenium.NoSuchElementException: Cannot locate element with text: CVReports
For documentation on this error, please visit: https://www.seleniumhq.org/exceptions/no_such_element.html
Build info: version: '3.141.59', revision: 'e82be7d358', time: '2018-11-14T08:25:53'
System info: host: 'CIPLWKT014', ip: '10.4.8.14', os.name: 'Windows 10', os.arch: 'amd64', os.version: '10.0', java.version: '17.0.12'
Driver info: driver.version: unknown
at org.openqa.selenium.support.ui.Select.selectByVisibleText(Select.java:147)
at Computhink.Pom.AdvancedViewer.getSelect_Document_Type_Dropdown(AdvancedViewer.java:144)
at Computhink.Pom.AdvancedViewer.AdvancedViewExcelDocumentt(AdvancedViewer.java:1907)
at Computhink.Script.AdvancedViewer_Script.TestCase_4_AdvancedViewerExcelFile(AdvancedViewer_Script.java:69)
at java.base/java.util.ArrayList.forEach(ArrayList.java:1511)
... Removed 27 stack frames]]>
    </failure>
  </testcase> <!-- TestCase_4_AdvancedViewerExcelFile -->
</testsuite> <!-- Test2 -->
