<?xml version="1.0" encoding="UTF-8"?>
<!-- Generated by org.testng.reporters.JUnitXMLReporter -->
<testsuite hostname="CIPLWKT014" ignored="0" name="Test 7" tests="11" failures="2" timestamp="27 Mar 2024 06:13:02 GMT" time="495.771" errors="0">
  <testcase name="Login" time="14.914" classname="Script.TodoListAnnotationAddedPageTestedByWfUsers_AndAllUsersAcceptDocScript"/>
  <testcase name="TC_1_User1SendAnnotationPageToWf" time="86.559" classname="Script.TodoListAnnotationAddedPageTestedByWfUsers_AndAllUsersAcceptDocScript"/>
  <testcase name="TC_2_TaskUser2Accept_document" time="0.0" classname="Script.TodoListAnnotationAddedPageTestedByWfUsers_AndAllUsersAcceptDocScript">
    <skipped/>
  </testcase> <!-- TC_2_TaskUser2Accept_document -->
  <testcase name="TC_2_TaskUser2Accept_document" time="0.0" classname="Script.TodoListAnnotationAddedPageTestedByWfUsers_AndAllUsersAcceptDocScript">
    <skipped/>
  </testcase> <!-- TC_2_TaskUser2Accept_document -->
  <testcase name="TC_2_TaskUser2Accept_document" time="0.0" classname="Script.TodoListAnnotationAddedPageTestedByWfUsers_AndAllUsersAcceptDocScript">
    <skipped/>
  </testcase> <!-- TC_2_TaskUser2Accept_document -->
  <testcase name="TC_2_TaskUser2Accept_document" time="0.0" classname="Script.TodoListAnnotationAddedPageTestedByWfUsers_AndAllUsersAcceptDocScript">
    <failure type="java.lang.NullPointerException">
      <![CDATA[java.lang.NullPointerException
at Script.TodoListAnnotationAddedPageTestedByWfUsers_AndAllUsersAcceptDocScript.TC_2_TaskUser2Accept_document(TodoListAnnotationAddedPageTestedByWfUsers_AndAllUsersAcceptDocScript.java:51)
... Removed 25 stack frames]]>
    </failure>
  </testcase> <!-- TC_2_TaskUser2Accept_document -->
  <testcase name="TC_3_ThirdUSer3AccpetdynamicWf" time="84.385" classname="Script.TodoListAnnotationAddedPageTestedByWfUsers_AndAllUsersAcceptDocScript">
    <skipped/>
  </testcase> <!-- TC_3_ThirdUSer3AccpetdynamicWf -->
  <testcase name="TC_3_ThirdUSer3AccpetdynamicWf" time="80.547" classname="Script.TodoListAnnotationAddedPageTestedByWfUsers_AndAllUsersAcceptDocScript">
    <skipped/>
  </testcase> <!-- TC_3_ThirdUSer3AccpetdynamicWf -->
  <testcase name="TC_3_ThirdUSer3AccpetdynamicWf" time="80.234" classname="Script.TodoListAnnotationAddedPageTestedByWfUsers_AndAllUsersAcceptDocScript">
    <skipped/>
  </testcase> <!-- TC_3_ThirdUSer3AccpetdynamicWf -->
  <testcase name="TC_3_ThirdUSer3AccpetdynamicWf" time="79.391" classname="Script.TodoListAnnotationAddedPageTestedByWfUsers_AndAllUsersAcceptDocScript">
    <failure type="org.openqa.selenium.NoSuchElementException" message="no such element: Unable to locate element: {&amp;quot;method&amp;quot;:&amp;quot;xpath&amp;quot;,&amp;quot;selector&amp;quot;:&amp;quot;//*[@id=&amp;quot;Val_274&amp;quot;]&amp;quot;}
  (Session info: chrome=123.0.6312.59)
For documentation on this error, please visit: https://www.seleniumhq.org/exceptions/no_such_element.html
Build info: version: &amp;apos;3.141.59&amp;apos;, revision: &amp;apos;e82be7d358&amp;apos;, time: &amp;apos;2018-11-14T08:25:53&amp;apos;
System info: host: &amp;apos;CIPLWKT014&amp;apos;, ip: &amp;apos;10.4.8.14&amp;apos;, os.name: &amp;apos;Windows 10&amp;apos;, os.arch: &amp;apos;x86&amp;apos;, os.version: &amp;apos;10.0&amp;apos;, java.version: &amp;apos;1.8.0_351&amp;apos;
Driver info: org.openqa.selenium.chrome.ChromeDriver
Capabilities {acceptInsecureCerts: false, browserName: chrome, browserVersion: 123.0.6312.59, chrome: {chromedriverVersion: 123.0.6312.58 (6b4b19e9dfbb..., userDataDir: C:\Users\nisha.r\AppData\Lo...}, fedcm:accounts: true, goog:chromeOptions: {debuggerAddress: localhost:61682}, javascriptEnabled: true, networkConnectionEnabled: false, pageLoadStrategy: normal, platform: WINDOWS, platformName: WINDOWS, proxy: Proxy(), setWindowRect: true, strictFileInteractability: false, timeouts: {implicit: 0, pageLoad: 300000, script: 30000}, unhandledPromptBehavior: dismiss and notify, webauthn:extension:credBlob: true, webauthn:extension:largeBlob: true, webauthn:extension:minPinLength: true, webauthn:extension:prf: true, webauthn:virtualAuthenticators: true}
Session ID: 3cdb9b9f17a06b37638a64149e96c4aa
*** Element info: {Using=xpath, value=//*[@id=&amp;quot;Val_274&amp;quot;]}">
      <![CDATA[org.openqa.selenium.NoSuchElementException: no such element: Unable to locate element: {"method":"xpath","selector":"//*[@id="Val_274"]"}
  (Session info: chrome=123.0.6312.59)
For documentation on this error, please visit: https://www.seleniumhq.org/exceptions/no_such_element.html
Build info: version: '3.141.59', revision: 'e82be7d358', time: '2018-11-14T08:25:53'
System info: host: 'CIPLWKT014', ip: '10.4.8.14', os.name: 'Windows 10', os.arch: 'x86', os.version: '10.0', java.version: '1.8.0_351'
Driver info: org.openqa.selenium.chrome.ChromeDriver
Capabilities {acceptInsecureCerts: false, browserName: chrome, browserVersion: 123.0.6312.59, chrome: {chromedriverVersion: 123.0.6312.58 (6b4b19e9dfbb..., userDataDir: C:\Users\nisha.r\AppData\Lo...}, fedcm:accounts: true, goog:chromeOptions: {debuggerAddress: localhost:61682}, javascriptEnabled: true, networkConnectionEnabled: false, pageLoadStrategy: normal, platform: WINDOWS, platformName: WINDOWS, proxy: Proxy(), setWindowRect: true, strictFileInteractability: false, timeouts: {implicit: 0, pageLoad: 300000, script: 30000}, unhandledPromptBehavior: dismiss and notify, webauthn:extension:credBlob: true, webauthn:extension:largeBlob: true, webauthn:extension:minPinLength: true, webauthn:extension:prf: true, webauthn:virtualAuthenticators: true}
Session ID: 3cdb9b9f17a06b37638a64149e96c4aa
*** Element info: {Using=xpath, value=//*[@id="Val_274"]}
at org.openqa.selenium.remote.http.W3CHttpResponseCodec.createException(W3CHttpResponseCodec.java:187)
at org.openqa.selenium.remote.http.W3CHttpResponseCodec.decode(W3CHttpResponseCodec.java:122)
at org.openqa.selenium.remote.http.W3CHttpResponseCodec.decode(W3CHttpResponseCodec.java:49)
at org.openqa.selenium.remote.HttpCommandExecutor.execute(HttpCommandExecutor.java:158)
at org.openqa.selenium.remote.service.DriverCommandExecutor.execute(DriverCommandExecutor.java:83)
at org.openqa.selenium.remote.RemoteWebDriver.execute(RemoteWebDriver.java:552)
at org.openqa.selenium.remote.RemoteWebDriver.findElement(RemoteWebDriver.java:323)
at org.openqa.selenium.remote.RemoteWebDriver.findElementByXPath(RemoteWebDriver.java:428)
at org.openqa.selenium.By$ByXPath.findElement(By.java:353)
at org.openqa.selenium.remote.RemoteWebDriver.findElement(RemoteWebDriver.java:315)
at org.openqa.selenium.support.pagefactory.DefaultElementLocator.findElement(DefaultElementLocator.java:69)
at org.openqa.selenium.support.pagefactory.internal.LocatingElementHandler.invoke(LocatingElementHandler.java:38)
at com.sun.proxy.$Proxy25.getWrappedElement(Unknown Source)
at org.openqa.selenium.remote.internal.WebElementToJsonConverter.apply(WebElementToJsonConverter.java:50)
at java.util.stream.ReferencePipeline$3$1.accept(Unknown Source)
at java.util.Spliterators$ArraySpliterator.forEachRemaining(Unknown Source)
at java.util.stream.AbstractPipeline.copyInto(Unknown Source)
at java.util.stream.AbstractPipeline.wrapAndCopyInto(Unknown Source)
at java.util.stream.ReduceOps$ReduceOp.evaluateSequential(Unknown Source)
at java.util.stream.AbstractPipeline.evaluate(Unknown Source)
at java.util.stream.ReferencePipeline.collect(Unknown Source)
at org.openqa.selenium.remote.RemoteWebDriver.executeScript(RemoteWebDriver.java:484)
at Generic.BaseClass.jsclick(BaseClass.java:729)
at Pom.ToDoListTab.VerifyingAnnotationPageByThirdUSerDipak(ToDoListTab.java:327)
at Script.TodoListAnnotationAddedPageTestedByWfUsers_AndAllUsersAcceptDocScript.TC_3_ThirdUSer3AccpetdynamicWf(TodoListAnnotationAddedPageTestedByWfUsers_AndAllUsersAcceptDocScript.java:64)
... Removed 29 stack frames]]>
    </failure>
  </testcase> <!-- TC_3_ThirdUSer3AccpetdynamicWf -->
  <testcase name="TC_4_UpdateAndAddOneMoreUSer" time="57.266" classname="Script.TodoListAnnotationAddedPageTestedByWfUsers_AndAllUsersAcceptDocScript"/>
</testsuite> <!-- Test 7 -->
