<?xml version="1.0" encoding="UTF-8"?>
<!-- Generated by org.testng.reporters.JUnitXMLReporter -->
<testsuite hostname="CIPLWKT014" ignored="0" name="Test 6" tests="12" failures="1" timestamp="17 Nov 2023 09:45:35 GMT" time="391.817" errors="0">
  <testcase name="DynamicWf" time="134.032" classname="Script.TodoListDynamicWorkFlowWithRejectCondition"/>
  <testcase name="dyanamic_wf_AndLogVidyaUser" time="30.532" classname="Script.TodoListDynamicWorkFlowWithRejectCondition"/>
  <testcase name="dynamicWF_MetaDataAgree_Vidya" time="30.264" classname="Script.TodoListDynamicWorkFlowWithRejectCondition"/>
  <testcase name="dynamic_WF_Task2UserNisha" time="27.419" classname="Script.TodoListDynamicWorkFlowWithRejectCondition"/>
  <testcase name="DynamicWF_user2_RNishaAcceptTheDocument" time="43.137" classname="Script.TodoListDynamicWorkFlowWithRejectCondition"/>
  <testcase name="DynamicWFrefrshAndLogDipak" time="20.984" classname="Script.TodoListDynamicWorkFlowWithRejectCondition"/>
  <testcase name="DynamicWF_user3_DipakRejectTheDocument" time="24.921" classname="Script.TodoListDynamicWorkFlowWithRejectCondition"/>
  <testcase name="dynamic_WF_OriginatorRnisha" time="26.596" classname="Script.TodoListDynamicWorkFlowWithRejectCondition"/>
  <testcase name="SummaryStatuswithReviewFunction" time="11.888" classname="Script.TodoListDynamicWorkFlowWithRejectCondition">
    <skipped/>
  </testcase> <!-- SummaryStatuswithReviewFunction -->
  <testcase name="SummaryStatuswithReviewFunction" time="12.386" classname="Script.TodoListDynamicWorkFlowWithRejectCondition">
    <skipped/>
  </testcase> <!-- SummaryStatuswithReviewFunction -->
  <testcase name="SummaryStatuswithReviewFunction" time="16.016" classname="Script.TodoListDynamicWorkFlowWithRejectCondition">
    <skipped/>
  </testcase> <!-- SummaryStatuswithReviewFunction -->
  <testcase name="SummaryStatuswithReviewFunction" time="13.597" classname="Script.TodoListDynamicWorkFlowWithRejectCondition">
    <failure type="org.openqa.selenium.NoSuchElementException" message="no such element: Unable to locate element: {&amp;quot;method&amp;quot;:&amp;quot;xpath&amp;quot;,&amp;quot;selector&amp;quot;:&amp;quot;//*[@id=&amp;quot;summary1&amp;quot;]&amp;quot;}
  (Session info: chrome=119.0.6045.160)
For documentation on this error, please visit: https://www.seleniumhq.org/exceptions/no_such_element.html
Build info: version: &amp;apos;3.141.59&amp;apos;, revision: &amp;apos;e82be7d358&amp;apos;, time: &amp;apos;2018-11-14T08:25:53&amp;apos;
System info: host: &amp;apos;CIPLWKT014&amp;apos;, ip: &amp;apos;10.4.8.14&amp;apos;, os.name: &amp;apos;Windows 10&amp;apos;, os.arch: &amp;apos;x86&amp;apos;, os.version: &amp;apos;10.0&amp;apos;, java.version: &amp;apos;1.8.0_351&amp;apos;
Driver info: org.openqa.selenium.chrome.ChromeDriver
Capabilities {acceptInsecureCerts: false, browserName: chrome, browserVersion: 119.0.6045.160, chrome: {chromedriverVersion: 119.0.6045.105 (38c72552c5e..., userDataDir: C:\Users\nisha.r\AppData\Lo...}, fedcm:accounts: true, goog:chromeOptions: {debuggerAddress: localhost:56972}, javascriptEnabled: true, networkConnectionEnabled: false, pageLoadStrategy: normal, platform: WINDOWS, platformName: WINDOWS, proxy: Proxy(), setWindowRect: true, strictFileInteractability: false, timeouts: {implicit: 0, pageLoad: 300000, script: 30000}, unhandledPromptBehavior: dismiss and notify, webauthn:extension:credBlob: true, webauthn:extension:largeBlob: true, webauthn:extension:minPinLength: true, webauthn:extension:prf: true, webauthn:virtualAuthenticators: true}
Session ID: 48589aa58006707998d6d5526d21fb57
*** Element info: {Using=xpath, value=//*[@id=&amp;quot;summary1&amp;quot;]}">
      <![CDATA[org.openqa.selenium.NoSuchElementException: no such element: Unable to locate element: {"method":"xpath","selector":"//*[@id="summary1"]"}
  (Session info: chrome=119.0.6045.160)
For documentation on this error, please visit: https://www.seleniumhq.org/exceptions/no_such_element.html
Build info: version: '3.141.59', revision: 'e82be7d358', time: '2018-11-14T08:25:53'
System info: host: 'CIPLWKT014', ip: '10.4.8.14', os.name: 'Windows 10', os.arch: 'x86', os.version: '10.0', java.version: '1.8.0_351'
Driver info: org.openqa.selenium.chrome.ChromeDriver
Capabilities {acceptInsecureCerts: false, browserName: chrome, browserVersion: 119.0.6045.160, chrome: {chromedriverVersion: 119.0.6045.105 (38c72552c5e..., userDataDir: C:\Users\nisha.r\AppData\Lo...}, fedcm:accounts: true, goog:chromeOptions: {debuggerAddress: localhost:56972}, javascriptEnabled: true, networkConnectionEnabled: false, pageLoadStrategy: normal, platform: WINDOWS, platformName: WINDOWS, proxy: Proxy(), setWindowRect: true, strictFileInteractability: false, timeouts: {implicit: 0, pageLoad: 300000, script: 30000}, unhandledPromptBehavior: dismiss and notify, webauthn:extension:credBlob: true, webauthn:extension:largeBlob: true, webauthn:extension:minPinLength: true, webauthn:extension:prf: true, webauthn:virtualAuthenticators: true}
Session ID: 48589aa58006707998d6d5526d21fb57
*** Element info: {Using=xpath, value=//*[@id="summary1"]}
at org.openqa.selenium.remote.http.W3CHttpResponseCodec.createException(W3CHttpResponseCodec.java:187)
at org.openqa.selenium.remote.http.W3CHttpResponseCodec.decode(W3CHttpResponseCodec.java:122)
at org.openqa.selenium.remote.http.W3CHttpResponseCodec.decode(W3CHttpResponseCodec.java:49)
at org.openqa.selenium.remote.HttpCommandExecutor.execute(HttpCommandExecutor.java:158)
at org.openqa.selenium.remote.service.DriverCommandExecutor.execute(DriverCommandExecutor.java:83)
at org.openqa.selenium.remote.RemoteWebDriver.execute(RemoteWebDriver.java:552)
at org.openqa.selenium.remote.RemoteWebDriver.findElement(RemoteWebDriver.java:323)
at org.openqa.selenium.remote.RemoteWebDriver.findElementByXPath(RemoteWebDriver.java:428)
at org.openqa.selenium.By$ByXPath.findElement(By.java:353)
at org.openqa.selenium.remote.RemoteWebDriver.findElement(RemoteWebDriver.java:315)
at org.openqa.selenium.support.pagefactory.DefaultElementLocator.findElement(DefaultElementLocator.java:69)
at org.openqa.selenium.support.pagefactory.internal.LocatingElementHandler.invoke(LocatingElementHandler.java:38)
at com.sun.proxy.$Proxy12.getWrappedElement(Unknown Source)
at org.openqa.selenium.remote.internal.WebElementToJsonConverter.apply(WebElementToJsonConverter.java:50)
at java.util.stream.ReferencePipeline$3$1.accept(Unknown Source)
at java.util.Spliterators$ArraySpliterator.forEachRemaining(Unknown Source)
at java.util.stream.AbstractPipeline.copyInto(Unknown Source)
at java.util.stream.AbstractPipeline.wrapAndCopyInto(Unknown Source)
at java.util.stream.ReduceOps$ReduceOp.evaluateSequential(Unknown Source)
at java.util.stream.AbstractPipeline.evaluate(Unknown Source)
at java.util.stream.ReferencePipeline.collect(Unknown Source)
at org.openqa.selenium.remote.RemoteWebDriver.executeScript(RemoteWebDriver.java:484)
at Generic.BaseClass.jsclick(BaseClass.java:416)
at Script.TodoListDynamicWorkFlowWithRejectCondition.SummaryStatuswithReviewFunction(TodoListDynamicWorkFlowWithRejectCondition.java:148)
... Removed 29 stack frames]]>
    </failure>
  </testcase> <!-- SummaryStatuswithReviewFunction -->
</testsuite> <!-- Test 6 -->
