<?xml version="1.0" encoding="UTF-8"?>
<!-- Generated by org.testng.reporters.JUnitXMLReporter -->
<testsuite ignored="0" hostname="CIPLWKT014" failures="2" tests="9" name="Test28" time="52.184" errors="0" timestamp="2024-10-22T11:23:22 IST">
  <testcase classname="Script.UnsupportedFiles" name="TC_1_Login" time="40.049"/>
  <testcase classname="Script.UnsupportedFiles" name="TC_2_CreateDocumentWithUnsupportedFiles" time="0.006">
    <skipped/>
  </testcase> <!-- TC_2_CreateDocumentWithUnsupportedFiles -->
  <testcase classname="Script.UnsupportedFiles" name="TC_2_CreateDocumentWithUnsupportedFiles" time="0.0">
    <skipped/>
  </testcase> <!-- TC_2_CreateDocumentWithUnsupportedFiles -->
  <testcase classname="Script.UnsupportedFiles" name="TC_2_CreateDocumentWithUnsupportedFiles" time="0.001">
    <skipped/>
  </testcase> <!-- TC_2_CreateDocumentWithUnsupportedFiles -->
  <testcase classname="Script.UnsupportedFiles" name="TC_2_CreateDocumentWithUnsupportedFiles" time="0.001">
    <failure type="java.lang.NoSuchMethodError" message="&amp;apos;void org.openqa.selenium.support.PageFactory.initElements(org.openqa.selenium.WebDriver, java.lang.Object)&amp;apos;">
      <![CDATA[java.lang.NoSuchMethodError: 'void org.openqa.selenium.support.PageFactory.initElements(org.openqa.selenium.WebDriver, java.lang.Object)'
at Pom.UnSupporterFiles.<init>(UnSupporterFiles.java:28)
at Script.UnsupportedFiles.TC_2_CreateDocumentWithUnsupportedFiles(UnsupportedFiles.java:46)
at java.base/java.util.ArrayList.forEach(ArrayList.java:1511)
... Removed 31 stack frames]]>
    </failure>
  </testcase> <!-- TC_2_CreateDocumentWithUnsupportedFiles -->
  <testcase classname="Script.UnsupportedFiles" name="TC_3_Verify_UnsupportedFiles_Download_Offline" time="0.0">
    <skipped/>
  </testcase> <!-- TC_3_Verify_UnsupportedFiles_Download_Offline -->
  <testcase classname="Script.UnsupportedFiles" name="TC_3_Verify_UnsupportedFiles_Download_Offline" time="0.0">
    <skipped/>
  </testcase> <!-- TC_3_Verify_UnsupportedFiles_Download_Offline -->
  <testcase classname="Script.UnsupportedFiles" name="TC_3_Verify_UnsupportedFiles_Download_Offline" time="0.0">
    <skipped/>
  </testcase> <!-- TC_3_Verify_UnsupportedFiles_Download_Offline -->
  <testcase classname="Script.UnsupportedFiles" name="TC_3_Verify_UnsupportedFiles_Download_Offline" time="0.0">
    <failure type="java.lang.NoSuchMethodError" message="&amp;apos;void org.openqa.selenium.support.PageFactory.initElements(org.openqa.selenium.WebDriver, java.lang.Object)&amp;apos;">
      <![CDATA[java.lang.NoSuchMethodError: 'void org.openqa.selenium.support.PageFactory.initElements(org.openqa.selenium.WebDriver, java.lang.Object)'
at Pom.UnSupporterFiles.<init>(UnSupporterFiles.java:28)
at Script.UnsupportedFiles.TC_3_Verify_UnsupportedFiles_Download_Offline(UnsupportedFiles.java:55)
at java.base/java.util.ArrayList.forEach(ArrayList.java:1511)
... Removed 31 stack frames]]>
    </failure>
  </testcase> <!-- TC_3_Verify_UnsupportedFiles_Download_Offline -->
</testsuite> <!-- Test28 -->
