<?xml version="1.0" encoding="UTF-8"?>
<!-- Generated by org.testng.reporters.JUnitXMLReporter -->
<testsuite hostname="CIPLWKT014" ignored="0" name="Test8" tests="15" failures="2" timestamp="06 Apr 2024 14:23:14 GMT" time="1685.548" errors="0">
  <testcase name="Login_EWA" time="38.645" classname="Script.Negative_Templates"/>
  <testcase name="TC_01_verify_message_Select_Folder_ToCreateDoc" time="147.06" classname="Script.Negative_Templates"/>
  <testcase name="TC_02_verify_message_addPages_Using_SaveandClearButton" time="81.525" classname="Script.Negative_Templates"/>
  <testcase name="TC_03_Verify_TextboxName_and_Templatename_validation" time="22.952" classname="Script.Negative_Templates">
    <skipped/>
  </testcase> <!-- TC_03_Verify_TextboxName_and_Templatename_validation -->
  <testcase name="TC_03_Verify_TextboxName_and_Templatename_validation" time="21.939" classname="Script.Negative_Templates">
    <skipped/>
  </testcase> <!-- TC_03_Verify_TextboxName_and_Templatename_validation -->
  <testcase name="TC_03_Verify_TextboxName_and_Templatename_validation" time="21.347" classname="Script.Negative_Templates">
    <skipped/>
  </testcase> <!-- TC_03_Verify_TextboxName_and_Templatename_validation -->
  <testcase name="TC_03_Verify_TextboxName_and_Templatename_validation" time="51.685" classname="Script.Negative_Templates">
    <failure type="org.openqa.selenium.TimeoutException" message="Expected condition failed: waiting for alert to be present (tried for 10 second(s) with 500 milliseconds interval)
Build info: version: &amp;apos;3.141.59&amp;apos;, revision: &amp;apos;e82be7d358&amp;apos;, time: &amp;apos;2018-11-14T08:25:53&amp;apos;
System info: host: &amp;apos;CIPLWKT014&amp;apos;, ip: &amp;apos;10.4.8.14&amp;apos;, os.name: &amp;apos;Windows 10&amp;apos;, os.arch: &amp;apos;x86&amp;apos;, os.version: &amp;apos;10.0&amp;apos;, java.version: &amp;apos;1.8.0_351&amp;apos;
Driver info: org.openqa.selenium.chrome.ChromeDriver
Capabilities {acceptInsecureCerts: false, browserName: chrome, browserVersion: 123.0.6312.106, chrome: {chromedriverVersion: 123.0.6312.58 (6b4b19e9dfbb..., userDataDir: C:\Users\nisha.r\AppData\Lo...}, fedcm:accounts: true, goog:chromeOptions: {debuggerAddress: localhost:52465}, javascriptEnabled: true, networkConnectionEnabled: false, pageLoadStrategy: normal, platform: WINDOWS, platformName: WINDOWS, proxy: Proxy(), setWindowRect: true, strictFileInteractability: false, timeouts: {implicit: 0, pageLoad: 300000, script: 30000}, unhandledPromptBehavior: dismiss and notify, webauthn:extension:credBlob: true, webauthn:extension:largeBlob: true, webauthn:extension:minPinLength: true, webauthn:extension:prf: true, webauthn:virtualAuthenticators: true}
Session ID: b3bdf885312a6da373dc918f704d4ad1">
      <![CDATA[org.openqa.selenium.TimeoutException: Expected condition failed: waiting for alert to be present (tried for 10 second(s) with 500 milliseconds interval)
Build info: version: '3.141.59', revision: 'e82be7d358', time: '2018-11-14T08:25:53'
System info: host: 'CIPLWKT014', ip: '10.4.8.14', os.name: 'Windows 10', os.arch: 'x86', os.version: '10.0', java.version: '1.8.0_351'
Driver info: org.openqa.selenium.chrome.ChromeDriver
Capabilities {acceptInsecureCerts: false, browserName: chrome, browserVersion: 123.0.6312.106, chrome: {chromedriverVersion: 123.0.6312.58 (6b4b19e9dfbb..., userDataDir: C:\Users\nisha.r\AppData\Lo...}, fedcm:accounts: true, goog:chromeOptions: {debuggerAddress: localhost:52465}, javascriptEnabled: true, networkConnectionEnabled: false, pageLoadStrategy: normal, platform: WINDOWS, platformName: WINDOWS, proxy: Proxy(), setWindowRect: true, strictFileInteractability: false, timeouts: {implicit: 0, pageLoad: 300000, script: 30000}, unhandledPromptBehavior: dismiss and notify, webauthn:extension:credBlob: true, webauthn:extension:largeBlob: true, webauthn:extension:minPinLength: true, webauthn:extension:prf: true, webauthn:virtualAuthenticators: true}
Session ID: b3bdf885312a6da373dc918f704d4ad1
at org.openqa.selenium.support.ui.WebDriverWait.timeoutException(WebDriverWait.java:95)
at org.openqa.selenium.support.ui.FluentWait.until(FluentWait.java:272)
at Script.Negative_Templates.TC_03_Verify_TextboxName_and_Templatename_validation(Negative_Templates.java:153)
... Removed 27 stack frames]]>
    </failure>
  </testcase> <!-- TC_03_Verify_TextboxName_and_Templatename_validation -->
  <testcase name="TC_04_Verify_validation_Duplicate_Template_Created" time="180.675" classname="Script.Negative_Templates">
    <skipped/>
  </testcase> <!-- TC_04_Verify_validation_Duplicate_Template_Created -->
  <testcase name="TC_04_Verify_validation_Duplicate_Template_Created" time="404.074" classname="Script.Negative_Templates"/>
  <testcase name="TC_05_verify_to_CreateorBrowse_Template_Advancedviewing_Officedoc" time="129.72" classname="Script.Negative_Templates">
    <skipped/>
  </testcase> <!-- TC_05_verify_to_CreateorBrowse_Template_Advancedviewing_Officedoc -->
  <testcase name="TC_05_verify_to_CreateorBrowse_Template_Advancedviewing_Officedoc" time="122.043" classname="Script.Negative_Templates">
    <skipped/>
  </testcase> <!-- TC_05_verify_to_CreateorBrowse_Template_Advancedviewing_Officedoc -->
  <testcase name="TC_05_verify_to_CreateorBrowse_Template_Advancedviewing_Officedoc" time="122.456" classname="Script.Negative_Templates">
    <skipped/>
  </testcase> <!-- TC_05_verify_to_CreateorBrowse_Template_Advancedviewing_Officedoc -->
  <testcase name="TC_05_verify_to_CreateorBrowse_Template_Advancedviewing_Officedoc" time="74.311" classname="Script.Negative_Templates">
    <failure type="org.openqa.selenium.JavascriptException" message="javascript error: {&amp;quot;status&amp;quot;:60,&amp;quot;value&amp;quot;:&amp;quot;http://10.4.10.60:8080/CVWeb/viewDocument# has no size and location&amp;quot;}
  (Session info: chrome=123.0.6312.106)
Build info: version: &amp;apos;3.141.59&amp;apos;, revision: &amp;apos;e82be7d358&amp;apos;, time: &amp;apos;2018-11-14T08:25:53&amp;apos;
System info: host: &amp;apos;CIPLWKT014&amp;apos;, ip: &amp;apos;10.4.8.14&amp;apos;, os.name: &amp;apos;Windows 10&amp;apos;, os.arch: &amp;apos;x86&amp;apos;, os.version: &amp;apos;10.0&amp;apos;, java.version: &amp;apos;1.8.0_351&amp;apos;
Driver info: org.openqa.selenium.chrome.ChromeDriver
Capabilities {acceptInsecureCerts: false, browserName: chrome, browserVersion: 123.0.6312.106, chrome: {chromedriverVersion: 123.0.6312.58 (6b4b19e9dfbb..., userDataDir: C:\Users\nisha.r\AppData\Lo...}, fedcm:accounts: true, goog:chromeOptions: {debuggerAddress: localhost:52465}, javascriptEnabled: true, networkConnectionEnabled: false, pageLoadStrategy: normal, platform: WINDOWS, platformName: WINDOWS, proxy: Proxy(), setWindowRect: true, strictFileInteractability: false, timeouts: {implicit: 0, pageLoad: 300000, script: 30000}, unhandledPromptBehavior: dismiss and notify, webauthn:extension:credBlob: true, webauthn:extension:largeBlob: true, webauthn:extension:minPinLength: true, webauthn:extension:prf: true, webauthn:virtualAuthenticators: true}
Session ID: b3bdf885312a6da373dc918f704d4ad1">
      <![CDATA[org.openqa.selenium.JavascriptException: javascript error: {"status":60,"value":"http://10.4.10.60:8080/CVWeb/viewDocument# has no size and location"}
  (Session info: chrome=123.0.6312.106)
Build info: version: '3.141.59', revision: 'e82be7d358', time: '2018-11-14T08:25:53'
System info: host: 'CIPLWKT014', ip: '10.4.8.14', os.name: 'Windows 10', os.arch: 'x86', os.version: '10.0', java.version: '1.8.0_351'
Driver info: org.openqa.selenium.chrome.ChromeDriver
Capabilities {acceptInsecureCerts: false, browserName: chrome, browserVersion: 123.0.6312.106, chrome: {chromedriverVersion: 123.0.6312.58 (6b4b19e9dfbb..., userDataDir: C:\Users\nisha.r\AppData\Lo...}, fedcm:accounts: true, goog:chromeOptions: {debuggerAddress: localhost:52465}, javascriptEnabled: true, networkConnectionEnabled: false, pageLoadStrategy: normal, platform: WINDOWS, platformName: WINDOWS, proxy: Proxy(), setWindowRect: true, strictFileInteractability: false, timeouts: {implicit: 0, pageLoad: 300000, script: 30000}, unhandledPromptBehavior: dismiss and notify, webauthn:extension:credBlob: true, webauthn:extension:largeBlob: true, webauthn:extension:minPinLength: true, webauthn:extension:prf: true, webauthn:virtualAuthenticators: true}
Session ID: b3bdf885312a6da373dc918f704d4ad1
at org.openqa.selenium.remote.http.W3CHttpResponseCodec.createException(W3CHttpResponseCodec.java:187)
at org.openqa.selenium.remote.http.W3CHttpResponseCodec.decode(W3CHttpResponseCodec.java:122)
at org.openqa.selenium.remote.http.W3CHttpResponseCodec.decode(W3CHttpResponseCodec.java:49)
at org.openqa.selenium.remote.HttpCommandExecutor.execute(HttpCommandExecutor.java:158)
at org.openqa.selenium.remote.service.DriverCommandExecutor.execute(DriverCommandExecutor.java:83)
at org.openqa.selenium.remote.RemoteWebDriver.execute(RemoteWebDriver.java:552)
at org.openqa.selenium.remote.RemoteWebDriver.perform(RemoteWebDriver.java:618)
at org.openqa.selenium.interactions.Actions$BuiltAction.perform(Actions.java:639)
at org.openqa.selenium.interactions.Actions.perform(Actions.java:595)
at Generic.BaseClass.selectElement(BaseClass.java:673)
at Script.Negative_Templates.TC_05_verify_to_CreateorBrowse_Template_Advancedviewing_Officedoc(Negative_Templates.java:427)
... Removed 31 stack frames]]>
    </failure>
  </testcase> <!-- TC_05_verify_to_CreateorBrowse_Template_Advancedviewing_Officedoc -->
  <testcase name="TC_06_verify_Validation_Formmapping_PDFTemplate_Advancedviewing" time="190.323" classname="Script.Negative_Templates"/>
  <testcase name="TC_07_Set_Defaultview" time="63.763" classname="Script.Negative_Templates"/>
</testsuite> <!-- Test8 -->
