<?xml version="1.0" encoding="UTF-8"?>
<!-- Generated by org.testng.reporters.JUnitXMLReporter -->
<testsuite hostname="CIPLWKT014" ignored="6" name="Test 12(failed)" tests="8" failures="2" timestamp="09 Jan 2024 10:08:49 GMT" time="284.232" errors="0">
  <testcase name="Email_ConvertPDF_WithAll_Annotations" time="34.107" classname="Script.PrintFunctionality">
    <skipped/>
  </testcase> <!-- Email_ConvertPDF_WithAll_Annotations -->
  <testcase name="Email_ConvertPDF_WithAll_Annotations" time="30.543" classname="Script.PrintFunctionality">
    <skipped/>
  </testcase> <!-- Email_ConvertPDF_WithAll_Annotations -->
  <testcase name="Email_ConvertPDF_WithAll_Annotations" time="30.425" classname="Script.PrintFunctionality">
    <skipped/>
  </testcase> <!-- Email_ConvertPDF_WithAll_Annotations -->
  <testcase name="Email_ConvertPDF_WithAll_Annotations" time="30.507" classname="Script.PrintFunctionality">
    <failure type="org.openqa.selenium.TimeoutException" message="Expected condition failed: waiting for element to be clickable: Proxy element for: DefaultElementLocator &amp;apos;By.xpath: (//input[@class=&amp;apos;thumbnailOptionSelected&amp;apos;])[1]&amp;apos; (tried for 30 second(s) with 500 milliseconds interval)">
      <![CDATA[org.openqa.selenium.TimeoutException: Expected condition failed: waiting for element to be clickable: Proxy element for: DefaultElementLocator 'By.xpath: (//input[@class='thumbnailOptionSelected'])[1]' (tried for 30 second(s) with 500 milliseconds interval)
at org.openqa.selenium.support.ui.WebDriverWait.timeoutException(WebDriverWait.java:95)
at org.openqa.selenium.support.ui.FluentWait.until(FluentWait.java:272)
at Script.PrintFunctionality.Email_ConvertPDF_WithAll_Annotations(PrintFunctionality.java:72)
Caused by: org.openqa.selenium.NoSuchElementException: no such element: Unable to locate element: {"method":"xpath","selector":"(//input[@class='thumbnailOptionSelected'])[1]"}
  (Session info: chrome=120.0.6099.200)
For documentation on this error, please visit: https://www.seleniumhq.org/exceptions/no_such_element.html
Build info: version: '3.141.59', revision: 'e82be7d358', time: '2018-11-14T08:25:53'
System info: host: 'CIPLWKT014', ip: '10.4.8.14', os.name: 'Windows 10', os.arch: 'x86', os.version: '10.0', java.version: '1.8.0_351'
Driver info: org.openqa.selenium.chrome.ChromeDriver
Capabilities {acceptInsecureCerts: false, browserName: chrome, browserVersion: 120.0.6099.200, chrome: {chromedriverVersion: 120.0.6099.109 (3419140ab66..., userDataDir: C:\Users\nisha.r\AppData\Lo...}, fedcm:accounts: true, goog:chromeOptions: {debuggerAddress: localhost:56774}, javascriptEnabled: true, networkConnectionEnabled: false, pageLoadStrategy: normal, platform: WINDOWS, platformName: WINDOWS, proxy: Proxy(), setWindowRect: true, strictFileInteractability: false, timeouts: {implicit: 0, pageLoad: 300000, script: 30000}, unhandledPromptBehavior: dismiss and notify, webauthn:extension:credBlob: true, webauthn:extension:largeBlob: true, webauthn:extension:minPinLength: true, webauthn:extension:prf: true, webauthn:virtualAuthenticators: true}
Session ID: 68ddb3f4efaf1f8d1cad9b27442a2034
*** Element info: {Using=xpath, value=(//input[@class='thumbnailOptionSelected'])[1]}
at org.openqa.selenium.remote.http.W3CHttpResponseCodec.createException(W3CHttpResponseCodec.java:187)
at org.openqa.selenium.remote.http.W3CHttpResponseCodec.decode(W3CHttpResponseCodec.java:122)
at org.openqa.selenium.remote.http.W3CHttpResponseCodec.decode(W3CHttpResponseCodec.java:49)
at org.openqa.selenium.remote.HttpCommandExecutor.execute(HttpCommandExecutor.java:158)
at org.openqa.selenium.remote.service.DriverCommandExecutor.execute(DriverCommandExecutor.java:83)
at org.openqa.selenium.remote.RemoteWebDriver.execute(RemoteWebDriver.java:552)
at org.openqa.selenium.remote.RemoteWebDriver.findElement(RemoteWebDriver.java:323)
at org.openqa.selenium.remote.RemoteWebDriver.findElementByXPath(RemoteWebDriver.java:428)
at org.openqa.selenium.By$ByXPath.findElement(By.java:353)
at org.openqa.selenium.remote.RemoteWebDriver.findElement(RemoteWebDriver.java:315)
at org.openqa.selenium.support.pagefactory.DefaultElementLocator.findElement(DefaultElementLocator.java:69)
at org.openqa.selenium.support.pagefactory.internal.LocatingElementHandler.invoke(LocatingElementHandler.java:38)
at com.sun.proxy.$Proxy23.isDisplayed(Unknown Source)
at org.openqa.selenium.support.ui.ExpectedConditions.elementIfVisible(ExpectedConditions.java:314)
at org.openqa.selenium.support.ui.ExpectedConditions.access$000(ExpectedConditions.java:43)
at org.openqa.selenium.support.ui.ExpectedConditions$10.apply(ExpectedConditions.java:300)
at org.openqa.selenium.support.ui.ExpectedConditions$10.apply(ExpectedConditions.java:297)
at org.openqa.selenium.support.ui.ExpectedConditions$23.apply(ExpectedConditions.java:670)
at org.openqa.selenium.support.ui.ExpectedConditions$23.apply(ExpectedConditions.java:666)
at org.openqa.selenium.support.ui.FluentWait.until(FluentWait.java:249)
... 26 more
... Removed 28 stack frames]]>
    </failure>
  </testcase> <!-- Email_ConvertPDF_WithAll_Annotations -->
  <testcase name="exports_with_convert_to_pdf_with_passwords" time="35.06" classname="Script.PrintFunctionality">
    <skipped/>
  </testcase> <!-- exports_with_convert_to_pdf_with_passwords -->
  <testcase name="exports_with_convert_to_pdf_with_passwords" time="35.089" classname="Script.PrintFunctionality">
    <skipped/>
  </testcase> <!-- exports_with_convert_to_pdf_with_passwords -->
  <testcase name="exports_with_convert_to_pdf_with_passwords" time="35.09" classname="Script.PrintFunctionality">
    <skipped/>
  </testcase> <!-- exports_with_convert_to_pdf_with_passwords -->
  <testcase name="exports_with_convert_to_pdf_with_passwords" time="35.126" classname="Script.PrintFunctionality">
    <failure type="org.openqa.selenium.TimeoutException" message="Expected condition failed: waiting for visibility of Proxy element for: DefaultElementLocator &amp;apos;By.xpath: (//input[@class=&amp;apos;thumbnailOptionSelected&amp;apos;])[1]&amp;apos; (tried for 30 second(s) with 500 milliseconds interval)">
      <![CDATA[org.openqa.selenium.TimeoutException: Expected condition failed: waiting for visibility of Proxy element for: DefaultElementLocator 'By.xpath: (//input[@class='thumbnailOptionSelected'])[1]' (tried for 30 second(s) with 500 milliseconds interval)
at org.openqa.selenium.support.ui.WebDriverWait.timeoutException(WebDriverWait.java:95)
at org.openqa.selenium.support.ui.FluentWait.until(FluentWait.java:272)
at Script.PrintFunctionality.exports_with_convert_to_pdf_with_passwords(PrintFunctionality.java:186)
Caused by: org.openqa.selenium.NoSuchElementException: no such element: Unable to locate element: {"method":"xpath","selector":"(//input[@class='thumbnailOptionSelected'])[1]"}
  (Session info: chrome=120.0.6099.200)
For documentation on this error, please visit: https://www.seleniumhq.org/exceptions/no_such_element.html
Build info: version: '3.141.59', revision: 'e82be7d358', time: '2018-11-14T08:25:53'
System info: host: 'CIPLWKT014', ip: '10.4.8.14', os.name: 'Windows 10', os.arch: 'x86', os.version: '10.0', java.version: '1.8.0_351'
Driver info: org.openqa.selenium.chrome.ChromeDriver
Capabilities {acceptInsecureCerts: false, browserName: chrome, browserVersion: 120.0.6099.200, chrome: {chromedriverVersion: 120.0.6099.109 (3419140ab66..., userDataDir: C:\Users\nisha.r\AppData\Lo...}, fedcm:accounts: true, goog:chromeOptions: {debuggerAddress: localhost:56774}, javascriptEnabled: true, networkConnectionEnabled: false, pageLoadStrategy: normal, platform: WINDOWS, platformName: WINDOWS, proxy: Proxy(), setWindowRect: true, strictFileInteractability: false, timeouts: {implicit: 0, pageLoad: 300000, script: 30000}, unhandledPromptBehavior: dismiss and notify, webauthn:extension:credBlob: true, webauthn:extension:largeBlob: true, webauthn:extension:minPinLength: true, webauthn:extension:prf: true, webauthn:virtualAuthenticators: true}
Session ID: 68ddb3f4efaf1f8d1cad9b27442a2034
*** Element info: {Using=xpath, value=(//input[@class='thumbnailOptionSelected'])[1]}
at org.openqa.selenium.remote.http.W3CHttpResponseCodec.createException(W3CHttpResponseCodec.java:187)
at org.openqa.selenium.remote.http.W3CHttpResponseCodec.decode(W3CHttpResponseCodec.java:122)
at org.openqa.selenium.remote.http.W3CHttpResponseCodec.decode(W3CHttpResponseCodec.java:49)
at org.openqa.selenium.remote.HttpCommandExecutor.execute(HttpCommandExecutor.java:158)
at org.openqa.selenium.remote.service.DriverCommandExecutor.execute(DriverCommandExecutor.java:83)
at org.openqa.selenium.remote.RemoteWebDriver.execute(RemoteWebDriver.java:552)
at org.openqa.selenium.remote.RemoteWebDriver.findElement(RemoteWebDriver.java:323)
at org.openqa.selenium.remote.RemoteWebDriver.findElementByXPath(RemoteWebDriver.java:428)
at org.openqa.selenium.By$ByXPath.findElement(By.java:353)
at org.openqa.selenium.remote.RemoteWebDriver.findElement(RemoteWebDriver.java:315)
at org.openqa.selenium.support.pagefactory.DefaultElementLocator.findElement(DefaultElementLocator.java:69)
at org.openqa.selenium.support.pagefactory.internal.LocatingElementHandler.invoke(LocatingElementHandler.java:38)
at com.sun.proxy.$Proxy23.isDisplayed(Unknown Source)
at org.openqa.selenium.support.ui.ExpectedConditions.elementIfVisible(ExpectedConditions.java:314)
at org.openqa.selenium.support.ui.ExpectedConditions.access$000(ExpectedConditions.java:43)
at org.openqa.selenium.support.ui.ExpectedConditions$10.apply(ExpectedConditions.java:300)
at org.openqa.selenium.support.ui.ExpectedConditions$10.apply(ExpectedConditions.java:297)
at org.openqa.selenium.support.ui.FluentWait.until(FluentWait.java:249)
... 26 more
... Removed 28 stack frames]]>
    </failure>
  </testcase> <!-- exports_with_convert_to_pdf_with_passwords -->
  <testcase name="exports_with_Retain" time="0.0" classname="Script.PrintFunctionality">
    <ignored/>
  </testcase> <!-- exports_with_Retain -->
  <testcase name="Email_Copy_WithMsgBox_SubjectBox" time="0.0" classname="Script.PrintFunctionality">
    <ignored/>
  </testcase> <!-- Email_Copy_WithMsgBox_SubjectBox -->
  <testcase name="Email_Reference" time="0.0" classname="Script.PrintFunctionality">
    <ignored/>
  </testcase> <!-- Email_Reference -->
  <testcase name="exports_with_convert_to_pdf_and_include_workflow_summary" time="0.0" classname="Script.PrintFunctionality">
    <ignored/>
  </testcase> <!-- exports_with_convert_to_pdf_and_include_workflow_summary -->
  <testcase name="exports_with_convert_to_pdf_and_best_quality" time="0.0" classname="Script.PrintFunctionality">
    <ignored/>
  </testcase> <!-- exports_with_convert_to_pdf_and_best_quality -->
  <testcase name="LogVCS" time="0.0" classname="Script.PrintFunctionality">
    <ignored/>
  </testcase> <!-- LogVCS -->
</testsuite> <!-- Test 12(failed) -->
