<?xml version="1.0" encoding="UTF-8"?>
<testsuite xmlns:xsi="http://www.w3.org/2001/XMLSchema-instance" xsi:noNamespaceSchemaLocation="https://maven.apache.org/surefire/maven-surefire-plugin/xsd/surefire-test-report.xsd" name="TestSuite" time="56.519" tests="130" errors="0" skipped="106" failures="23">
  <properties>
    <property name="java.specification.version" value="17"/>
    <property name="sun.cpu.isalist" value="amd64"/>
    <property name="sun.jnu.encoding" value="Cp1252"/>
    <property name="java.class.path" value="C:\Users\nisha.r\eclipse-workspace\CVS_Auto_2024_B2_64Bit\target\test-classes;C:\Users\nisha.r\eclipse-workspace\CVS_Auto_2024_B2_64Bit\target\classes;C:\Users\nisha.r\.m2\repository\org\seleniumhq\selenium\selenium-java\4.12.1\selenium-java-4.12.1.jar;C:\Users\nisha.r\.m2\repository\org\seleniumhq\selenium\selenium-api\4.12.1\selenium-api-4.12.1.jar;C:\Users\nisha.r\.m2\repository\org\seleniumhq\selenium\selenium-chrome-driver\4.12.1\selenium-chrome-driver-4.12.1.jar;C:\Users\nisha.r\.m2\repository\com\google\auto\service\auto-service-annotations\1.1.1\auto-service-annotations-1.1.1.jar;C:\Users\nisha.r\.m2\repository\com\google\guava\guava\32.1.2-jre\guava-32.1.2-jre.jar;C:\Users\nisha.r\.m2\repository\com\google\guava\failureaccess\1.0.1\failureaccess-1.0.1.jar;C:\Users\nisha.r\.m2\repository\com\google\guava\listenablefuture\9999.0-empty-to-avoid-conflict-with-guava\listenablefuture-9999.0-empty-to-avoid-conflict-with-guava.jar;C:\Users\nisha.r\.m2\repository\com\google\code\findbugs\jsr305\3.0.2\jsr305-3.0.2.jar;C:\Users\nisha.r\.m2\repository\org\checkerframework\checker-qual\3.33.0\checker-qual-3.33.0.jar;C:\Users\nisha.r\.m2\repository\com\google\errorprone\error_prone_annotations\2.18.0\error_prone_annotations-2.18.0.jar;C:\Users\nisha.r\.m2\repository\com\google\j2objc\j2objc-annotations\2.8\j2objc-annotations-2.8.jar;C:\Users\nisha.r\.m2\repository\org\seleniumhq\selenium\selenium-chromium-driver\4.12.1\selenium-chromium-driver-4.12.1.jar;C:\Users\nisha.r\.m2\repository\org\seleniumhq\selenium\selenium-json\4.12.1\selenium-json-4.12.1.jar;C:\Users\nisha.r\.m2\repository\org\seleniumhq\selenium\selenium-manager\4.12.1\selenium-manager-4.12.1.jar;C:\Users\nisha.r\.m2\repository\org\seleniumhq\selenium\selenium-devtools-v114\4.12.1\selenium-devtools-v114-4.12.1.jar;C:\Users\nisha.r\.m2\repository\org\seleniumhq\selenium\selenium-devtools-v115\4.12.1\selenium-devtools-v115-4.12.1.jar;C:\Users\nisha.r\.m2\repository\org\seleniumhq\selenium\selenium-devtools-v116\4.12.1\selenium-devtools-v116-4.12.1.jar;C:\Users\nisha.r\.m2\repository\org\seleniumhq\selenium\selenium-devtools-v85\4.12.1\selenium-devtools-v85-4.12.1.jar;C:\Users\nisha.r\.m2\repository\org\seleniumhq\selenium\selenium-edge-driver\4.12.1\selenium-edge-driver-4.12.1.jar;C:\Users\nisha.r\.m2\repository\org\seleniumhq\selenium\selenium-firefox-driver\4.12.1\selenium-firefox-driver-4.12.1.jar;C:\Users\nisha.r\.m2\repository\org\seleniumhq\selenium\selenium-http\4.12.1\selenium-http-4.12.1.jar;C:\Users\nisha.r\.m2\repository\dev\failsafe\failsafe\3.3.2\failsafe-3.3.2.jar;C:\Users\nisha.r\.m2\repository\org\seleniumhq\selenium\selenium-ie-driver\4.12.1\selenium-ie-driver-4.12.1.jar;C:\Users\nisha.r\.m2\repository\org\seleniumhq\selenium\selenium-remote-driver\4.12.1\selenium-remote-driver-4.12.1.jar;C:\Users\nisha.r\.m2\repository\io\netty\netty-buffer\4.1.96.Final\netty-buffer-4.1.96.Final.jar;C:\Users\nisha.r\.m2\repository\io\netty\netty-codec-http\4.1.96.Final\netty-codec-http-4.1.96.Final.jar;C:\Users\nisha.r\.m2\repository\io\netty\netty-codec\4.1.96.Final\netty-codec-4.1.96.Final.jar;C:\Users\nisha.r\.m2\repository\io\netty\netty-handler\4.1.96.Final\netty-handler-4.1.96.Final.jar;C:\Users\nisha.r\.m2\repository\io\netty\netty-common\4.1.96.Final\netty-common-4.1.96.Final.jar;C:\Users\nisha.r\.m2\repository\io\netty\netty-transport-classes-epoll\4.1.96.Final\netty-transport-classes-epoll-4.1.96.Final.jar;C:\Users\nisha.r\.m2\repository\io\netty\netty-transport-classes-kqueue\4.1.96.Final\netty-transport-classes-kqueue-4.1.96.Final.jar;C:\Users\nisha.r\.m2\repository\io\netty\netty-transport-native-epoll\4.1.96.Final\netty-transport-native-epoll-4.1.96.Final.jar;C:\Users\nisha.r\.m2\repository\io\netty\netty-transport-native-kqueue\4.1.96.Final\netty-transport-native-kqueue-4.1.96.Final.jar;C:\Users\nisha.r\.m2\repository\io\netty\netty-transport-native-unix-common\4.1.96.Final\netty-transport-native-unix-common-4.1.96.Final.jar;C:\Users\nisha.r\.m2\repository\io\netty\netty-transport\4.1.96.Final\netty-transport-4.1.96.Final.jar;C:\Users\nisha.r\.m2\repository\io\netty\netty-resolver\4.1.96.Final\netty-resolver-4.1.96.Final.jar;C:\Users\nisha.r\.m2\repository\io\opentelemetry\opentelemetry-api\1.28.0\opentelemetry-api-1.28.0.jar;C:\Users\nisha.r\.m2\repository\io\opentelemetry\opentelemetry-context\1.28.0\opentelemetry-context-1.28.0.jar;C:\Users\nisha.r\.m2\repository\io\opentelemetry\opentelemetry-exporter-logging\1.28.0\opentelemetry-exporter-logging-1.28.0.jar;C:\Users\nisha.r\.m2\repository\io\opentelemetry\opentelemetry-sdk-metrics\1.28.0\opentelemetry-sdk-metrics-1.28.0.jar;C:\Users\nisha.r\.m2\repository\io\opentelemetry\opentelemetry-extension-incubator\1.28.0-alpha\opentelemetry-extension-incubator-1.28.0-alpha.jar;C:\Users\nisha.r\.m2\repository\io\opentelemetry\opentelemetry-sdk-logs\1.28.0\opentelemetry-sdk-logs-1.28.0.jar;C:\Users\nisha.r\.m2\repository\io\opentelemetry\opentelemetry-sdk-common\1.28.0\opentelemetry-sdk-common-1.28.0.jar;C:\Users\nisha.r\.m2\repository\io\opentelemetry\opentelemetry-sdk-extension-autoconfigure-spi\1.28.0\opentelemetry-sdk-extension-autoconfigure-spi-1.28.0.jar;C:\Users\nisha.r\.m2\repository\io\opentelemetry\opentelemetry-sdk-extension-autoconfigure\1.28.0\opentelemetry-sdk-extension-autoconfigure-1.28.0.jar;C:\Users\nisha.r\.m2\repository\io\opentelemetry\opentelemetry-api-events\1.28.0-alpha\opentelemetry-api-events-1.28.0-alpha.jar;C:\Users\nisha.r\.m2\repository\io\opentelemetry\opentelemetry-sdk-trace\1.28.0\opentelemetry-sdk-trace-1.28.0.jar;C:\Users\nisha.r\.m2\repository\io\opentelemetry\opentelemetry-sdk\1.28.0\opentelemetry-sdk-1.28.0.jar;C:\Users\nisha.r\.m2\repository\io\opentelemetry\opentelemetry-semconv\1.28.0-alpha\opentelemetry-semconv-1.28.0-alpha.jar;C:\Users\nisha.r\.m2\repository\net\bytebuddy\byte-buddy\1.14.5\byte-buddy-1.14.5.jar;C:\Users\nisha.r\.m2\repository\org\asynchttpclient\async-http-client\2.12.3\async-http-client-2.12.3.jar;C:\Users\nisha.r\.m2\repository\org\asynchttpclient\async-http-client-netty-utils\2.12.3\async-http-client-netty-utils-2.12.3.jar;C:\Users\nisha.r\.m2\repository\io\netty\netty-codec-socks\4.1.60.Final\netty-codec-socks-4.1.60.Final.jar;C:\Users\nisha.r\.m2\repository\io\netty\netty-handler-proxy\4.1.60.Final\netty-handler-proxy-4.1.60.Final.jar;C:\Users\nisha.r\.m2\repository\io\netty\netty-transport-native-epoll\4.1.60.Final\netty-transport-native-epoll-4.1.60.Final-linux-x86_64.jar;C:\Users\nisha.r\.m2\repository\io\netty\netty-transport-native-kqueue\4.1.60.Final\netty-transport-native-kqueue-4.1.60.Final-osx-x86_64.jar;C:\Users\nisha.r\.m2\repository\org\reactivestreams\reactive-streams\1.0.3\reactive-streams-1.0.3.jar;C:\Users\nisha.r\.m2\repository\com\typesafe\netty\netty-reactive-streams\2.0.4\netty-reactive-streams-2.0.4.jar;C:\Users\nisha.r\.m2\repository\com\sun\activation\jakarta.activation\1.2.2\jakarta.activation-1.2.2.jar;C:\Users\nisha.r\.m2\repository\org\seleniumhq\selenium\selenium-os\4.12.1\selenium-os-4.12.1.jar;C:\Users\nisha.r\.m2\repository\org\apache\commons\commons-exec\1.3\commons-exec-1.3.jar;C:\Users\nisha.r\.m2\repository\org\seleniumhq\selenium\selenium-safari-driver\4.12.1\selenium-safari-driver-4.12.1.jar;C:\Users\nisha.r\.m2\repository\org\seleniumhq\selenium\selenium-support\4.12.1\selenium-support-4.12.1.jar;C:\Users\nisha.r\.m2\repository\org\testng\testng\7.8.0\testng-7.8.0.jar;C:\Users\nisha.r\.m2\repository\org\slf4j\slf4j-api\1.7.36\slf4j-api-1.7.36.jar;C:\Users\nisha.r\.m2\repository\org\webjars\jquery\3.6.1\jquery-3.6.1.jar;C:\Users\nisha.r\.m2\repository\org\apache\poi\poi\5.0.0\poi-5.0.0.jar;C:\Users\nisha.r\.m2\repository\org\slf4j\jcl-over-slf4j\1.7.30\jcl-over-slf4j-1.7.30.jar;C:\Users\nisha.r\.m2\repository\commons-codec\commons-codec\1.15\commons-codec-1.15.jar;C:\Users\nisha.r\.m2\repository\org\apache\commons\commons-collections4\4.4\commons-collections4-4.4.jar;C:\Users\nisha.r\.m2\repository\org\apache\commons\commons-math3\3.6.1\commons-math3-3.6.1.jar;C:\Users\nisha.r\.m2\repository\com\zaxxer\SparseBitSet\1.2\SparseBitSet-1.2.jar;C:\Users\nisha.r\.m2\repository\org\apache\poi\poi-ooxml\5.0.0\poi-ooxml-5.0.0.jar;C:\Users\nisha.r\.m2\repository\org\apache\poi\poi-ooxml-lite\5.0.0\poi-ooxml-lite-5.0.0.jar;C:\Users\nisha.r\.m2\repository\org\apache\xmlbeans\xmlbeans\4.0.0\xmlbeans-4.0.0.jar;C:\Users\nisha.r\.m2\repository\org\apache\commons\commons-compress\1.20\commons-compress-1.20.jar;C:\Users\nisha.r\.m2\repository\com\github\virtuald\curvesapi\1.06\curvesapi-1.06.jar;C:\Users\nisha.r\.m2\repository\org\bouncycastle\bcpkix-jdk15on\1.68\bcpkix-jdk15on-1.68.jar;C:\Users\nisha.r\.m2\repository\org\bouncycastle\bcprov-jdk15on\1.68\bcprov-jdk15on-1.68.jar;C:\Users\nisha.r\.m2\repository\org\apache\santuario\xmlsec\2.2.1\xmlsec-2.2.1.jar;C:\Users\nisha.r\.m2\repository\com\fasterxml\woodstox\woodstox-core\5.2.1\woodstox-core-5.2.1.jar;C:\Users\nisha.r\.m2\repository\org\codehaus\woodstox\stax2-api\4.2\stax2-api-4.2.jar;C:\Users\nisha.r\.m2\repository\jakarta\xml\bind\jakarta.xml.bind-api\2.3.2\jakarta.xml.bind-api-2.3.2.jar;C:\Users\nisha.r\.m2\repository\jakarta\activation\jakarta.activation-api\1.2.1\jakarta.activation-api-1.2.1.jar;C:\Users\nisha.r\.m2\repository\org\apache\xmlgraphics\batik-all\1.13\batik-all-1.13.jar;C:\Users\nisha.r\.m2\repository\org\apache\xmlgraphics\batik-anim\1.13\batik-anim-1.13.jar;C:\Users\nisha.r\.m2\repository\org\apache\xmlgraphics\batik-shared-resources\1.13\batik-shared-resources-1.13.jar;C:\Users\nisha.r\.m2\repository\xml-apis\xml-apis-ext\1.3.04\xml-apis-ext-1.3.04.jar;C:\Users\nisha.r\.m2\repository\org\apache\xmlgraphics\batik-awt-util\1.13\batik-awt-util-1.13.jar;C:\Users\nisha.r\.m2\repository\org\apache\xmlgraphics\xmlgraphics-commons\2.4\xmlgraphics-commons-2.4.jar;C:\Users\nisha.r\.m2\repository\org\apache\xmlgraphics\batik-bridge\1.13\batik-bridge-1.13.jar;C:\Users\nisha.r\.m2\repository\org\apache\xmlgraphics\batik-codec\1.13\batik-codec-1.13.jar;C:\Users\nisha.r\.m2\repository\org\apache\xmlgraphics\batik-constants\1.13\batik-constants-1.13.jar;C:\Users\nisha.r\.m2\repository\org\apache\xmlgraphics\batik-css\1.13\batik-css-1.13.jar;C:\Users\nisha.r\.m2\repository\org\apache\xmlgraphics\batik-dom\1.13\batik-dom-1.13.jar;C:\Users\nisha.r\.m2\repository\xalan\xalan\2.7.2\xalan-2.7.2.jar;C:\Users\nisha.r\.m2\repository\xalan\serializer\2.7.2\serializer-2.7.2.jar;C:\Users\nisha.r\.m2\repository\xml-apis\xml-apis\1.4.01\xml-apis-1.4.01.jar;C:\Users\nisha.r\.m2\repository\org\apache\xmlgraphics\batik-ext\1.13\batik-ext-1.13.jar;C:\Users\nisha.r\.m2\repository\org\apache\xmlgraphics\batik-extension\1.13\batik-extension-1.13.jar;C:\Users\nisha.r\.m2\repository\org\apache\xmlgraphics\batik-gui-util\1.13\batik-gui-util-1.13.jar;C:\Users\nisha.r\.m2\repository\org\apache\xmlgraphics\batik-gvt\1.13\batik-gvt-1.13.jar;C:\Users\nisha.r\.m2\repository\org\apache\xmlgraphics\batik-i18n\1.13\batik-i18n-1.13.jar;C:\Users\nisha.r\.m2\repository\org\apache\xmlgraphics\batik-parser\1.13\batik-parser-1.13.jar;C:\Users\nisha.r\.m2\repository\org\apache\xmlgraphics\batik-rasterizer-ext\1.13\batik-rasterizer-ext-1.13.jar;C:\Users\nisha.r\.m2\repository\org\apache\xmlgraphics\batik-rasterizer\1.13\batik-rasterizer-1.13.jar;C:\Users\nisha.r\.m2\repository\org\apache\xmlgraphics\batik-script\1.13\batik-script-1.13.jar;C:\Users\nisha.r\.m2\repository\org\apache\xmlgraphics\batik-slideshow\1.13\batik-slideshow-1.13.jar;C:\Users\nisha.r\.m2\repository\org\apache\xmlgraphics\batik-squiggle-ext\1.13\batik-squiggle-ext-1.13.jar;C:\Users\nisha.r\.m2\repository\org\apache\xmlgraphics\batik-squiggle\1.13\batik-squiggle-1.13.jar;C:\Users\nisha.r\.m2\repository\org\apache\xmlgraphics\batik-svg-dom\1.13\batik-svg-dom-1.13.jar;C:\Users\nisha.r\.m2\repository\org\apache\xmlgraphics\batik-svgbrowser\1.13\batik-svgbrowser-1.13.jar;C:\Users\nisha.r\.m2\repository\org\apache\xmlgraphics\batik-svggen\1.13\batik-svggen-1.13.jar;C:\Users\nisha.r\.m2\repository\org\apache\xmlgraphics\batik-svgpp\1.13\batik-svgpp-1.13.jar;C:\Users\nisha.r\.m2\repository\org\apache\xmlgraphics\batik-svgrasterizer\1.13\batik-svgrasterizer-1.13.jar;C:\Users\nisha.r\.m2\repository\org\apache\xmlgraphics\batik-swing\1.13\batik-swing-1.13.jar;C:\Users\nisha.r\.m2\repository\org\apache\xmlgraphics\batik-transcoder\1.13\batik-transcoder-1.13.jar;C:\Users\nisha.r\.m2\repository\org\apache\xmlgraphics\batik-util\1.13\batik-util-1.13.jar;C:\Users\nisha.r\.m2\repository\org\apache\xmlgraphics\batik-ttf2svg\1.13\batik-ttf2svg-1.13.jar;C:\Users\nisha.r\.m2\repository\org\apache\xmlgraphics\batik-xml\1.13\batik-xml-1.13.jar;C:\Users\nisha.r\.m2\repository\de\rototor\pdfbox\graphics2d\0.30\graphics2d-0.30.jar;C:\Users\nisha.r\.m2\repository\org\apache\pdfbox\pdfbox\2.0.22\pdfbox-2.0.22.jar;C:\Users\nisha.r\.m2\repository\org\apache\pdfbox\fontbox\2.0.22\fontbox-2.0.22.jar;C:\Users\nisha.r\.m2\repository\commons-io\commons-io\2.4\commons-io-2.4.jar;C:\Users\nisha.r\.m2\repository\io\github\bonigarcia\webdrivermanager\5.7.0\webdrivermanager-5.7.0.jar;C:\Users\nisha.r\.m2\repository\com\google\code\gson\gson\2.10.1\gson-2.10.1.jar;C:\Users\nisha.r\.m2\repository\com\github\docker-java\docker-java\3.3.5\docker-java-3.3.5.jar;C:\Users\nisha.r\.m2\repository\com\github\docker-java\docker-java-core\3.3.5\docker-java-core-3.3.5.jar;C:\Users\nisha.r\.m2\repository\com\github\docker-java\docker-java-api\3.3.5\docker-java-api-3.3.5.jar;C:\Users\nisha.r\.m2\repository\com\fasterxml\jackson\core\jackson-annotations\2.10.3\jackson-annotations-2.10.3.jar;C:\Users\nisha.r\.m2\repository\com\fasterxml\jackson\core\jackson-databind\2.10.3\jackson-databind-2.10.3.jar;C:\Users\nisha.r\.m2\repository\com\fasterxml\jackson\core\jackson-core\2.10.3\jackson-core-2.10.3.jar;C:\Users\nisha.r\.m2\repository\org\bouncycastle\bcpkix-jdk18on\1.76\bcpkix-jdk18on-1.76.jar;C:\Users\nisha.r\.m2\repository\org\bouncycastle\bcprov-jdk18on\1.76\bcprov-jdk18on-1.76.jar;C:\Users\nisha.r\.m2\repository\org\bouncycastle\bcutil-jdk18on\1.76\bcutil-jdk18on-1.76.jar;C:\Users\nisha.r\.m2\repository\com\github\docker-java\docker-java-transport-httpclient5\3.3.5\docker-java-transport-httpclient5-3.3.5.jar;C:\Users\nisha.r\.m2\repository\com\github\docker-java\docker-java-transport\3.3.5\docker-java-transport-3.3.5.jar;C:\Users\nisha.r\.m2\repository\net\java\dev\jna\jna\5.13.0\jna-5.13.0.jar;C:\Users\nisha.r\.m2\repository\org\brotli\dec\0.1.2\dec-0.1.2.jar;C:\Users\nisha.r\.m2\repository\org\apache\commons\commons-lang3\3.14.0\commons-lang3-3.14.0.jar;C:\Users\nisha.r\.m2\repository\org\apache\httpcomponents\client5\httpclient5\5.2.1\httpclient5-5.2.1.jar;C:\Users\nisha.r\.m2\repository\org\apache\httpcomponents\core5\httpcore5\5.2\httpcore5-5.2.jar;C:\Users\nisha.r\.m2\repository\org\apache\httpcomponents\core5\httpcore5-h2\5.2\httpcore5-h2-5.2.jar;C:\Users\nisha.r\.m2\repository\junit\junit\4.13.2\junit-4.13.2.jar;C:\Users\nisha.r\.m2\repository\org\hamcrest\hamcrest-core\1.3\hamcrest-core-1.3.jar;C:\Users\nisha.r\.m2\repository\org\hamcrest\hamcrest-all\1.3\hamcrest-all-1.3.jar;C:\Users\nisha.r\.m2\repository\com\beust\jcommander\1.72\jcommander-1.72.jar;C:\Users\nisha.r\.m2\repository\org\uncommons\reportng\1.1.4\reportng-1.1.4.jar;C:\Users\nisha.r\.m2\repository\velocity\velocity\1.4\velocity-1.4.jar;C:\Users\nisha.r\.m2\repository\velocity\velocity-dep\1.4\velocity-dep-1.4.jar;C:\Users\nisha.r\.m2\repository\org\apache\logging\log4j\log4j-api\2.20.0\log4j-api-2.20.0.jar;C:\Users\nisha.r\.m2\repository\org\apache\logging\log4j\log4j-core\2.20.0\log4j-core-2.20.0.jar;"/>
    <property name="java.vm.vendor" value="Oracle Corporation"/>
    <property name="sun.arch.data.model" value="64"/>
    <property name="user.variant" value=""/>
    <property name="java.vendor.url" value="https://java.oracle.com/"/>
    <property name="user.timezone" value="Asia/Calcutta"/>
    <property name="os.name" value="Windows 10"/>
    <property name="java.vm.specification.version" value="17"/>
    <property name="sun.java.launcher" value="SUN_STANDARD"/>
    <property name="user.country" value="IN"/>
    <property name="sun.boot.library.path" value="C:\Program Files\Java\jdk-17\bin"/>
    <property name="sun.java.command" value="C:\Users\nisha.r\AppData\Local\Temp\surefire6075262541358721701\surefirebooter2300065136831880245.jar C:\Users\nisha.r\AppData\Local\Temp\surefire6075262541358721701 2024-10-22T11-22-23_607-jvmRun1 surefire13171737401707962334tmp surefire_04913155665535071523tmp"/>
    <property name="jdk.debug" value="release"/>
    <property name="surefire.test.class.path" value="C:\Users\nisha.r\eclipse-workspace\CVS_Auto_2024_B2_64Bit\target\test-classes;C:\Users\nisha.r\eclipse-workspace\CVS_Auto_2024_B2_64Bit\target\classes;C:\Users\nisha.r\.m2\repository\org\seleniumhq\selenium\selenium-java\4.12.1\selenium-java-4.12.1.jar;C:\Users\nisha.r\.m2\repository\org\seleniumhq\selenium\selenium-api\4.12.1\selenium-api-4.12.1.jar;C:\Users\nisha.r\.m2\repository\org\seleniumhq\selenium\selenium-chrome-driver\4.12.1\selenium-chrome-driver-4.12.1.jar;C:\Users\nisha.r\.m2\repository\com\google\auto\service\auto-service-annotations\1.1.1\auto-service-annotations-1.1.1.jar;C:\Users\nisha.r\.m2\repository\com\google\guava\guava\32.1.2-jre\guava-32.1.2-jre.jar;C:\Users\nisha.r\.m2\repository\com\google\guava\failureaccess\1.0.1\failureaccess-1.0.1.jar;C:\Users\nisha.r\.m2\repository\com\google\guava\listenablefuture\9999.0-empty-to-avoid-conflict-with-guava\listenablefuture-9999.0-empty-to-avoid-conflict-with-guava.jar;C:\Users\nisha.r\.m2\repository\com\google\code\findbugs\jsr305\3.0.2\jsr305-3.0.2.jar;C:\Users\nisha.r\.m2\repository\org\checkerframework\checker-qual\3.33.0\checker-qual-3.33.0.jar;C:\Users\nisha.r\.m2\repository\com\google\errorprone\error_prone_annotations\2.18.0\error_prone_annotations-2.18.0.jar;C:\Users\nisha.r\.m2\repository\com\google\j2objc\j2objc-annotations\2.8\j2objc-annotations-2.8.jar;C:\Users\nisha.r\.m2\repository\org\seleniumhq\selenium\selenium-chromium-driver\4.12.1\selenium-chromium-driver-4.12.1.jar;C:\Users\nisha.r\.m2\repository\org\seleniumhq\selenium\selenium-json\4.12.1\selenium-json-4.12.1.jar;C:\Users\nisha.r\.m2\repository\org\seleniumhq\selenium\selenium-manager\4.12.1\selenium-manager-4.12.1.jar;C:\Users\nisha.r\.m2\repository\org\seleniumhq\selenium\selenium-devtools-v114\4.12.1\selenium-devtools-v114-4.12.1.jar;C:\Users\nisha.r\.m2\repository\org\seleniumhq\selenium\selenium-devtools-v115\4.12.1\selenium-devtools-v115-4.12.1.jar;C:\Users\nisha.r\.m2\repository\org\seleniumhq\selenium\selenium-devtools-v116\4.12.1\selenium-devtools-v116-4.12.1.jar;C:\Users\nisha.r\.m2\repository\org\seleniumhq\selenium\selenium-devtools-v85\4.12.1\selenium-devtools-v85-4.12.1.jar;C:\Users\nisha.r\.m2\repository\org\seleniumhq\selenium\selenium-edge-driver\4.12.1\selenium-edge-driver-4.12.1.jar;C:\Users\nisha.r\.m2\repository\org\seleniumhq\selenium\selenium-firefox-driver\4.12.1\selenium-firefox-driver-4.12.1.jar;C:\Users\nisha.r\.m2\repository\org\seleniumhq\selenium\selenium-http\4.12.1\selenium-http-4.12.1.jar;C:\Users\nisha.r\.m2\repository\dev\failsafe\failsafe\3.3.2\failsafe-3.3.2.jar;C:\Users\nisha.r\.m2\repository\org\seleniumhq\selenium\selenium-ie-driver\4.12.1\selenium-ie-driver-4.12.1.jar;C:\Users\nisha.r\.m2\repository\org\seleniumhq\selenium\selenium-remote-driver\4.12.1\selenium-remote-driver-4.12.1.jar;C:\Users\nisha.r\.m2\repository\io\netty\netty-buffer\4.1.96.Final\netty-buffer-4.1.96.Final.jar;C:\Users\nisha.r\.m2\repository\io\netty\netty-codec-http\4.1.96.Final\netty-codec-http-4.1.96.Final.jar;C:\Users\nisha.r\.m2\repository\io\netty\netty-codec\4.1.96.Final\netty-codec-4.1.96.Final.jar;C:\Users\nisha.r\.m2\repository\io\netty\netty-handler\4.1.96.Final\netty-handler-4.1.96.Final.jar;C:\Users\nisha.r\.m2\repository\io\netty\netty-common\4.1.96.Final\netty-common-4.1.96.Final.jar;C:\Users\nisha.r\.m2\repository\io\netty\netty-transport-classes-epoll\4.1.96.Final\netty-transport-classes-epoll-4.1.96.Final.jar;C:\Users\nisha.r\.m2\repository\io\netty\netty-transport-classes-kqueue\4.1.96.Final\netty-transport-classes-kqueue-4.1.96.Final.jar;C:\Users\nisha.r\.m2\repository\io\netty\netty-transport-native-epoll\4.1.96.Final\netty-transport-native-epoll-4.1.96.Final.jar;C:\Users\nisha.r\.m2\repository\io\netty\netty-transport-native-kqueue\4.1.96.Final\netty-transport-native-kqueue-4.1.96.Final.jar;C:\Users\nisha.r\.m2\repository\io\netty\netty-transport-native-unix-common\4.1.96.Final\netty-transport-native-unix-common-4.1.96.Final.jar;C:\Users\nisha.r\.m2\repository\io\netty\netty-transport\4.1.96.Final\netty-transport-4.1.96.Final.jar;C:\Users\nisha.r\.m2\repository\io\netty\netty-resolver\4.1.96.Final\netty-resolver-4.1.96.Final.jar;C:\Users\nisha.r\.m2\repository\io\opentelemetry\opentelemetry-api\1.28.0\opentelemetry-api-1.28.0.jar;C:\Users\nisha.r\.m2\repository\io\opentelemetry\opentelemetry-context\1.28.0\opentelemetry-context-1.28.0.jar;C:\Users\nisha.r\.m2\repository\io\opentelemetry\opentelemetry-exporter-logging\1.28.0\opentelemetry-exporter-logging-1.28.0.jar;C:\Users\nisha.r\.m2\repository\io\opentelemetry\opentelemetry-sdk-metrics\1.28.0\opentelemetry-sdk-metrics-1.28.0.jar;C:\Users\nisha.r\.m2\repository\io\opentelemetry\opentelemetry-extension-incubator\1.28.0-alpha\opentelemetry-extension-incubator-1.28.0-alpha.jar;C:\Users\nisha.r\.m2\repository\io\opentelemetry\opentelemetry-sdk-logs\1.28.0\opentelemetry-sdk-logs-1.28.0.jar;C:\Users\nisha.r\.m2\repository\io\opentelemetry\opentelemetry-sdk-common\1.28.0\opentelemetry-sdk-common-1.28.0.jar;C:\Users\nisha.r\.m2\repository\io\opentelemetry\opentelemetry-sdk-extension-autoconfigure-spi\1.28.0\opentelemetry-sdk-extension-autoconfigure-spi-1.28.0.jar;C:\Users\nisha.r\.m2\repository\io\opentelemetry\opentelemetry-sdk-extension-autoconfigure\1.28.0\opentelemetry-sdk-extension-autoconfigure-1.28.0.jar;C:\Users\nisha.r\.m2\repository\io\opentelemetry\opentelemetry-api-events\1.28.0-alpha\opentelemetry-api-events-1.28.0-alpha.jar;C:\Users\nisha.r\.m2\repository\io\opentelemetry\opentelemetry-sdk-trace\1.28.0\opentelemetry-sdk-trace-1.28.0.jar;C:\Users\nisha.r\.m2\repository\io\opentelemetry\opentelemetry-sdk\1.28.0\opentelemetry-sdk-1.28.0.jar;C:\Users\nisha.r\.m2\repository\io\opentelemetry\opentelemetry-semconv\1.28.0-alpha\opentelemetry-semconv-1.28.0-alpha.jar;C:\Users\nisha.r\.m2\repository\net\bytebuddy\byte-buddy\1.14.5\byte-buddy-1.14.5.jar;C:\Users\nisha.r\.m2\repository\org\asynchttpclient\async-http-client\2.12.3\async-http-client-2.12.3.jar;C:\Users\nisha.r\.m2\repository\org\asynchttpclient\async-http-client-netty-utils\2.12.3\async-http-client-netty-utils-2.12.3.jar;C:\Users\nisha.r\.m2\repository\io\netty\netty-codec-socks\4.1.60.Final\netty-codec-socks-4.1.60.Final.jar;C:\Users\nisha.r\.m2\repository\io\netty\netty-handler-proxy\4.1.60.Final\netty-handler-proxy-4.1.60.Final.jar;C:\Users\nisha.r\.m2\repository\io\netty\netty-transport-native-epoll\4.1.60.Final\netty-transport-native-epoll-4.1.60.Final-linux-x86_64.jar;C:\Users\nisha.r\.m2\repository\io\netty\netty-transport-native-kqueue\4.1.60.Final\netty-transport-native-kqueue-4.1.60.Final-osx-x86_64.jar;C:\Users\nisha.r\.m2\repository\org\reactivestreams\reactive-streams\1.0.3\reactive-streams-1.0.3.jar;C:\Users\nisha.r\.m2\repository\com\typesafe\netty\netty-reactive-streams\2.0.4\netty-reactive-streams-2.0.4.jar;C:\Users\nisha.r\.m2\repository\com\sun\activation\jakarta.activation\1.2.2\jakarta.activation-1.2.2.jar;C:\Users\nisha.r\.m2\repository\org\seleniumhq\selenium\selenium-os\4.12.1\selenium-os-4.12.1.jar;C:\Users\nisha.r\.m2\repository\org\apache\commons\commons-exec\1.3\commons-exec-1.3.jar;C:\Users\nisha.r\.m2\repository\org\seleniumhq\selenium\selenium-safari-driver\4.12.1\selenium-safari-driver-4.12.1.jar;C:\Users\nisha.r\.m2\repository\org\seleniumhq\selenium\selenium-support\4.12.1\selenium-support-4.12.1.jar;C:\Users\nisha.r\.m2\repository\org\testng\testng\7.8.0\testng-7.8.0.jar;C:\Users\nisha.r\.m2\repository\org\slf4j\slf4j-api\1.7.36\slf4j-api-1.7.36.jar;C:\Users\nisha.r\.m2\repository\org\webjars\jquery\3.6.1\jquery-3.6.1.jar;C:\Users\nisha.r\.m2\repository\org\apache\poi\poi\5.0.0\poi-5.0.0.jar;C:\Users\nisha.r\.m2\repository\org\slf4j\jcl-over-slf4j\1.7.30\jcl-over-slf4j-1.7.30.jar;C:\Users\nisha.r\.m2\repository\commons-codec\commons-codec\1.15\commons-codec-1.15.jar;C:\Users\nisha.r\.m2\repository\org\apache\commons\commons-collections4\4.4\commons-collections4-4.4.jar;C:\Users\nisha.r\.m2\repository\org\apache\commons\commons-math3\3.6.1\commons-math3-3.6.1.jar;C:\Users\nisha.r\.m2\repository\com\zaxxer\SparseBitSet\1.2\SparseBitSet-1.2.jar;C:\Users\nisha.r\.m2\repository\org\apache\poi\poi-ooxml\5.0.0\poi-ooxml-5.0.0.jar;C:\Users\nisha.r\.m2\repository\org\apache\poi\poi-ooxml-lite\5.0.0\poi-ooxml-lite-5.0.0.jar;C:\Users\nisha.r\.m2\repository\org\apache\xmlbeans\xmlbeans\4.0.0\xmlbeans-4.0.0.jar;C:\Users\nisha.r\.m2\repository\org\apache\commons\commons-compress\1.20\commons-compress-1.20.jar;C:\Users\nisha.r\.m2\repository\com\github\virtuald\curvesapi\1.06\curvesapi-1.06.jar;C:\Users\nisha.r\.m2\repository\org\bouncycastle\bcpkix-jdk15on\1.68\bcpkix-jdk15on-1.68.jar;C:\Users\nisha.r\.m2\repository\org\bouncycastle\bcprov-jdk15on\1.68\bcprov-jdk15on-1.68.jar;C:\Users\nisha.r\.m2\repository\org\apache\santuario\xmlsec\2.2.1\xmlsec-2.2.1.jar;C:\Users\nisha.r\.m2\repository\com\fasterxml\woodstox\woodstox-core\5.2.1\woodstox-core-5.2.1.jar;C:\Users\nisha.r\.m2\repository\org\codehaus\woodstox\stax2-api\4.2\stax2-api-4.2.jar;C:\Users\nisha.r\.m2\repository\jakarta\xml\bind\jakarta.xml.bind-api\2.3.2\jakarta.xml.bind-api-2.3.2.jar;C:\Users\nisha.r\.m2\repository\jakarta\activation\jakarta.activation-api\1.2.1\jakarta.activation-api-1.2.1.jar;C:\Users\nisha.r\.m2\repository\org\apache\xmlgraphics\batik-all\1.13\batik-all-1.13.jar;C:\Users\nisha.r\.m2\repository\org\apache\xmlgraphics\batik-anim\1.13\batik-anim-1.13.jar;C:\Users\nisha.r\.m2\repository\org\apache\xmlgraphics\batik-shared-resources\1.13\batik-shared-resources-1.13.jar;C:\Users\nisha.r\.m2\repository\xml-apis\xml-apis-ext\1.3.04\xml-apis-ext-1.3.04.jar;C:\Users\nisha.r\.m2\repository\org\apache\xmlgraphics\batik-awt-util\1.13\batik-awt-util-1.13.jar;C:\Users\nisha.r\.m2\repository\org\apache\xmlgraphics\xmlgraphics-commons\2.4\xmlgraphics-commons-2.4.jar;C:\Users\nisha.r\.m2\repository\org\apache\xmlgraphics\batik-bridge\1.13\batik-bridge-1.13.jar;C:\Users\nisha.r\.m2\repository\org\apache\xmlgraphics\batik-codec\1.13\batik-codec-1.13.jar;C:\Users\nisha.r\.m2\repository\org\apache\xmlgraphics\batik-constants\1.13\batik-constants-1.13.jar;C:\Users\nisha.r\.m2\repository\org\apache\xmlgraphics\batik-css\1.13\batik-css-1.13.jar;C:\Users\nisha.r\.m2\repository\org\apache\xmlgraphics\batik-dom\1.13\batik-dom-1.13.jar;C:\Users\nisha.r\.m2\repository\xalan\xalan\2.7.2\xalan-2.7.2.jar;C:\Users\nisha.r\.m2\repository\xalan\serializer\2.7.2\serializer-2.7.2.jar;C:\Users\nisha.r\.m2\repository\xml-apis\xml-apis\1.4.01\xml-apis-1.4.01.jar;C:\Users\nisha.r\.m2\repository\org\apache\xmlgraphics\batik-ext\1.13\batik-ext-1.13.jar;C:\Users\nisha.r\.m2\repository\org\apache\xmlgraphics\batik-extension\1.13\batik-extension-1.13.jar;C:\Users\nisha.r\.m2\repository\org\apache\xmlgraphics\batik-gui-util\1.13\batik-gui-util-1.13.jar;C:\Users\nisha.r\.m2\repository\org\apache\xmlgraphics\batik-gvt\1.13\batik-gvt-1.13.jar;C:\Users\nisha.r\.m2\repository\org\apache\xmlgraphics\batik-i18n\1.13\batik-i18n-1.13.jar;C:\Users\nisha.r\.m2\repository\org\apache\xmlgraphics\batik-parser\1.13\batik-parser-1.13.jar;C:\Users\nisha.r\.m2\repository\org\apache\xmlgraphics\batik-rasterizer-ext\1.13\batik-rasterizer-ext-1.13.jar;C:\Users\nisha.r\.m2\repository\org\apache\xmlgraphics\batik-rasterizer\1.13\batik-rasterizer-1.13.jar;C:\Users\nisha.r\.m2\repository\org\apache\xmlgraphics\batik-script\1.13\batik-script-1.13.jar;C:\Users\nisha.r\.m2\repository\org\apache\xmlgraphics\batik-slideshow\1.13\batik-slideshow-1.13.jar;C:\Users\nisha.r\.m2\repository\org\apache\xmlgraphics\batik-squiggle-ext\1.13\batik-squiggle-ext-1.13.jar;C:\Users\nisha.r\.m2\repository\org\apache\xmlgraphics\batik-squiggle\1.13\batik-squiggle-1.13.jar;C:\Users\nisha.r\.m2\repository\org\apache\xmlgraphics\batik-svg-dom\1.13\batik-svg-dom-1.13.jar;C:\Users\nisha.r\.m2\repository\org\apache\xmlgraphics\batik-svgbrowser\1.13\batik-svgbrowser-1.13.jar;C:\Users\nisha.r\.m2\repository\org\apache\xmlgraphics\batik-svggen\1.13\batik-svggen-1.13.jar;C:\Users\nisha.r\.m2\repository\org\apache\xmlgraphics\batik-svgpp\1.13\batik-svgpp-1.13.jar;C:\Users\nisha.r\.m2\repository\org\apache\xmlgraphics\batik-svgrasterizer\1.13\batik-svgrasterizer-1.13.jar;C:\Users\nisha.r\.m2\repository\org\apache\xmlgraphics\batik-swing\1.13\batik-swing-1.13.jar;C:\Users\nisha.r\.m2\repository\org\apache\xmlgraphics\batik-transcoder\1.13\batik-transcoder-1.13.jar;C:\Users\nisha.r\.m2\repository\org\apache\xmlgraphics\batik-util\1.13\batik-util-1.13.jar;C:\Users\nisha.r\.m2\repository\org\apache\xmlgraphics\batik-ttf2svg\1.13\batik-ttf2svg-1.13.jar;C:\Users\nisha.r\.m2\repository\org\apache\xmlgraphics\batik-xml\1.13\batik-xml-1.13.jar;C:\Users\nisha.r\.m2\repository\de\rototor\pdfbox\graphics2d\0.30\graphics2d-0.30.jar;C:\Users\nisha.r\.m2\repository\org\apache\pdfbox\pdfbox\2.0.22\pdfbox-2.0.22.jar;C:\Users\nisha.r\.m2\repository\org\apache\pdfbox\fontbox\2.0.22\fontbox-2.0.22.jar;C:\Users\nisha.r\.m2\repository\commons-io\commons-io\2.4\commons-io-2.4.jar;C:\Users\nisha.r\.m2\repository\io\github\bonigarcia\webdrivermanager\5.7.0\webdrivermanager-5.7.0.jar;C:\Users\nisha.r\.m2\repository\com\google\code\gson\gson\2.10.1\gson-2.10.1.jar;C:\Users\nisha.r\.m2\repository\com\github\docker-java\docker-java\3.3.5\docker-java-3.3.5.jar;C:\Users\nisha.r\.m2\repository\com\github\docker-java\docker-java-core\3.3.5\docker-java-core-3.3.5.jar;C:\Users\nisha.r\.m2\repository\com\github\docker-java\docker-java-api\3.3.5\docker-java-api-3.3.5.jar;C:\Users\nisha.r\.m2\repository\com\fasterxml\jackson\core\jackson-annotations\2.10.3\jackson-annotations-2.10.3.jar;C:\Users\nisha.r\.m2\repository\com\fasterxml\jackson\core\jackson-databind\2.10.3\jackson-databind-2.10.3.jar;C:\Users\nisha.r\.m2\repository\com\fasterxml\jackson\core\jackson-core\2.10.3\jackson-core-2.10.3.jar;C:\Users\nisha.r\.m2\repository\org\bouncycastle\bcpkix-jdk18on\1.76\bcpkix-jdk18on-1.76.jar;C:\Users\nisha.r\.m2\repository\org\bouncycastle\bcprov-jdk18on\1.76\bcprov-jdk18on-1.76.jar;C:\Users\nisha.r\.m2\repository\org\bouncycastle\bcutil-jdk18on\1.76\bcutil-jdk18on-1.76.jar;C:\Users\nisha.r\.m2\repository\com\github\docker-java\docker-java-transport-httpclient5\3.3.5\docker-java-transport-httpclient5-3.3.5.jar;C:\Users\nisha.r\.m2\repository\com\github\docker-java\docker-java-transport\3.3.5\docker-java-transport-3.3.5.jar;C:\Users\nisha.r\.m2\repository\net\java\dev\jna\jna\5.13.0\jna-5.13.0.jar;C:\Users\nisha.r\.m2\repository\org\brotli\dec\0.1.2\dec-0.1.2.jar;C:\Users\nisha.r\.m2\repository\org\apache\commons\commons-lang3\3.14.0\commons-lang3-3.14.0.jar;C:\Users\nisha.r\.m2\repository\org\apache\httpcomponents\client5\httpclient5\5.2.1\httpclient5-5.2.1.jar;C:\Users\nisha.r\.m2\repository\org\apache\httpcomponents\core5\httpcore5\5.2\httpcore5-5.2.jar;C:\Users\nisha.r\.m2\repository\org\apache\httpcomponents\core5\httpcore5-h2\5.2\httpcore5-h2-5.2.jar;C:\Users\nisha.r\.m2\repository\junit\junit\4.13.2\junit-4.13.2.jar;C:\Users\nisha.r\.m2\repository\org\hamcrest\hamcrest-core\1.3\hamcrest-core-1.3.jar;C:\Users\nisha.r\.m2\repository\org\hamcrest\hamcrest-all\1.3\hamcrest-all-1.3.jar;C:\Users\nisha.r\.m2\repository\com\beust\jcommander\1.72\jcommander-1.72.jar;C:\Users\nisha.r\.m2\repository\org\uncommons\reportng\1.1.4\reportng-1.1.4.jar;C:\Users\nisha.r\.m2\repository\velocity\velocity\1.4\velocity-1.4.jar;C:\Users\nisha.r\.m2\repository\velocity\velocity-dep\1.4\velocity-dep-1.4.jar;C:\Users\nisha.r\.m2\repository\org\apache\logging\log4j\log4j-api\2.20.0\log4j-api-2.20.0.jar;C:\Users\nisha.r\.m2\repository\org\apache\logging\log4j\log4j-core\2.20.0\log4j-core-2.20.0.jar;"/>
    <property name="sun.cpu.endian" value="little"/>
    <property name="user.home" value="C:\Users\nisha.r"/>
    <property name="user.language" value="en"/>
    <property name="java.specification.vendor" value="Oracle Corporation"/>
    <property name="java.version.date" value="2024-07-16"/>
    <property name="java.home" value="C:\Program Files\Java\jdk-17"/>
    <property name="file.separator" value="\"/>
    <property name="style.color" value="always"/>
    <property name="basedir" value="C:\Users\nisha.r\eclipse-workspace\CVS_Auto_2024_B2_64Bit"/>
    <property name="java.vm.compressedOopsMode" value="Zero based"/>
    <property name="line.separator" value="&#10;"/>
    <property name="java.vm.specification.vendor" value="Oracle Corporation"/>
    <property name="java.specification.name" value="Java Platform API Specification"/>
    <property name="surefire.real.class.path" value="C:\Users\nisha.r\AppData\Local\Temp\surefire6075262541358721701\surefirebooter2300065136831880245.jar"/>
    <property name="user.script" value=""/>
    <property name="sun.management.compiler" value="HotSpot 64-Bit Tiered Compilers"/>
    <property name="java.runtime.version" value="17.0.12+8-LTS-286"/>
    <property name="user.name" value="nisha.r"/>
    <property name="path.separator" value=";"/>
    <property name="os.version" value="10.0"/>
    <property name="java.runtime.name" value="Java(TM) SE Runtime Environment"/>
    <property name="file.encoding" value="Cp1252"/>
    <property name="java.vm.name" value="Java HotSpot(TM) 64-Bit Server VM"/>
    <property name="localRepository" value="C:\Users\nisha.r\.m2\repository"/>
    <property name="java.vendor.url.bug" value="https://bugreport.java.com/bugreport/"/>
    <property name="java.io.tmpdir" value="C:\Users\nisha.r\AppData\Local\Temp\"/>
    <property name="java.version" value="17.0.12"/>
    <property name="user.dir" value="C:\Users\nisha.r\eclipse-workspace\CVS_Auto_2024_B2_64Bit"/>
    <property name="os.arch" value="amd64"/>
    <property name="java.vm.specification.name" value="Java Virtual Machine Specification"/>
    <property name="sun.os.patch.level" value=""/>
    <property name="native.encoding" value="Cp1252"/>
    <property name="java.library.path" value="C:\Program Files\Java\jdk-17\bin;C:\Windows\Sun\Java\bin;C:\Windows\system32;C:\Windows;C:/Program Files/Java/jdk-22/bin/server;C:/Program Files/Java/jdk-22/bin;C:\Program Files (x86)\Common Files\Oracle\Java\javapath;C:\Program Files\Common Files\Oracle\Java\javapath;C:\Windows\system32;C:\Windows;C:\Windows\System32\Wbem;C:\Windows\System32\WindowsPowerShell\v1.0\;C:\Windows\System32\OpenSSH\;C:\Program Files (x86)\Microsoft SQL Server\150\DTS\Binn\;C:\Program Files\Azure Data Studio\bin;C:\Program Files\Microsoft SQL Server\Client SDK\ODBC\130\Tools\Binn\;C:\Program Files (x86)\Microsoft SQL Server\130\Tools\Binn\;C:\Program Files\Microsoft SQL Server\130\Tools\Binn\;C:\Program Files\Microsoft SQL Server\130\DTS\Binn\;C:\Program Files\Java\jdk-17\bin;C:\Program Files (x86)\apache-maven-3.9.4\bin;C:\Program Files\Git\cmd;C:\Program Files\dotnet\;C:\Users\nisha.r\AppData;C:\Users\nisha.r\AppDataplatforms;C:\Users\nisha.r\AppDataplatform-tools;C:\Users\nisha.r\AppData\Local\Android\Sdk\platform-tools;C:\Program Files\nodejs\;C:\Program Files (x86)\AOMEI\AOMEI Backupper\7.2.0;C:\Program Files\gs\gs10.02.1\bin;C:\Users\nisha.r\AppData\Local\Microsoft\WindowsApps;C:\Users\nisha.r\.dotnet\tools;C:\Users\nisha.r\AppData\Local\Programs\Microsoft VS Code\bin;C:\Users\nisha.r\AppData\Roaming\npm;C:\Program Files\Java\jdk-17;;C:\Windows\system32;;."/>
    <property name="java.vm.info" value="mixed mode, sharing"/>
    <property name="java.vendor" value="Oracle Corporation"/>
    <property name="java.vm.version" value="17.0.12+8-LTS-286"/>
    <property name="sun.io.unicode.encoding" value="UnicodeLittle"/>
    <property name="java.class.version" value="61.0"/>
  </properties>
  <testcase name="ladBrowser" classname="Script.AnnotationFunctionality" time="2.908">
    <failure message="&apos;org.openqa.selenium.chrome.ChromeOptions org.openqa.selenium.chrome.ChromeOptions.addArguments(java.lang.String[])&apos;" type="java.lang.NoSuchMethodError">java.lang.NoSuchMethodError: 'org.openqa.selenium.chrome.ChromeOptions org.openqa.selenium.chrome.ChromeOptions.addArguments(java.lang.String[])'
	at Script.AnnotationFunctionality.ladBrowser(AnnotationFunctionality.java:26)
</failure>
    <system-err><![CDATA[SLF4J: Failed to load class "org.slf4j.impl.StaticLoggerBinder".
SLF4J: Defaulting to no-operation (NOP) logger implementation
SLF4J: See http://www.slf4j.org/codes.html#StaticLoggerBinder for further details.
]]></system-err>
  </testcase>
  <testcase name="Login" classname="Script.AnnotationFunctionality" time="0">
    <skipped message="&apos;org.openqa.selenium.chrome.ChromeOptions org.openqa.selenium.chrome.ChromeOptions.addArguments(java.lang.String[])&apos;"/>
  </testcase>
  <testcase name="TC_A_DefaultView" classname="Script.AnnotationFunctionality" time="0">
    <skipped message="&apos;org.openqa.selenium.chrome.ChromeOptions org.openqa.selenium.chrome.ChromeOptions.addArguments(java.lang.String[])&apos;"/>
  </testcase>
  <testcase name="TC_B_Redaction_UnlockRedaction" classname="Script.AnnotationFunctionality" time="0">
    <skipped message="&apos;org.openqa.selenium.chrome.ChromeOptions org.openqa.selenium.chrome.ChromeOptions.addArguments(java.lang.String[])&apos;"/>
  </testcase>
  <testcase name="TC_C_HighLight_Annotation" classname="Script.AnnotationFunctionality" time="0">
    <skipped message="&apos;org.openqa.selenium.chrome.ChromeOptions org.openqa.selenium.chrome.ChromeOptions.addArguments(java.lang.String[])&apos;"/>
  </testcase>
  <testcase name="TC_E_StikyNote_Annotation" classname="Script.AnnotationFunctionality" time="0">
    <skipped message="&apos;org.openqa.selenium.chrome.ChromeOptions org.openqa.selenium.chrome.ChromeOptions.addArguments(java.lang.String[])&apos;"/>
  </testcase>
  <testcase name="TC_F_RubberStampAnnotation" classname="Script.AnnotationFunctionality" time="0">
    <skipped message="&apos;org.openqa.selenium.chrome.ChromeOptions org.openqa.selenium.chrome.ChromeOptions.addArguments(java.lang.String[])&apos;"/>
  </testcase>
  <testcase name="TC_G_Rectangle_Annotation" classname="Script.AnnotationFunctionality" time="0">
    <skipped message="&apos;org.openqa.selenium.chrome.ChromeOptions org.openqa.selenium.chrome.ChromeOptions.addArguments(java.lang.String[])&apos;"/>
  </testcase>
  <testcase name="TC_H_StampAnnotation" classname="Script.AnnotationFunctionality" time="0">
    <skipped message="&apos;org.openqa.selenium.chrome.ChromeOptions org.openqa.selenium.chrome.ChromeOptions.addArguments(java.lang.String[])&apos;"/>
  </testcase>
  <testcase name="TC_I_LineAnnotation_Ellipse_Annotation" classname="Script.AnnotationFunctionality" time="0">
    <skipped message="&apos;org.openqa.selenium.chrome.ChromeOptions org.openqa.selenium.chrome.ChromeOptions.addArguments(java.lang.String[])&apos;"/>
  </testcase>
  <testcase name="TC_J_Signature_Annotation" classname="Script.AnnotationFunctionality" time="0">
    <skipped message="&apos;org.openqa.selenium.chrome.ChromeOptions org.openqa.selenium.chrome.ChromeOptions.addArguments(java.lang.String[])&apos;"/>
  </testcase>
  <testcase name="TC_K_Polygon" classname="Script.AnnotationFunctionality" time="0">
    <skipped message="&apos;org.openqa.selenium.chrome.ChromeOptions org.openqa.selenium.chrome.ChromeOptions.addArguments(java.lang.String[])&apos;"/>
  </testcase>
  <testcase name="loadBrowser" classname="Script.AdvancedViewer_Script" time="0.093">
    <failure message="&apos;org.openqa.selenium.chrome.ChromeOptions org.openqa.selenium.chrome.ChromeOptions.addArguments(java.lang.String[])&apos;" type="java.lang.NoSuchMethodError">java.lang.NoSuchMethodError: 'org.openqa.selenium.chrome.ChromeOptions org.openqa.selenium.chrome.ChromeOptions.addArguments(java.lang.String[])'
	at Script.AdvancedViewer_Script.loadBrowser(AdvancedViewer_Script.java:22)
</failure>
  </testcase>
  <testcase name="Login" classname="Script.AdvancedViewer_Script" time="0">
    <skipped message="&apos;org.openqa.selenium.chrome.ChromeOptions org.openqa.selenium.chrome.ChromeOptions.addArguments(java.lang.String[])&apos;"/>
  </testcase>
  <testcase name="TestCase_1_AdvancedViewerOptionSelection" classname="Script.AdvancedViewer_Script" time="0">
    <skipped message="&apos;org.openqa.selenium.chrome.ChromeOptions org.openqa.selenium.chrome.ChromeOptions.addArguments(java.lang.String[])&apos;"/>
  </testcase>
  <testcase name="TestCase_2_AdvancedViewerWordDocument" classname="Script.AdvancedViewer_Script" time="0">
    <skipped message="&apos;org.openqa.selenium.chrome.ChromeOptions org.openqa.selenium.chrome.ChromeOptions.addArguments(java.lang.String[])&apos;"/>
  </testcase>
  <testcase name="TestCase_3_AdvancedViewerPDfDoc" classname="Script.AdvancedViewer_Script" time="0">
    <skipped message="&apos;org.openqa.selenium.chrome.ChromeOptions org.openqa.selenium.chrome.ChromeOptions.addArguments(java.lang.String[])&apos;"/>
  </testcase>
  <testcase name="TestCase_4_AdvancedViewerExcelFile" classname="Script.AdvancedViewer_Script" time="0">
    <skipped message="&apos;org.openqa.selenium.chrome.ChromeOptions org.openqa.selenium.chrome.ChromeOptions.addArguments(java.lang.String[])&apos;"/>
  </testcase>
  <testcase name="ladBrowser" classname="Script.SearchSelectDocumentLocation" time="0.064">
    <failure message="&apos;org.openqa.selenium.chrome.ChromeOptions org.openqa.selenium.chrome.ChromeOptions.addArguments(java.lang.String[])&apos;" type="java.lang.NoSuchMethodError">java.lang.NoSuchMethodError: 'org.openqa.selenium.chrome.ChromeOptions org.openqa.selenium.chrome.ChromeOptions.addArguments(java.lang.String[])'
	at Script.SearchSelectDocumentLocation.ladBrowser(SearchSelectDocumentLocation.java:48)
</failure>
  </testcase>
  <testcase name="Login" classname="Script.SearchSelectDocumentLocation" time="0">
    <skipped message="&apos;org.openqa.selenium.chrome.ChromeOptions org.openqa.selenium.chrome.ChromeOptions.addArguments(java.lang.String[])&apos;"/>
  </testcase>
  <testcase name="AppendToHit" classname="Script.SearchSelectDocumentLocation" time="0">
    <skipped message="&apos;org.openqa.selenium.chrome.ChromeOptions org.openqa.selenium.chrome.ChromeOptions.addArguments(java.lang.String[])&apos;"/>
  </testcase>
  <testcase name="Find_In_Hit_List" classname="Script.SearchSelectDocumentLocation" time="0">
    <skipped message="&apos;org.openqa.selenium.chrome.ChromeOptions org.openqa.selenium.chrome.ChromeOptions.addArguments(java.lang.String[])&apos;"/>
  </testcase>
  <testcase name="All_Version" classname="Script.SearchSelectDocumentLocation" time="0">
    <skipped message="&apos;org.openqa.selenium.chrome.ChromeOptions org.openqa.selenium.chrome.ChromeOptions.addArguments(java.lang.String[])&apos;"/>
  </testcase>
  <testcase name="Q_FolderSerchIcon" classname="Script.SearchSelectDocumentLocation" time="0">
    <skipped message="&apos;org.openqa.selenium.chrome.ChromeOptions org.openqa.selenium.chrome.ChromeOptions.addArguments(java.lang.String[])&apos;"/>
  </testcase>
  <testcase name="R_QuickSearch" classname="Script.SearchSelectDocumentLocation" time="0">
    <skipped message="&apos;org.openqa.selenium.chrome.ChromeOptions org.openqa.selenium.chrome.ChromeOptions.addArguments(java.lang.String[])&apos;"/>
  </testcase>
  <testcase name="S_DocumentSearch" classname="Script.SearchSelectDocumentLocation" time="0">
    <skipped message="&apos;org.openqa.selenium.chrome.ChromeOptions org.openqa.selenium.chrome.ChromeOptions.addArguments(java.lang.String[])&apos;"/>
  </testcase>
  <testcase name="CreateAndModifyDate" classname="Script.SearchSelectDocumentLocation" time="0">
    <skipped message="&apos;org.openqa.selenium.chrome.ChromeOptions org.openqa.selenium.chrome.ChromeOptions.addArguments(java.lang.String[])&apos;"/>
  </testcase>
  <testcase name="loadBrowser" classname="Script.Favorites" time="0.05">
    <failure message="&apos;org.openqa.selenium.chrome.ChromeOptions org.openqa.selenium.chrome.ChromeOptions.addArguments(java.lang.String[])&apos;" type="java.lang.NoSuchMethodError">java.lang.NoSuchMethodError: 'org.openqa.selenium.chrome.ChromeOptions org.openqa.selenium.chrome.ChromeOptions.addArguments(java.lang.String[])'
	at Script.Favorites.loadBrowser(Favorites.java:22)
</failure>
  </testcase>
  <testcase name="Login" classname="Script.Favorites" time="0">
    <skipped message="&apos;org.openqa.selenium.chrome.ChromeOptions org.openqa.selenium.chrome.ChromeOptions.addArguments(java.lang.String[])&apos;"/>
  </testcase>
  <testcase name="TC_1_FavoriteInUserLevel" classname="Script.Favorites" time="0">
    <skipped message="&apos;org.openqa.selenium.chrome.ChromeOptions org.openqa.selenium.chrome.ChromeOptions.addArguments(java.lang.String[])&apos;"/>
  </testcase>
  <testcase name="TC_2_FavoriteInSystemLevel" classname="Script.Favorites" time="0">
    <skipped message="&apos;org.openqa.selenium.chrome.ChromeOptions org.openqa.selenium.chrome.ChromeOptions.addArguments(java.lang.String[])&apos;"/>
  </testcase>
  <testcase name="ladBrowser" classname="Script.DashBoardScript" time="0.05">
    <failure message="&apos;org.openqa.selenium.chrome.ChromeOptions org.openqa.selenium.chrome.ChromeOptions.addArguments(java.lang.String[])&apos;" type="java.lang.NoSuchMethodError">java.lang.NoSuchMethodError: 'org.openqa.selenium.chrome.ChromeOptions org.openqa.selenium.chrome.ChromeOptions.addArguments(java.lang.String[])'
	at Script.DashBoardScript.ladBrowser(DashBoardScript.java:21)
</failure>
  </testcase>
  <testcase name="Login" classname="Script.DashBoardScript" time="0">
    <skipped message="&apos;org.openqa.selenium.chrome.ChromeOptions org.openqa.selenium.chrome.ChromeOptions.addArguments(java.lang.String[])&apos;"/>
  </testcase>
  <testcase name="TC_1_SearchIconDashBoardFunctionality" classname="Script.DashBoardScript" time="0">
    <skipped message="&apos;org.openqa.selenium.chrome.ChromeOptions org.openqa.selenium.chrome.ChromeOptions.addArguments(java.lang.String[])&apos;"/>
  </testcase>
  <testcase name="TC_2_NotifiactionIconDashBoardFunctionality" classname="Script.DashBoardScript" time="0">
    <skipped message="&apos;org.openqa.selenium.chrome.ChromeOptions org.openqa.selenium.chrome.ChromeOptions.addArguments(java.lang.String[])&apos;"/>
  </testcase>
  <testcase name="TodoListWFDetailsDashBoardFunctionality" classname="Script.DashBoardScript" time="0">
    <skipped message="&apos;org.openqa.selenium.chrome.ChromeOptions org.openqa.selenium.chrome.ChromeOptions.addArguments(java.lang.String[])&apos;"/>
  </testcase>
  <testcase name="TC_4_CreateNewDocumentFromDB" classname="Script.DashBoardScript" time="0">
    <skipped message="&apos;org.openqa.selenium.chrome.ChromeOptions org.openqa.selenium.chrome.ChromeOptions.addArguments(java.lang.String[])&apos;"/>
  </testcase>
  <testcase name="TC_5_Contentverse_Document_Report" classname="Script.DashBoardScript" time="0">
    <skipped message="&apos;org.openqa.selenium.chrome.ChromeOptions org.openqa.selenium.chrome.ChromeOptions.addArguments(java.lang.String[])&apos;"/>
  </testcase>
  <testcase name="TC_6_Contentverse_WrokflowStatus_Report" classname="Script.DashBoardScript" time="0">
    <skipped message="&apos;org.openqa.selenium.chrome.ChromeOptions org.openqa.selenium.chrome.ChromeOptions.addArguments(java.lang.String[])&apos;"/>
  </testcase>
  <testcase name="TC_7_Contentverse_RejectDocumentInWFReport_Report" classname="Script.DashBoardScript" time="0">
    <skipped message="&apos;org.openqa.selenium.chrome.ChromeOptions org.openqa.selenium.chrome.ChromeOptions.addArguments(java.lang.String[])&apos;"/>
  </testcase>
  <testcase name="TC_8_logoutFromDB" classname="Script.DashBoardScript" time="0">
    <skipped message="&apos;org.openqa.selenium.chrome.ChromeOptions org.openqa.selenium.chrome.ChromeOptions.addArguments(java.lang.String[])&apos;"/>
  </testcase>
  <testcase name="ladBrowser" classname="Script.SecureLink" time="0.055">
    <failure message="&apos;org.openqa.selenium.chrome.ChromeOptions org.openqa.selenium.chrome.ChromeOptions.addArguments(java.lang.String[])&apos;" type="java.lang.NoSuchMethodError">java.lang.NoSuchMethodError: 'org.openqa.selenium.chrome.ChromeOptions org.openqa.selenium.chrome.ChromeOptions.addArguments(java.lang.String[])'
	at Script.SecureLink.ladBrowser(SecureLink.java:26)
</failure>
  </testcase>
  <testcase name="Login" classname="Script.SecureLink" time="0">
    <skipped message="&apos;org.openqa.selenium.chrome.ChromeOptions org.openqa.selenium.chrome.ChromeOptions.addArguments(java.lang.String[])&apos;"/>
  </testcase>
  <testcase name="TC_1_DocumentSendToSecureLink" classname="Script.SecureLink" time="0">
    <skipped message="&apos;org.openqa.selenium.chrome.ChromeOptions org.openqa.selenium.chrome.ChromeOptions.addArguments(java.lang.String[])&apos;"/>
  </testcase>
  <testcase name="TC_2_SecureLinkFromSearchTab" classname="Script.SecureLink" time="0">
    <skipped message="&apos;org.openqa.selenium.chrome.ChromeOptions org.openqa.selenium.chrome.ChromeOptions.addArguments(java.lang.String[])&apos;"/>
  </testcase>
  <testcase name="TC_3_SecureLinkFromDocumentList" classname="Script.SecureLink" time="0">
    <skipped message="&apos;org.openqa.selenium.chrome.ChromeOptions org.openqa.selenium.chrome.ChromeOptions.addArguments(java.lang.String[])&apos;"/>
  </testcase>
  <testcase name="TC_4_SentDocumentToView" classname="Script.SecureLink" time="0">
    <skipped message="&apos;org.openqa.selenium.chrome.ChromeOptions org.openqa.selenium.chrome.ChromeOptions.addArguments(java.lang.String[])&apos;"/>
  </testcase>
  <testcase name="ladBrowser" classname="Script.SendToMail" time="0.051">
    <failure message="&apos;org.openqa.selenium.chrome.ChromeOptions org.openqa.selenium.chrome.ChromeOptions.addArguments(java.lang.String[])&apos;" type="java.lang.NoSuchMethodError">java.lang.NoSuchMethodError: 'org.openqa.selenium.chrome.ChromeOptions org.openqa.selenium.chrome.ChromeOptions.addArguments(java.lang.String[])'
	at Script.SendToMail.ladBrowser(SendToMail.java:27)
</failure>
  </testcase>
  <testcase name="Login" classname="Script.SendToMail" time="0">
    <skipped message="&apos;org.openqa.selenium.chrome.ChromeOptions org.openqa.selenium.chrome.ChromeOptions.addArguments(java.lang.String[])&apos;"/>
  </testcase>
  <testcase name="TC_A_Email_Reference" classname="Script.SendToMail" time="0">
    <skipped message="&apos;org.openqa.selenium.chrome.ChromeOptions org.openqa.selenium.chrome.ChromeOptions.addArguments(java.lang.String[])&apos;"/>
  </testcase>
  <testcase name="TC_B_Email_Copy_WithMsgBox_SubjectBox" classname="Script.SendToMail" time="0">
    <skipped message="&apos;org.openqa.selenium.chrome.ChromeOptions org.openqa.selenium.chrome.ChromeOptions.addArguments(java.lang.String[])&apos;"/>
  </testcase>
  <testcase name="TC_C_Email_ConvertPDF_WithAll_Annotations" classname="Script.SendToMail" time="0">
    <skipped message="&apos;org.openqa.selenium.chrome.ChromeOptions org.openqa.selenium.chrome.ChromeOptions.addArguments(java.lang.String[])&apos;"/>
  </testcase>
  <testcase name="ladBrowser" classname="Script.PrintFunctionality" time="0.045">
    <failure message="&apos;org.openqa.selenium.chrome.ChromeOptions org.openqa.selenium.chrome.ChromeOptions.addArguments(java.lang.String[])&apos;" type="java.lang.NoSuchMethodError">java.lang.NoSuchMethodError: 'org.openqa.selenium.chrome.ChromeOptions org.openqa.selenium.chrome.ChromeOptions.addArguments(java.lang.String[])'
	at Script.PrintFunctionality.ladBrowser(PrintFunctionality.java:44)
</failure>
  </testcase>
  <testcase name="Login" classname="Script.PrintFunctionality" time="0">
    <skipped message="&apos;org.openqa.selenium.chrome.ChromeOptions org.openqa.selenium.chrome.ChromeOptions.addArguments(java.lang.String[])&apos;"/>
  </testcase>
  <testcase name="PrintWithcertifiedCoverPageUnlockRedaction" classname="Script.PrintFunctionality" time="0">
    <skipped message="&apos;org.openqa.selenium.chrome.ChromeOptions org.openqa.selenium.chrome.ChromeOptions.addArguments(java.lang.String[])&apos;"/>
  </testcase>
  <testcase name="loadBrowser" classname="Script.SendToExport" time="0.044">
    <failure message="&apos;org.openqa.selenium.chrome.ChromeOptions org.openqa.selenium.chrome.ChromeOptions.addArguments(java.lang.String[])&apos;" type="java.lang.NoSuchMethodError">java.lang.NoSuchMethodError: 'org.openqa.selenium.chrome.ChromeOptions org.openqa.selenium.chrome.ChromeOptions.addArguments(java.lang.String[])'
	at Script.SendToExport.loadBrowser(SendToExport.java:24)
</failure>
  </testcase>
  <testcase name="Login" classname="Script.SendToExport" time="0">
    <skipped message="&apos;org.openqa.selenium.chrome.ChromeOptions org.openqa.selenium.chrome.ChromeOptions.addArguments(java.lang.String[])&apos;"/>
  </testcase>
  <testcase name="TC_1_ExportBlankDocumenList" classname="Script.SendToExport" time="0">
    <skipped message="&apos;org.openqa.selenium.chrome.ChromeOptions org.openqa.selenium.chrome.ChromeOptions.addArguments(java.lang.String[])&apos;"/>
  </testcase>
  <testcase name="TC_2_ExportDocumenList" classname="Script.SendToExport" time="0">
    <skipped message="&apos;org.openqa.selenium.chrome.ChromeOptions org.openqa.selenium.chrome.ChromeOptions.addArguments(java.lang.String[])&apos;"/>
  </testcase>
  <testcase name="TC_3_ExportingBlankSearchList" classname="Script.SendToExport" time="0">
    <skipped message="&apos;org.openqa.selenium.chrome.ChromeOptions org.openqa.selenium.chrome.ChromeOptions.addArguments(java.lang.String[])&apos;"/>
  </testcase>
  <testcase name="TC_4_exports_with_convert_to_pdf_and_best_quality" classname="Script.SendToExport" time="0">
    <skipped message="&apos;org.openqa.selenium.chrome.ChromeOptions org.openqa.selenium.chrome.ChromeOptions.addArguments(java.lang.String[])&apos;"/>
  </testcase>
  <testcase name="TC_5_exports_with_Retain" classname="Script.SendToExport" time="0">
    <skipped message="&apos;org.openqa.selenium.chrome.ChromeOptions org.openqa.selenium.chrome.ChromeOptions.addArguments(java.lang.String[])&apos;"/>
  </testcase>
  <testcase name="TC_6_exports_with_convert_to_pdf_with_passwords" classname="Script.SendToExport" time="0">
    <skipped message="&apos;org.openqa.selenium.chrome.ChromeOptions org.openqa.selenium.chrome.ChromeOptions.addArguments(java.lang.String[])&apos;"/>
  </testcase>
  <testcase name="TC_7_exports_with_convert_to_pdf_and_include_workflow_summary" classname="Script.SendToExport" time="0">
    <skipped message="&apos;org.openqa.selenium.chrome.ChromeOptions org.openqa.selenium.chrome.ChromeOptions.addArguments(java.lang.String[])&apos;"/>
  </testcase>
  <testcase name="TC_8_DisbaledExport" classname="Script.SendToExport" time="0">
    <skipped message="&apos;org.openqa.selenium.chrome.ChromeOptions org.openqa.selenium.chrome.ChromeOptions.addArguments(java.lang.String[])&apos;"/>
  </testcase>
  <testcase name="ladBrowser" classname="Script.SecureLink_Negative_Scenerio" time="0.048">
    <failure message="&apos;org.openqa.selenium.chrome.ChromeOptions org.openqa.selenium.chrome.ChromeOptions.addArguments(java.lang.String[])&apos;" type="java.lang.NoSuchMethodError">java.lang.NoSuchMethodError: 'org.openqa.selenium.chrome.ChromeOptions org.openqa.selenium.chrome.ChromeOptions.addArguments(java.lang.String[])'
	at Script.SecureLink_Negative_Scenerio.ladBrowser(SecureLink_Negative_Scenerio.java:24)
</failure>
  </testcase>
  <testcase name="Login" classname="Script.SecureLink_Negative_Scenerio" time="0">
    <skipped message="&apos;org.openqa.selenium.chrome.ChromeOptions org.openqa.selenium.chrome.ChromeOptions.addArguments(java.lang.String[])&apos;"/>
  </testcase>
  <testcase name="TC_1_SecureLinkInvalidRecepient_Mail_ID_ValidConfirm_Mail" classname="Script.SecureLink_Negative_Scenerio" time="0">
    <skipped message="&apos;org.openqa.selenium.chrome.ChromeOptions org.openqa.selenium.chrome.ChromeOptions.addArguments(java.lang.String[])&apos;"/>
  </testcase>
  <testcase name="TC_2_SendToSecureLinkwithout_Email_ID_BlankTest" classname="Script.SecureLink_Negative_Scenerio" time="0">
    <skipped message="&apos;org.openqa.selenium.chrome.ChromeOptions org.openqa.selenium.chrome.ChromeOptions.addArguments(java.lang.String[])&apos;"/>
  </testcase>
  <testcase name="TC_3_SecLinkReceipientDailogBoxInvalid_Email_ID" classname="Script.SecureLink_Negative_Scenerio" time="0">
    <skipped message="&apos;org.openqa.selenium.chrome.ChromeOptions org.openqa.selenium.chrome.ChromeOptions.addArguments(java.lang.String[])&apos;"/>
  </testcase>
  <testcase name="TC_4_SecLinkReceipientMailBlank" classname="Script.SecureLink_Negative_Scenerio" time="0">
    <skipped message="&apos;org.openqa.selenium.chrome.ChromeOptions org.openqa.selenium.chrome.ChromeOptions.addArguments(java.lang.String[])&apos;"/>
  </testcase>
  <testcase name="loadBrowser" classname="Script.NewDocumentNegativeScenerio" time="0.056">
    <failure message="&apos;org.openqa.selenium.chrome.ChromeOptions org.openqa.selenium.chrome.ChromeOptions.addArguments(java.lang.String[])&apos;" type="java.lang.NoSuchMethodError">java.lang.NoSuchMethodError: 'org.openqa.selenium.chrome.ChromeOptions org.openqa.selenium.chrome.ChromeOptions.addArguments(java.lang.String[])'
	at Script.NewDocumentNegativeScenerio.loadBrowser(NewDocumentNegativeScenerio.java:18)
</failure>
  </testcase>
  <testcase name="Login" classname="Script.NewDocumentNegativeScenerio" time="0">
    <skipped message="&apos;org.openqa.selenium.chrome.ChromeOptions org.openqa.selenium.chrome.ChromeOptions.addArguments(java.lang.String[])&apos;"/>
  </testcase>
  <testcase name="CreateNewDocumentWithoutFolder" classname="Script.NewDocumentNegativeScenerio" time="0">
    <skipped message="&apos;org.openqa.selenium.chrome.ChromeOptions org.openqa.selenium.chrome.ChromeOptions.addArguments(java.lang.String[])&apos;"/>
  </testcase>
  <testcase name="CreateNewDocWithoutDocumentType" classname="Script.NewDocumentNegativeScenerio" time="0">
    <skipped message="&apos;org.openqa.selenium.chrome.ChromeOptions org.openqa.selenium.chrome.ChromeOptions.addArguments(java.lang.String[])&apos;"/>
  </testcase>
  <testcase name="NewDocWithoutFileName" classname="Script.NewDocumentNegativeScenerio" time="0">
    <skipped message="&apos;org.openqa.selenium.chrome.ChromeOptions org.openqa.selenium.chrome.ChromeOptions.addArguments(java.lang.String[])&apos;"/>
  </testcase>
  <testcase name="ladBrowser" classname="Script.NegativeScenarioAdvancedView" time="0.063">
    <failure message="&apos;org.openqa.selenium.chrome.ChromeOptions org.openqa.selenium.chrome.ChromeOptions.addArguments(java.lang.String[])&apos;" type="java.lang.NoSuchMethodError">java.lang.NoSuchMethodError: 'org.openqa.selenium.chrome.ChromeOptions org.openqa.selenium.chrome.ChromeOptions.addArguments(java.lang.String[])'
	at Script.NegativeScenarioAdvancedView.ladBrowser(NegativeScenarioAdvancedView.java:19)
</failure>
  </testcase>
  <testcase name="Login" classname="Script.NegativeScenarioAdvancedView" time="0">
    <skipped message="&apos;org.openqa.selenium.chrome.ChromeOptions org.openqa.selenium.chrome.ChromeOptions.addArguments(java.lang.String[])&apos;"/>
  </testcase>
  <testcase name="TC_1_AdvancedViewerOptionSelection" classname="Script.NegativeScenarioAdvancedView" time="0">
    <skipped message="&apos;org.openqa.selenium.chrome.ChromeOptions org.openqa.selenium.chrome.ChromeOptions.addArguments(java.lang.String[])&apos;"/>
  </testcase>
  <testcase name="TC_2_AdvancedViewPDFDocNegativeScript" classname="Script.NegativeScenarioAdvancedView" time="0">
    <skipped message="&apos;org.openqa.selenium.chrome.ChromeOptions org.openqa.selenium.chrome.ChromeOptions.addArguments(java.lang.String[])&apos;"/>
  </testcase>
  <testcase name="loadBrowser" classname="Script.Print_Email_Export_Negative_Scenerio" time="0.045">
    <failure message="&apos;org.openqa.selenium.chrome.ChromeOptions org.openqa.selenium.chrome.ChromeOptions.addArguments(java.lang.String[])&apos;" type="java.lang.NoSuchMethodError">java.lang.NoSuchMethodError: 'org.openqa.selenium.chrome.ChromeOptions org.openqa.selenium.chrome.ChromeOptions.addArguments(java.lang.String[])'
	at Script.Print_Email_Export_Negative_Scenerio.loadBrowser(Print_Email_Export_Negative_Scenerio.java:27)
</failure>
  </testcase>
  <testcase name="Login" classname="Script.Print_Email_Export_Negative_Scenerio" time="0">
    <skipped message="&apos;org.openqa.selenium.chrome.ChromeOptions org.openqa.selenium.chrome.ChromeOptions.addArguments(java.lang.String[])&apos;"/>
  </testcase>
  <testcase name="TC_1_Email_Print_Export_Negative_Script" classname="Script.Print_Email_Export_Negative_Scenerio" time="0">
    <skipped message="&apos;org.openqa.selenium.chrome.ChromeOptions org.openqa.selenium.chrome.ChromeOptions.addArguments(java.lang.String[])&apos;"/>
  </testcase>
  <testcase name="loadBrowser" classname="Script.LargeFiles_AutomationTesting" time="0.044">
    <failure message="&apos;org.openqa.selenium.chrome.ChromeOptions org.openqa.selenium.chrome.ChromeOptions.addArguments(java.lang.String[])&apos;" type="java.lang.NoSuchMethodError">java.lang.NoSuchMethodError: 'org.openqa.selenium.chrome.ChromeOptions org.openqa.selenium.chrome.ChromeOptions.addArguments(java.lang.String[])'
	at Script.LargeFiles_AutomationTesting.loadBrowser(LargeFiles_AutomationTesting.java:28)
</failure>
  </testcase>
  <testcase name="Login" classname="Script.LargeFiles_AutomationTesting" time="0">
    <skipped message="&apos;org.openqa.selenium.chrome.ChromeOptions org.openqa.selenium.chrome.ChromeOptions.addArguments(java.lang.String[])&apos;"/>
  </testcase>
  <testcase name="TC_1_Upload_and_verify_Large_PDF_file" classname="Script.LargeFiles_AutomationTesting" time="0">
    <skipped message="&apos;org.openqa.selenium.chrome.ChromeOptions org.openqa.selenium.chrome.ChromeOptions.addArguments(java.lang.String[])&apos;"/>
  </testcase>
  <testcase name="TC_2_Upload_and_verify_Large_TIFF_file" classname="Script.LargeFiles_AutomationTesting" time="0">
    <skipped message="&apos;org.openqa.selenium.chrome.ChromeOptions org.openqa.selenium.chrome.ChromeOptions.addArguments(java.lang.String[])&apos;"/>
  </testcase>
  <testcase name="TC_3_Upload_and_verify_Large_DOCX_file" classname="Script.LargeFiles_AutomationTesting" time="0">
    <skipped message="&apos;org.openqa.selenium.chrome.ChromeOptions org.openqa.selenium.chrome.ChromeOptions.addArguments(java.lang.String[])&apos;"/>
  </testcase>
  <testcase name="TC_4_Upload_and_verify_Large_XLSX_file" classname="Script.LargeFiles_AutomationTesting" time="0">
    <skipped message="&apos;org.openqa.selenium.chrome.ChromeOptions org.openqa.selenium.chrome.ChromeOptions.addArguments(java.lang.String[])&apos;"/>
  </testcase>
  <testcase name="ladBrowser" classname="Script.Thumbnail_MicroSoft_FabBTN" time="0.046">
    <failure message="&apos;org.openqa.selenium.chrome.ChromeOptions org.openqa.selenium.chrome.ChromeOptions.addArguments(java.lang.String[])&apos;" type="java.lang.NoSuchMethodError">java.lang.NoSuchMethodError: 'org.openqa.selenium.chrome.ChromeOptions org.openqa.selenium.chrome.ChromeOptions.addArguments(java.lang.String[])'
	at Script.Thumbnail_MicroSoft_FabBTN.ladBrowser(Thumbnail_MicroSoft_FabBTN.java:22)
</failure>
  </testcase>
  <testcase name="Login" classname="Script.Thumbnail_MicroSoft_FabBTN" time="0">
    <skipped message="&apos;org.openqa.selenium.chrome.ChromeOptions org.openqa.selenium.chrome.ChromeOptions.addArguments(java.lang.String[])&apos;"/>
  </testcase>
  <testcase name="TC_1_ShowThumbnail" classname="Script.Thumbnail_MicroSoft_FabBTN" time="0">
    <skipped message="&apos;org.openqa.selenium.chrome.ChromeOptions org.openqa.selenium.chrome.ChromeOptions.addArguments(java.lang.String[])&apos;"/>
  </testcase>
  <testcase name="TC_2_Create_document_saveDoc" classname="Script.Thumbnail_MicroSoft_FabBTN" time="0">
    <skipped message="&apos;org.openqa.selenium.chrome.ChromeOptions org.openqa.selenium.chrome.ChromeOptions.addArguments(java.lang.String[])&apos;"/>
  </testcase>
  <testcase name="TC_3_Upload_Document_fabBTN" classname="Script.Thumbnail_MicroSoft_FabBTN" time="0">
    <skipped message="&apos;org.openqa.selenium.chrome.ChromeOptions org.openqa.selenium.chrome.ChromeOptions.addArguments(java.lang.String[])&apos;"/>
  </testcase>
  <testcase name="TC_4_View_Document_fullScreen" classname="Script.Thumbnail_MicroSoft_FabBTN" time="0">
    <skipped message="&apos;org.openqa.selenium.chrome.ChromeOptions org.openqa.selenium.chrome.ChromeOptions.addArguments(java.lang.String[])&apos;"/>
  </testcase>
  <testcase name="TC_5_View_Document_Delete" classname="Script.Thumbnail_MicroSoft_FabBTN" time="0">
    <skipped message="&apos;org.openqa.selenium.chrome.ChromeOptions org.openqa.selenium.chrome.ChromeOptions.addArguments(java.lang.String[])&apos;"/>
  </testcase>
  <testcase name="ladBrowser" classname="Script.RegisterStamp__Advanced_Viewing" time="0.044">
    <failure message="&apos;org.openqa.selenium.chrome.ChromeOptions org.openqa.selenium.chrome.ChromeOptions.addArguments(java.lang.String[])&apos;" type="java.lang.NoSuchMethodError">java.lang.NoSuchMethodError: 'org.openqa.selenium.chrome.ChromeOptions org.openqa.selenium.chrome.ChromeOptions.addArguments(java.lang.String[])'
	at Script.RegisterStamp__Advanced_Viewing.ladBrowser(RegisterStamp__Advanced_Viewing.java:20)
</failure>
  </testcase>
  <testcase name="Login" classname="Script.RegisterStamp__Advanced_Viewing" time="0">
    <skipped message="&apos;org.openqa.selenium.chrome.ChromeOptions org.openqa.selenium.chrome.ChromeOptions.addArguments(java.lang.String[])&apos;"/>
  </testcase>
  <testcase name="TC_A_Advanced_View" classname="Script.RegisterStamp__Advanced_Viewing" time="0">
    <skipped message="&apos;org.openqa.selenium.chrome.ChromeOptions org.openqa.selenium.chrome.ChromeOptions.addArguments(java.lang.String[])&apos;"/>
  </testcase>
  <testcase name="TestCase_2_Add_Stamp_SignHere" classname="Script.RegisterStamp__Advanced_Viewing" time="0">
    <skipped message="&apos;org.openqa.selenium.chrome.ChromeOptions org.openqa.selenium.chrome.ChromeOptions.addArguments(java.lang.String[])&apos;"/>
  </testcase>
  <testcase name="TestCase_3_Dynamic_Stamp" classname="Script.RegisterStamp__Advanced_Viewing" time="0">
    <skipped message="&apos;org.openqa.selenium.chrome.ChromeOptions org.openqa.selenium.chrome.ChromeOptions.addArguments(java.lang.String[])&apos;"/>
  </testcase>
  <testcase name="TestCase_4_Standard_Stamp" classname="Script.RegisterStamp__Advanced_Viewing" time="0">
    <skipped message="&apos;org.openqa.selenium.chrome.ChromeOptions org.openqa.selenium.chrome.ChromeOptions.addArguments(java.lang.String[])&apos;"/>
  </testcase>
  <testcase name="TestCase_5_Custom_Stamp" classname="Script.RegisterStamp__Advanced_Viewing" time="0">
    <skipped message="&apos;org.openqa.selenium.chrome.ChromeOptions org.openqa.selenium.chrome.ChromeOptions.addArguments(java.lang.String[])&apos;"/>
  </testcase>
  <testcase name="loadBrowser" classname="Script.RoomContextFunction_TakeOwnerShip_ReleaseOwnerShip" time="0.062">
    <failure message="&apos;org.openqa.selenium.chrome.ChromeOptions org.openqa.selenium.chrome.ChromeOptions.addArguments(java.lang.String[])&apos;" type="java.lang.NoSuchMethodError">java.lang.NoSuchMethodError: 'org.openqa.selenium.chrome.ChromeOptions org.openqa.selenium.chrome.ChromeOptions.addArguments(java.lang.String[])'
	at Script.RoomContextFunction_TakeOwnerShip_ReleaseOwnerShip.loadBrowser(RoomContextFunction_TakeOwnerShip_ReleaseOwnerShip.java:23)
</failure>
  </testcase>
  <testcase name="Login" classname="Script.RoomContextFunction_TakeOwnerShip_ReleaseOwnerShip" time="0">
    <skipped message="&apos;org.openqa.selenium.chrome.ChromeOptions org.openqa.selenium.chrome.ChromeOptions.addArguments(java.lang.String[])&apos;"/>
  </testcase>
  <testcase name="TC_01_ChangeNavigation" classname="Script.RoomContextFunction_TakeOwnerShip_ReleaseOwnerShip" time="0">
    <skipped message="&apos;org.openqa.selenium.chrome.ChromeOptions org.openqa.selenium.chrome.ChromeOptions.addArguments(java.lang.String[])&apos;"/>
  </testcase>
  <testcase name="TC_02_Checking_Cabinet_SecurityPermission" classname="Script.RoomContextFunction_TakeOwnerShip_ReleaseOwnerShip" time="0">
    <skipped message="&apos;org.openqa.selenium.chrome.ChromeOptions org.openqa.selenium.chrome.ChromeOptions.addArguments(java.lang.String[])&apos;"/>
  </testcase>
  <testcase name="TC_03_TakeOwnerShip" classname="Script.RoomContextFunction_TakeOwnerShip_ReleaseOwnerShip" time="0">
    <skipped message="&apos;org.openqa.selenium.chrome.ChromeOptions org.openqa.selenium.chrome.ChromeOptions.addArguments(java.lang.String[])&apos;"/>
  </testcase>
  <testcase name="TC_04_ReleaseOwnerShip" classname="Script.RoomContextFunction_TakeOwnerShip_ReleaseOwnerShip" time="0">
    <skipped message="&apos;org.openqa.selenium.chrome.ChromeOptions org.openqa.selenium.chrome.ChromeOptions.addArguments(java.lang.String[])&apos;"/>
  </testcase>
  <testcase name="loadBrowser" classname="Script.RoomContextMenu_CopyPaste" time="0.051">
    <failure message="&apos;org.openqa.selenium.chrome.ChromeOptions org.openqa.selenium.chrome.ChromeOptions.addArguments(java.lang.String[])&apos;" type="java.lang.NoSuchMethodError">java.lang.NoSuchMethodError: 'org.openqa.selenium.chrome.ChromeOptions org.openqa.selenium.chrome.ChromeOptions.addArguments(java.lang.String[])'
	at Script.RoomContextMenu_CopyPaste.loadBrowser(RoomContextMenu_CopyPaste.java:20)
</failure>
  </testcase>
  <testcase name="Login" classname="Script.RoomContextMenu_CopyPaste" time="0">
    <skipped message="&apos;org.openqa.selenium.chrome.ChromeOptions org.openqa.selenium.chrome.ChromeOptions.addArguments(java.lang.String[])&apos;"/>
  </testcase>
  <testcase name="RoomContextMenu_CopyAndPasteDrawerLevel" classname="Script.RoomContextMenu_CopyPaste" time="0">
    <skipped message="&apos;org.openqa.selenium.chrome.ChromeOptions org.openqa.selenium.chrome.ChromeOptions.addArguments(java.lang.String[])&apos;"/>
  </testcase>
  <testcase name="loadBrowser" classname="Script.RoomContextMenu_Notification" time="0.046">
    <failure message="&apos;org.openqa.selenium.chrome.ChromeOptions org.openqa.selenium.chrome.ChromeOptions.addArguments(java.lang.String[])&apos;" type="java.lang.NoSuchMethodError">java.lang.NoSuchMethodError: 'org.openqa.selenium.chrome.ChromeOptions org.openqa.selenium.chrome.ChromeOptions.addArguments(java.lang.String[])'
	at Script.RoomContextMenu_Notification.loadBrowser(RoomContextMenu_Notification.java:19)
</failure>
  </testcase>
  <testcase name="Login" classname="Script.RoomContextMenu_Notification" time="0">
    <skipped message="&apos;org.openqa.selenium.chrome.ChromeOptions org.openqa.selenium.chrome.ChromeOptions.addArguments(java.lang.String[])&apos;"/>
  </testcase>
  <testcase name="TC_08_NotificationFunction" classname="Script.RoomContextMenu_Notification" time="0">
    <skipped message="&apos;org.openqa.selenium.chrome.ChromeOptions org.openqa.selenium.chrome.ChromeOptions.addArguments(java.lang.String[])&apos;"/>
  </testcase>
  <testcase name="loadBrowser" classname="Script.RMC_NodeProperties" time="0.041">
    <failure message="&apos;org.openqa.selenium.chrome.ChromeOptions org.openqa.selenium.chrome.ChromeOptions.addArguments(java.lang.String[])&apos;" type="java.lang.NoSuchMethodError">java.lang.NoSuchMethodError: 'org.openqa.selenium.chrome.ChromeOptions org.openqa.selenium.chrome.ChromeOptions.addArguments(java.lang.String[])'
	at Script.RMC_NodeProperties.loadBrowser(RMC_NodeProperties.java:19)
</failure>
  </testcase>
  <testcase name="Login" classname="Script.RMC_NodeProperties" time="0">
    <skipped message="&apos;org.openqa.selenium.chrome.ChromeOptions org.openqa.selenium.chrome.ChromeOptions.addArguments(java.lang.String[])&apos;"/>
  </testcase>
  <testcase name="RoomContextMenu_NodeProperties" classname="Script.RMC_NodeProperties" time="0">
    <skipped message="&apos;org.openqa.selenium.chrome.ChromeOptions org.openqa.selenium.chrome.ChromeOptions.addArguments(java.lang.String[])&apos;"/>
  </testcase>
  <testcase name="loadBrowser" classname="Script.RMC_Custom_Document_Types" time="0.043">
    <failure message="&apos;org.openqa.selenium.chrome.ChromeOptions org.openqa.selenium.chrome.ChromeOptions.addArguments(java.lang.String[])&apos;" type="java.lang.NoSuchMethodError">java.lang.NoSuchMethodError: 'org.openqa.selenium.chrome.ChromeOptions org.openqa.selenium.chrome.ChromeOptions.addArguments(java.lang.String[])'
	at Script.RMC_Custom_Document_Types.loadBrowser(RMC_Custom_Document_Types.java:19)
</failure>
  </testcase>
  <testcase name="Login" classname="Script.RMC_Custom_Document_Types" time="0">
    <skipped message="&apos;org.openqa.selenium.chrome.ChromeOptions org.openqa.selenium.chrome.ChromeOptions.addArguments(java.lang.String[])&apos;"/>
  </testcase>
  <testcase name="TC_1_CustomDocumentTypes" classname="Script.RMC_Custom_Document_Types" time="0">
    <skipped message="&apos;org.openqa.selenium.chrome.ChromeOptions org.openqa.selenium.chrome.ChromeOptions.addArguments(java.lang.String[])&apos;"/>
  </testcase>
  <testcase name="TC_1_Login" classname="Script.UnsupportedFiles" time="40.051"/>
  <testcase name="TC_2_CreateDocumentWithUnsupportedFiles" classname="Script.UnsupportedFiles" time="0">
    <skipped message="&apos;void org.openqa.selenium.support.PageFactory.initElements(org.openqa.selenium.WebDriver, java.lang.Object)&apos;"/>
  </testcase>
  <testcase name="TC_2_CreateDocumentWithUnsupportedFiles" classname="Script.UnsupportedFiles" time="0">
    <skipped message="&apos;void org.openqa.selenium.support.PageFactory.initElements(org.openqa.selenium.WebDriver, java.lang.Object)&apos;"/>
  </testcase>
  <testcase name="TC_2_CreateDocumentWithUnsupportedFiles" classname="Script.UnsupportedFiles" time="0">
    <skipped message="&apos;void org.openqa.selenium.support.PageFactory.initElements(org.openqa.selenium.WebDriver, java.lang.Object)&apos;"/>
  </testcase>
  <testcase name="TC_2_CreateDocumentWithUnsupportedFiles" classname="Script.UnsupportedFiles" time="0.001">
    <failure message="&apos;void org.openqa.selenium.support.PageFactory.initElements(org.openqa.selenium.WebDriver, java.lang.Object)&apos;" type="java.lang.NoSuchMethodError">java.lang.NoSuchMethodError: 'void org.openqa.selenium.support.PageFactory.initElements(org.openqa.selenium.WebDriver, java.lang.Object)'
	at Script.UnsupportedFiles.TC_2_CreateDocumentWithUnsupportedFiles(UnsupportedFiles.java:46)
</failure>
  </testcase>
  <testcase name="TC_3_Verify_UnsupportedFiles_Download_Offline" classname="Script.UnsupportedFiles" time="0">
    <skipped message="&apos;void org.openqa.selenium.support.PageFactory.initElements(org.openqa.selenium.WebDriver, java.lang.Object)&apos;"/>
  </testcase>
  <testcase name="TC_3_Verify_UnsupportedFiles_Download_Offline" classname="Script.UnsupportedFiles" time="0">
    <skipped message="&apos;void org.openqa.selenium.support.PageFactory.initElements(org.openqa.selenium.WebDriver, java.lang.Object)&apos;"/>
  </testcase>
  <testcase name="TC_3_Verify_UnsupportedFiles_Download_Offline" classname="Script.UnsupportedFiles" time="0">
    <skipped message="&apos;void org.openqa.selenium.support.PageFactory.initElements(org.openqa.selenium.WebDriver, java.lang.Object)&apos;"/>
  </testcase>
  <testcase name="TC_3_Verify_UnsupportedFiles_Download_Offline" classname="Script.UnsupportedFiles" time="0.001">
    <failure message="&apos;void org.openqa.selenium.support.PageFactory.initElements(org.openqa.selenium.WebDriver, java.lang.Object)&apos;" type="java.lang.NoSuchMethodError">java.lang.NoSuchMethodError: 'void org.openqa.selenium.support.PageFactory.initElements(org.openqa.selenium.WebDriver, java.lang.Object)'
	at Script.UnsupportedFiles.TC_3_Verify_UnsupportedFiles_Download_Offline(UnsupportedFiles.java:55)
</failure>
  </testcase>
</testsuite>