<?xml version="1.0" encoding="UTF-8"?>
<!-- Generated by org.testng.reporters.JUnitXMLReporter -->
<testsuite hostname="CIPLWKT014" ignored="0" name="Test19" tests="14" failures="1" timestamp="03 Jul 2024 13:56:47 GMT" time="1686.16" errors="0">
  <testcase name="Login_EWA" time="55.671" classname="Script.Negative_Templates"/>
  <testcase name="TC_01_Login_Template_permissionassign_User_and_verify_message_Select_Folder_ToCreateDoc" time="119.611" classname="Script.Negative_Templates">
    <skipped/>
  </testcase> <!-- TC_01_Login_Template_permissionassign_User_and_verify_message_Select_Folder_ToCreateDoc -->
  <testcase name="TC_01_Login_Template_permissionassign_User_and_verify_message_Select_Folder_ToCreateDoc" time="193.567" classname="Script.Negative_Templates"/>
  <testcase name="TC_02_verify_message_addPages_Using_SaveandClearButton" time="68.952" classname="Script.Negative_Templates"/>
  <testcase name="TC_03_Verify_TextboxName_and_Templatename_validation" time="180.245" classname="Script.Negative_Templates">
    <skipped/>
  </testcase> <!-- TC_03_Verify_TextboxName_and_Templatename_validation -->
  <testcase name="TC_03_Verify_TextboxName_and_Templatename_validation" time="4.23" classname="Script.Negative_Templates">
    <skipped/>
  </testcase> <!-- TC_03_Verify_TextboxName_and_Templatename_validation -->
  <testcase name="TC_03_Verify_TextboxName_and_Templatename_validation" time="4.273" classname="Script.Negative_Templates">
    <skipped/>
  </testcase> <!-- TC_03_Verify_TextboxName_and_Templatename_validation -->
  <testcase name="TC_03_Verify_TextboxName_and_Templatename_validation" time="4.253" classname="Script.Negative_Templates">
    <failure type="org.openqa.selenium.JavascriptException" message="javascript error: {&amp;quot;status&amp;quot;:11,&amp;quot;value&amp;quot;:&amp;quot;Element is not currently visible and may not be manipulated&amp;quot;}
  (Session info: chrome=126.0.6478.127)
Build info: version: &amp;apos;3.141.59&amp;apos;, revision: &amp;apos;e82be7d358&amp;apos;, time: &amp;apos;2018-11-14T08:25:53&amp;apos;
System info: host: &amp;apos;CIPLWKT014&amp;apos;, ip: &amp;apos;10.4.8.14&amp;apos;, os.name: &amp;apos;Windows 10&amp;apos;, os.arch: &amp;apos;x86&amp;apos;, os.version: &amp;apos;10.0&amp;apos;, java.version: &amp;apos;1.8.0_351&amp;apos;
Driver info: org.openqa.selenium.chrome.ChromeDriver
Capabilities {acceptInsecureCerts: false, browserName: chrome, browserVersion: 126.0.6478.127, chrome: {chromedriverVersion: 126.0.6478.62 (b2781ca4c383..., userDataDir: C:\Users\nisha.r\AppData\Lo...}, fedcm:accounts: true, goog:chromeOptions: {debuggerAddress: localhost:55404}, javascriptEnabled: true, networkConnectionEnabled: false, pageLoadStrategy: normal, platform: WINDOWS, platformName: WINDOWS, proxy: Proxy(), setWindowRect: true, strictFileInteractability: false, timeouts: {implicit: 0, pageLoad: 300000, script: 30000}, unhandledPromptBehavior: dismiss and notify, webauthn:extension:credBlob: true, webauthn:extension:largeBlob: true, webauthn:extension:minPinLength: true, webauthn:extension:prf: true, webauthn:virtualAuthenticators: true}
Session ID: 1b3e99b23fa8a30d7cf6938fc4ef92ce">
      <![CDATA[org.openqa.selenium.JavascriptException: javascript error: {"status":11,"value":"Element is not currently visible and may not be manipulated"}
  (Session info: chrome=126.0.6478.127)
Build info: version: '3.141.59', revision: 'e82be7d358', time: '2018-11-14T08:25:53'
System info: host: 'CIPLWKT014', ip: '10.4.8.14', os.name: 'Windows 10', os.arch: 'x86', os.version: '10.0', java.version: '1.8.0_351'
Driver info: org.openqa.selenium.chrome.ChromeDriver
Capabilities {acceptInsecureCerts: false, browserName: chrome, browserVersion: 126.0.6478.127, chrome: {chromedriverVersion: 126.0.6478.62 (b2781ca4c383..., userDataDir: C:\Users\nisha.r\AppData\Lo...}, fedcm:accounts: true, goog:chromeOptions: {debuggerAddress: localhost:55404}, javascriptEnabled: true, networkConnectionEnabled: false, pageLoadStrategy: normal, platform: WINDOWS, platformName: WINDOWS, proxy: Proxy(), setWindowRect: true, strictFileInteractability: false, timeouts: {implicit: 0, pageLoad: 300000, script: 30000}, unhandledPromptBehavior: dismiss and notify, webauthn:extension:credBlob: true, webauthn:extension:largeBlob: true, webauthn:extension:minPinLength: true, webauthn:extension:prf: true, webauthn:virtualAuthenticators: true}
Session ID: 1b3e99b23fa8a30d7cf6938fc4ef92ce
at org.openqa.selenium.remote.http.W3CHttpResponseCodec.createException(W3CHttpResponseCodec.java:187)
at org.openqa.selenium.remote.http.W3CHttpResponseCodec.decode(W3CHttpResponseCodec.java:122)
at org.openqa.selenium.remote.http.W3CHttpResponseCodec.decode(W3CHttpResponseCodec.java:49)
at org.openqa.selenium.remote.HttpCommandExecutor.execute(HttpCommandExecutor.java:158)
at org.openqa.selenium.remote.service.DriverCommandExecutor.execute(DriverCommandExecutor.java:83)
at org.openqa.selenium.remote.RemoteWebDriver.execute(RemoteWebDriver.java:552)
at org.openqa.selenium.remote.RemoteWebElement.execute(RemoteWebElement.java:285)
at org.openqa.selenium.remote.RemoteWebElement.click(RemoteWebElement.java:84)
at org.openqa.selenium.support.ui.Select.setSelected(Select.java:311)
at org.openqa.selenium.support.ui.Select.selectByVisibleText(Select.java:116)
at Pom.TemplatePage.getSelect_Document_Type_Dropdown(TemplatePage.java:367)
at Pom.TemplatePage.Verify_TextboxName_and_Templatename_validation(TemplatePage.java:1240)
at Script.Negative_Templates.TC_03_Verify_TextboxName_and_Templatename_validation(Negative_Templates.java:46)
... Removed 30 stack frames]]>
    </failure>
  </testcase> <!-- TC_03_Verify_TextboxName_and_Templatename_validation -->
  <testcase name="TC_04_Verify_validation_Duplicate_Template_Created" time="73.312" classname="Script.Negative_Templates">
    <skipped/>
  </testcase> <!-- TC_04_Verify_validation_Duplicate_Template_Created -->
  <testcase name="TC_04_Verify_validation_Duplicate_Template_Created" time="73.312" classname="Script.Negative_Templates">
    <skipped/>
  </testcase> <!-- TC_04_Verify_validation_Duplicate_Template_Created -->
  <testcase name="TC_04_Verify_validation_Duplicate_Template_Created" time="366.194" classname="Script.Negative_Templates"/>
  <testcase name="TC_05_verify_to_CreateorBrowse_Template_Advancedviewing_Officedoc" time="330.298" classname="Script.Negative_Templates"/>
  <testcase name="TC_06_verify_Validation_Formmapping_PDFTemplate_Advancedviewing" time="160.766" classname="Script.Negative_Templates"/>
  <testcase name="TC_07_Set_Defaultview" time="44.36" classname="Script.Negative_Templates"/>
</testsuite> <!-- Test19 -->
