<?xml version="1.0" encoding="UTF-8"?>
<!-- Generated by org.testng.reporters.JUnitXMLReporter -->
<testsuite hostname="CIPLWKT014" ignored="0" name="Test16" tests="20" failures="4" timestamp="03 Jul 2024 13:14:58 GMT" time="1774.71" errors="0">
  <testcase name="Login_EWA" time="51.784" classname="Script.Templates_Test"/>
  <testcase name="TC_01_verify_to_CreateorBrowse_Template_Defaultviewing" time="196.041" classname="Script.Templates_Test">
    <skipped/>
  </testcase> <!-- TC_01_verify_to_CreateorBrowse_Template_Defaultviewing -->
  <testcase name="TC_01_verify_to_CreateorBrowse_Template_Defaultviewing" time="270.878" classname="Script.Templates_Test">
    <skipped/>
  </testcase> <!-- TC_01_verify_to_CreateorBrowse_Template_Defaultviewing -->
  <testcase name="TC_01_verify_to_CreateorBrowse_Template_Defaultviewing" time="102.18" classname="Script.Templates_Test">
    <skipped/>
  </testcase> <!-- TC_01_verify_to_CreateorBrowse_Template_Defaultviewing -->
  <testcase name="TC_01_verify_to_CreateorBrowse_Template_Defaultviewing" time="316.489" classname="Script.Templates_Test">
    <failure type="org.openqa.selenium.UnhandledAlertException" message="unexpected alert open: {Alert text : LEADTOOLS 21 License Notice

Warning: License file is not verified to work in this domain.

This application is using a LEADTOOLS temporary evaluation license.
In order to legally deploy the application in production, the developer must first obtain a Production Deployment License.
If you believe you are getting this message in error, contact LEAD Technologies, Inc. at licensing@leadtools.com (+1-704-332-5532).
Without a valid Production Deployment License, this application will cease functioning in the near future.
}
  (Session info: chrome=126.0.6478.127): LEADTOOLS 21 License Notice

Warning: License file is not verified to work in this domain.

This application is using a LEADTOOLS temporary evaluation license.
In order to legally deploy the application in production, the developer must first obtain a Production Deployment License.
If you believe you are getting this message in error, contact LEAD Technologies, Inc. at licensing@leadtools.com (+1-704-332-5532).
Without a valid Production Deployment License, this application will cease functioning in the near future.

Build info: version: &amp;apos;3.141.59&amp;apos;, revision: &amp;apos;e82be7d358&amp;apos;, time: &amp;apos;2018-11-14T08:25:53&amp;apos;
System info: host: &amp;apos;CIPLWKT014&amp;apos;, ip: &amp;apos;10.4.8.14&amp;apos;, os.name: &amp;apos;Windows 10&amp;apos;, os.arch: &amp;apos;x86&amp;apos;, os.version: &amp;apos;10.0&amp;apos;, java.version: &amp;apos;1.8.0_351&amp;apos;
Driver info: org.openqa.selenium.chrome.ChromeDriver
Capabilities {acceptInsecureCerts: false, browserName: chrome, browserVersion: 126.0.6478.127, chrome: {chromedriverVersion: 126.0.6478.62 (b2781ca4c383..., userDataDir: C:\Users\nisha.r\AppData\Lo...}, fedcm:accounts: true, goog:chromeOptions: {debuggerAddress: localhost:56022}, javascriptEnabled: true, networkConnectionEnabled: false, pageLoadStrategy: normal, platform: WINDOWS, platformName: WINDOWS, proxy: Proxy(), setWindowRect: true, strictFileInteractability: false, timeouts: {implicit: 0, pageLoad: 300000, script: 30000}, unhandledPromptBehavior: dismiss and notify, webauthn:extension:credBlob: true, webauthn:extension:largeBlob: true, webauthn:extension:minPinLength: true, webauthn:extension:prf: true, webauthn:virtualAuthenticators: true}
Session ID: f34cd8469f304fe085713c609bdb3854
*** Element info: {Using=xpath, value=//*[@id=&amp;quot;createTemplateBtn&amp;quot;]}">
      <![CDATA[org.openqa.selenium.UnhandledAlertException: unexpected alert open: {Alert text : LEADTOOLS 21 License Notice

Warning: License file is not verified to work in this domain.

This application is using a LEADTOOLS temporary evaluation license.
In order to legally deploy the application in production, the developer must first obtain a Production Deployment License.
If you believe you are getting this message in error, contact LEAD Technologies, Inc. at licensing@leadtools.com (+1-704-332-5532).
Without a valid Production Deployment License, this application will cease functioning in the near future.
}
  (Session info: chrome=126.0.6478.127): LEADTOOLS 21 License Notice

Warning: License file is not verified to work in this domain.

This application is using a LEADTOOLS temporary evaluation license.
In order to legally deploy the application in production, the developer must first obtain a Production Deployment License.
If you believe you are getting this message in error, contact LEAD Technologies, Inc. at licensing@leadtools.com (+1-704-332-5532).
Without a valid Production Deployment License, this application will cease functioning in the near future.

Build info: version: '3.141.59', revision: 'e82be7d358', time: '2018-11-14T08:25:53'
System info: host: 'CIPLWKT014', ip: '10.4.8.14', os.name: 'Windows 10', os.arch: 'x86', os.version: '10.0', java.version: '1.8.0_351'
Driver info: org.openqa.selenium.chrome.ChromeDriver
Capabilities {acceptInsecureCerts: false, browserName: chrome, browserVersion: 126.0.6478.127, chrome: {chromedriverVersion: 126.0.6478.62 (b2781ca4c383..., userDataDir: C:\Users\nisha.r\AppData\Lo...}, fedcm:accounts: true, goog:chromeOptions: {debuggerAddress: localhost:56022}, javascriptEnabled: true, networkConnectionEnabled: false, pageLoadStrategy: normal, platform: WINDOWS, platformName: WINDOWS, proxy: Proxy(), setWindowRect: true, strictFileInteractability: false, timeouts: {implicit: 0, pageLoad: 300000, script: 30000}, unhandledPromptBehavior: dismiss and notify, webauthn:extension:credBlob: true, webauthn:extension:largeBlob: true, webauthn:extension:minPinLength: true, webauthn:extension:prf: true, webauthn:virtualAuthenticators: true}
Session ID: f34cd8469f304fe085713c609bdb3854
*** Element info: {Using=xpath, value=//*[@id="createTemplateBtn"]}
at org.openqa.selenium.remote.http.W3CHttpResponseCodec.decode(W3CHttpResponseCodec.java:120)
at org.openqa.selenium.remote.http.W3CHttpResponseCodec.decode(W3CHttpResponseCodec.java:49)
at org.openqa.selenium.remote.HttpCommandExecutor.execute(HttpCommandExecutor.java:158)
at org.openqa.selenium.remote.service.DriverCommandExecutor.execute(DriverCommandExecutor.java:83)
at org.openqa.selenium.remote.RemoteWebDriver.execute(RemoteWebDriver.java:552)
at org.openqa.selenium.remote.RemoteWebDriver.findElement(RemoteWebDriver.java:323)
at org.openqa.selenium.remote.RemoteWebDriver.findElementByXPath(RemoteWebDriver.java:428)
at org.openqa.selenium.By$ByXPath.findElement(By.java:353)
at org.openqa.selenium.remote.RemoteWebDriver.findElement(RemoteWebDriver.java:315)
at org.openqa.selenium.support.pagefactory.DefaultElementLocator.findElement(DefaultElementLocator.java:69)
at org.openqa.selenium.support.pagefactory.internal.LocatingElementHandler.invoke(LocatingElementHandler.java:38)
at com.sun.proxy.$Proxy25.getWrappedElement(Unknown Source)
at org.openqa.selenium.remote.internal.WebElementToJsonConverter.apply(WebElementToJsonConverter.java:50)
at java.util.stream.ReferencePipeline$3$1.accept(Unknown Source)
at java.util.Spliterators$ArraySpliterator.forEachRemaining(Unknown Source)
at java.util.stream.AbstractPipeline.copyInto(Unknown Source)
at java.util.stream.AbstractPipeline.wrapAndCopyInto(Unknown Source)
at java.util.stream.ReduceOps$ReduceOp.evaluateSequential(Unknown Source)
at java.util.stream.AbstractPipeline.evaluate(Unknown Source)
at java.util.stream.ReferencePipeline.collect(Unknown Source)
at org.openqa.selenium.remote.RemoteWebDriver.executeScript(RemoteWebDriver.java:484)
at Generic.BaseClass.jsclick(BaseClass.java:1157)
at Pom.TemplatePage.verify_to_CreateorBrowse_Template_Defaultviewing(TemplatePage.java:593)
at Script.Templates_Test.TC_01_verify_to_CreateorBrowse_Template_Defaultviewing(Templates_Test.java:31)
... Removed 26 stack frames]]>
    </failure>
  </testcase> <!-- TC_01_verify_to_CreateorBrowse_Template_Defaultviewing -->
  <testcase name="TC_02_Verify_to_Edit_and_Delete_DefaultTemplate" time="102.109" classname="Script.Templates_Test"/>
  <testcase name="TC_03_verify_to_CreateorBrowse_Template_Advancedviewing_Officedoc" time="174.212" classname="Script.Templates_Test"/>
  <testcase name="TC_04_Verify_to_Edit_and_Delete_AdvancedTemplate_Officedoc" time="31.968" classname="Script.Templates_Test">
    <skipped/>
  </testcase> <!-- TC_04_Verify_to_Edit_and_Delete_AdvancedTemplate_Officedoc -->
  <testcase name="TC_04_Verify_to_Edit_and_Delete_AdvancedTemplate_Officedoc" time="7.329" classname="Script.Templates_Test">
    <skipped/>
  </testcase> <!-- TC_04_Verify_to_Edit_and_Delete_AdvancedTemplate_Officedoc -->
  <testcase name="TC_04_Verify_to_Edit_and_Delete_AdvancedTemplate_Officedoc" time="7.31" classname="Script.Templates_Test">
    <skipped/>
  </testcase> <!-- TC_04_Verify_to_Edit_and_Delete_AdvancedTemplate_Officedoc -->
  <testcase name="TC_04_Verify_to_Edit_and_Delete_AdvancedTemplate_Officedoc" time="7.321" classname="Script.Templates_Test">
    <failure type="org.openqa.selenium.JavascriptException" message="javascript error: {&amp;quot;status&amp;quot;:60,&amp;quot;value&amp;quot;:&amp;quot;[object HTMLLIElement] has no size and location&amp;quot;}
  (Session info: chrome=126.0.6478.127)
Build info: version: &amp;apos;3.141.59&amp;apos;, revision: &amp;apos;e82be7d358&amp;apos;, time: &amp;apos;2018-11-14T08:25:53&amp;apos;
System info: host: &amp;apos;CIPLWKT014&amp;apos;, ip: &amp;apos;10.4.8.14&amp;apos;, os.name: &amp;apos;Windows 10&amp;apos;, os.arch: &amp;apos;x86&amp;apos;, os.version: &amp;apos;10.0&amp;apos;, java.version: &amp;apos;1.8.0_351&amp;apos;
Driver info: org.openqa.selenium.chrome.ChromeDriver
Capabilities {acceptInsecureCerts: false, browserName: chrome, browserVersion: 126.0.6478.127, chrome: {chromedriverVersion: 126.0.6478.62 (b2781ca4c383..., userDataDir: C:\Users\nisha.r\AppData\Lo...}, fedcm:accounts: true, goog:chromeOptions: {debuggerAddress: localhost:56022}, javascriptEnabled: true, networkConnectionEnabled: false, pageLoadStrategy: normal, platform: WINDOWS, platformName: WINDOWS, proxy: Proxy(), setWindowRect: true, strictFileInteractability: false, timeouts: {implicit: 0, pageLoad: 300000, script: 30000}, unhandledPromptBehavior: dismiss and notify, webauthn:extension:credBlob: true, webauthn:extension:largeBlob: true, webauthn:extension:minPinLength: true, webauthn:extension:prf: true, webauthn:virtualAuthenticators: true}
Session ID: f34cd8469f304fe085713c609bdb3854">
      <![CDATA[org.openqa.selenium.JavascriptException: javascript error: {"status":60,"value":"[object HTMLLIElement] has no size and location"}
  (Session info: chrome=126.0.6478.127)
Build info: version: '3.141.59', revision: 'e82be7d358', time: '2018-11-14T08:25:53'
System info: host: 'CIPLWKT014', ip: '10.4.8.14', os.name: 'Windows 10', os.arch: 'x86', os.version: '10.0', java.version: '1.8.0_351'
Driver info: org.openqa.selenium.chrome.ChromeDriver
Capabilities {acceptInsecureCerts: false, browserName: chrome, browserVersion: 126.0.6478.127, chrome: {chromedriverVersion: 126.0.6478.62 (b2781ca4c383..., userDataDir: C:\Users\nisha.r\AppData\Lo...}, fedcm:accounts: true, goog:chromeOptions: {debuggerAddress: localhost:56022}, javascriptEnabled: true, networkConnectionEnabled: false, pageLoadStrategy: normal, platform: WINDOWS, platformName: WINDOWS, proxy: Proxy(), setWindowRect: true, strictFileInteractability: false, timeouts: {implicit: 0, pageLoad: 300000, script: 30000}, unhandledPromptBehavior: dismiss and notify, webauthn:extension:credBlob: true, webauthn:extension:largeBlob: true, webauthn:extension:minPinLength: true, webauthn:extension:prf: true, webauthn:virtualAuthenticators: true}
Session ID: f34cd8469f304fe085713c609bdb3854
at org.openqa.selenium.remote.http.W3CHttpResponseCodec.createException(W3CHttpResponseCodec.java:187)
at org.openqa.selenium.remote.http.W3CHttpResponseCodec.decode(W3CHttpResponseCodec.java:122)
at org.openqa.selenium.remote.http.W3CHttpResponseCodec.decode(W3CHttpResponseCodec.java:49)
at org.openqa.selenium.remote.HttpCommandExecutor.execute(HttpCommandExecutor.java:158)
at org.openqa.selenium.remote.service.DriverCommandExecutor.execute(DriverCommandExecutor.java:83)
at org.openqa.selenium.remote.RemoteWebDriver.execute(RemoteWebDriver.java:552)
at org.openqa.selenium.remote.RemoteWebDriver.perform(RemoteWebDriver.java:618)
at org.openqa.selenium.interactions.Actions$BuiltAction.perform(Actions.java:639)
at Generic.BaseClass.movingclkElement(BaseClass.java:1077)
at Pom.TemplatePage.Verify_to_Edit_and_Delete_AdvancedTemplate_Officedoc(TemplatePage.java:895)
at Script.Templates_Test.TC_04_Verify_to_Edit_and_Delete_AdvancedTemplate_Officedoc(Templates_Test.java:52)
... Removed 30 stack frames]]>
    </failure>
  </testcase> <!-- TC_04_Verify_to_Edit_and_Delete_AdvancedTemplate_Officedoc -->
  <testcase name="TC_05_verify_to_Create_Formmapping_PDFTemplate_Advancedviewing" time="104.356" classname="Script.Templates_Test">
    <skipped/>
  </testcase> <!-- TC_05_verify_to_Create_Formmapping_PDFTemplate_Advancedviewing -->
  <testcase name="TC_05_verify_to_Create_Formmapping_PDFTemplate_Advancedviewing" time="104.419" classname="Script.Templates_Test">
    <skipped/>
  </testcase> <!-- TC_05_verify_to_Create_Formmapping_PDFTemplate_Advancedviewing -->
  <testcase name="TC_05_verify_to_Create_Formmapping_PDFTemplate_Advancedviewing" time="104.699" classname="Script.Templates_Test">
    <skipped/>
  </testcase> <!-- TC_05_verify_to_Create_Formmapping_PDFTemplate_Advancedviewing -->
  <testcase name="TC_05_verify_to_Create_Formmapping_PDFTemplate_Advancedviewing" time="105.648" classname="Script.Templates_Test">
    <failure type="org.openqa.selenium.ElementClickInterceptedException" message="element click intercepted: Element &amp;lt;button class=&amp;quot;modalDialogButtons&amp;quot; id=&amp;quot;templateOK&amp;quot; style=&amp;quot;font-family: Calibri;&amp;quot;&amp;gt;...&amp;lt;/button&amp;gt; is not clickable at point (732, 312). Other element would receive the click: &amp;lt;div id=&amp;quot;messageBox&amp;quot; class=&amp;quot;messageBox ui-draggable&amp;quot; style=&amp;quot;display: block; font-family: Calibri; left: 50%; top: 50%;&amp;quot;&amp;gt;...&amp;lt;/div&amp;gt;
  (Session info: chrome=126.0.6478.127)
Build info: version: &amp;apos;3.141.59&amp;apos;, revision: &amp;apos;e82be7d358&amp;apos;, time: &amp;apos;2018-11-14T08:25:53&amp;apos;
System info: host: &amp;apos;CIPLWKT014&amp;apos;, ip: &amp;apos;10.4.8.14&amp;apos;, os.name: &amp;apos;Windows 10&amp;apos;, os.arch: &amp;apos;x86&amp;apos;, os.version: &amp;apos;10.0&amp;apos;, java.version: &amp;apos;1.8.0_351&amp;apos;
Driver info: org.openqa.selenium.chrome.ChromeDriver
Capabilities {acceptInsecureCerts: false, browserName: chrome, browserVersion: 126.0.6478.127, chrome: {chromedriverVersion: 126.0.6478.62 (b2781ca4c383..., userDataDir: C:\Users\nisha.r\AppData\Lo...}, fedcm:accounts: true, goog:chromeOptions: {debuggerAddress: localhost:56022}, javascriptEnabled: true, networkConnectionEnabled: false, pageLoadStrategy: normal, platform: WINDOWS, platformName: WINDOWS, proxy: Proxy(), setWindowRect: true, strictFileInteractability: false, timeouts: {implicit: 0, pageLoad: 300000, script: 30000}, unhandledPromptBehavior: dismiss and notify, webauthn:extension:credBlob: true, webauthn:extension:largeBlob: true, webauthn:extension:minPinLength: true, webauthn:extension:prf: true, webauthn:virtualAuthenticators: true}
Session ID: f34cd8469f304fe085713c609bdb3854">
      <![CDATA[org.openqa.selenium.ElementClickInterceptedException: element click intercepted: Element <button class="modalDialogButtons" id="templateOK" style="font-family: Calibri;">...</button> is not clickable at point (732, 312). Other element would receive the click: <div id="messageBox" class="messageBox ui-draggable" style="display: block; font-family: Calibri; left: 50%; top: 50%;">...</div>
  (Session info: chrome=126.0.6478.127)
Build info: version: '3.141.59', revision: 'e82be7d358', time: '2018-11-14T08:25:53'
System info: host: 'CIPLWKT014', ip: '10.4.8.14', os.name: 'Windows 10', os.arch: 'x86', os.version: '10.0', java.version: '1.8.0_351'
Driver info: org.openqa.selenium.chrome.ChromeDriver
Capabilities {acceptInsecureCerts: false, browserName: chrome, browserVersion: 126.0.6478.127, chrome: {chromedriverVersion: 126.0.6478.62 (b2781ca4c383..., userDataDir: C:\Users\nisha.r\AppData\Lo...}, fedcm:accounts: true, goog:chromeOptions: {debuggerAddress: localhost:56022}, javascriptEnabled: true, networkConnectionEnabled: false, pageLoadStrategy: normal, platform: WINDOWS, platformName: WINDOWS, proxy: Proxy(), setWindowRect: true, strictFileInteractability: false, timeouts: {implicit: 0, pageLoad: 300000, script: 30000}, unhandledPromptBehavior: dismiss and notify, webauthn:extension:credBlob: true, webauthn:extension:largeBlob: true, webauthn:extension:minPinLength: true, webauthn:extension:prf: true, webauthn:virtualAuthenticators: true}
Session ID: f34cd8469f304fe085713c609bdb3854
at org.openqa.selenium.remote.http.W3CHttpResponseCodec.createException(W3CHttpResponseCodec.java:187)
at org.openqa.selenium.remote.http.W3CHttpResponseCodec.decode(W3CHttpResponseCodec.java:122)
at org.openqa.selenium.remote.http.W3CHttpResponseCodec.decode(W3CHttpResponseCodec.java:49)
at org.openqa.selenium.remote.HttpCommandExecutor.execute(HttpCommandExecutor.java:158)
at org.openqa.selenium.remote.service.DriverCommandExecutor.execute(DriverCommandExecutor.java:83)
at org.openqa.selenium.remote.RemoteWebDriver.execute(RemoteWebDriver.java:552)
at org.openqa.selenium.remote.RemoteWebElement.execute(RemoteWebElement.java:285)
at org.openqa.selenium.remote.RemoteWebElement.click(RemoteWebElement.java:84)
at org.openqa.selenium.support.pagefactory.internal.LocatingElementHandler.invoke(LocatingElementHandler.java:51)
at com.sun.proxy.$Proxy25.click(Unknown Source)
at Pom.TemplatePage.getEnter_pdf_File_Name(TemplatePage.java:337)
at Pom.TemplatePage.verify_to_Create_Formmapping_PDFTemplate_Advancedviewing(TemplatePage.java:984)
at Script.Templates_Test.TC_05_verify_to_Create_Formmapping_PDFTemplate_Advancedviewing(Templates_Test.java:59)
... Removed 33 stack frames]]>
    </failure>
  </testcase> <!-- TC_05_verify_to_Create_Formmapping_PDFTemplate_Advancedviewing -->
  <testcase name="TC_06_Verify_to_Edit_and_Delete_Formfield" time="7.334" classname="Script.Templates_Test">
    <skipped/>
  </testcase> <!-- TC_06_Verify_to_Edit_and_Delete_Formfield -->
  <testcase name="TC_06_Verify_to_Edit_and_Delete_Formfield" time="7.341" classname="Script.Templates_Test">
    <skipped/>
  </testcase> <!-- TC_06_Verify_to_Edit_and_Delete_Formfield -->
  <testcase name="TC_06_Verify_to_Edit_and_Delete_Formfield" time="7.287" classname="Script.Templates_Test">
    <skipped/>
  </testcase> <!-- TC_06_Verify_to_Edit_and_Delete_Formfield -->
  <testcase name="TC_06_Verify_to_Edit_and_Delete_Formfield" time="7.351" classname="Script.Templates_Test">
    <failure type="org.openqa.selenium.JavascriptException" message="javascript error: {&amp;quot;status&amp;quot;:60,&amp;quot;value&amp;quot;:&amp;quot;[object HTMLLIElement] has no size and location&amp;quot;}
  (Session info: chrome=126.0.6478.127)
Build info: version: &amp;apos;3.141.59&amp;apos;, revision: &amp;apos;e82be7d358&amp;apos;, time: &amp;apos;2018-11-14T08:25:53&amp;apos;
System info: host: &amp;apos;CIPLWKT014&amp;apos;, ip: &amp;apos;10.4.8.14&amp;apos;, os.name: &amp;apos;Windows 10&amp;apos;, os.arch: &amp;apos;x86&amp;apos;, os.version: &amp;apos;10.0&amp;apos;, java.version: &amp;apos;1.8.0_351&amp;apos;
Driver info: org.openqa.selenium.chrome.ChromeDriver
Capabilities {acceptInsecureCerts: false, browserName: chrome, browserVersion: 126.0.6478.127, chrome: {chromedriverVersion: 126.0.6478.62 (b2781ca4c383..., userDataDir: C:\Users\nisha.r\AppData\Lo...}, fedcm:accounts: true, goog:chromeOptions: {debuggerAddress: localhost:56022}, javascriptEnabled: true, networkConnectionEnabled: false, pageLoadStrategy: normal, platform: WINDOWS, platformName: WINDOWS, proxy: Proxy(), setWindowRect: true, strictFileInteractability: false, timeouts: {implicit: 0, pageLoad: 300000, script: 30000}, unhandledPromptBehavior: dismiss and notify, webauthn:extension:credBlob: true, webauthn:extension:largeBlob: true, webauthn:extension:minPinLength: true, webauthn:extension:prf: true, webauthn:virtualAuthenticators: true}
Session ID: f34cd8469f304fe085713c609bdb3854">
      <![CDATA[org.openqa.selenium.JavascriptException: javascript error: {"status":60,"value":"[object HTMLLIElement] has no size and location"}
  (Session info: chrome=126.0.6478.127)
Build info: version: '3.141.59', revision: 'e82be7d358', time: '2018-11-14T08:25:53'
System info: host: 'CIPLWKT014', ip: '10.4.8.14', os.name: 'Windows 10', os.arch: 'x86', os.version: '10.0', java.version: '1.8.0_351'
Driver info: org.openqa.selenium.chrome.ChromeDriver
Capabilities {acceptInsecureCerts: false, browserName: chrome, browserVersion: 126.0.6478.127, chrome: {chromedriverVersion: 126.0.6478.62 (b2781ca4c383..., userDataDir: C:\Users\nisha.r\AppData\Lo...}, fedcm:accounts: true, goog:chromeOptions: {debuggerAddress: localhost:56022}, javascriptEnabled: true, networkConnectionEnabled: false, pageLoadStrategy: normal, platform: WINDOWS, platformName: WINDOWS, proxy: Proxy(), setWindowRect: true, strictFileInteractability: false, timeouts: {implicit: 0, pageLoad: 300000, script: 30000}, unhandledPromptBehavior: dismiss and notify, webauthn:extension:credBlob: true, webauthn:extension:largeBlob: true, webauthn:extension:minPinLength: true, webauthn:extension:prf: true, webauthn:virtualAuthenticators: true}
Session ID: f34cd8469f304fe085713c609bdb3854
at org.openqa.selenium.remote.http.W3CHttpResponseCodec.createException(W3CHttpResponseCodec.java:187)
at org.openqa.selenium.remote.http.W3CHttpResponseCodec.decode(W3CHttpResponseCodec.java:122)
at org.openqa.selenium.remote.http.W3CHttpResponseCodec.decode(W3CHttpResponseCodec.java:49)
at org.openqa.selenium.remote.HttpCommandExecutor.execute(HttpCommandExecutor.java:158)
at org.openqa.selenium.remote.service.DriverCommandExecutor.execute(DriverCommandExecutor.java:83)
at org.openqa.selenium.remote.RemoteWebDriver.execute(RemoteWebDriver.java:552)
at org.openqa.selenium.remote.RemoteWebDriver.perform(RemoteWebDriver.java:618)
at org.openqa.selenium.interactions.Actions$BuiltAction.perform(Actions.java:639)
at Generic.BaseClass.movingclkElement(BaseClass.java:1077)
at Pom.TemplatePage.Verify_to_Edit_and_Delete_Formfield(TemplatePage.java:1043)
at Script.Templates_Test.TC_06_Verify_to_Edit_and_Delete_Formfield(Templates_Test.java:66)
... Removed 30 stack frames]]>
    </failure>
  </testcase> <!-- TC_06_Verify_to_Edit_and_Delete_Formfield -->
  <testcase name="TC_07_Set_Defaultview" time="46.017" classname="Script.Templates_Test"/>
</testsuite> <!-- Test16 -->
