<html>
<head>
<title>TestNG:  Test11</title>
<link href="../testng.css" rel="stylesheet" type="text/css" />
<link href="../my-testng.css" rel="stylesheet" type="text/css" />

<style type="text/css">
.log { display: none;} 
.stack-trace { display: none;} 
</style>
<script type="text/javascript">
<!--
function flip(e) {
  current = e.style.display;
  if (current == 'block') {
    e.style.display = 'none';
    return 0;
  }
  else {
    e.style.display = 'block';
    return 1;
  }
}

function toggleBox(szDivId, elem, msg1, msg2)
{
  var res = -1;  if (document.getElementById) {
    res = flip(document.getElementById(szDivId));
  }
  else if (document.all) {
    // this is the way old msie versions work
    res = flip(document.all[szDivId]);
  }
  if(elem) {
    if(res == 0) elem.innerHTML = msg1; else elem.innerHTML = msg2;
  }

}

function toggleAllBoxes() {
  if (document.getElementsByTagName) {
    d = document.getElementsByTagName('div');
    for (i = 0; i < d.length; i++) {
      if (d[i].className == 'log') {
        flip(d[i]);
      }
    }
  }
}

// -->
</script>

</head>
<body>
<h2 align='center'>Test11</h2><table border='1' align="center">
<tr>
<td>Tests passed/Failed/Skipped:</td><td>6/1/0</td>
</tr><tr>
<td>Started on:</td><td>Wed Nov 27 15:45:02 IST 2024</td>
</tr>
<tr><td>Total time:</td><td>447 seconds (447834 ms)</td>
</tr><tr>
<td>Included groups:</td><td></td>
</tr><tr>
<td>Excluded groups:</td><td></td>
</tr>
</table><p/>
<small><i>(Hover the method name to see the test class name)</i></small><p/>
<table width='100%' border='1' class='invocation-failed'>
<tr><td colspan='4' align='center'><b>FAILED TESTS</b></td></tr>
<tr><td><b>Test method</b></td>
<td><b>Attribute(s)</b></td>
<td width="30%"><b>Exception</b></td>
<td width="10%"><b>Time (seconds)</b></td>
<td><b>Instance</b></td>
</tr>
<tr>
<td title='Computhink.Script.Document_Version_Test.TC_07_Update_Document_Properties()'><b>TC_07_Update_Document_Properties</b><br>Test class: Computhink.Script.Document_Version_Test<br/>
<a href="#Output-1267527924" onClick='toggleBox("Output-1267527924", this, "Show output", "Hide output");'>Show output</a>

<a href="#Output-1267527924" onClick="toggleAllBoxes();">Show all outputs</a>
<div class='log' id="Output-1267527924">
Test Scenario 7 : Update document properties <br/>
Click on Update button<br/>
</div>
</td>
<td><div><pre>org.openqa.selenium.NoSuchElementException: no such element: Unable to locate element: {&quot;method&quot;:&quot;xpath&quot;,&quot;selector&quot;:&quot;//*[@id=&quot;Val_33&quot;]&quot;}
  (Session info: chrome=131.0.6778.86)
For documentation on this error, please visit: https://www.seleniumhq.org/exceptions/no_such_element.html
Build info: version: &apos;3.141.59&apos;, revision: &apos;e82be7d358&apos;, time: &apos;2018-11-14T08:25:53&apos;
System info: host: &apos;CIPLWKT014&apos;, ip: &apos;10.4.8.14&apos;, os.name: &apos;Windows 10&apos;, os.arch: &apos;amd64&apos;, os.version: &apos;10.0&apos;, java.version: &apos;17.0.12&apos;
Driver info: org.openqa.selenium.chrome.ChromeDriver
Capabilities {acceptInsecureCerts: false, browserName: chrome, browserVersion: 131.0.6778.86, chrome: {chromedriverVersion: 131.0.6778.85 (3d81e41b6f3a..., userDataDir: C:\Users\nisha.r\AppData\Lo...}, fedcm:accounts: true, goog:chromeOptions: {debuggerAddress: localhost:62925}, javascriptEnabled: true, networkConnectionEnabled: false, pageLoadStrategy: normal, platform: WINDOWS, platformName: WINDOWS, proxy: Proxy(), setWindowRect: true, strictFileInteractability: false, timeouts: {implicit: 0, pageLoad: 300000, script: 30000}, unhandledPromptBehavior: dismiss and notify, webauthn:extension:credBlob: true, webauthn:extension:largeBlob: true, webauthn:extension:minPinLength: true, webauthn:extension:prf: true, webauthn:virtualAuthenticators: true}
Session ID: 2cee47ddd31c017a8cca3e8101fbff8b
*** Element info: {Using=xpath, value=//*[@id=&quot;Val_33&quot;]}
	at org.openqa.selenium.remote.http.W3CHttpResponseCodec.createException(W3CHttpResponseCodec.java:187)
	at org.openqa.selenium.remote.http.W3CHttpResponseCodec.decode(W3CHttpResponseCodec.java:122)
	at org.openqa.selenium.remote.http.W3CHttpResponseCodec.decode(W3CHttpResponseCodec.java:49)
	at org.openqa.selenium.remote.HttpCommandExecutor.execute(HttpCommandExecutor.java:158)
	at org.openqa.selenium.remote.service.DriverCommandExecutor.execute(DriverCommandExecutor.java:83)
	at org.openqa.selenium.remote.RemoteWebDriver.execute(RemoteWebDriver.java:552)
	at org.openqa.selenium.remote.RemoteWebDriver.findElement(RemoteWebDriver.java:323)
	at org.openqa.selenium.remote.RemoteWebDriver.findElementByXPath(RemoteWebDriver.java:428)
	at org.openqa.selenium.By$ByXPath.findElement(By.java:353)
	at org.openqa.selenium.remote.RemoteWebDriver.findElement(RemoteWebDriver.java:315)
	at org.openqa.selenium.support.pagefactory.DefaultElementLocator.findElement(DefaultElementLocator.java:69)
	at org.openqa.selenium.support.pagefactory.internal.LocatingElementHandler.invoke(LocatingElementHandler.java:38)
	at jdk.proxy2/jdk.proxy2.$Proxy26.clear(Unknown Source)
	at Computhink.Pom.Document_Version.Update_Doc_Properties(Document_Version.java:601)
	at Computhink.Script.Document_Version_Test.TC_07_Update_Document_Properties(Document_Version_Test.java:74)
	at java.base/java.util.ArrayList.forEach(ArrayList.java:1511)
... Removed 32 stack frames</pre></div><a href='#' onClick='toggleBox("stack-trace1267527924", this, "Click to show all stack frames", "Click to hide stack frames")'>Click to show all stack frames</a>
<div class='stack-trace' id='stack-trace1267527924'><pre>org.openqa.selenium.NoSuchElementException: no such element: Unable to locate element: {&quot;method&quot;:&quot;xpath&quot;,&quot;selector&quot;:&quot;//*[@id=&quot;Val_33&quot;]&quot;}
  (Session info: chrome=131.0.6778.86)
For documentation on this error, please visit: https://www.seleniumhq.org/exceptions/no_such_element.html
Build info: version: &apos;3.141.59&apos;, revision: &apos;e82be7d358&apos;, time: &apos;2018-11-14T08:25:53&apos;
System info: host: &apos;CIPLWKT014&apos;, ip: &apos;10.4.8.14&apos;, os.name: &apos;Windows 10&apos;, os.arch: &apos;amd64&apos;, os.version: &apos;10.0&apos;, java.version: &apos;17.0.12&apos;
Driver info: org.openqa.selenium.chrome.ChromeDriver
Capabilities {acceptInsecureCerts: false, browserName: chrome, browserVersion: 131.0.6778.86, chrome: {chromedriverVersion: 131.0.6778.85 (3d81e41b6f3a..., userDataDir: C:\Users\nisha.r\AppData\Lo...}, fedcm:accounts: true, goog:chromeOptions: {debuggerAddress: localhost:62925}, javascriptEnabled: true, networkConnectionEnabled: false, pageLoadStrategy: normal, platform: WINDOWS, platformName: WINDOWS, proxy: Proxy(), setWindowRect: true, strictFileInteractability: false, timeouts: {implicit: 0, pageLoad: 300000, script: 30000}, unhandledPromptBehavior: dismiss and notify, webauthn:extension:credBlob: true, webauthn:extension:largeBlob: true, webauthn:extension:minPinLength: true, webauthn:extension:prf: true, webauthn:virtualAuthenticators: true}
Session ID: 2cee47ddd31c017a8cca3e8101fbff8b
*** Element info: {Using=xpath, value=//*[@id=&quot;Val_33&quot;]}
	at jdk.internal.reflect.GeneratedConstructorAccessor63.newInstance(Unknown Source)
	at java.base/jdk.internal.reflect.DelegatingConstructorAccessorImpl.newInstance(DelegatingConstructorAccessorImpl.java:45)
	at java.base/java.lang.reflect.Constructor.newInstanceWithCaller(Constructor.java:499)
	at java.base/java.lang.reflect.Constructor.newInstance(Constructor.java:480)
	at org.openqa.selenium.remote.http.W3CHttpResponseCodec.createException(W3CHttpResponseCodec.java:187)
	at org.openqa.selenium.remote.http.W3CHttpResponseCodec.decode(W3CHttpResponseCodec.java:122)
	at org.openqa.selenium.remote.http.W3CHttpResponseCodec.decode(W3CHttpResponseCodec.java:49)
	at org.openqa.selenium.remote.HttpCommandExecutor.execute(HttpCommandExecutor.java:158)
	at org.openqa.selenium.remote.service.DriverCommandExecutor.execute(DriverCommandExecutor.java:83)
	at org.openqa.selenium.remote.RemoteWebDriver.execute(RemoteWebDriver.java:552)
	at org.openqa.selenium.remote.RemoteWebDriver.findElement(RemoteWebDriver.java:323)
	at org.openqa.selenium.remote.RemoteWebDriver.findElementByXPath(RemoteWebDriver.java:428)
	at org.openqa.selenium.By$ByXPath.findElement(By.java:353)
	at org.openqa.selenium.remote.RemoteWebDriver.findElement(RemoteWebDriver.java:315)
	at org.openqa.selenium.support.pagefactory.DefaultElementLocator.findElement(DefaultElementLocator.java:69)
	at org.openqa.selenium.support.pagefactory.internal.LocatingElementHandler.invoke(LocatingElementHandler.java:38)
	at jdk.proxy2/jdk.proxy2.$Proxy26.clear(Unknown Source)
	at Computhink.Pom.Document_Version.Update_Doc_Properties(Document_Version.java:601)
	at Computhink.Script.Document_Version_Test.TC_07_Update_Document_Properties(Document_Version_Test.java:74)
	at java.base/jdk.internal.reflect.NativeMethodAccessorImpl.invoke0(Native Method)
	at java.base/jdk.internal.reflect.NativeMethodAccessorImpl.invoke(NativeMethodAccessorImpl.java:77)
	at java.base/jdk.internal.reflect.DelegatingMethodAccessorImpl.invoke(DelegatingMethodAccessorImpl.java:43)
	at java.base/java.lang.reflect.Method.invoke(Method.java:568)
	at org.testng.internal.invokers.MethodInvocationHelper.invokeMethod(MethodInvocationHelper.java:141)
	at org.testng.internal.invokers.TestInvoker.invokeMethod(TestInvoker.java:686)
	at org.testng.internal.invokers.TestInvoker.retryFailed(TestInvoker.java:269)
	at org.testng.internal.invokers.MethodRunner.runInSequence(MethodRunner.java:76)
	at org.testng.internal.invokers.TestInvoker$MethodInvocationAgent.invoke(TestInvoker.java:992)
	at org.testng.internal.invokers.TestInvoker.invokeTestMethods(TestInvoker.java:203)
	at org.testng.internal.invokers.TestMethodWorker.invokeTestMethods(TestMethodWorker.java:154)
	at org.testng.internal.invokers.TestMethodWorker.run(TestMethodWorker.java:134)
	at java.base/java.util.ArrayList.forEach(ArrayList.java:1511)
	at org.testng.TestRunner.privateRun(TestRunner.java:739)
	at org.testng.TestRunner.run(TestRunner.java:614)
	at org.testng.SuiteRunner.runTest(SuiteRunner.java:421)
	at org.testng.SuiteRunner.runSequentially(SuiteRunner.java:413)
	at org.testng.SuiteRunner.privateRun(SuiteRunner.java:373)
	at org.testng.SuiteRunner.run(SuiteRunner.java:312)
	at org.testng.SuiteRunnerWorker.runSuite(SuiteRunnerWorker.java:52)
	at org.testng.SuiteRunnerWorker.run(SuiteRunnerWorker.java:95)
	at org.testng.TestNG.runSuitesSequentially(TestNG.java:1274)
	at org.testng.TestNG.runSuitesSequentially(TestNG.java:1269)
	at org.testng.TestNG.runSuitesLocally(TestNG.java:1208)
	at org.testng.TestNG.runSuites(TestNG.java:1112)
	at org.testng.TestNG.run(TestNG.java:1079)
	at org.testng.remote.AbstractRemoteTestNG.run(AbstractRemoteTestNG.java:115)
	at org.testng.remote.RemoteTestNG.initAndRun(RemoteTestNG.java:293)
	at org.testng.remote.RemoteTestNG.main(RemoteTestNG.java:91)
</pre></div></td>
<td>16</td>
<td>Computhink.Script.Document_Version_Test@7c351808</td></tr>
</table><p>
<table width='100%' border='1' class='invocation-passed'>
<tr><td colspan='4' align='center'><b>PASSED TESTS</b></td></tr>
<tr><td><b>Test method</b></td>
<td><b>Attribute(s)</b></td>
<td width="30%"><b>Exception</b></td>
<td width="10%"><b>Time (seconds)</b></td>
<td><b>Instance</b></td>
</tr>
<tr>
<td title='Computhink.Script.Document_Version_Test.TC_05_Add_Annotation()'><b>TC_05_Add_Annotation</b><br>Test class: Computhink.Script.Document_Version_Test<br/>
<a href="#Output-416625316" onClick='toggleBox("Output-416625316", this, "Show output", "Hide output");'>Show output</a>

<a href="#Output-416625316" onClick="toggleAllBoxes();">Show all outputs</a>
<div class='log' id="Output-416625316">
Test Scenario 5 : Verifying set Active version <br/>
click on Refresh button <br/>
Expand a Cabinet<br/>
Expand a Drawer<br/>
open document from Document List<br/>
Click on Floating button<br/>
By using AutoIT add file from external folder<br/>
Click on Save button menu Option<br/>
Click on Ok button<br/>
Click on Version Option<br/>
Click on signature menu Option<br/>
New signature added Successfully on  Document<br/>
Click on Save button menu Option<br/>
Click on Ok button<br/>
Click on Version Option<br/>
Verifying version Page annotated/modified <br/>
</div>
</td>
<td></td>
<td>116</td>
<td>Computhink.Script.Document_Version_Test@7c351808</td></tr>
<tr>
<td title='Computhink.Script.Document_Version_Test.TC_01_Create_Document_and_Verify_Document_Versions()'><b>TC_01_Create_Document_and_Verify_Document_Versions</b><br>Test class: Computhink.Script.Document_Version_Test<br/>
<a href="#Output-759987418" onClick='toggleBox("Output-759987418", this, "Show output", "Hide output");'>Show output</a>

<a href="#Output-759987418" onClick="toggleAllBoxes();">Show all outputs</a>
<div class='log' id="Output-759987418">
Test Scenario 1 : Create New Document and Verifying Document Versions <br/>
Click on New Document Tab<br/>
Click on Destination Folder Textbox<br/>
Expand a Cabinet<br/>
Expand a Drawer<br/>
select a Folder<br/>
Click on Ok button<br/>
Select Document type dropdown<br/>
Enter value into Report Name field<br/>
Browse Document Page<br/>
By using AutoIT add file from external folder<br/>
PDF Page is uploaded successfully<br/>
Click on Create button<br/>
Click on View document option<br/>
PDF is created successfully<br/>
Verified Current Document Version Successfully<br/>
</div>
</td>
<td></td>
<td>84</td>
<td>Computhink.Script.Document_Version_Test@7c351808</td></tr>
<tr>
<td title='Computhink.Script.Document_Version_Test.TC_03_Delete_Page_and_Verify_Version()'><b>TC_03_Delete_Page_and_Verify_Version</b><br>Test class: Computhink.Script.Document_Version_Test<br/>
<a href="#Output-1013553583" onClick='toggleBox("Output-1013553583", this, "Show output", "Hide output");'>Show output</a>

<a href="#Output-1013553583" onClick="toggleAllBoxes();">Show all outputs</a>
<div class='log' id="Output-1013553583">
Test Scenario 3 : Delete Page and Verifying Version <br/>
Check Thumbnail page<br/>
Click on Delete Fab button<br/>
Click on Yes button<br/>
Click on Ok button<br/>
Click on Save Fab button<br/>
Click on Ok button<br/>
Click on Version Option<br/>
Document Page delete and Verified versions<br/>
</div>
</td>
<td></td>
<td>37</td>
<td>Computhink.Script.Document_Version_Test@7c351808</td></tr>
<tr>
<td title='Computhink.Script.Document_Version_Test.TC_02_Upload_and_Save_New_page_and_Verify_Version_with_New_Comments()'><b>TC_02_Upload_and_Save_New_page_and_Verify_Version_with_New_Comments</b><br>Test class: Computhink.Script.Document_Version_Test<br/>
<a href="#Output-1252560752" onClick='toggleBox("Output-1252560752", this, "Show output", "Hide output");'>Show output</a>

<a href="#Output-1252560752" onClick="toggleAllBoxes();">Show all outputs</a>
<div class='log' id="Output-1252560752">
Test Scenario 2 : Upload and Save New page and Verifying Version with new Comments <br/>
Click on Version Option<br/>
Click on Floating button<br/>
Click on Upload Fab button<br/>
By using AutoIT add file from external folder<br/>
Click on Save Fab button<br/>
Click on Save button<br/>
Click on Version Option<br/>
1.0 Admin 2024-11-27 15:46:56 this message should show<br/>
Message Verified<br/>
Click on Ok button<br/>
Click on Comment Option<br/>
Click on Comment Textbox<br/>
Enter Comment into Comment field<br/>
Click on Save button<br/>
Document Version Update with Comments<br/>
</div>
</td>
<td></td>
<td>87</td>
<td>Computhink.Script.Document_Version_Test@7c351808</td></tr>
<tr>
<td title='Computhink.Script.Document_Version_Test.TC_06_Set_active_version()'><b>TC_06_Set_active_version</b><br>Test class: Computhink.Script.Document_Version_Test<br/>
<a href="#Output-110200472" onClick='toggleBox("Output-110200472", this, "Show output", "Hide output");'>Show output</a>

<a href="#Output-110200472" onClick="toggleAllBoxes();">Show all outputs</a>
<div class='log' id="Output-110200472">
Test Scenario 6 : Verifying set Active version <br/>
select version to set active version<br/>
Click on Set active Version button<br/>
Click on Version Option<br/>
Active version set and verified successfully<br/>
</div>
</td>
<td></td>
<td>24</td>
<td>Computhink.Script.Document_Version_Test@7c351808</td></tr>
<tr>
<td title='Computhink.Script.Document_Version_Test.TC_04_Verify_Delete_All_versions_and_FullScreen_Option()'><b>TC_04_Verify_Delete_All_versions_and_FullScreen_Option</b><br>Test class: Computhink.Script.Document_Version_Test<br/>
<a href="#Output-1804935672" onClick='toggleBox("Output-1804935672", this, "Show output", "Hide output");'>Show output</a>

<a href="#Output-1804935672" onClick="toggleAllBoxes();">Show all outputs</a>
<div class='log' id="Output-1804935672">
Test Scenario 4 : Verifying Delete All versions and Full Screen Option <br/>
Click on All Version<br/>
Click on Ok button<br/>
Click on Version Option<br/>
Click on Full Screen Fab button<br/>
Click on the Close button<br/>
Verified Delete All versions and Full screen Document from Floating button<br/>
</div>
</td>
<td></td>
<td>31</td>
<td>Computhink.Script.Document_Version_Test@7c351808</td></tr>
</table><p>
</body>
</html>