<?xml version="1.0" encoding="UTF-8"?>
<!-- Generated by org.testng.reporters.JUnitXMLReporter -->
<testsuite hostname="CIPLWKT014" ignored="0" name="Test 25" tests="13" failures="3" timestamp="12 Dec 2023 17:03:57 GMT" time="163.188" errors="0">
  <testcase name="LoginCV" time="11.572" classname="Script.TodoListAnnotationAddedPageTestedByWfUsers_AndAllUsersAcceptDocScript"/>
  <testcase name="SendAnnotationPageToWf" time="35.659" classname="Script.TodoListAnnotationAddedPageTestedByWfUsers_AndAllUsersAcceptDocScript">
    <skipped/>
  </testcase> <!-- SendAnnotationPageToWf -->
  <testcase name="SendAnnotationPageToWf" time="4.724" classname="Script.TodoListAnnotationAddedPageTestedByWfUsers_AndAllUsersAcceptDocScript">
    <skipped/>
  </testcase> <!-- SendAnnotationPageToWf -->
  <testcase name="SendAnnotationPageToWf" time="35.16" classname="Script.TodoListAnnotationAddedPageTestedByWfUsers_AndAllUsersAcceptDocScript">
    <skipped/>
  </testcase> <!-- SendAnnotationPageToWf -->
  <testcase name="SendAnnotationPageToWf" time="4.744" classname="Script.TodoListAnnotationAddedPageTestedByWfUsers_AndAllUsersAcceptDocScript">
    <failure type="org.openqa.selenium.ElementNotInteractableException" message="element not interactable: http://10.4.10.60:8080/CVWeb/cvLgn# has no size and location
  (Session info: chrome=120.0.6099.71)
Build info: version: &amp;apos;3.141.59&amp;apos;, revision: &amp;apos;e82be7d358&amp;apos;, time: &amp;apos;2018-11-14T08:25:53&amp;apos;
System info: host: &amp;apos;CIPLWKT014&amp;apos;, ip: &amp;apos;10.4.8.14&amp;apos;, os.name: &amp;apos;Windows 10&amp;apos;, os.arch: &amp;apos;x86&amp;apos;, os.version: &amp;apos;10.0&amp;apos;, java.version: &amp;apos;1.8.0_351&amp;apos;
Driver info: org.openqa.selenium.chrome.ChromeDriver
Capabilities {acceptInsecureCerts: false, browserName: chrome, browserVersion: 120.0.6099.71, chrome: {chromedriverVersion: 120.0.6099.71 (9729082fe617..., userDataDir: C:\Users\nisha.r\AppData\Lo...}, fedcm:accounts: true, goog:chromeOptions: {debuggerAddress: localhost:55547}, javascriptEnabled: true, networkConnectionEnabled: false, pageLoadStrategy: normal, platform: WINDOWS, platformName: WINDOWS, proxy: Proxy(), setWindowRect: true, strictFileInteractability: false, timeouts: {implicit: 0, pageLoad: 300000, script: 30000}, unhandledPromptBehavior: dismiss and notify, webauthn:extension:credBlob: true, webauthn:extension:largeBlob: true, webauthn:extension:minPinLength: true, webauthn:extension:prf: true, webauthn:virtualAuthenticators: true}
Session ID: 34e72fa405ece3c82939d24cc9e33a6b">
      <![CDATA[org.openqa.selenium.ElementNotInteractableException: element not interactable: http://10.4.10.60:8080/CVWeb/cvLgn# has no size and location
  (Session info: chrome=120.0.6099.71)
Build info: version: '3.141.59', revision: 'e82be7d358', time: '2018-11-14T08:25:53'
System info: host: 'CIPLWKT014', ip: '10.4.8.14', os.name: 'Windows 10', os.arch: 'x86', os.version: '10.0', java.version: '1.8.0_351'
Driver info: org.openqa.selenium.chrome.ChromeDriver
Capabilities {acceptInsecureCerts: false, browserName: chrome, browserVersion: 120.0.6099.71, chrome: {chromedriverVersion: 120.0.6099.71 (9729082fe617..., userDataDir: C:\Users\nisha.r\AppData\Lo...}, fedcm:accounts: true, goog:chromeOptions: {debuggerAddress: localhost:55547}, javascriptEnabled: true, networkConnectionEnabled: false, pageLoadStrategy: normal, platform: WINDOWS, platformName: WINDOWS, proxy: Proxy(), setWindowRect: true, strictFileInteractability: false, timeouts: {implicit: 0, pageLoad: 300000, script: 30000}, unhandledPromptBehavior: dismiss and notify, webauthn:extension:credBlob: true, webauthn:extension:largeBlob: true, webauthn:extension:minPinLength: true, webauthn:extension:prf: true, webauthn:virtualAuthenticators: true}
Session ID: 34e72fa405ece3c82939d24cc9e33a6b
at org.openqa.selenium.remote.http.W3CHttpResponseCodec.createException(W3CHttpResponseCodec.java:187)
at org.openqa.selenium.remote.http.W3CHttpResponseCodec.decode(W3CHttpResponseCodec.java:122)
at org.openqa.selenium.remote.http.W3CHttpResponseCodec.decode(W3CHttpResponseCodec.java:49)
at org.openqa.selenium.remote.HttpCommandExecutor.execute(HttpCommandExecutor.java:158)
at org.openqa.selenium.remote.service.DriverCommandExecutor.execute(DriverCommandExecutor.java:83)
at org.openqa.selenium.remote.RemoteWebDriver.execute(RemoteWebDriver.java:552)
at org.openqa.selenium.remote.RemoteWebDriver.perform(RemoteWebDriver.java:618)
at org.openqa.selenium.interactions.Actions$BuiltAction.perform(Actions.java:639)
at Generic.BaseClass.movingDoublecli(BaseClass.java:391)
at Pom.ToDoListTab.AnnotationPageSendWF(ToDoListTab.java:177)
at Script.TodoListAnnotationAddedPageTestedByWfUsers_AndAllUsersAcceptDocScript.SendAnnotationPageToWf(TodoListAnnotationAddedPageTestedByWfUsers_AndAllUsersAcceptDocScript.java:37)
... Removed 30 stack frames]]>
    </failure>
  </testcase> <!-- SendAnnotationPageToWf -->
  <testcase name="ThirdUSerDipakAnnotationdynamicWf" time="53.846" classname="Script.TodoListAnnotationAddedPageTestedByWfUsers_AndAllUsersAcceptDocScript">
    <skipped/>
  </testcase> <!-- ThirdUSerDipakAnnotationdynamicWf -->
  <testcase name="ThirdUSerDipakAnnotationdynamicWf" time="3.05" classname="Script.TodoListAnnotationAddedPageTestedByWfUsers_AndAllUsersAcceptDocScript">
    <skipped/>
  </testcase> <!-- ThirdUSerDipakAnnotationdynamicWf -->
  <testcase name="ThirdUSerDipakAnnotationdynamicWf" time="3.031" classname="Script.TodoListAnnotationAddedPageTestedByWfUsers_AndAllUsersAcceptDocScript">
    <skipped/>
  </testcase> <!-- ThirdUSerDipakAnnotationdynamicWf -->
  <testcase name="ThirdUSerDipakAnnotationdynamicWf" time="3.06" classname="Script.TodoListAnnotationAddedPageTestedByWfUsers_AndAllUsersAcceptDocScript">
    <failure type="org.openqa.selenium.NoSuchElementException" message="no such element: Unable to locate element: {&amp;quot;method&amp;quot;:&amp;quot;xpath&amp;quot;,&amp;quot;selector&amp;quot;:&amp;quot;(//span[@id=&amp;apos;logedinusername&amp;apos;])[1]&amp;quot;}
  (Session info: chrome=120.0.6099.71)
For documentation on this error, please visit: https://www.seleniumhq.org/exceptions/no_such_element.html
Build info: version: &amp;apos;3.141.59&amp;apos;, revision: &amp;apos;e82be7d358&amp;apos;, time: &amp;apos;2018-11-14T08:25:53&amp;apos;
System info: host: &amp;apos;CIPLWKT014&amp;apos;, ip: &amp;apos;10.4.8.14&amp;apos;, os.name: &amp;apos;Windows 10&amp;apos;, os.arch: &amp;apos;x86&amp;apos;, os.version: &amp;apos;10.0&amp;apos;, java.version: &amp;apos;1.8.0_351&amp;apos;
Driver info: org.openqa.selenium.chrome.ChromeDriver
Capabilities {acceptInsecureCerts: false, browserName: chrome, browserVersion: 120.0.6099.71, chrome: {chromedriverVersion: 120.0.6099.71 (9729082fe617..., userDataDir: C:\Users\nisha.r\AppData\Lo...}, fedcm:accounts: true, goog:chromeOptions: {debuggerAddress: localhost:55547}, javascriptEnabled: true, networkConnectionEnabled: false, pageLoadStrategy: normal, platform: WINDOWS, platformName: WINDOWS, proxy: Proxy(), setWindowRect: true, strictFileInteractability: false, timeouts: {implicit: 0, pageLoad: 300000, script: 30000}, unhandledPromptBehavior: dismiss and notify, webauthn:extension:credBlob: true, webauthn:extension:largeBlob: true, webauthn:extension:minPinLength: true, webauthn:extension:prf: true, webauthn:virtualAuthenticators: true}
Session ID: 34e72fa405ece3c82939d24cc9e33a6b
*** Element info: {Using=xpath, value=(//span[@id=&amp;apos;logedinusername&amp;apos;])[1]}">
      <![CDATA[org.openqa.selenium.NoSuchElementException: no such element: Unable to locate element: {"method":"xpath","selector":"(//span[@id='logedinusername'])[1]"}
  (Session info: chrome=120.0.6099.71)
For documentation on this error, please visit: https://www.seleniumhq.org/exceptions/no_such_element.html
Build info: version: '3.141.59', revision: 'e82be7d358', time: '2018-11-14T08:25:53'
System info: host: 'CIPLWKT014', ip: '10.4.8.14', os.name: 'Windows 10', os.arch: 'x86', os.version: '10.0', java.version: '1.8.0_351'
Driver info: org.openqa.selenium.chrome.ChromeDriver
Capabilities {acceptInsecureCerts: false, browserName: chrome, browserVersion: 120.0.6099.71, chrome: {chromedriverVersion: 120.0.6099.71 (9729082fe617..., userDataDir: C:\Users\nisha.r\AppData\Lo...}, fedcm:accounts: true, goog:chromeOptions: {debuggerAddress: localhost:55547}, javascriptEnabled: true, networkConnectionEnabled: false, pageLoadStrategy: normal, platform: WINDOWS, platformName: WINDOWS, proxy: Proxy(), setWindowRect: true, strictFileInteractability: false, timeouts: {implicit: 0, pageLoad: 300000, script: 30000}, unhandledPromptBehavior: dismiss and notify, webauthn:extension:credBlob: true, webauthn:extension:largeBlob: true, webauthn:extension:minPinLength: true, webauthn:extension:prf: true, webauthn:virtualAuthenticators: true}
Session ID: 34e72fa405ece3c82939d24cc9e33a6b
*** Element info: {Using=xpath, value=(//span[@id='logedinusername'])[1]}
at org.openqa.selenium.remote.http.W3CHttpResponseCodec.createException(W3CHttpResponseCodec.java:187)
at org.openqa.selenium.remote.http.W3CHttpResponseCodec.decode(W3CHttpResponseCodec.java:122)
at org.openqa.selenium.remote.http.W3CHttpResponseCodec.decode(W3CHttpResponseCodec.java:49)
at org.openqa.selenium.remote.HttpCommandExecutor.execute(HttpCommandExecutor.java:158)
at org.openqa.selenium.remote.service.DriverCommandExecutor.execute(DriverCommandExecutor.java:83)
at org.openqa.selenium.remote.RemoteWebDriver.execute(RemoteWebDriver.java:552)
at org.openqa.selenium.remote.RemoteWebDriver.findElement(RemoteWebDriver.java:323)
at org.openqa.selenium.remote.RemoteWebDriver.findElementByXPath(RemoteWebDriver.java:428)
at org.openqa.selenium.By$ByXPath.findElement(By.java:353)
at org.openqa.selenium.remote.RemoteWebDriver.findElement(RemoteWebDriver.java:315)
at Generic.BaseClass.LogoutPage(BaseClass.java:305)
at Pom.ToDoListTab.refrshLogDipakTaskUser(ToDoListTab.java:499)
at Pom.ToDoListTab.LoggedInAsThirdUser(ToDoListTab.java:248)
at Script.TodoListAnnotationAddedPageTestedByWfUsers_AndAllUsersAcceptDocScript.ThirdUSerDipakAnnotationdynamicWf(TodoListAnnotationAddedPageTestedByWfUsers_AndAllUsersAcceptDocScript.java:48)
... Removed 29 stack frames]]>
    </failure>
  </testcase> <!-- ThirdUSerDipakAnnotationdynamicWf -->
  <testcase name="UpdateAndAddOneMoreUSer" time="0.025" classname="Script.TodoListAnnotationAddedPageTestedByWfUsers_AndAllUsersAcceptDocScript">
    <skipped/>
  </testcase> <!-- UpdateAndAddOneMoreUSer -->
  <testcase name="UpdateAndAddOneMoreUSer" time="0.029" classname="Script.TodoListAnnotationAddedPageTestedByWfUsers_AndAllUsersAcceptDocScript">
    <skipped/>
  </testcase> <!-- UpdateAndAddOneMoreUSer -->
  <testcase name="UpdateAndAddOneMoreUSer" time="0.029" classname="Script.TodoListAnnotationAddedPageTestedByWfUsers_AndAllUsersAcceptDocScript">
    <skipped/>
  </testcase> <!-- UpdateAndAddOneMoreUSer -->
  <testcase name="UpdateAndAddOneMoreUSer" time="0.013" classname="Script.TodoListAnnotationAddedPageTestedByWfUsers_AndAllUsersAcceptDocScript">
    <failure type="org.openqa.selenium.NoSuchElementException" message="no such element: Unable to locate element: {&amp;quot;method&amp;quot;:&amp;quot;xpath&amp;quot;,&amp;quot;selector&amp;quot;:&amp;quot;(//span[@id=&amp;apos;logedinusername&amp;apos;])[1]&amp;quot;}
  (Session info: chrome=120.0.6099.71)
For documentation on this error, please visit: https://www.seleniumhq.org/exceptions/no_such_element.html
Build info: version: &amp;apos;3.141.59&amp;apos;, revision: &amp;apos;e82be7d358&amp;apos;, time: &amp;apos;2018-11-14T08:25:53&amp;apos;
System info: host: &amp;apos;CIPLWKT014&amp;apos;, ip: &amp;apos;10.4.8.14&amp;apos;, os.name: &amp;apos;Windows 10&amp;apos;, os.arch: &amp;apos;x86&amp;apos;, os.version: &amp;apos;10.0&amp;apos;, java.version: &amp;apos;1.8.0_351&amp;apos;
Driver info: org.openqa.selenium.chrome.ChromeDriver
Capabilities {acceptInsecureCerts: false, browserName: chrome, browserVersion: 120.0.6099.71, chrome: {chromedriverVersion: 120.0.6099.71 (9729082fe617..., userDataDir: C:\Users\nisha.r\AppData\Lo...}, fedcm:accounts: true, goog:chromeOptions: {debuggerAddress: localhost:55547}, javascriptEnabled: true, networkConnectionEnabled: false, pageLoadStrategy: normal, platform: WINDOWS, platformName: WINDOWS, proxy: Proxy(), setWindowRect: true, strictFileInteractability: false, timeouts: {implicit: 0, pageLoad: 300000, script: 30000}, unhandledPromptBehavior: dismiss and notify, webauthn:extension:credBlob: true, webauthn:extension:largeBlob: true, webauthn:extension:minPinLength: true, webauthn:extension:prf: true, webauthn:virtualAuthenticators: true}
Session ID: 34e72fa405ece3c82939d24cc9e33a6b
*** Element info: {Using=xpath, value=(//span[@id=&amp;apos;logedinusername&amp;apos;])[1]}">
      <![CDATA[org.openqa.selenium.NoSuchElementException: no such element: Unable to locate element: {"method":"xpath","selector":"(//span[@id='logedinusername'])[1]"}
  (Session info: chrome=120.0.6099.71)
For documentation on this error, please visit: https://www.seleniumhq.org/exceptions/no_such_element.html
Build info: version: '3.141.59', revision: 'e82be7d358', time: '2018-11-14T08:25:53'
System info: host: 'CIPLWKT014', ip: '10.4.8.14', os.name: 'Windows 10', os.arch: 'x86', os.version: '10.0', java.version: '1.8.0_351'
Driver info: org.openqa.selenium.chrome.ChromeDriver
Capabilities {acceptInsecureCerts: false, browserName: chrome, browserVersion: 120.0.6099.71, chrome: {chromedriverVersion: 120.0.6099.71 (9729082fe617..., userDataDir: C:\Users\nisha.r\AppData\Lo...}, fedcm:accounts: true, goog:chromeOptions: {debuggerAddress: localhost:55547}, javascriptEnabled: true, networkConnectionEnabled: false, pageLoadStrategy: normal, platform: WINDOWS, platformName: WINDOWS, proxy: Proxy(), setWindowRect: true, strictFileInteractability: false, timeouts: {implicit: 0, pageLoad: 300000, script: 30000}, unhandledPromptBehavior: dismiss and notify, webauthn:extension:credBlob: true, webauthn:extension:largeBlob: true, webauthn:extension:minPinLength: true, webauthn:extension:prf: true, webauthn:virtualAuthenticators: true}
Session ID: 34e72fa405ece3c82939d24cc9e33a6b
*** Element info: {Using=xpath, value=(//span[@id='logedinusername'])[1]}
at org.openqa.selenium.remote.http.W3CHttpResponseCodec.createException(W3CHttpResponseCodec.java:187)
at org.openqa.selenium.remote.http.W3CHttpResponseCodec.decode(W3CHttpResponseCodec.java:122)
at org.openqa.selenium.remote.http.W3CHttpResponseCodec.decode(W3CHttpResponseCodec.java:49)
at org.openqa.selenium.remote.HttpCommandExecutor.execute(HttpCommandExecutor.java:158)
at org.openqa.selenium.remote.service.DriverCommandExecutor.execute(DriverCommandExecutor.java:83)
at org.openqa.selenium.remote.RemoteWebDriver.execute(RemoteWebDriver.java:552)
at org.openqa.selenium.remote.RemoteWebDriver.findElement(RemoteWebDriver.java:323)
at org.openqa.selenium.remote.RemoteWebDriver.findElementByXPath(RemoteWebDriver.java:428)
at org.openqa.selenium.By$ByXPath.findElement(By.java:353)
at org.openqa.selenium.remote.RemoteWebDriver.findElement(RemoteWebDriver.java:315)
at Generic.BaseClass.LogoutPage(BaseClass.java:305)
at Pom.ToDoListTab.RamTaskUser(ToDoListTab.java:550)
at Script.TodoListAnnotationAddedPageTestedByWfUsers_AndAllUsersAcceptDocScript.UpdateAndAddOneMoreUSer(TodoListAnnotationAddedPageTestedByWfUsers_AndAllUsersAcceptDocScript.java:57)
... Removed 29 stack frames]]>
    </failure>
  </testcase> <!-- UpdateAndAddOneMoreUSer -->
</testsuite> <!-- Test 25 -->
