<?xml version="1.0" encoding="UTF-8"?>
<!-- Generated by org.testng.reporters.JUnitXMLReporter -->
<testsuite ignored="0" hostname="CIPLWKT014" failures="5" tests="22" name="Test1" time="342.57" errors="0" timestamp="2024-11-27T13:22:19 IST">
  <testcase classname="Computhink.Script.Login_Validation" name="Login_EWA" time="2.631">
    <skipped/>
  </testcase> <!-- Login_EWA -->
  <testcase classname="Computhink.Script.Login_Validation" name="Login_EWA" time="2.519">
    <skipped/>
  </testcase> <!-- Login_EWA -->
  <testcase classname="Computhink.Script.Login_Validation" name="Login_EWA" time="2.455">
    <skipped/>
  </testcase> <!-- Login_EWA -->
  <testcase classname="Computhink.Script.Login_Validation" name="Login_EWA" time="2.491">
    <failure type="org.openqa.selenium.NoSuchElementException" message="Cannot locate option with index: 4
For documentation on this error, please visit: https://www.seleniumhq.org/exceptions/no_such_element.html
Build info: version: &amp;apos;3.141.59&amp;apos;, revision: &amp;apos;e82be7d358&amp;apos;, time: &amp;apos;2018-11-14T08:25:53&amp;apos;
System info: host: &amp;apos;CIPLWKT014&amp;apos;, ip: &amp;apos;10.4.8.14&amp;apos;, os.name: &amp;apos;Windows 10&amp;apos;, os.arch: &amp;apos;amd64&amp;apos;, os.version: &amp;apos;10.0&amp;apos;, java.version: &amp;apos;17.0.12&amp;apos;
Driver info: driver.version: unknown">
      <![CDATA[org.openqa.selenium.NoSuchElementException: Cannot locate option with index: 4
For documentation on this error, please visit: https://www.seleniumhq.org/exceptions/no_such_element.html
Build info: version: '3.141.59', revision: 'e82be7d358', time: '2018-11-14T08:25:53'
System info: host: 'CIPLWKT014', ip: '10.4.8.14', os.name: 'Windows 10', os.arch: 'amd64', os.version: '10.0', java.version: '17.0.12'
Driver info: driver.version: unknown
at org.openqa.selenium.support.ui.Select.setSelectedByIndex(Select.java:297)
at org.openqa.selenium.support.ui.Select.selectByIndex(Select.java:172)
at Computhink.Generic.BaseClass.RoomSelectionCVS(BaseClass.java:209)
at Computhink.Generic.BaseClass.LogDipakUser(BaseClass.java:597)
at Computhink.Script.Login_Validation.Login_EWA(Login_Validation.java:25)
at java.base/java.util.ArrayList.forEach(ArrayList.java:1511)
... Removed 28 stack frames]]>
    </failure>
  </testcase> <!-- Login_EWA -->
  <testcase classname="Computhink.Script.Login_Validation" name="TC_02_Verifying_Login_EWA_with_blank_Username" time="12.289">
    <skipped/>
  </testcase> <!-- TC_02_Verifying_Login_EWA_with_blank_Username -->
  <testcase classname="Computhink.Script.Login_Validation" name="TC_02_Verifying_Login_EWA_with_blank_Username" time="12.295">
    <skipped/>
  </testcase> <!-- TC_02_Verifying_Login_EWA_with_blank_Username -->
  <testcase classname="Computhink.Script.Login_Validation" name="TC_02_Verifying_Login_EWA_with_blank_Username" time="12.272">
    <skipped/>
  </testcase> <!-- TC_02_Verifying_Login_EWA_with_blank_Username -->
  <testcase classname="Computhink.Script.Login_Validation" name="TC_02_Verifying_Login_EWA_with_blank_Username" time="12.343">
    <failure type="org.openqa.selenium.NoSuchElementException" message="Cannot locate element with text: CVWin19Server.Win2019_TestRoom
For documentation on this error, please visit: https://www.seleniumhq.org/exceptions/no_such_element.html
Build info: version: &amp;apos;3.141.59&amp;apos;, revision: &amp;apos;e82be7d358&amp;apos;, time: &amp;apos;2018-11-14T08:25:53&amp;apos;
System info: host: &amp;apos;CIPLWKT014&amp;apos;, ip: &amp;apos;10.4.8.14&amp;apos;, os.name: &amp;apos;Windows 10&amp;apos;, os.arch: &amp;apos;amd64&amp;apos;, os.version: &amp;apos;10.0&amp;apos;, java.version: &amp;apos;17.0.12&amp;apos;
Driver info: driver.version: unknown">
      <![CDATA[org.openqa.selenium.NoSuchElementException: Cannot locate element with text: CVWin19Server.Win2019_TestRoom
For documentation on this error, please visit: https://www.seleniumhq.org/exceptions/no_such_element.html
Build info: version: '3.141.59', revision: 'e82be7d358', time: '2018-11-14T08:25:53'
System info: host: 'CIPLWKT014', ip: '10.4.8.14', os.name: 'Windows 10', os.arch: 'amd64', os.version: '10.0', java.version: '17.0.12'
Driver info: driver.version: unknown
at org.openqa.selenium.support.ui.Select.selectByVisibleText(Select.java:147)
at Computhink.Pom.Language.loginwithoutUsername(Language.java:920)
at Computhink.Pom.Language.Verifying_Login_EWA_with_blank_Username(Language.java:4931)
at Computhink.Script.Login_Validation.TC_02_Verifying_Login_EWA_with_blank_Username(Login_Validation.java:35)
at java.base/java.util.ArrayList.forEach(ArrayList.java:1511)
... Removed 28 stack frames]]>
    </failure>
  </testcase> <!-- TC_02_Verifying_Login_EWA_with_blank_Username -->
  <testcase classname="Computhink.Script.Login_Validation" name="TC_03_Verifying_Login_EWA_with_blank_Password" time="10.617">
    <skipped/>
  </testcase> <!-- TC_03_Verifying_Login_EWA_with_blank_Password -->
  <testcase classname="Computhink.Script.Login_Validation" name="TC_03_Verifying_Login_EWA_with_blank_Password" time="12.344">
    <skipped/>
  </testcase> <!-- TC_03_Verifying_Login_EWA_with_blank_Password -->
  <testcase classname="Computhink.Script.Login_Validation" name="TC_03_Verifying_Login_EWA_with_blank_Password" time="12.297">
    <skipped/>
  </testcase> <!-- TC_03_Verifying_Login_EWA_with_blank_Password -->
  <testcase classname="Computhink.Script.Login_Validation" name="TC_03_Verifying_Login_EWA_with_blank_Password" time="12.259">
    <failure type="org.openqa.selenium.NoSuchElementException" message="Cannot locate element with text: CVWin19Server.Win2019_TestRoom
For documentation on this error, please visit: https://www.seleniumhq.org/exceptions/no_such_element.html
Build info: version: &amp;apos;3.141.59&amp;apos;, revision: &amp;apos;e82be7d358&amp;apos;, time: &amp;apos;2018-11-14T08:25:53&amp;apos;
System info: host: &amp;apos;CIPLWKT014&amp;apos;, ip: &amp;apos;10.4.8.14&amp;apos;, os.name: &amp;apos;Windows 10&amp;apos;, os.arch: &amp;apos;amd64&amp;apos;, os.version: &amp;apos;10.0&amp;apos;, java.version: &amp;apos;17.0.12&amp;apos;
Driver info: driver.version: unknown">
      <![CDATA[org.openqa.selenium.NoSuchElementException: Cannot locate element with text: CVWin19Server.Win2019_TestRoom
For documentation on this error, please visit: https://www.seleniumhq.org/exceptions/no_such_element.html
Build info: version: '3.141.59', revision: 'e82be7d358', time: '2018-11-14T08:25:53'
System info: host: 'CIPLWKT014', ip: '10.4.8.14', os.name: 'Windows 10', os.arch: 'amd64', os.version: '10.0', java.version: '17.0.12'
Driver info: driver.version: unknown
at org.openqa.selenium.support.ui.Select.selectByVisibleText(Select.java:147)
at Computhink.Pom.Language.loginwithoutPassword(Language.java:953)
at Computhink.Pom.Language.Verifying_Login_EWA_with_blank_Password(Language.java:4942)
at Computhink.Script.Login_Validation.TC_03_Verifying_Login_EWA_with_blank_Password(Login_Validation.java:42)
at java.base/java.util.ArrayList.forEach(ArrayList.java:1511)
... Removed 28 stack frames]]>
    </failure>
  </testcase> <!-- TC_03_Verifying_Login_EWA_with_blank_Password -->
  <testcase classname="Computhink.Script.Login_Validation" name="TC_04_Verifying_Login_EWA_without_Selecting_Roomname" time="50.038"/>
  <testcase classname="Computhink.Script.Login_Validation" name="TC_05_Verifying_Login_EWA_with_Invalid_Username" time="12.462">
    <skipped/>
  </testcase> <!-- TC_05_Verifying_Login_EWA_with_Invalid_Username -->
  <testcase classname="Computhink.Script.Login_Validation" name="TC_05_Verifying_Login_EWA_with_Invalid_Username" time="12.5">
    <skipped/>
  </testcase> <!-- TC_05_Verifying_Login_EWA_with_Invalid_Username -->
  <testcase classname="Computhink.Script.Login_Validation" name="TC_05_Verifying_Login_EWA_with_Invalid_Username" time="12.43">
    <skipped/>
  </testcase> <!-- TC_05_Verifying_Login_EWA_with_Invalid_Username -->
  <testcase classname="Computhink.Script.Login_Validation" name="TC_05_Verifying_Login_EWA_with_Invalid_Username" time="12.512">
    <failure type="org.openqa.selenium.NoSuchElementException" message="Cannot locate element with text: CVWin19Server.Win2019_TestRoom
For documentation on this error, please visit: https://www.seleniumhq.org/exceptions/no_such_element.html
Build info: version: &amp;apos;3.141.59&amp;apos;, revision: &amp;apos;e82be7d358&amp;apos;, time: &amp;apos;2018-11-14T08:25:53&amp;apos;
System info: host: &amp;apos;CIPLWKT014&amp;apos;, ip: &amp;apos;10.4.8.14&amp;apos;, os.name: &amp;apos;Windows 10&amp;apos;, os.arch: &amp;apos;amd64&amp;apos;, os.version: &amp;apos;10.0&amp;apos;, java.version: &amp;apos;17.0.12&amp;apos;
Driver info: driver.version: unknown">
      <![CDATA[org.openqa.selenium.NoSuchElementException: Cannot locate element with text: CVWin19Server.Win2019_TestRoom
For documentation on this error, please visit: https://www.seleniumhq.org/exceptions/no_such_element.html
Build info: version: '3.141.59', revision: 'e82be7d358', time: '2018-11-14T08:25:53'
System info: host: 'CIPLWKT014', ip: '10.4.8.14', os.name: 'Windows 10', os.arch: 'amd64', os.version: '10.0', java.version: '17.0.12'
Driver info: driver.version: unknown
at org.openqa.selenium.support.ui.Select.selectByVisibleText(Select.java:147)
at Computhink.Pom.Language.InvalidUsername(Language.java:1050)
at Computhink.Pom.Language.Verifying_Login_EWA_with_Invalid_Username(Language.java:4964)
at Computhink.Script.Login_Validation.TC_05_Verifying_Login_EWA_with_Invalid_Username(Login_Validation.java:58)
at java.base/java.util.ArrayList.forEach(ArrayList.java:1511)
... Removed 28 stack frames]]>
    </failure>
  </testcase> <!-- TC_05_Verifying_Login_EWA_with_Invalid_Username -->
  <testcase classname="Computhink.Script.Login_Validation" name="TC_06_Verifying_Login_EWA_with_Invalid_Password" time="12.505">
    <skipped/>
  </testcase> <!-- TC_06_Verifying_Login_EWA_with_Invalid_Password -->
  <testcase classname="Computhink.Script.Login_Validation" name="TC_06_Verifying_Login_EWA_with_Invalid_Password" time="12.504">
    <skipped/>
  </testcase> <!-- TC_06_Verifying_Login_EWA_with_Invalid_Password -->
  <testcase classname="Computhink.Script.Login_Validation" name="TC_06_Verifying_Login_EWA_with_Invalid_Password" time="12.503">
    <skipped/>
  </testcase> <!-- TC_06_Verifying_Login_EWA_with_Invalid_Password -->
  <testcase classname="Computhink.Script.Login_Validation" name="TC_06_Verifying_Login_EWA_with_Invalid_Password" time="12.432">
    <failure type="org.openqa.selenium.NoSuchElementException" message="Cannot locate element with text: CVWin19Server.Win2019_TestRoom
For documentation on this error, please visit: https://www.seleniumhq.org/exceptions/no_such_element.html
Build info: version: &amp;apos;3.141.59&amp;apos;, revision: &amp;apos;e82be7d358&amp;apos;, time: &amp;apos;2018-11-14T08:25:53&amp;apos;
System info: host: &amp;apos;CIPLWKT014&amp;apos;, ip: &amp;apos;10.4.8.14&amp;apos;, os.name: &amp;apos;Windows 10&amp;apos;, os.arch: &amp;apos;amd64&amp;apos;, os.version: &amp;apos;10.0&amp;apos;, java.version: &amp;apos;17.0.12&amp;apos;
Driver info: driver.version: unknown">
      <![CDATA[org.openqa.selenium.NoSuchElementException: Cannot locate element with text: CVWin19Server.Win2019_TestRoom
For documentation on this error, please visit: https://www.seleniumhq.org/exceptions/no_such_element.html
Build info: version: '3.141.59', revision: 'e82be7d358', time: '2018-11-14T08:25:53'
System info: host: 'CIPLWKT014', ip: '10.4.8.14', os.name: 'Windows 10', os.arch: 'amd64', os.version: '10.0', java.version: '17.0.12'
Driver info: driver.version: unknown
at org.openqa.selenium.support.ui.Select.selectByVisibleText(Select.java:147)
at Computhink.Pom.Language.InvalidPassword(Language.java:1085)
at Computhink.Pom.Language.Verifying_Login_EWA_with_Invalid_Password(Language.java:4975)
at Computhink.Script.Login_Validation.TC_06_Verifying_Login_EWA_with_Invalid_Password(Login_Validation.java:66)
at java.base/java.util.ArrayList.forEach(ArrayList.java:1511)
... Removed 28 stack frames]]>
    </failure>
  </testcase> <!-- TC_06_Verifying_Login_EWA_with_Invalid_Password -->
  <testcase classname="Computhink.Script.Login_Validation" name="TC_07_Verifying_Yes_button_of_Session_for_user_is_already_active_dialog_box" time="60.848"/>
</testsuite> <!-- Test1 -->
