<?xml version="1.0" encoding="UTF-8"?>
<!-- Generated by org.testng.reporters.JUnitReportReporter -->
<testsuite skipped="3" hostname="CIPLWKT014" name="Script.My_Preferences_Download_Allfiles" tests="5" failures="0" timestamp="21 Jun 2024 22:25:32 GMT" time="347.971" errors="1">
  <testcase name="Login_EWA" time="32.834" classname="Script.My_Preferences_Download_Allfiles"/>
  <testcase name="TC_01_Verify_Download_All_Files" time="77.612" classname="Script.My_Preferences_Download_Allfiles">
    <skipped/>
  </testcase> <!-- TC_01_Verify_Download_All_Files -->
  <testcase name="TC_01_Verify_Download_All_Files" time="78.801" classname="Script.My_Preferences_Download_Allfiles">
    <error type="org.openqa.selenium.ElementClickInterceptedException" message="element click intercepted: Element &lt;span class=&quot;icon   downloadPageIcon icon-content&quot; style=&quot;background-image: url(&amp;quot;data:image/png;base64,iVBORw0KGgoAAAANSUhEUgAAABAAAAAQCAYAAAAf8/9hAAAAfklEQVR42rWThRkDIQyFq+swyHXoeviSoc4Fd3i4/VhymtV1D5jSEJngpGseiNQCaQcgouHz+RyJcy63/YAEtQCYV9CvUucE23dD0glerxcCwA7IfsR8gBgzAVtdABDxODoRyYsMgKiHT+BNMW/gXRzjjcAYuxuLUzVBbrbFI1ZlSkvGJHM0AAAAAElFTkSuQmCC&amp;quot;); font-size: 15px;&quot;&gt;&lt;/span&gt; is not clickable at point (1003, 86). Other element would receive the click: &lt;span class=&quot;icon  closeIcon&quot; title=&quot;Document Close&quot; style=&quot;background-image: url(&amp;quot;data:image/png;base64,iVBORw0KGgoAAAANSUhEUgAAABAAAAAQCAQAAAC1+jfqAAAAbUlEQVR42q3P1QECMRRFwaGdtbSP94JrDzg83M/v3N0kvq9G1DGQXXAy0XVqYGUmF7y00nMqNxOTasczGVFubmWuUFkIFhX7SfBtpc0k+KNB8Cyue5+zyxfd8uWLTo0Fx4sGTrX1BENpoO4vrQGZikCiGU5i6QAAAABJRU5ErkJggg==&amp;quot;); font-size: 15px;&quot;&gt;&lt;/span&gt;
  (Session info: chrome=126.0.6478.115)
Build info: version: &#039;3.141.59&#039;, revision: &#039;e82be7d358&#039;, time: &#039;2018-11-14T08:25:53&#039;
System info: host: &#039;CIPLWKT014&#039;, ip: &#039;10.4.8.14&#039;, os.name: &#039;Windows 10&#039;, os.arch: &#039;x86&#039;, os.version: &#039;10.0&#039;, java.version: &#039;1.8.0_351&#039;
Driver info: org.openqa.selenium.chrome.ChromeDriver
Capabilities {acceptInsecureCerts: false, browserName: chrome, browserVersion: 126.0.6478.115, chrome: {chromedriverVersion: 126.0.6478.62 (b2781ca4c383..., userDataDir: C:\Users\nisha.r\AppData\Lo...}, fedcm:accounts: true, goog:chromeOptions: {debuggerAddress: localhost:56002}, javascriptEnabled: true, networkConnectionEnabled: false, pageLoadStrategy: normal, platform: WINDOWS, platformName: WINDOWS, proxy: Proxy(), setWindowRect: true, strictFileInteractability: false, timeouts: {implicit: 0, pageLoad: 300000, script: 30000}, unhandledPromptBehavior: dismiss and notify, webauthn:extension:credBlob: true, webauthn:extension:largeBlob: true, webauthn:extension:minPinLength: true, webauthn:extension:prf: true, webauthn:virtualAuthenticators: true}
Session ID: 7ee732e35d2634a1b44bec35ef50c871">
      <![CDATA[org.openqa.selenium.ElementClickInterceptedException: element click intercepted: Element <span class="icon   downloadPageIcon icon-content" style="background-image: url(&quot;data:image/png;base64,iVBORw0KGgoAAAANSUhEUgAAABAAAAAQCAYAAAAf8/9hAAAAfklEQVR42rWThRkDIQyFq+swyHXoeviSoc4Fd3i4/VhymtV1D5jSEJngpGseiNQCaQcgouHz+RyJcy63/YAEtQCYV9CvUucE23dD0glerxcCwA7IfsR8gBgzAVtdABDxODoRyYsMgKiHT+BNMW/gXRzjjcAYuxuLUzVBbrbFI1ZlSkvGJHM0AAAAAElFTkSuQmCC&quot;); font-size: 15px;"></span> is not clickable at point (1003, 86). Other element would receive the click: <span class="icon  closeIcon" title="Document Close" style="background-image: url(&quot;data:image/png;base64,iVBORw0KGgoAAAANSUhEUgAAABAAAAAQCAQAAAC1+jfqAAAAbUlEQVR42q3P1QECMRRFwaGdtbSP94JrDzg83M/v3N0kvq9G1DGQXXAy0XVqYGUmF7y00nMqNxOTasczGVFubmWuUFkIFhX7SfBtpc0k+KNB8Cyue5+zyxfd8uWLTo0Fx4sGTrX1BENpoO4vrQGZikCiGU5i6QAAAABJRU5ErkJggg==&quot;); font-size: 15px;"></span>
  (Session info: chrome=126.0.6478.115)
Build info: version: '3.141.59', revision: 'e82be7d358', time: '2018-11-14T08:25:53'
System info: host: 'CIPLWKT014', ip: '10.4.8.14', os.name: 'Windows 10', os.arch: 'x86', os.version: '10.0', java.version: '1.8.0_351'
Driver info: org.openqa.selenium.chrome.ChromeDriver
Capabilities {acceptInsecureCerts: false, browserName: chrome, browserVersion: 126.0.6478.115, chrome: {chromedriverVersion: 126.0.6478.62 (b2781ca4c383..., userDataDir: C:\Users\nisha.r\AppData\Lo...}, fedcm:accounts: true, goog:chromeOptions: {debuggerAddress: localhost:56002}, javascriptEnabled: true, networkConnectionEnabled: false, pageLoadStrategy: normal, platform: WINDOWS, platformName: WINDOWS, proxy: Proxy(), setWindowRect: true, strictFileInteractability: false, timeouts: {implicit: 0, pageLoad: 300000, script: 30000}, unhandledPromptBehavior: dismiss and notify, webauthn:extension:credBlob: true, webauthn:extension:largeBlob: true, webauthn:extension:minPinLength: true, webauthn:extension:prf: true, webauthn:virtualAuthenticators: true}
Session ID: 7ee732e35d2634a1b44bec35ef50c871
at sun.reflect.NativeConstructorAccessorImpl.newInstance0(Native Method)
at sun.reflect.NativeConstructorAccessorImpl.newInstance(Unknown Source)
at sun.reflect.DelegatingConstructorAccessorImpl.newInstance(Unknown Source)
at java.lang.reflect.Constructor.newInstance(Unknown Source)
at org.openqa.selenium.remote.http.W3CHttpResponseCodec.createException(W3CHttpResponseCodec.java:187)
at org.openqa.selenium.remote.http.W3CHttpResponseCodec.decode(W3CHttpResponseCodec.java:122)
at org.openqa.selenium.remote.http.W3CHttpResponseCodec.decode(W3CHttpResponseCodec.java:49)
at org.openqa.selenium.remote.HttpCommandExecutor.execute(HttpCommandExecutor.java:158)
at org.openqa.selenium.remote.service.DriverCommandExecutor.execute(DriverCommandExecutor.java:83)
at org.openqa.selenium.remote.RemoteWebDriver.execute(RemoteWebDriver.java:552)
at org.openqa.selenium.remote.RemoteWebElement.execute(RemoteWebElement.java:285)
at org.openqa.selenium.remote.RemoteWebElement.click(RemoteWebElement.java:84)
at sun.reflect.GeneratedMethodAccessor7.invoke(Unknown Source)
at sun.reflect.DelegatingMethodAccessorImpl.invoke(Unknown Source)
at java.lang.reflect.Method.invoke(Unknown Source)
at org.openqa.selenium.support.pagefactory.internal.LocatingElementHandler.invoke(LocatingElementHandler.java:51)
at com.sun.proxy.$Proxy5.click(Unknown Source)
at Pom.My_Preferences.getDownload_File(My_Preferences.java:834)
at Script.My_Preferences_Download_Allfiles.TC_01_Verify_Download_All_Files(My_Preferences_Download_Allfiles.java:69)
at sun.reflect.NativeMethodAccessorImpl.invoke0(Native Method)
at sun.reflect.NativeMethodAccessorImpl.invoke(Unknown Source)
at sun.reflect.DelegatingMethodAccessorImpl.invoke(Unknown Source)
at java.lang.reflect.Method.invoke(Unknown Source)
at org.testng.internal.MethodInvocationHelper.invokeMethod(MethodInvocationHelper.java:124)
at org.testng.internal.Invoker.invokeMethod(Invoker.java:583)
at org.testng.internal.Invoker.retryFailed(Invoker.java:839)
at org.testng.internal.Invoker.invokeTestMethods(Invoker.java:1010)
at org.testng.internal.TestMethodWorker.invokeTestMethods(TestMethodWorker.java:125)
at org.testng.internal.TestMethodWorker.run(TestMethodWorker.java:109)
at org.testng.TestRunner.privateRun(TestRunner.java:648)
at org.testng.TestRunner.run(TestRunner.java:505)
at org.testng.SuiteRunner.runTest(SuiteRunner.java:455)
at org.testng.SuiteRunner.runSequentially(SuiteRunner.java:450)
at org.testng.SuiteRunner.privateRun(SuiteRunner.java:415)
at org.testng.SuiteRunner.run(SuiteRunner.java:364)
at org.testng.SuiteRunnerWorker.runSuite(SuiteRunnerWorker.java:52)
at org.testng.SuiteRunnerWorker.run(SuiteRunnerWorker.java:84)
at org.testng.TestNG.runSuitesSequentially(TestNG.java:1208)
at org.testng.TestNG.runSuitesLocally(TestNG.java:1137)
at org.testng.TestNG.runSuites(TestNG.java:1049)
at org.testng.TestNG.run(TestNG.java:1017)
at org.testng.remote.AbstractRemoteTestNG.run(AbstractRemoteTestNG.java:114)
at org.testng.remote.RemoteTestNG.initAndRun(RemoteTestNG.java:251)
at org.testng.remote.RemoteTestNG.main(RemoteTestNG.java:77)
]]>
    </error>
  </testcase> <!-- TC_01_Verify_Download_All_Files -->
  <testcase name="TC_01_Verify_Download_All_Files" time="79.309" classname="Script.My_Preferences_Download_Allfiles">
    <skipped/>
  </testcase> <!-- TC_01_Verify_Download_All_Files -->
  <testcase name="TC_01_Verify_Download_All_Files" time="79.415" classname="Script.My_Preferences_Download_Allfiles">
    <skipped/>
  </testcase> <!-- TC_01_Verify_Download_All_Files -->
</testsuite> <!-- Script.My_Preferences_Download_Allfiles -->
