<?xml version="1.0" encoding="UTF-8"?>
<!-- Generated by org.testng.reporters.JUnitReportReporter -->
<testsuite skipped="8" hostname="CIPLWKT014" name="Script.Dutch_Language_Test" tests="50" failures="0" timestamp="18 Jan 2024 04:13:16 GMT" time="2358.458" errors="2">
  <testcase name="Login_EWA" time="15.995" classname="Script.Dutch_Language_Test"/>
  <testcase name="CreateandOpen_NewDocument_Dutch_Language" time="121.190" classname="Script.Dutch_Language_Test">
    <skipped/>
  </testcase> <!-- CreateandOpen_NewDocument_Dutch_Language -->
  <testcase name="CreateandOpen_NewDocument_Dutch_Language" time="29.150" classname="Script.Dutch_Language_Test">
    <skipped/>
  </testcase> <!-- CreateandOpen_NewDocument_Dutch_Language -->
  <testcase name="CreateandOpen_NewDocument_Dutch_Language" time="28.957" classname="Script.Dutch_Language_Test">
    <error type="org.openqa.selenium.NoSuchElementException" message="no such element: Unable to locate element: {&quot;method&quot;:&quot;xpath&quot;,&quot;selector&quot;:&quot;//a[normalize-space()=&#039;Logout&#039;]&quot;}
  (Session info: chrome=120.0.6099.217)
For documentation on this error, please visit: https://www.seleniumhq.org/exceptions/no_such_element.html
Build info: version: &#039;3.141.59&#039;, revision: &#039;e82be7d358&#039;, time: &#039;2018-11-14T08:25:53&#039;
System info: host: &#039;CIPLWKT014&#039;, ip: &#039;10.4.8.14&#039;, os.name: &#039;Windows 10&#039;, os.arch: &#039;x86&#039;, os.version: &#039;10.0&#039;, java.version: &#039;1.8.0_351&#039;
Driver info: org.openqa.selenium.chrome.ChromeDriver
Capabilities {acceptInsecureCerts: false, browserName: chrome, browserVersion: 120.0.6099.217, chrome: {chromedriverVersion: 120.0.6099.109 (3419140ab66..., userDataDir: C:\Users\nisha.r\AppData\Lo...}, fedcm:accounts: true, goog:chromeOptions: {debuggerAddress: localhost:53763}, javascriptEnabled: true, networkConnectionEnabled: false, pageLoadStrategy: normal, platform: WINDOWS, platformName: WINDOWS, proxy: Proxy(), setWindowRect: true, strictFileInteractability: false, timeouts: {implicit: 0, pageLoad: 300000, script: 30000}, unhandledPromptBehavior: dismiss and notify, webauthn:extension:credBlob: true, webauthn:extension:largeBlob: true, webauthn:extension:minPinLength: true, webauthn:extension:prf: true, webauthn:virtualAuthenticators: true}
Session ID: d18fb721795e21547bd305a9ccbb0961
*** Element info: {Using=xpath, value=//a[normalize-space()=&#039;Logout&#039;]}">
      <![CDATA[org.openqa.selenium.NoSuchElementException: no such element: Unable to locate element: {"method":"xpath","selector":"//a[normalize-space()='Logout']"}
  (Session info: chrome=120.0.6099.217)
For documentation on this error, please visit: https://www.seleniumhq.org/exceptions/no_such_element.html
Build info: version: '3.141.59', revision: 'e82be7d358', time: '2018-11-14T08:25:53'
System info: host: 'CIPLWKT014', ip: '10.4.8.14', os.name: 'Windows 10', os.arch: 'x86', os.version: '10.0', java.version: '1.8.0_351'
Driver info: org.openqa.selenium.chrome.ChromeDriver
Capabilities {acceptInsecureCerts: false, browserName: chrome, browserVersion: 120.0.6099.217, chrome: {chromedriverVersion: 120.0.6099.109 (3419140ab66..., userDataDir: C:\Users\nisha.r\AppData\Lo...}, fedcm:accounts: true, goog:chromeOptions: {debuggerAddress: localhost:53763}, javascriptEnabled: true, networkConnectionEnabled: false, pageLoadStrategy: normal, platform: WINDOWS, platformName: WINDOWS, proxy: Proxy(), setWindowRect: true, strictFileInteractability: false, timeouts: {implicit: 0, pageLoad: 300000, script: 30000}, unhandledPromptBehavior: dismiss and notify, webauthn:extension:credBlob: true, webauthn:extension:largeBlob: true, webauthn:extension:minPinLength: true, webauthn:extension:prf: true, webauthn:virtualAuthenticators: true}
Session ID: d18fb721795e21547bd305a9ccbb0961
*** Element info: {Using=xpath, value=//a[normalize-space()='Logout']}
at sun.reflect.GeneratedConstructorAccessor87.newInstance(Unknown Source)
at sun.reflect.DelegatingConstructorAccessorImpl.newInstance(Unknown Source)
at java.lang.reflect.Constructor.newInstance(Unknown Source)
at org.openqa.selenium.remote.http.W3CHttpResponseCodec.createException(W3CHttpResponseCodec.java:187)
at org.openqa.selenium.remote.http.W3CHttpResponseCodec.decode(W3CHttpResponseCodec.java:122)
at org.openqa.selenium.remote.http.W3CHttpResponseCodec.decode(W3CHttpResponseCodec.java:49)
at org.openqa.selenium.remote.HttpCommandExecutor.execute(HttpCommandExecutor.java:158)
at org.openqa.selenium.remote.service.DriverCommandExecutor.execute(DriverCommandExecutor.java:83)
at org.openqa.selenium.remote.RemoteWebDriver.execute(RemoteWebDriver.java:552)
at org.openqa.selenium.remote.RemoteWebDriver.findElement(RemoteWebDriver.java:323)
at org.openqa.selenium.remote.RemoteWebDriver.findElementByXPath(RemoteWebDriver.java:428)
at org.openqa.selenium.By$ByXPath.findElement(By.java:353)
at org.openqa.selenium.remote.RemoteWebDriver.findElement(RemoteWebDriver.java:315)
at org.openqa.selenium.support.pagefactory.DefaultElementLocator.findElement(DefaultElementLocator.java:69)
at org.openqa.selenium.support.pagefactory.internal.LocatingElementHandler.invoke(LocatingElementHandler.java:38)
at com.sun.proxy.$Proxy25.getWrappedElement(Unknown Source)
at org.openqa.selenium.remote.internal.WebElementToJsonConverter.apply(WebElementToJsonConverter.java:50)
at java.util.stream.ReferencePipeline$3$1.accept(Unknown Source)
at java.util.Spliterators$ArraySpliterator.forEachRemaining(Unknown Source)
at java.util.stream.AbstractPipeline.copyInto(Unknown Source)
at java.util.stream.AbstractPipeline.wrapAndCopyInto(Unknown Source)
at java.util.stream.ReduceOps$ReduceOp.evaluateSequential(Unknown Source)
at java.util.stream.AbstractPipeline.evaluate(Unknown Source)
at java.util.stream.ReferencePipeline.collect(Unknown Source)
at org.openqa.selenium.remote.RemoteWebDriver.executeScript(RemoteWebDriver.java:484)
at Generic.BaseClass.jsclick(BaseClass.java:506)
at Script.Dutch_Language_Test.CreateandOpen_NewDocument_Dutch_Language(Dutch_Language_Test.java:54)
at sun.reflect.NativeMethodAccessorImpl.invoke0(Native Method)
at sun.reflect.NativeMethodAccessorImpl.invoke(Unknown Source)
at sun.reflect.DelegatingMethodAccessorImpl.invoke(Unknown Source)
at java.lang.reflect.Method.invoke(Unknown Source)
at org.testng.internal.MethodInvocationHelper.invokeMethod(MethodInvocationHelper.java:124)
at org.testng.internal.Invoker.invokeMethod(Invoker.java:583)
at org.testng.internal.Invoker.retryFailed(Invoker.java:839)
at org.testng.internal.Invoker.invokeTestMethods(Invoker.java:1010)
at org.testng.internal.TestMethodWorker.invokeTestMethods(TestMethodWorker.java:125)
at org.testng.internal.TestMethodWorker.run(TestMethodWorker.java:109)
at org.testng.TestRunner.privateRun(TestRunner.java:648)
at org.testng.TestRunner.run(TestRunner.java:505)
at org.testng.SuiteRunner.runTest(SuiteRunner.java:455)
at org.testng.SuiteRunner.runSequentially(SuiteRunner.java:450)
at org.testng.SuiteRunner.privateRun(SuiteRunner.java:415)
at org.testng.SuiteRunner.run(SuiteRunner.java:364)
at org.testng.SuiteRunnerWorker.runSuite(SuiteRunnerWorker.java:52)
at org.testng.SuiteRunnerWorker.run(SuiteRunnerWorker.java:84)
at org.testng.TestNG.runSuitesSequentially(TestNG.java:1208)
at org.testng.TestNG.runSuitesSequentially(TestNG.java:1204)
at org.testng.TestNG.runSuitesLocally(TestNG.java:1137)
at org.testng.TestNG.runSuites(TestNG.java:1049)
at org.testng.TestNG.run(TestNG.java:1017)
at org.testng.remote.AbstractRemoteTestNG.run(AbstractRemoteTestNG.java:114)
at org.testng.remote.RemoteTestNG.initAndRun(RemoteTestNG.java:251)
at org.testng.remote.RemoteTestNG.main(RemoteTestNG.java:77)
]]>
    </error>
  </testcase> <!-- CreateandOpen_NewDocument_Dutch_Language -->
  <testcase name="CreateandOpen_NewDocument_Dutch_Language" time="29.024" classname="Script.Dutch_Language_Test">
    <skipped/>
  </testcase> <!-- CreateandOpen_NewDocument_Dutch_Language -->
  <testcase name="Verify_OCR_afterCreatingDocument" time="4.076" classname="Script.Dutch_Language_Test">
    <skipped/>
  </testcase> <!-- Verify_OCR_afterCreatingDocument -->
  <testcase name="Verify_OCR_afterCreatingDocument" time="4.062" classname="Script.Dutch_Language_Test">
    <error type="org.openqa.selenium.ElementNotInteractableException" message="element not interactable: [object HTMLSpanElement] has no size and location
  (Session info: chrome=120.0.6099.217)
Build info: version: &#039;3.141.59&#039;, revision: &#039;e82be7d358&#039;, time: &#039;2018-11-14T08:25:53&#039;
System info: host: &#039;CIPLWKT014&#039;, ip: &#039;10.4.8.14&#039;, os.name: &#039;Windows 10&#039;, os.arch: &#039;x86&#039;, os.version: &#039;10.0&#039;, java.version: &#039;1.8.0_351&#039;
Driver info: org.openqa.selenium.chrome.ChromeDriver
Capabilities {acceptInsecureCerts: false, browserName: chrome, browserVersion: 120.0.6099.217, chrome: {chromedriverVersion: 120.0.6099.109 (3419140ab66..., userDataDir: C:\Users\nisha.r\AppData\Lo...}, fedcm:accounts: true, goog:chromeOptions: {debuggerAddress: localhost:53763}, javascriptEnabled: true, networkConnectionEnabled: false, pageLoadStrategy: normal, platform: WINDOWS, platformName: WINDOWS, proxy: Proxy(), setWindowRect: true, strictFileInteractability: false, timeouts: {implicit: 0, pageLoad: 300000, script: 30000}, unhandledPromptBehavior: dismiss and notify, webauthn:extension:credBlob: true, webauthn:extension:largeBlob: true, webauthn:extension:minPinLength: true, webauthn:extension:prf: true, webauthn:virtualAuthenticators: true}
Session ID: d18fb721795e21547bd305a9ccbb0961">
      <![CDATA[org.openqa.selenium.ElementNotInteractableException: element not interactable: [object HTMLSpanElement] has no size and location
  (Session info: chrome=120.0.6099.217)
Build info: version: '3.141.59', revision: 'e82be7d358', time: '2018-11-14T08:25:53'
System info: host: 'CIPLWKT014', ip: '10.4.8.14', os.name: 'Windows 10', os.arch: 'x86', os.version: '10.0', java.version: '1.8.0_351'
Driver info: org.openqa.selenium.chrome.ChromeDriver
Capabilities {acceptInsecureCerts: false, browserName: chrome, browserVersion: 120.0.6099.217, chrome: {chromedriverVersion: 120.0.6099.109 (3419140ab66..., userDataDir: C:\Users\nisha.r\AppData\Lo...}, fedcm:accounts: true, goog:chromeOptions: {debuggerAddress: localhost:53763}, javascriptEnabled: true, networkConnectionEnabled: false, pageLoadStrategy: normal, platform: WINDOWS, platformName: WINDOWS, proxy: Proxy(), setWindowRect: true, strictFileInteractability: false, timeouts: {implicit: 0, pageLoad: 300000, script: 30000}, unhandledPromptBehavior: dismiss and notify, webauthn:extension:credBlob: true, webauthn:extension:largeBlob: true, webauthn:extension:minPinLength: true, webauthn:extension:prf: true, webauthn:virtualAuthenticators: true}
Session ID: d18fb721795e21547bd305a9ccbb0961
at sun.reflect.GeneratedConstructorAccessor94.newInstance(Unknown Source)
at sun.reflect.DelegatingConstructorAccessorImpl.newInstance(Unknown Source)
at java.lang.reflect.Constructor.newInstance(Unknown Source)
at org.openqa.selenium.remote.http.W3CHttpResponseCodec.createException(W3CHttpResponseCodec.java:187)
at org.openqa.selenium.remote.http.W3CHttpResponseCodec.decode(W3CHttpResponseCodec.java:122)
at org.openqa.selenium.remote.http.W3CHttpResponseCodec.decode(W3CHttpResponseCodec.java:49)
at org.openqa.selenium.remote.HttpCommandExecutor.execute(HttpCommandExecutor.java:158)
at org.openqa.selenium.remote.service.DriverCommandExecutor.execute(DriverCommandExecutor.java:83)
at org.openqa.selenium.remote.RemoteWebDriver.execute(RemoteWebDriver.java:552)
at org.openqa.selenium.remote.RemoteWebDriver.perform(RemoteWebDriver.java:618)
at org.openqa.selenium.interactions.Actions$BuiltAction.perform(Actions.java:639)
at org.openqa.selenium.interactions.Actions.perform(Actions.java:595)
at Pom.Language.getMove_To_PlusIcon(Language.java:421)
at Script.Dutch_Language_Test.Verify_OCR_afterCreatingDocument(Dutch_Language_Test.java:118)
at sun.reflect.NativeMethodAccessorImpl.invoke0(Native Method)
at sun.reflect.NativeMethodAccessorImpl.invoke(Unknown Source)
at sun.reflect.DelegatingMethodAccessorImpl.invoke(Unknown Source)
at java.lang.reflect.Method.invoke(Unknown Source)
at org.testng.internal.MethodInvocationHelper.invokeMethod(MethodInvocationHelper.java:124)
at org.testng.internal.Invoker.invokeMethod(Invoker.java:583)
at org.testng.internal.Invoker.retryFailed(Invoker.java:839)
at org.testng.internal.Invoker.invokeTestMethods(Invoker.java:1010)
at org.testng.internal.TestMethodWorker.invokeTestMethods(TestMethodWorker.java:125)
at org.testng.internal.TestMethodWorker.run(TestMethodWorker.java:109)
at org.testng.TestRunner.privateRun(TestRunner.java:648)
at org.testng.TestRunner.run(TestRunner.java:505)
at org.testng.SuiteRunner.runTest(SuiteRunner.java:455)
at org.testng.SuiteRunner.runSequentially(SuiteRunner.java:450)
at org.testng.SuiteRunner.privateRun(SuiteRunner.java:415)
at org.testng.SuiteRunner.run(SuiteRunner.java:364)
at org.testng.SuiteRunnerWorker.runSuite(SuiteRunnerWorker.java:52)
at org.testng.SuiteRunnerWorker.run(SuiteRunnerWorker.java:84)
at org.testng.TestNG.runSuitesSequentially(TestNG.java:1208)
at org.testng.TestNG.runSuitesSequentially(TestNG.java:1204)
at org.testng.TestNG.runSuitesLocally(TestNG.java:1137)
at org.testng.TestNG.runSuites(TestNG.java:1049)
at org.testng.TestNG.run(TestNG.java:1017)
at org.testng.remote.AbstractRemoteTestNG.run(AbstractRemoteTestNG.java:114)
at org.testng.remote.RemoteTestNG.initAndRun(RemoteTestNG.java:251)
at org.testng.remote.RemoteTestNG.main(RemoteTestNG.java:77)
]]>
    </error>
  </testcase> <!-- Verify_OCR_afterCreatingDocument -->
  <testcase name="Verify_OCR_afterCreatingDocument" time="25.214" classname="Script.Dutch_Language_Test">
    <skipped/>
  </testcase> <!-- Verify_OCR_afterCreatingDocument -->
  <testcase name="Verify_OCR_afterCreatingDocument" time="25.084" classname="Script.Dutch_Language_Test">
    <skipped/>
  </testcase> <!-- Verify_OCR_afterCreatingDocument -->
  <testcase name="Addsignature_Dutch_Language" time="21.369" classname="Script.Dutch_Language_Test"/>
  <testcase name="Addsignature_Dutch_Language" time="14.551" classname="Script.Dutch_Language_Test">
    <skipped/>
  </testcase> <!-- Addsignature_Dutch_Language -->
  <testcase name="Addsignature_Dutch_Language" time="14.682" classname="Script.Dutch_Language_Test">
    <skipped/>
  </testcase> <!-- Addsignature_Dutch_Language -->
  <testcase name="AddRedaction_Dutch_Language" time="50.196" classname="Script.Dutch_Language_Test"/>
  <testcase name="ShowHideThumbnail_Dutch_Language" time="22.531" classname="Script.Dutch_Language_Test"/>
  <testcase name="verify_to_CreateorBrowse_Template_Defaultviewing" time="119.050" classname="Script.Dutch_Language_Test"/>
  <testcase name="Verify_to_Edit_and_Delete_DefaultTemplate" time="52.006" classname="Script.Dutch_Language_Test"/>
  <testcase name="verify_to_CreateorBrowse_Template_Advancedviewing_OfficeDoc" time="123.746" classname="Script.Dutch_Language_Test"/>
  <testcase name="Verify_to_Edit_and_Delete_AdvancedTemplate_OfficeDoc" time="56.000" classname="Script.Dutch_Language_Test"/>
  <testcase name="verify_to_Create_Formmapping_PDFTemplate_Advancedviewing" time="146.417" classname="Script.Dutch_Language_Test"/>
  <testcase name="Verify_to_Edit_and_Delete_FormFiled" time="50.309" classname="Script.Dutch_Language_Test"/>
  <testcase name="Set_Defaultview" time="30.888" classname="Script.Dutch_Language_Test"/>
  <testcase name="Verify_Load_MoreCount_On_Search" time="47.733" classname="Script.Dutch_Language_Test"/>
  <testcase name="Verify_Load_MoreCount_On_Folder" time="25.623" classname="Script.Dutch_Language_Test"/>
  <testcase name="Open_Custom_List_Dialog_And_Verify_Title_Roomcolumn" time="34.009" classname="Script.Dutch_Language_Test"/>
  <testcase name="Verify_The_Text_of_Custom_List_Dialog_Roomcolumn" time="5.134" classname="Script.Dutch_Language_Test"/>
  <testcase name="Set_And_Verify_Custom_Columns_NodeLevel" time="95.589" classname="Script.Dutch_Language_Test"/>
  <testcase name="Verify_Default_Custom_Columns" time="52.082" classname="Script.Dutch_Language_Test"/>
  <testcase name="Verify_Cancel_Button_of_CustomList" time="12.042" classname="Script.Dutch_Language_Test"/>
  <testcase name="Verify_Custom_Columns_RoomLevel" time="18.107" classname="Script.Dutch_Language_Test"/>
  <testcase name="Verify_Reset_Columns_Functionality" time="7.072" classname="Script.Dutch_Language_Test"/>
  <testcase name="Open_Custom_List_Dialog_And_Verify_Title_Searchcolumn" time="9.452" classname="Script.Dutch_Language_Test"/>
  <testcase name="Verify_The_Text_of_Custom_List_Dialog_Searchcolumn" time="5.067" classname="Script.Dutch_Language_Test"/>
  <testcase name="Verify_Set_Custom_Columns_for_Search" time="97.390" classname="Script.Dutch_Language_Test"/>
  <testcase name="Verify_Reset_Columns_for_Search" time="19.193" classname="Script.Dutch_Language_Test"/>
  <testcase name="Open_Custom_List_Dialog_And_Verify_Title_ToDoList" time="13.292" classname="Script.Dutch_Language_Test"/>
  <testcase name="Verify_The_Text_of_Custom_List_Dialog_ToDoList" time="14.072" classname="Script.Dutch_Language_Test"/>
  <testcase name="Verify_Set_Custom_Columns_for_ToDoList" time="92.736" classname="Script.Dutch_Language_Test"/>
  <testcase name="Reset_Custom_Columns_for_ToDoList" time="12.462" classname="Script.Dutch_Language_Test"/>
  <testcase name="Verify_Refresh_Option" time="40.174" classname="Script.Dutch_Language_Test"/>
  <testcase name="Verify_Categories_Option" time="10.313" classname="Script.Dutch_Language_Test"/>
  <testcase name="Verify_copy_and_paste_Option" time="22.236" classname="Script.Dutch_Language_Test"/>
  <testcase name="Verify_cut_and_paste_Option" time="37.241" classname="Script.Dutch_Language_Test"/>
  <testcase name="Verify_Delete_Option" time="26.916" classname="Script.Dutch_Language_Test"/>
  <testcase name="Verify_CreateFavorites_Document" time="69.376" classname="Script.Dutch_Language_Test"/>
  <testcase name="Verify_Notification_on_Document" time="181.044" classname="Script.Dutch_Language_Test"/>
  <testcase name="Verify_SendTo_Mail" time="165.085" classname="Script.Dutch_Language_Test"/>
  <testcase name="Verify_SendTo_Print" time="36.373" classname="Script.Dutch_Language_Test"/>
  <testcase name="Verify_SendTo_Export" time="99.186" classname="Script.Dutch_Language_Test"/>
  <testcase name="Verify_SendTo_GenerateDocumentLink" time="46.848" classname="Script.Dutch_Language_Test"/>
  <testcase name="Verify_SendTo_SecureLink" time="78.114" classname="Script.Dutch_Language_Test"/>
</testsuite> <!-- Script.Dutch_Language_Test -->
