<?xml version="1.0" encoding="UTF-8"?>
<!-- Generated by org.testng.reporters.JUnitReportReporter -->
<testsuite skipped="6" hostname="CIPLWKT014" name="French_Language.SearchSelectDocumentLocation" tests="25" failures="0" timestamp="12 Feb 2024 16:41:33 GMT" time="1188.421" errors="2">
  <testcase name="BlankSearch" time="21.431" classname="French_Language.SearchSelectDocumentLocation"/>
  <testcase name="ExactSearchInIndexWithLoadMoreCount" time="27.170" classname="French_Language.SearchSelectDocumentLocation">
    <skipped/>
  </testcase> <!-- ExactSearchInIndexWithLoadMoreCount -->
  <testcase name="ExactSearchInIndexWithLoadMoreCount" time="27.395" classname="French_Language.SearchSelectDocumentLocation">
    <skipped/>
  </testcase> <!-- ExactSearchInIndexWithLoadMoreCount -->
  <testcase name="ExactSearchInIndexWithLoadMoreCount" time="27.044" classname="French_Language.SearchSelectDocumentLocation">
    <skipped/>
  </testcase> <!-- ExactSearchInIndexWithLoadMoreCount -->
  <testcase name="ExactSearchInIndexWithLoadMoreCount" time="27.047" classname="French_Language.SearchSelectDocumentLocation">
    <error type="org.openqa.selenium.NoSuchElementException" message="no such element: Unable to locate element: {&quot;method&quot;:&quot;xpath&quot;,&quot;selector&quot;:&quot;(//button[normalize-space()=&#039;LOAD MORE...&#039;])[1]&quot;}
  (Session info: chrome=121.0.6167.161)
For documentation on this error, please visit: https://www.seleniumhq.org/exceptions/no_such_element.html
Build info: version: &#039;3.141.59&#039;, revision: &#039;e82be7d358&#039;, time: &#039;2018-11-14T08:25:53&#039;
System info: host: &#039;CIPLWKT014&#039;, ip: &#039;10.4.8.14&#039;, os.name: &#039;Windows 10&#039;, os.arch: &#039;x86&#039;, os.version: &#039;10.0&#039;, java.version: &#039;1.8.0_351&#039;
Driver info: org.openqa.selenium.chrome.ChromeDriver
Capabilities {acceptInsecureCerts: false, browserName: chrome, browserVersion: 121.0.6167.161, chrome: {chromedriverVersion: 121.0.6167.85 (3f98d690ad7e..., userDataDir: C:\Users\nisha.r\AppData\Lo...}, fedcm:accounts: true, goog:chromeOptions: {debuggerAddress: localhost:57340}, javascriptEnabled: true, networkConnectionEnabled: false, pageLoadStrategy: normal, platform: WINDOWS, platformName: WINDOWS, proxy: Proxy(), setWindowRect: true, strictFileInteractability: false, timeouts: {implicit: 0, pageLoad: 300000, script: 30000}, unhandledPromptBehavior: dismiss and notify, webauthn:extension:credBlob: true, webauthn:extension:largeBlob: true, webauthn:extension:minPinLength: true, webauthn:extension:prf: true, webauthn:virtualAuthenticators: true}
Session ID: 6da0293828049b1c5cca1ef24508cc4e
*** Element info: {Using=xpath, value=(//button[normalize-space()=&#039;LOAD MORE...&#039;])[1]}">
      <![CDATA[org.openqa.selenium.NoSuchElementException: no such element: Unable to locate element: {"method":"xpath","selector":"(//button[normalize-space()='LOAD MORE...'])[1]"}
  (Session info: chrome=121.0.6167.161)
For documentation on this error, please visit: https://www.seleniumhq.org/exceptions/no_such_element.html
Build info: version: '3.141.59', revision: 'e82be7d358', time: '2018-11-14T08:25:53'
System info: host: 'CIPLWKT014', ip: '10.4.8.14', os.name: 'Windows 10', os.arch: 'x86', os.version: '10.0', java.version: '1.8.0_351'
Driver info: org.openqa.selenium.chrome.ChromeDriver
Capabilities {acceptInsecureCerts: false, browserName: chrome, browserVersion: 121.0.6167.161, chrome: {chromedriverVersion: 121.0.6167.85 (3f98d690ad7e..., userDataDir: C:\Users\nisha.r\AppData\Lo...}, fedcm:accounts: true, goog:chromeOptions: {debuggerAddress: localhost:57340}, javascriptEnabled: true, networkConnectionEnabled: false, pageLoadStrategy: normal, platform: WINDOWS, platformName: WINDOWS, proxy: Proxy(), setWindowRect: true, strictFileInteractability: false, timeouts: {implicit: 0, pageLoad: 300000, script: 30000}, unhandledPromptBehavior: dismiss and notify, webauthn:extension:credBlob: true, webauthn:extension:largeBlob: true, webauthn:extension:minPinLength: true, webauthn:extension:prf: true, webauthn:virtualAuthenticators: true}
Session ID: 6da0293828049b1c5cca1ef24508cc4e
*** Element info: {Using=xpath, value=(//button[normalize-space()='LOAD MORE...'])[1]}
at sun.reflect.GeneratedConstructorAccessor121.newInstance(Unknown Source)
at sun.reflect.DelegatingConstructorAccessorImpl.newInstance(Unknown Source)
at java.lang.reflect.Constructor.newInstance(Unknown Source)
at org.openqa.selenium.remote.http.W3CHttpResponseCodec.createException(W3CHttpResponseCodec.java:187)
at org.openqa.selenium.remote.http.W3CHttpResponseCodec.decode(W3CHttpResponseCodec.java:122)
at org.openqa.selenium.remote.http.W3CHttpResponseCodec.decode(W3CHttpResponseCodec.java:49)
at org.openqa.selenium.remote.HttpCommandExecutor.execute(HttpCommandExecutor.java:158)
at org.openqa.selenium.remote.service.DriverCommandExecutor.execute(DriverCommandExecutor.java:83)
at org.openqa.selenium.remote.RemoteWebDriver.execute(RemoteWebDriver.java:552)
at org.openqa.selenium.remote.RemoteWebDriver.findElement(RemoteWebDriver.java:323)
at org.openqa.selenium.remote.RemoteWebDriver.findElementByXPath(RemoteWebDriver.java:428)
at org.openqa.selenium.By$ByXPath.findElement(By.java:353)
at org.openqa.selenium.remote.RemoteWebDriver.findElement(RemoteWebDriver.java:315)
at Pom.SearchFunction.ScrollDownButton(SearchFunction.java:970)
at French_Language.SearchSelectDocumentLocation.ExactSearchInIndexWithLoadMoreCount(SearchSelectDocumentLocation.java:78)
at sun.reflect.NativeMethodAccessorImpl.invoke0(Native Method)
at sun.reflect.NativeMethodAccessorImpl.invoke(Unknown Source)
at sun.reflect.DelegatingMethodAccessorImpl.invoke(Unknown Source)
at java.lang.reflect.Method.invoke(Unknown Source)
at org.testng.internal.MethodInvocationHelper.invokeMethod(MethodInvocationHelper.java:124)
at org.testng.internal.Invoker.invokeMethod(Invoker.java:583)
at org.testng.internal.Invoker.retryFailed(Invoker.java:839)
at org.testng.internal.Invoker.invokeTestMethods(Invoker.java:1010)
at org.testng.internal.TestMethodWorker.invokeTestMethods(TestMethodWorker.java:125)
at org.testng.internal.TestMethodWorker.run(TestMethodWorker.java:109)
at org.testng.TestRunner.privateRun(TestRunner.java:648)
at org.testng.TestRunner.run(TestRunner.java:505)
at org.testng.SuiteRunner.runTest(SuiteRunner.java:455)
at org.testng.SuiteRunner.runSequentially(SuiteRunner.java:450)
at org.testng.SuiteRunner.privateRun(SuiteRunner.java:415)
at org.testng.SuiteRunner.run(SuiteRunner.java:364)
at org.testng.SuiteRunnerWorker.runSuite(SuiteRunnerWorker.java:52)
at org.testng.SuiteRunnerWorker.run(SuiteRunnerWorker.java:84)
at org.testng.TestNG.runSuitesSequentially(TestNG.java:1208)
at org.testng.TestNG.runSuitesSequentially(TestNG.java:1204)
at org.testng.TestNG.runSuitesLocally(TestNG.java:1137)
at org.testng.TestNG.runSuites(TestNG.java:1049)
at org.testng.TestNG.run(TestNG.java:1017)
at org.testng.remote.AbstractRemoteTestNG.run(AbstractRemoteTestNG.java:114)
at org.testng.remote.RemoteTestNG.initAndRun(RemoteTestNG.java:251)
at org.testng.remote.RemoteTestNG.main(RemoteTestNG.java:77)
]]>
    </error>
  </testcase> <!-- ExactSearchInIndexWithLoadMoreCount -->
  <testcase name="ExactSearchInIndex" time="29.961" classname="French_Language.SearchSelectDocumentLocation"/>
  <testcase name="AtLeastOneWordSeachIndex" time="14.543" classname="French_Language.SearchSelectDocumentLocation"/>
  <testcase name="AllOfTheWordSearchIndex" time="26.227" classname="French_Language.SearchSelectDocumentLocation"/>
  <testcase name="AllVrsn_Incldcmnt_FindInHit_AppendToHit" time="113.485" classname="French_Language.SearchSelectDocumentLocation">
    <skipped/>
  </testcase> <!-- AllVrsn_Incldcmnt_FindInHit_AppendToHit -->
  <testcase name="AllVrsn_Incldcmnt_FindInHit_AppendToHit" time="113.507" classname="French_Language.SearchSelectDocumentLocation">
    <error type="org.openqa.selenium.TimeoutException" message="Expected condition failed: waiting for visibility of [[ChromeDriver: chrome on WINDOWS (6da0293828049b1c5cca1ef24508cc4e)] -&gt; xpath: (//div[@class=&#039;elementHeader&#039;])[5]] (tried for 30 second(s) with 500 milliseconds interval)
Build info: version: &#039;3.141.59&#039;, revision: &#039;e82be7d358&#039;, time: &#039;2018-11-14T08:25:53&#039;
System info: host: &#039;CIPLWKT014&#039;, ip: &#039;10.4.8.14&#039;, os.name: &#039;Windows 10&#039;, os.arch: &#039;x86&#039;, os.version: &#039;10.0&#039;, java.version: &#039;1.8.0_351&#039;
Driver info: org.openqa.selenium.chrome.ChromeDriver
Capabilities {acceptInsecureCerts: false, browserName: chrome, browserVersion: 121.0.6167.161, chrome: {chromedriverVersion: 121.0.6167.85 (3f98d690ad7e..., userDataDir: C:\Users\nisha.r\AppData\Lo...}, fedcm:accounts: true, goog:chromeOptions: {debuggerAddress: localhost:57340}, javascriptEnabled: true, networkConnectionEnabled: false, pageLoadStrategy: normal, platform: WINDOWS, platformName: WINDOWS, proxy: Proxy(), setWindowRect: true, strictFileInteractability: false, timeouts: {implicit: 0, pageLoad: 300000, script: 30000}, unhandledPromptBehavior: dismiss and notify, webauthn:extension:credBlob: true, webauthn:extension:largeBlob: true, webauthn:extension:minPinLength: true, webauthn:extension:prf: true, webauthn:virtualAuthenticators: true}
Session ID: 6da0293828049b1c5cca1ef24508cc4e">
      <![CDATA[org.openqa.selenium.TimeoutException: Expected condition failed: waiting for visibility of [[ChromeDriver: chrome on WINDOWS (6da0293828049b1c5cca1ef24508cc4e)] -> xpath: (//div[@class='elementHeader'])[5]] (tried for 30 second(s) with 500 milliseconds interval)
Build info: version: '3.141.59', revision: 'e82be7d358', time: '2018-11-14T08:25:53'
System info: host: 'CIPLWKT014', ip: '10.4.8.14', os.name: 'Windows 10', os.arch: 'x86', os.version: '10.0', java.version: '1.8.0_351'
Driver info: org.openqa.selenium.chrome.ChromeDriver
Capabilities {acceptInsecureCerts: false, browserName: chrome, browserVersion: 121.0.6167.161, chrome: {chromedriverVersion: 121.0.6167.85 (3f98d690ad7e..., userDataDir: C:\Users\nisha.r\AppData\Lo...}, fedcm:accounts: true, goog:chromeOptions: {debuggerAddress: localhost:57340}, javascriptEnabled: true, networkConnectionEnabled: false, pageLoadStrategy: normal, platform: WINDOWS, platformName: WINDOWS, proxy: Proxy(), setWindowRect: true, strictFileInteractability: false, timeouts: {implicit: 0, pageLoad: 300000, script: 30000}, unhandledPromptBehavior: dismiss and notify, webauthn:extension:credBlob: true, webauthn:extension:largeBlob: true, webauthn:extension:minPinLength: true, webauthn:extension:prf: true, webauthn:virtualAuthenticators: true}
Session ID: 6da0293828049b1c5cca1ef24508cc4e
at org.openqa.selenium.support.ui.WebDriverWait.timeoutException(WebDriverWait.java:95)
at org.openqa.selenium.support.ui.FluentWait.until(FluentWait.java:272)
at French_Language.SearchSelectDocumentLocation.AllVrsn_Incldcmnt_FindInHit_AppendToHit(SearchSelectDocumentLocation.java:319)
at sun.reflect.NativeMethodAccessorImpl.invoke0(Native Method)
at sun.reflect.NativeMethodAccessorImpl.invoke(Unknown Source)
at sun.reflect.DelegatingMethodAccessorImpl.invoke(Unknown Source)
at java.lang.reflect.Method.invoke(Unknown Source)
at org.testng.internal.MethodInvocationHelper.invokeMethod(MethodInvocationHelper.java:124)
at org.testng.internal.Invoker.invokeMethod(Invoker.java:583)
at org.testng.internal.Invoker.retryFailed(Invoker.java:839)
at org.testng.internal.Invoker.invokeTestMethods(Invoker.java:1010)
at org.testng.internal.TestMethodWorker.invokeTestMethods(TestMethodWorker.java:125)
at org.testng.internal.TestMethodWorker.run(TestMethodWorker.java:109)
at org.testng.TestRunner.privateRun(TestRunner.java:648)
at org.testng.TestRunner.run(TestRunner.java:505)
at org.testng.SuiteRunner.runTest(SuiteRunner.java:455)
at org.testng.SuiteRunner.runSequentially(SuiteRunner.java:450)
at org.testng.SuiteRunner.privateRun(SuiteRunner.java:415)
at org.testng.SuiteRunner.run(SuiteRunner.java:364)
at org.testng.SuiteRunnerWorker.runSuite(SuiteRunnerWorker.java:52)
at org.testng.SuiteRunnerWorker.run(SuiteRunnerWorker.java:84)
at org.testng.TestNG.runSuitesSequentially(TestNG.java:1208)
at org.testng.TestNG.runSuitesSequentially(TestNG.java:1204)
at org.testng.TestNG.runSuitesLocally(TestNG.java:1137)
at org.testng.TestNG.runSuites(TestNG.java:1049)
at org.testng.TestNG.run(TestNG.java:1017)
at org.testng.remote.AbstractRemoteTestNG.run(AbstractRemoteTestNG.java:114)
at org.testng.remote.RemoteTestNG.initAndRun(RemoteTestNG.java:251)
at org.testng.remote.RemoteTestNG.main(RemoteTestNG.java:77)
]]>
    </error>
  </testcase> <!-- AllVrsn_Incldcmnt_FindInHit_AppendToHit -->
  <testcase name="AllVrsn_Incldcmnt_FindInHit_AppendToHit" time="113.496" classname="French_Language.SearchSelectDocumentLocation">
    <skipped/>
  </testcase> <!-- AllVrsn_Incldcmnt_FindInHit_AppendToHit -->
  <testcase name="AllVrsn_Incldcmnt_FindInHit_AppendToHit" time="113.635" classname="French_Language.SearchSelectDocumentLocation">
    <skipped/>
  </testcase> <!-- AllVrsn_Incldcmnt_FindInHit_AppendToHit -->
  <testcase name="FolderLevelSearch" time="24.322" classname="French_Language.SearchSelectDocumentLocation"/>
  <testcase name="DrawerLevelSearch" time="23.595" classname="French_Language.SearchSelectDocumentLocation"/>
  <testcase name="CabinetLevel" time="19.822" classname="French_Language.SearchSelectDocumentLocation"/>
  <testcase name="DocumentDropDown" time="15.628" classname="French_Language.SearchSelectDocumentLocation"/>
  <testcase name="DocumentCreatorDropDown" time="21.528" classname="French_Language.SearchSelectDocumentLocation"/>
  <testcase name="WorkflowStatusDropdown" time="116.319" classname="French_Language.SearchSelectDocumentLocation"/>
  <testcase name="SavingTheSearchDoc" time="27.340" classname="French_Language.SearchSelectDocumentLocation"/>
  <testcase name="TextSearchWithSQLData" time="80.793" classname="French_Language.SearchSelectDocumentLocation"/>
  <testcase name="TextSearchWithAllOftheWords" time="42.720" classname="French_Language.SearchSelectDocumentLocation"/>
  <testcase name="TextSearchWithAtpartOftheWord" time="58.984" classname="French_Language.SearchSelectDocumentLocation"/>
  <testcase name="FolderSerchIcon" time="22.795" classname="French_Language.SearchSelectDocumentLocation"/>
  <testcase name="QuickSearch" time="18.735" classname="French_Language.SearchSelectDocumentLocation"/>
  <testcase name="DocumentSearch" time="60.899" classname="French_Language.SearchSelectDocumentLocation"/>
</testsuite> <!-- French_Language.SearchSelectDocumentLocation -->
