<?xml version="1.0" encoding="UTF-8"?>
<!-- Generated by org.testng.reporters.JUnitReportReporter -->
<testsuite hostname="CIPLWKT014" failures="0" tests="9" name="Computhink.Script.SendToExport" time="311.628" errors="1" timestamp="2024-12-17T17:12:41 IST" skipped="0">
  <testcase classname="Computhink.Script.SendToExport" name="Login" time="26.795">
    <system-out>
      <![CDATA[Scenario 01: Log into EWA
Enter valid user name into username field
UserName Details: Rnisha
Enter valid password into password field
Select a Room
Selected Room name: TestServer_2024B264bit.vw56demo
Captcha is not present, proceeding with login.
Click Login button
Session for user is already active. Do you want to create a new session? Dialog box displayed. User clicks OK button.
User logged in successfully... ]]>
    </system-out>
  </testcase> <!-- Login -->
  <testcase classname="Computhink.Script.SendToExport" name="TC_1_ExportBlankDocumenList" time="3.352">
    <system-out>
      <![CDATA[Step Details: Exporting blank document list
Click on  My account tab.
Logout, What's New, HelpExport, Offline documents, DocuSign documents,Download Outlook drag and dropChange password options are available 
Click on Export button. 
DocumentList(Current Date)_(DocumentID).csv file will get downloaded
Click on the downloaded .csv file
An excel file with following headings will open:Document name, Type, Pages, Created on, Last modified.
If there is no data then it will display as ' No data available in table']]>
    </system-out>
  </testcase> <!-- TC_1_ExportBlankDocumenList -->
  <testcase classname="Computhink.Script.SendToExport" name="TC_2_ExportDocumenList" time="23.061">
    <system-out>
      <![CDATA[Step Details: Exporting document list
Navigate a tree till folder level
Lists the documents present in that folder
Go to My accounts Tab
Export button is enabled
Click on Export Button
DocumentList(Current Date)_(DocumentID).csv file will get downloaded
An excel file with following headings will open 
Document name, Type, Pages, Created on, Last modified, Comments, References]]>
    </system-out>
  </testcase> <!-- TC_2_ExportDocumenList -->
  <testcase classname="Computhink.Script.SendToExport" name="TC_3_ExportingBlankSearchList" time="22.754">
    <system-out>
      <![CDATA[Step Details: Exporting blank search list
Click on  Search tab and search any value.
Click on My accounts tab.
Export button is enabled
Click on Export button.
SearchList(CurentDate)_(DocumentID).csv file will get downloaded. 
A Downloaded excel file has following headings:Document name, Type, Pages, Created on, Last modified.
As there is no values, it will display as 'No data available in table']]>
    </system-out>
  </testcase> <!-- TC_3_ExportingBlankSearchList -->
  <testcase classname="Computhink.Script.SendToExport" name="TC_4_exports_with_convert_to_pdf_and_best_quality" time="112.739">
    <error message="Expected condition failed: waiting for visibility of [[ChromeDriver: chrome on WINDOWS (70943fd647053016a53e8615f9886ec8)] -&gt; xpath: (//input[@class=&#039;thumbnailOptionSelected&#039;])[1]] (tried for 30 second(s) with 500 milliseconds interval)" type="org.openqa.selenium.TimeoutException">
      <![CDATA[org.openqa.selenium.TimeoutException: Expected condition failed: waiting for visibility of [[ChromeDriver: chrome on WINDOWS (70943fd647053016a53e8615f9886ec8)] -> xpath: (//input[@class='thumbnailOptionSelected'])[1]] (tried for 30 second(s) with 500 milliseconds interval)
at org.openqa.selenium.support.ui.WebDriverWait.timeoutException(WebDriverWait.java:95)
at org.openqa.selenium.support.ui.FluentWait.until(FluentWait.java:272)
at Computhink.Pom.Print.exports_with_convert_to_pdf_and_best_quality(Print.java:737)
at Computhink.Script.SendToExport.TC_4_exports_with_convert_to_pdf_and_best_quality(SendToExport.java:91)
at java.base/jdk.internal.reflect.NativeMethodAccessorImpl.invoke0(Native Method)
at java.base/jdk.internal.reflect.NativeMethodAccessorImpl.invoke(NativeMethodAccessorImpl.java:77)
at java.base/jdk.internal.reflect.DelegatingMethodAccessorImpl.invoke(DelegatingMethodAccessorImpl.java:43)
at java.base/java.lang.reflect.Method.invoke(Method.java:568)
at org.testng.internal.invokers.MethodInvocationHelper.invokeMethod(MethodInvocationHelper.java:141)
at org.testng.internal.invokers.TestInvoker.invokeMethod(TestInvoker.java:686)
at org.testng.internal.invokers.TestInvoker.invokeTestMethod(TestInvoker.java:230)
at org.testng.internal.invokers.MethodRunner.runInSequence(MethodRunner.java:63)
at org.testng.internal.invokers.TestInvoker$MethodInvocationAgent.invoke(TestInvoker.java:992)
at org.testng.internal.invokers.TestInvoker.invokeTestMethods(TestInvoker.java:203)
at org.testng.internal.invokers.TestMethodWorker.invokeTestMethods(TestMethodWorker.java:154)
at org.testng.internal.invokers.TestMethodWorker.run(TestMethodWorker.java:134)
at java.base/java.util.ArrayList.forEach(ArrayList.java:1511)
at org.testng.TestRunner.privateRun(TestRunner.java:739)
at org.testng.TestRunner.run(TestRunner.java:614)
at org.testng.SuiteRunner.runTest(SuiteRunner.java:421)
at org.testng.SuiteRunner.runSequentially(SuiteRunner.java:413)
at org.testng.SuiteRunner.privateRun(SuiteRunner.java:373)
at org.testng.SuiteRunner.run(SuiteRunner.java:312)
at org.testng.SuiteRunnerWorker.runSuite(SuiteRunnerWorker.java:52)
at org.testng.SuiteRunnerWorker.run(SuiteRunnerWorker.java:95)
at org.testng.TestNG.runSuitesSequentially(TestNG.java:1274)
at org.testng.TestNG.runSuitesLocally(TestNG.java:1208)
at org.testng.TestNG.runSuites(TestNG.java:1112)
at org.testng.TestNG.run(TestNG.java:1079)
at org.testng.remote.AbstractRemoteTestNG.run(AbstractRemoteTestNG.java:115)
at org.testng.remote.RemoteTestNG.initAndRun(RemoteTestNG.java:293)
at org.testng.remote.RemoteTestNG.main(RemoteTestNG.java:91)
Caused by: org.openqa.selenium.NoSuchElementException: no such element: Unable to locate element: {"method":"xpath","selector":"(//input[@class='thumbnailOptionSelected'])[1]"}
  (Session info: chrome=131.0.6778.140)
For documentation on this error, please visit: https://www.seleniumhq.org/exceptions/no_such_element.html
Build info: version: '3.141.59', revision: 'e82be7d358', time: '2018-11-14T08:25:53'
System info: host: 'CIPLWKT014', ip: '10.4.8.14', os.name: 'Windows 10', os.arch: 'amd64', os.version: '10.0', java.version: '17.0.12'
Driver info: org.openqa.selenium.chrome.ChromeDriver
Capabilities {acceptInsecureCerts: false, browserName: chrome, browserVersion: 131.0.6778.140, chrome: {chromedriverVersion: 131.0.6778.108 (3b014839fbc..., userDataDir: C:\Users\nisha.r\AppData\Lo...}, fedcm:accounts: true, goog:chromeOptions: {debuggerAddress: localhost:60736}, javascriptEnabled: true, networkConnectionEnabled: false, pageLoadStrategy: normal, platform: WINDOWS, platformName: WINDOWS, proxy: Proxy(), setWindowRect: true, strictFileInteractability: false, timeouts: {implicit: 0, pageLoad: 300000, script: 30000}, unhandledPromptBehavior: dismiss and notify, webauthn:extension:credBlob: true, webauthn:extension:largeBlob: true, webauthn:extension:minPinLength: true, webauthn:extension:prf: true, webauthn:virtualAuthenticators: true}
Session ID: 70943fd647053016a53e8615f9886ec8
*** Element info: {Using=xpath, value=(//input[@class='thumbnailOptionSelected'])[1]}
at java.base/jdk.internal.reflect.NativeConstructorAccessorImpl.newInstance0(Native Method)
at java.base/jdk.internal.reflect.NativeConstructorAccessorImpl.newInstance(NativeConstructorAccessorImpl.java:77)
at java.base/jdk.internal.reflect.DelegatingConstructorAccessorImpl.newInstance(DelegatingConstructorAccessorImpl.java:45)
at java.base/java.lang.reflect.Constructor.newInstanceWithCaller(Constructor.java:499)
at java.base/java.lang.reflect.Constructor.newInstance(Constructor.java:480)
at org.openqa.selenium.remote.http.W3CHttpResponseCodec.createException(W3CHttpResponseCodec.java:187)
at org.openqa.selenium.remote.http.W3CHttpResponseCodec.decode(W3CHttpResponseCodec.java:122)
at org.openqa.selenium.remote.http.W3CHttpResponseCodec.decode(W3CHttpResponseCodec.java:49)
at org.openqa.selenium.remote.HttpCommandExecutor.execute(HttpCommandExecutor.java:158)
at org.openqa.selenium.remote.service.DriverCommandExecutor.execute(DriverCommandExecutor.java:83)
at org.openqa.selenium.remote.RemoteWebDriver.execute(RemoteWebDriver.java:552)
at org.openqa.selenium.remote.RemoteWebDriver.findElement(RemoteWebDriver.java:323)
at org.openqa.selenium.remote.RemoteWebDriver.findElementByXPath(RemoteWebDriver.java:428)
at org.openqa.selenium.By$ByXPath.findElement(By.java:353)
at org.openqa.selenium.remote.RemoteWebDriver.findElement(RemoteWebDriver.java:315)
at org.openqa.selenium.support.pagefactory.DefaultElementLocator.findElement(DefaultElementLocator.java:69)
at org.openqa.selenium.support.pagefactory.internal.LocatingElementHandler.invoke(LocatingElementHandler.java:38)
at jdk.proxy2/jdk.proxy2.$Proxy26.isDisplayed(Unknown Source)
at org.openqa.selenium.support.ui.ExpectedConditions.elementIfVisible(ExpectedConditions.java:314)
at org.openqa.selenium.support.ui.ExpectedConditions.access$000(ExpectedConditions.java:43)
at org.openqa.selenium.support.ui.ExpectedConditions$10.apply(ExpectedConditions.java:300)
at org.openqa.selenium.support.ui.ExpectedConditions$10.apply(ExpectedConditions.java:297)
at org.openqa.selenium.support.ui.FluentWait.until(FluentWait.java:249)
... 30 more
]]>
    </error>
    <system-out>
      <![CDATA[Step Details: Verify Export
Expand the cabinet
Expand the drawer
Click on the folder
Open a document
Alert is not present.
Scenario 05: Verify Export with convert to PDF]]>
    </system-out>
  </testcase> <!-- TC_4_exports_with_convert_to_pdf_and_best_quality -->
  <testcase classname="Computhink.Script.SendToExport" name="TC_5_exports_with_Retain" time="42.378">
    <system-out>
      <![CDATA[Scenario 04: Verifying export functionality retain format, with average quality and zip password
Open a document and select a page
Click on sendto tool icon
Select export submenu
Select retain radio button
Click on export dialog OK button
Document exported successfully]]>
    </system-out>
  </testcase> <!-- TC_5_exports_with_Retain -->
  <testcase classname="Computhink.Script.SendToExport" name="TC_6_exports_with_convert_to_pdf_with_passwords" time="32.986"/>
  <testcase classname="Computhink.Script.SendToExport" name="TC_7_exports_with_convert_to_pdf_and_include_workflow_summary" time="38.255">
    <system-out>
      <![CDATA[Scenario 06: Verify Export with convert to PDF
Open a document and select a page
Select send to tool icon
Click on export submenu
Select convert to PDF radio button
Select include workflow checkbox
Click on export dialog OK button
User clicks on refresh button]]>
    </system-out>
  </testcase> <!-- TC_7_exports_with_convert_to_pdf_and_include_workflow_summary -->
  <testcase classname="Computhink.Script.SendToExport" name="TC_8_DisbaledExport" time="9.308">
    <system-out>
      <![CDATA[Step Details: Disabled Export
Click on My accounts tab.
Export button is disabled]]>
    </system-out>
  </testcase> <!-- TC_8_DisbaledExport -->
  <system-out>
    <![CDATA[Chrome driver launched successfull
Chrome Browser launched Successfully...
Launched Contentverse URL Details: http://10.4.10.21:8080/CVWeb/cvLgn
No error message found
Page title name: Contentverse
EWA URL launched successfull
Contentverse URL launched successfully...
Scenario 01: Log into EWA
Enter valid user name into username field
UserName Details: Rnisha
Enter valid password into password field
Select a Room
Selected Room name: TestServer_2024B264bit.vw56demo
Captcha is not present, proceeding with login.
Click Login button
Session for user is already active. Do you want to create a new session? Dialog box displayed. User clicks OK button.
User logged in successfully... 
Step Details: Exporting blank document list
Click on  My account tab.
Logout, What's New, HelpExport, Offline documents, DocuSign documents,Download Outlook drag and dropChange password options are available 
Click on Export button. 
DocumentList(Current Date)_(DocumentID).csv file will get downloaded
Click on the downloaded .csv file
An excel file with following headings will open:Document name, Type, Pages, Created on, Last modified.
If there is no data then it will display as ' No data available in table'
Step Details: Exporting document list
Navigate a tree till folder level
Lists the documents present in that folder
Go to My accounts Tab
Export button is enabled
Click on Export Button
DocumentList(Current Date)_(DocumentID).csv file will get downloaded
An excel file with following headings will open 
Document name, Type, Pages, Created on, Last modified, Comments, References
Step Details: Exporting blank search list
Click on  Search tab and search any value.
Click on My accounts tab.
Export button is enabled
Click on Export button.
SearchList(CurentDate)_(DocumentID).csv file will get downloaded. 
A Downloaded excel file has following headings:Document name, Type, Pages, Created on, Last modified.
As there is no values, it will display as 'No data available in table'
Step Details: Verify Export
Expand the cabinet
Expand the drawer
Click on the folder
Open a document
Alert is not present.
Scenario 05: Verify Export with convert to PDF
Scenario 04: Verifying export functionality retain format, with average quality and zip password
Open a document and select a page
Click on sendto tool icon
Select export submenu
Select retain radio button
Click on export dialog OK button
Document exported successfully
Scenario 06: Verify Export with convert to PDF
Open a document and select a page
Select send to tool icon
Click on export submenu
Select convert to PDF radio button
Select include workflow checkbox
Click on export dialog OK button
User clicks on refresh button
Step Details: Disabled Export
Click on My accounts tab.
Export button is disabled]]>
  </system-out>
</testsuite> <!-- Computhink.Script.SendToExport -->
