<?xml version="1.0" encoding="UTF-8"?>
<!-- Generated by org.testng.reporters.JUnitReportReporter -->
<testsuite skipped="9" hostname="CIPLWKT014" name="SQL2022_DB.AnnotationFunctionality" tests="20" failures="0" timestamp="07 Feb 2024 13:38:37 GMT" time="1316.831" errors="1">
  <testcase name="CVSLogin" time="43.496" classname="SQL2022_DB.AnnotationFunctionality"/>
  <testcase name="DefaultView" time="29.828" classname="SQL2022_DB.AnnotationFunctionality"/>
  <testcase name="Redaction_UnlockRedaction" time="294.056" classname="SQL2022_DB.AnnotationFunctionality">
    <skipped/>
  </testcase> <!-- Redaction_UnlockRedaction -->
  <testcase name="Redaction_UnlockRedaction" time="101.666" classname="SQL2022_DB.AnnotationFunctionality">
    <skipped/>
  </testcase> <!-- Redaction_UnlockRedaction -->
  <testcase name="Redaction_UnlockRedaction" time="167.469" classname="SQL2022_DB.AnnotationFunctionality"/>
  <testcase name="Redaction_UnlockRedaction" time="145.363" classname="SQL2022_DB.AnnotationFunctionality">
    <skipped/>
  </testcase> <!-- Redaction_UnlockRedaction -->
  <testcase name="HighLight_Annotation" time="28.793" classname="SQL2022_DB.AnnotationFunctionality"/>
  <testcase name="StikyNote_Annotation" time="46.643" classname="SQL2022_DB.AnnotationFunctionality"/>
  <testcase name="RubberStampAnnotation" time="27.665" classname="SQL2022_DB.AnnotationFunctionality"/>
  <testcase name="RubberStampAnnotation" time="30.364" classname="SQL2022_DB.AnnotationFunctionality">
    <skipped/>
  </testcase> <!-- RubberStampAnnotation -->
  <testcase name="Rectangle_Annotation" time="45.597" classname="SQL2022_DB.AnnotationFunctionality"/>
  <testcase name="StampAnnotation" time="75.751" classname="SQL2022_DB.AnnotationFunctionality"/>
  <testcase name="LineAnnotation_Ellipse_Annotation" time="34.431" classname="SQL2022_DB.AnnotationFunctionality">
    <error type="org.openqa.selenium.TimeoutException" message="Expected condition failed: waiting for visibility of [[ChromeDriver: chrome on WINDOWS (b7015549ad102e15b19477d2b4075cb8)] -&gt; xpath: //*[@id=&quot;lockdisable1&quot;]] (tried for 30 second(s) with 500 milliseconds interval)
Build info: version: &#039;3.141.59&#039;, revision: &#039;e82be7d358&#039;, time: &#039;2018-11-14T08:25:53&#039;
System info: host: &#039;CIPLWKT014&#039;, ip: &#039;10.4.8.14&#039;, os.name: &#039;Windows 10&#039;, os.arch: &#039;x86&#039;, os.version: &#039;10.0&#039;, java.version: &#039;1.8.0_351&#039;
Driver info: org.openqa.selenium.chrome.ChromeDriver
Capabilities {acceptInsecureCerts: false, browserName: chrome, browserVersion: 121.0.6167.140, chrome: {chromedriverVersion: 121.0.6167.85 (3f98d690ad7e..., userDataDir: C:\Users\nisha.r\AppData\Lo...}, fedcm:accounts: true, goog:chromeOptions: {debuggerAddress: localhost:63684}, javascriptEnabled: true, networkConnectionEnabled: false, pageLoadStrategy: normal, platform: WINDOWS, platformName: WINDOWS, proxy: Proxy(), setWindowRect: true, strictFileInteractability: false, timeouts: {implicit: 0, pageLoad: 300000, script: 30000}, unhandledPromptBehavior: dismiss and notify, webauthn:extension:credBlob: true, webauthn:extension:largeBlob: true, webauthn:extension:minPinLength: true, webauthn:extension:prf: true, webauthn:virtualAuthenticators: true}
Session ID: b7015549ad102e15b19477d2b4075cb8">
      <![CDATA[org.openqa.selenium.TimeoutException: Expected condition failed: waiting for visibility of [[ChromeDriver: chrome on WINDOWS (b7015549ad102e15b19477d2b4075cb8)] -> xpath: //*[@id="lockdisable1"]] (tried for 30 second(s) with 500 milliseconds interval)
Build info: version: '3.141.59', revision: 'e82be7d358', time: '2018-11-14T08:25:53'
System info: host: 'CIPLWKT014', ip: '10.4.8.14', os.name: 'Windows 10', os.arch: 'x86', os.version: '10.0', java.version: '1.8.0_351'
Driver info: org.openqa.selenium.chrome.ChromeDriver
Capabilities {acceptInsecureCerts: false, browserName: chrome, browserVersion: 121.0.6167.140, chrome: {chromedriverVersion: 121.0.6167.85 (3f98d690ad7e..., userDataDir: C:\Users\nisha.r\AppData\Lo...}, fedcm:accounts: true, goog:chromeOptions: {debuggerAddress: localhost:63684}, javascriptEnabled: true, networkConnectionEnabled: false, pageLoadStrategy: normal, platform: WINDOWS, platformName: WINDOWS, proxy: Proxy(), setWindowRect: true, strictFileInteractability: false, timeouts: {implicit: 0, pageLoad: 300000, script: 30000}, unhandledPromptBehavior: dismiss and notify, webauthn:extension:credBlob: true, webauthn:extension:largeBlob: true, webauthn:extension:minPinLength: true, webauthn:extension:prf: true, webauthn:virtualAuthenticators: true}
Session ID: b7015549ad102e15b19477d2b4075cb8
at org.openqa.selenium.support.ui.WebDriverWait.timeoutException(WebDriverWait.java:95)
at org.openqa.selenium.support.ui.FluentWait.until(FluentWait.java:272)
at Generic.BaseClass.VisiblityOf(BaseClass.java:795)
at Pom.AnnotaionsPom.LineAnnotation(AnnotaionsPom.java:574)
at SQL2022_DB.AnnotationFunctionality.LineAnnotation_Ellipse_Annotation(AnnotationFunctionality.java:117)
at sun.reflect.NativeMethodAccessorImpl.invoke0(Native Method)
at sun.reflect.NativeMethodAccessorImpl.invoke(Unknown Source)
at sun.reflect.DelegatingMethodAccessorImpl.invoke(Unknown Source)
at java.lang.reflect.Method.invoke(Unknown Source)
at org.testng.internal.MethodInvocationHelper.invokeMethod(MethodInvocationHelper.java:124)
at org.testng.internal.Invoker.invokeMethod(Invoker.java:583)
at org.testng.internal.Invoker.retryFailed(Invoker.java:839)
at org.testng.internal.Invoker.invokeTestMethods(Invoker.java:1010)
at org.testng.internal.TestMethodWorker.invokeTestMethods(TestMethodWorker.java:125)
at org.testng.internal.TestMethodWorker.run(TestMethodWorker.java:109)
at org.testng.TestRunner.privateRun(TestRunner.java:648)
at org.testng.TestRunner.run(TestRunner.java:505)
at org.testng.SuiteRunner.runTest(SuiteRunner.java:455)
at org.testng.SuiteRunner.runSequentially(SuiteRunner.java:450)
at org.testng.SuiteRunner.privateRun(SuiteRunner.java:415)
at org.testng.SuiteRunner.run(SuiteRunner.java:364)
at org.testng.SuiteRunnerWorker.runSuite(SuiteRunnerWorker.java:52)
at org.testng.SuiteRunnerWorker.run(SuiteRunnerWorker.java:84)
at org.testng.TestNG.runSuitesSequentially(TestNG.java:1208)
at org.testng.TestNG.runSuitesLocally(TestNG.java:1137)
at org.testng.TestNG.runSuites(TestNG.java:1049)
at org.testng.TestNG.run(TestNG.java:1017)
at org.testng.remote.AbstractRemoteTestNG.run(AbstractRemoteTestNG.java:114)
at org.testng.remote.RemoteTestNG.initAndRun(RemoteTestNG.java:251)
at org.testng.remote.RemoteTestNG.main(RemoteTestNG.java:77)
]]>
    </error>
  </testcase> <!-- LineAnnotation_Ellipse_Annotation -->
  <testcase name="LineAnnotation_Ellipse_Annotation" time="34.576" classname="SQL2022_DB.AnnotationFunctionality">
    <skipped/>
  </testcase> <!-- LineAnnotation_Ellipse_Annotation -->
  <testcase name="LineAnnotation_Ellipse_Annotation" time="34.594" classname="SQL2022_DB.AnnotationFunctionality">
    <skipped/>
  </testcase> <!-- LineAnnotation_Ellipse_Annotation -->
  <testcase name="LineAnnotation_Ellipse_Annotation" time="34.482" classname="SQL2022_DB.AnnotationFunctionality">
    <skipped/>
  </testcase> <!-- LineAnnotation_Ellipse_Annotation -->
  <testcase name="Signature_Annotation" time="41.661" classname="SQL2022_DB.AnnotationFunctionality"/>
  <testcase name="Signature_Annotation" time="33.736" classname="SQL2022_DB.AnnotationFunctionality">
    <skipped/>
  </testcase> <!-- Signature_Annotation -->
  <testcase name="Signature_Annotation" time="30.328" classname="SQL2022_DB.AnnotationFunctionality">
    <skipped/>
  </testcase> <!-- Signature_Annotation -->
  <testcase name="Polygon" time="36.332" classname="SQL2022_DB.AnnotationFunctionality"/>
</testsuite> <!-- SQL2022_DB.AnnotationFunctionality -->
