<?xml version="1.0" encoding="UTF-8"?>
<!-- Generated by org.testng.reporters.JUnitReportReporter -->
<testsuite hostname="CIPLWKT014" failures="0" tests="9" name="Script.SendToExport" time="279.313" errors="1" timestamp="2024-08-29T07:01:48 GMT-05:00" skipped="0">
  <testcase classname="Script.SendToExport" name="Login" time="21.773"/>
  <system-out>
    <![CDATA[Scenario 01: Log into EWA
Enter valid user name into username field
Enter valid password into password field
Select a Room
Click Login button
Session for user is already active.Do you want to create new session? dialog box displayed User click on OK button,
User logged in successfully... ]]>
  </system-out>
  <testcase classname="Script.SendToExport" name="TC_1_ExportBlankDocumenList" time="3.375"/>
  <system-out>
    <![CDATA[Step Details: Exporting blank document list
Click on  My account tab.
Logout, What's New, HelpExport, Offline documents, DocuSign documents,Download Outlook drag and dropChange password options are available 
Click on Export button. 
DocumentList(Current Date)_(DocumentID).csv file will get downloaded
Click on the downloaded .csv file
An excel file with following headings will open:Document name, Type, Pages, Created on, Last modified.
If there is no data then it will display as ' No data available in table']]>
  </system-out>
  <testcase classname="Script.SendToExport" name="TC_2_ExportDocumenList" time="22.577"/>
  <system-out>
    <![CDATA[Step Details: Exporting document list
Navigate a tree till folder level
Lists the documents present in that folder
Go to My accounts Tab
Export button is enabled
Click on Export Button
DocumentList(Current Date)_(DocumentID).csv file will get downloaded
An excel file with following headings will open 
Document name, Type, Pages, Created on, Last modified, Comments, References]]>
  </system-out>
  <testcase classname="Script.SendToExport" name="TC_3_ExportingBlankSearchList" time="22.718"/>
  <system-out>
    <![CDATA[Step Details: Exporting blank search list
Click on  Search tab and search any value.
Click on My accounts tab.
Export button is enabled
Click on Export button.
SearchList(CurentDate)_(DocumentID).csv file will get downloaded. 
A Downloaded excel file has following headings:Document name, Type, Pages, Created on, Last modified.
As there is no values, it will display as 'No data available in table']]>
  </system-out>
  <testcase classname="Script.SendToExport" name="TC_4_exports_with_convert_to_pdf_and_best_quality" time="113.415"/>
  <system-out>
    <![CDATA[Step Details: Verify Export
Expand the cabinet
Expand the drawer
Click on the folder
Open a document
AlertISNotPresent
Scenario 05:Verify Export with convert to PDF
Open a document and select a page
Click on sendto tool icon
Select export submenu
Select convert to pdf radio button
Select the burn annotation check box
User click on export dialog OK button
The document exported  succcessfully]]>
  </system-out>
  <testcase classname="Script.SendToExport" name="TC_5_exports_with_Retain" time="41.954"/>
  <system-out>
    <![CDATA[Scenario 04:verifying export functionality retain format,with average quality and zip password
Open a document and select a page
Click on sendto tool icon
Select export submenu
Select retain radio button
Click on export dialog OK button
Document exported successfull]]>
  </system-out>
  <testcase classname="Script.SendToExport" name="TC_6_exports_with_convert_to_pdf_with_passwords" time="6.331">
    <error message="element click intercepted: Element &lt;input type=&quot;checkbox&quot; class=&quot;thumbnailOptionSelected&quot; style=&quot;font-family: wf_segoe-ui_normal, &amp;quot;Segoe UI&amp;quot;, &amp;quot;Segoe WP&amp;quot;, Tahoma, Arial, sans-serif; font-size: 13px;&quot;&gt; is not clickable at point (549, 616). Other element would receive the click: &lt;div id=&quot;validationModelFD&quot; class=&quot;cvModelValidation&quot; style=&quot;display: block; font-family: wf_segoe-ui_normal, &amp;quot;Segoe UI&amp;quot;, &amp;quot;Segoe WP&amp;quot;, Tahoma, Arial, sans-serif;&quot;&gt;...&lt;/div&gt;
  (Session info: chrome=128.0.6613.113)
Build info: version: &#039;3.141.59&#039;, revision: &#039;e82be7d358&#039;, time: &#039;2018-11-14T08:25:53&#039;
System info: host: &#039;CIPLWKT014&#039;, ip: &#039;10.4.8.14&#039;, os.name: &#039;Windows 10&#039;, os.arch: &#039;amd64&#039;, os.version: &#039;10.0&#039;, java.version: &#039;22.0.2&#039;
Driver info: org.openqa.selenium.chrome.ChromeDriver
Capabilities {acceptInsecureCerts: false, browserName: chrome, browserVersion: 128.0.6613.113, chrome: {chromedriverVersion: 128.0.6613.86 (3045ed680fda..., userDataDir: C:\Users\nisha.r\AppData\Lo...}, fedcm:accounts: true, goog:chromeOptions: {debuggerAddress: localhost:61562}, javascriptEnabled: true, networkConnectionEnabled: false, pageLoadStrategy: normal, platform: WINDOWS, platformName: WINDOWS, proxy: Proxy(), setWindowRect: true, strictFileInteractability: false, timeouts: {implicit: 0, pageLoad: 300000, script: 30000}, unhandledPromptBehavior: dismiss and notify, webauthn:extension:credBlob: true, webauthn:extension:largeBlob: true, webauthn:extension:minPinLength: true, webauthn:extension:prf: true, webauthn:virtualAuthenticators: true}
Session ID: 2b44daf6911cc88b35d4dc6942aefbeb" type="org.openqa.selenium.ElementClickInterceptedException">
      <![CDATA[org.openqa.selenium.ElementClickInterceptedException: element click intercepted: Element <input type="checkbox" class="thumbnailOptionSelected" style="font-family: wf_segoe-ui_normal, &quot;Segoe UI&quot;, &quot;Segoe WP&quot;, Tahoma, Arial, sans-serif; font-size: 13px;"> is not clickable at point (549, 616). Other element would receive the click: <div id="validationModelFD" class="cvModelValidation" style="display: block; font-family: wf_segoe-ui_normal, &quot;Segoe UI&quot;, &quot;Segoe WP&quot;, Tahoma, Arial, sans-serif;">...</div>
  (Session info: chrome=128.0.6613.113)
Build info: version: '3.141.59', revision: 'e82be7d358', time: '2018-11-14T08:25:53'
System info: host: 'CIPLWKT014', ip: '10.4.8.14', os.name: 'Windows 10', os.arch: 'amd64', os.version: '10.0', java.version: '22.0.2'
Driver info: org.openqa.selenium.chrome.ChromeDriver
Capabilities {acceptInsecureCerts: false, browserName: chrome, browserVersion: 128.0.6613.113, chrome: {chromedriverVersion: 128.0.6613.86 (3045ed680fda..., userDataDir: C:\Users\nisha.r\AppData\Lo...}, fedcm:accounts: true, goog:chromeOptions: {debuggerAddress: localhost:61562}, javascriptEnabled: true, networkConnectionEnabled: false, pageLoadStrategy: normal, platform: WINDOWS, platformName: WINDOWS, proxy: Proxy(), setWindowRect: true, strictFileInteractability: false, timeouts: {implicit: 0, pageLoad: 300000, script: 30000}, unhandledPromptBehavior: dismiss and notify, webauthn:extension:credBlob: true, webauthn:extension:largeBlob: true, webauthn:extension:minPinLength: true, webauthn:extension:prf: true, webauthn:virtualAuthenticators: true}
Session ID: 2b44daf6911cc88b35d4dc6942aefbeb
at java.base/jdk.internal.reflect.DirectConstructorHandleAccessor.newInstance(DirectConstructorHandleAccessor.java:62)
at java.base/java.lang.reflect.Constructor.newInstanceWithCaller(Constructor.java:502)
at java.base/java.lang.reflect.Constructor.newInstance(Constructor.java:486)
at org.openqa.selenium.remote.http.W3CHttpResponseCodec.createException(W3CHttpResponseCodec.java:187)
at org.openqa.selenium.remote.http.W3CHttpResponseCodec.decode(W3CHttpResponseCodec.java:122)
at org.openqa.selenium.remote.http.W3CHttpResponseCodec.decode(W3CHttpResponseCodec.java:49)
at org.openqa.selenium.remote.HttpCommandExecutor.execute(HttpCommandExecutor.java:158)
at org.openqa.selenium.remote.service.DriverCommandExecutor.execute(DriverCommandExecutor.java:83)
at org.openqa.selenium.remote.RemoteWebDriver.execute(RemoteWebDriver.java:552)
at org.openqa.selenium.remote.RemoteWebElement.execute(RemoteWebElement.java:285)
at org.openqa.selenium.remote.RemoteWebElement.click(RemoteWebElement.java:84)
at java.base/jdk.internal.reflect.DirectMethodHandleAccessor.invoke(DirectMethodHandleAccessor.java:103)
at java.base/java.lang.reflect.Method.invoke(Method.java:580)
at org.openqa.selenium.support.pagefactory.internal.LocatingElementHandler.invoke(LocatingElementHandler.java:51)
at jdk.proxy2/jdk.proxy2.$Proxy26.click(Unknown Source)
at Generic.BaseClass.clickElement(BaseClass.java:1062)
at Pom.Print.exports_with_convert_to_pdf_with_passwords(Print.java:395)
at Script.SendToExport.TC_6_exports_with_convert_to_pdf_with_passwords(SendToExport.java:76)
at java.base/jdk.internal.reflect.DirectMethodHandleAccessor.invoke(DirectMethodHandleAccessor.java:103)
at java.base/java.lang.reflect.Method.invoke(Method.java:580)
at org.testng.internal.MethodInvocationHelper.invokeMethod(MethodInvocationHelper.java:133)
at org.testng.internal.TestInvoker.invokeMethod(TestInvoker.java:598)
at org.testng.internal.TestInvoker.invokeTestMethod(TestInvoker.java:173)
at org.testng.internal.MethodRunner.runInSequence(MethodRunner.java:46)
at org.testng.internal.TestInvoker$MethodInvocationAgent.invoke(TestInvoker.java:824)
at org.testng.internal.TestInvoker.invokeTestMethods(TestInvoker.java:146)
at org.testng.internal.TestMethodWorker.invokeTestMethods(TestMethodWorker.java:146)
at org.testng.internal.TestMethodWorker.run(TestMethodWorker.java:128)
at java.base/java.util.ArrayList.forEach(ArrayList.java:1597)
at org.testng.TestRunner.privateRun(TestRunner.java:794)
at org.testng.TestRunner.run(TestRunner.java:596)
at org.testng.SuiteRunner.runTest(SuiteRunner.java:377)
at org.testng.SuiteRunner.runSequentially(SuiteRunner.java:371)
at org.testng.SuiteRunner.privateRun(SuiteRunner.java:332)
at org.testng.SuiteRunner.run(SuiteRunner.java:276)
at org.testng.SuiteRunnerWorker.runSuite(SuiteRunnerWorker.java:53)
at org.testng.SuiteRunnerWorker.run(SuiteRunnerWorker.java:96)
at org.testng.TestNG.runSuitesSequentially(TestNG.java:1212)
at org.testng.TestNG.runSuitesLocally(TestNG.java:1134)
at org.testng.TestNG.runSuites(TestNG.java:1063)
at org.testng.TestNG.run(TestNG.java:1031)
at org.testng.remote.AbstractRemoteTestNG.run(AbstractRemoteTestNG.java:115)
at org.testng.remote.RemoteTestNG.initAndRun(RemoteTestNG.java:293)
at org.testng.remote.RemoteTestNG.main(RemoteTestNG.java:91)
]]>
    </error>
  </testcase> <!-- TC_6_exports_with_convert_to_pdf_with_passwords -->
  <system-out/>
  <testcase classname="Script.SendToExport" name="TC_7_exports_with_convert_to_pdf_and_include_workflow_summary" time="37.919"/>
  <system-out>
    <![CDATA[Scenario 06:Verify Export with convert to PDF
Open a document and select a page
Select send to tool icon
Click on export submenu
Select convert to pdf radio button
Click on export dialog OK button
User click on refresh button]]>
  </system-out>
  <testcase classname="Script.SendToExport" name="TC_8_DisbaledExport" time="9.251"/>
  <system-out>
    <![CDATA[Step Details: Disabled Export
Click on My accounts tab.
Export button is disabled]]>
  </system-out>
</testsuite> <!-- Script.SendToExport -->
