<?xml version="1.0" encoding="UTF-8"?>
<!-- Generated by org.testng.reporters.JUnitReportReporter -->
<testsuite hostname="CIPLWKT014" failures="1" tests="8" name="Computhink.Script.DashBoardScript" time="306.671" errors="1" timestamp="2024-11-06T17:45:03 IST" skipped="0">
  <testcase classname="Computhink.Script.DashBoardScript" name="Login" time="31.167">
    <failure message="The following asserts failed:
	Room selection is not correct. expected [Room 3] but found [TestServer_2024B264bit.CV2024B2_64bitDB],
	Captcha image is not displayed. expected [true] but found [false],
	Captcha input field is not displayed. expected [true] but found [false]" type="java.lang.AssertionError">
      <![CDATA[java.lang.AssertionError: The following asserts failed:
Room selection is not correct. expected [Room 3] but found [TestServer_2024B264bit.CV2024B2_64bitDB],
Captcha image is not displayed. expected [true] but found [false],
Captcha input field is not displayed. expected [true] but found [false]
at org.testng.asserts.SoftAssert.assertAll(SoftAssert.java:46)
at org.testng.asserts.SoftAssert.assertAll(SoftAssert.java:30)
at Computhink.Generic.BaseClass.loginRNISHA47(BaseClass.java:279)
at Computhink.Script.DashBoardScript.Login(DashBoardScript.java:35)
at java.base/jdk.internal.reflect.NativeMethodAccessorImpl.invoke0(Native Method)
at java.base/jdk.internal.reflect.NativeMethodAccessorImpl.invoke(NativeMethodAccessorImpl.java:77)
at java.base/jdk.internal.reflect.DelegatingMethodAccessorImpl.invoke(DelegatingMethodAccessorImpl.java:43)
at java.base/java.lang.reflect.Method.invoke(Method.java:568)
at org.testng.internal.invokers.MethodInvocationHelper.invokeMethod(MethodInvocationHelper.java:141)
at org.testng.internal.invokers.TestInvoker.invokeMethod(TestInvoker.java:686)
at org.testng.internal.invokers.TestInvoker.invokeTestMethod(TestInvoker.java:230)
at org.testng.internal.invokers.MethodRunner.runInSequence(MethodRunner.java:63)
at org.testng.internal.invokers.TestInvoker$MethodInvocationAgent.invoke(TestInvoker.java:992)
at org.testng.internal.invokers.TestInvoker.invokeTestMethods(TestInvoker.java:203)
at org.testng.internal.invokers.TestMethodWorker.invokeTestMethods(TestMethodWorker.java:154)
at org.testng.internal.invokers.TestMethodWorker.run(TestMethodWorker.java:134)
at java.base/java.util.ArrayList.forEach(ArrayList.java:1511)
at org.testng.TestRunner.privateRun(TestRunner.java:739)
at org.testng.TestRunner.run(TestRunner.java:614)
at org.testng.SuiteRunner.runTest(SuiteRunner.java:421)
at org.testng.SuiteRunner.runSequentially(SuiteRunner.java:413)
at org.testng.SuiteRunner.privateRun(SuiteRunner.java:373)
at org.testng.SuiteRunner.run(SuiteRunner.java:312)
at org.testng.SuiteRunnerWorker.runSuite(SuiteRunnerWorker.java:52)
at org.testng.SuiteRunnerWorker.run(SuiteRunnerWorker.java:95)
at org.testng.TestNG.runSuitesSequentially(TestNG.java:1274)
at org.testng.TestNG.runSuitesLocally(TestNG.java:1208)
at org.testng.TestNG.runSuites(TestNG.java:1112)
at org.testng.TestNG.run(TestNG.java:1079)
at org.testng.remote.AbstractRemoteTestNG.run(AbstractRemoteTestNG.java:115)
at org.testng.remote.RemoteTestNG.initAndRun(RemoteTestNG.java:293)
at org.testng.remote.RemoteTestNG.main(RemoteTestNG.java:91)
]]>
    </failure>
    <system-out>
      <![CDATA[Scenario 01: Log into EWA
Enter valid user name into username field
Enter valid password into password field
Select a Room
Captcha is not present, proceeding with login.
Click Login button
Session for user is already active. Do you want to create a new session? Dialog box displayed. User clicks OK button.]]>
    </system-out>
  </testcase> <!-- Login -->
  <testcase classname="Computhink.Script.DashBoardScript" name="TC_1_SearchIconDashBoardFunctionality" time="23.486">
    <system-out>
      <![CDATA[Test scenario 01: Verify 'dashboard search' functionality
Click on dashboard tab
Dashboard opened successfully
Click on search icon from the dashboard page
It will redirect to Search tab successfully...
Click on find button
Searched document display on the page successfully...]]>
    </system-out>
  </testcase> <!-- TC_1_SearchIconDashBoardFunctionality -->
  <testcase classname="Computhink.Script.DashBoardScript" name="TC_2_NotifiactionIconDashBoardFunctionality" time="13.800">
    <system-out>
      <![CDATA[Scenario 02: Verify dashboard 'Notification' functionality
Click on dashboard tab
Click on notification icon
It will redirect to Notification tab successfully...
Notification page displayed successfully...]]>
    </system-out>
  </testcase> <!-- TC_2_NotifiactionIconDashBoardFunctionality -->
  <testcase classname="Computhink.Script.DashBoardScript" name="TodoListWFDetailsDashBoardFunctionality" time="69.497">
    <system-out>
      <![CDATA[Scenario 03: Verify dashboard 'Todolist' dropdown
Click on dashboard tab
Click on todo list dropdown
Click on New items option
It will list the New items workflow documents
Click on Pending items option
It will list the Pending items workflow documents
Click on Reviewed items option
It will list the Reviewed items workflow documents
Click on Sent items option
It will list the Sent items workflow documents
Click on All items option
It will list the All items workflow documents
No more pages
Click on Next page icon
Page should move to Next page
Todo list dropdown options verified successfully...
No more pages]]>
    </system-out>
  </testcase> <!-- TodoListWFDetailsDashBoardFunctionality -->
  <testcase classname="Computhink.Script.DashBoardScript" name="TC_4_CreateNewDocumentFromDB" time="20.183">
    <system-out>
      <![CDATA[Scenario 06: Verify dashboard 'New document' functionality
Click on dashboard tab
Click on New document icon
It will redirect to New document tab successfully...
The New document page opened successfully...]]>
    </system-out>
  </testcase> <!-- TC_4_CreateNewDocumentFromDB -->
  <testcase classname="Computhink.Script.DashBoardScript" name="TC_5_Contentverse_Document_Report" time="67.144">
    <system-out>
      <![CDATA[Scenario 06: Verify 'ContentverseReport' - Document Reports
Click on dashboard tab
Select Contentverse Report icon
Select 'Document Report'
Select 'This Week'
Click on Generate Button
No alert present
It should list the Document Report on the page
Click on Excel export
Click on PDF Export
Generated Document Report has Exported Successfully...]]>
    </system-out>
  </testcase> <!-- TC_5_Contentverse_Document_Report -->
  <testcase classname="Computhink.Script.DashBoardScript" name="TC_6_Contentverse_WrokflowStatus_Report" time="65.348">
    <system-out>
      <![CDATA[Scenario 07: Verify 'ContentverseReport' - Workflow Status Reports
Scenario 01: Log into EWA
Enter valid user name into username field
Exception while logging in and accessing dashboard
Mouse hover on Document Report dropdown and Select 'Workflow Status Report'
Select 'This Week'
Click on Generate Button
No alert present
It should list the 'Workflow Status Report' on the page
Click on Excel export
Click on PDF Export
Generated Document Report has Exported Successfully...]]>
    </system-out>
  </testcase> <!-- TC_6_Contentverse_WrokflowStatus_Report -->
  <testcase classname="Computhink.Script.DashBoardScript" name="TC_7_Contentverse_RejectDocumentInWFReport_Report" time="16.046">
    <error message="javascript error: {&quot;status&quot;:60,&quot;value&quot;:&quot;[object HTMLLIElement] has no size and location&quot;}
  (Session info: chrome=130.0.6723.92)
Build info: version: &#039;3.141.59&#039;, revision: &#039;e82be7d358&#039;, time: &#039;2018-11-14T08:25:53&#039;
System info: host: &#039;CIPLWKT014&#039;, ip: &#039;10.4.8.14&#039;, os.name: &#039;Windows 10&#039;, os.arch: &#039;amd64&#039;, os.version: &#039;10.0&#039;, java.version: &#039;17.0.12&#039;
Driver info: org.openqa.selenium.chrome.ChromeDriver
Capabilities {acceptInsecureCerts: false, browserName: chrome, browserVersion: 130.0.6723.92, chrome: {chromedriverVersion: 130.0.6723.93 (dbcf0550c05e..., userDataDir: C:\Users\nisha.r\AppData\Lo...}, fedcm:accounts: true, goog:chromeOptions: {debuggerAddress: localhost:61903}, javascriptEnabled: true, networkConnectionEnabled: false, pageLoadStrategy: normal, platform: WINDOWS, platformName: WINDOWS, proxy: Proxy(), setWindowRect: true, strictFileInteractability: false, timeouts: {implicit: 0, pageLoad: 300000, script: 30000}, unhandledPromptBehavior: dismiss and notify, webauthn:extension:credBlob: true, webauthn:extension:largeBlob: true, webauthn:extension:minPinLength: true, webauthn:extension:prf: true, webauthn:virtualAuthenticators: true}
Session ID: 0f4fdd7ebe962387162aacaa17aba93c" type="org.openqa.selenium.JavascriptException">
      <![CDATA[org.openqa.selenium.JavascriptException: javascript error: {"status":60,"value":"[object HTMLLIElement] has no size and location"}
  (Session info: chrome=130.0.6723.92)
Build info: version: '3.141.59', revision: 'e82be7d358', time: '2018-11-14T08:25:53'
System info: host: 'CIPLWKT014', ip: '10.4.8.14', os.name: 'Windows 10', os.arch: 'amd64', os.version: '10.0', java.version: '17.0.12'
Driver info: org.openqa.selenium.chrome.ChromeDriver
Capabilities {acceptInsecureCerts: false, browserName: chrome, browserVersion: 130.0.6723.92, chrome: {chromedriverVersion: 130.0.6723.93 (dbcf0550c05e..., userDataDir: C:\Users\nisha.r\AppData\Lo...}, fedcm:accounts: true, goog:chromeOptions: {debuggerAddress: localhost:61903}, javascriptEnabled: true, networkConnectionEnabled: false, pageLoadStrategy: normal, platform: WINDOWS, platformName: WINDOWS, proxy: Proxy(), setWindowRect: true, strictFileInteractability: false, timeouts: {implicit: 0, pageLoad: 300000, script: 30000}, unhandledPromptBehavior: dismiss and notify, webauthn:extension:credBlob: true, webauthn:extension:largeBlob: true, webauthn:extension:minPinLength: true, webauthn:extension:prf: true, webauthn:virtualAuthenticators: true}
Session ID: 0f4fdd7ebe962387162aacaa17aba93c
at java.base/jdk.internal.reflect.NativeConstructorAccessorImpl.newInstance0(Native Method)
at java.base/jdk.internal.reflect.NativeConstructorAccessorImpl.newInstance(NativeConstructorAccessorImpl.java:77)
at java.base/jdk.internal.reflect.DelegatingConstructorAccessorImpl.newInstance(DelegatingConstructorAccessorImpl.java:45)
at java.base/java.lang.reflect.Constructor.newInstanceWithCaller(Constructor.java:499)
at java.base/java.lang.reflect.Constructor.newInstance(Constructor.java:480)
at org.openqa.selenium.remote.http.W3CHttpResponseCodec.createException(W3CHttpResponseCodec.java:187)
at org.openqa.selenium.remote.http.W3CHttpResponseCodec.decode(W3CHttpResponseCodec.java:122)
at org.openqa.selenium.remote.http.W3CHttpResponseCodec.decode(W3CHttpResponseCodec.java:49)
at org.openqa.selenium.remote.HttpCommandExecutor.execute(HttpCommandExecutor.java:158)
at org.openqa.selenium.remote.service.DriverCommandExecutor.execute(DriverCommandExecutor.java:83)
at org.openqa.selenium.remote.RemoteWebDriver.execute(RemoteWebDriver.java:552)
at org.openqa.selenium.remote.RemoteWebDriver.perform(RemoteWebDriver.java:618)
at org.openqa.selenium.interactions.Actions$BuiltAction.perform(Actions.java:639)
at Computhink.Pom.DashBoardPom.ContentverseRejectDocumentInWFReport(DashBoardPom.java:384)
at Computhink.Script.DashBoardScript.TC_7_Contentverse_RejectDocumentInWFReport_Report(DashBoardScript.java:89)
at java.base/jdk.internal.reflect.NativeMethodAccessorImpl.invoke0(Native Method)
at java.base/jdk.internal.reflect.NativeMethodAccessorImpl.invoke(NativeMethodAccessorImpl.java:77)
at java.base/jdk.internal.reflect.DelegatingMethodAccessorImpl.invoke(DelegatingMethodAccessorImpl.java:43)
at java.base/java.lang.reflect.Method.invoke(Method.java:568)
at org.testng.internal.invokers.MethodInvocationHelper.invokeMethod(MethodInvocationHelper.java:141)
at org.testng.internal.invokers.TestInvoker.invokeMethod(TestInvoker.java:686)
at org.testng.internal.invokers.TestInvoker.invokeTestMethod(TestInvoker.java:230)
at org.testng.internal.invokers.MethodRunner.runInSequence(MethodRunner.java:63)
at org.testng.internal.invokers.TestInvoker$MethodInvocationAgent.invoke(TestInvoker.java:992)
at org.testng.internal.invokers.TestInvoker.invokeTestMethods(TestInvoker.java:203)
at org.testng.internal.invokers.TestMethodWorker.invokeTestMethods(TestMethodWorker.java:154)
at org.testng.internal.invokers.TestMethodWorker.run(TestMethodWorker.java:134)
at java.base/java.util.ArrayList.forEach(ArrayList.java:1511)
at org.testng.TestRunner.privateRun(TestRunner.java:739)
at org.testng.TestRunner.run(TestRunner.java:614)
at org.testng.SuiteRunner.runTest(SuiteRunner.java:421)
at org.testng.SuiteRunner.runSequentially(SuiteRunner.java:413)
at org.testng.SuiteRunner.privateRun(SuiteRunner.java:373)
at org.testng.SuiteRunner.run(SuiteRunner.java:312)
at org.testng.SuiteRunnerWorker.runSuite(SuiteRunnerWorker.java:52)
at org.testng.SuiteRunnerWorker.run(SuiteRunnerWorker.java:95)
at org.testng.TestNG.runSuitesSequentially(TestNG.java:1274)
at org.testng.TestNG.runSuitesLocally(TestNG.java:1208)
at org.testng.TestNG.runSuites(TestNG.java:1112)
at org.testng.TestNG.run(TestNG.java:1079)
at org.testng.remote.AbstractRemoteTestNG.run(AbstractRemoteTestNG.java:115)
at org.testng.remote.RemoteTestNG.initAndRun(RemoteTestNG.java:293)
at org.testng.remote.RemoteTestNG.main(RemoteTestNG.java:91)
]]>
    </error>
    <system-out>
      <![CDATA[Scenario 08: Verify 'ContentverseReport' - Reject document in workflow Report
Mouse hover on Document Report dropdown and Select 'Reject document in workflow Report'
Select 'This Week'
Click on Generate Button]]>
    </system-out>
  </testcase> <!-- TC_7_Contentverse_RejectDocumentInWFReport_Report -->
  <system-out>
    <![CDATA[Chrome driver launched successfull
Chrome Browser launched Successfully...
Launched Contentverse URL Details: http://10.4.10.21:8080/CVWeb/cvLgn
No error message found
Page title name: Contentverse
EWA URL launched successfull
Contentverse URL launched successfully...
Scenario 01: Log into EWA
Enter valid user name into username field
Enter valid password into password field
Select a Room
Captcha is not present, proceeding with login.
Click Login button
Session for user is already active. Do you want to create a new session? Dialog box displayed. User clicks OK button.
Test scenario 01: Verify 'dashboard search' functionality
Click on dashboard tab
Dashboard opened successfully
Click on search icon from the dashboard page
It will redirect to Search tab successfully...
Click on find button
Searched document display on the page successfully...
Scenario 02: Verify dashboard 'Notification' functionality
Click on dashboard tab
Click on notification icon
It will redirect to Notification tab successfully...
Notification page displayed successfully...
Scenario 03: Verify dashboard 'Todolist' dropdown
Click on dashboard tab
Click on todo list dropdown
Click on New items option
It will list the New items workflow documents
Click on Pending items option
It will list the Pending items workflow documents
Click on Reviewed items option
It will list the Reviewed items workflow documents
Click on Sent items option
It will list the Sent items workflow documents
Click on All items option
It will list the All items workflow documents
No more pages
Click on Next page icon
Page should move to Next page
Todo list dropdown options verified successfully...
No more pages
Scenario 06: Verify dashboard 'New document' functionality
Click on dashboard tab
Click on New document icon
It will redirect to New document tab successfully...
The New document page opened successfully...
Scenario 06: Verify 'ContentverseReport' - Document Reports
Click on dashboard tab
Select Contentverse Report icon
Select 'Document Report'
Select 'This Week'
Click on Generate Button
No alert present
It should list the Document Report on the page
Click on Excel export
Click on PDF Export
Generated Document Report has Exported Successfully...
Scenario 07: Verify 'ContentverseReport' - Workflow Status Reports
Scenario 01: Log into EWA
Enter valid user name into username field
Exception while logging in and accessing dashboard
Mouse hover on Document Report dropdown and Select 'Workflow Status Report'
Select 'This Week'
Click on Generate Button
No alert present
It should list the 'Workflow Status Report' on the page
Click on Excel export
Click on PDF Export
Generated Document Report has Exported Successfully...
Scenario 08: Verify 'ContentverseReport' - Reject document in workflow Report
Mouse hover on Document Report dropdown and Select 'Reject document in workflow Report'
Select 'This Week'
Click on Generate Button]]>
  </system-out>
</testsuite> <!-- Computhink.Script.DashBoardScript -->
