<?xml version="1.0" encoding="UTF-8"?>
<!-- Generated by org.testng.reporters.JUnitReportReporter -->
<testsuite skipped="3" hostname="CIPLWKT014" name="Script.UnsupportedFiles" tests="4" failures="0" timestamp="24 Jun 2024 07:00:55 GMT" time="231.578" errors="1">
  <testcase name="loadBrowser" time="231.578" classname="Script.UnsupportedFiles">
    <error type="org.openqa.selenium.SessionNotCreatedException" message="session not created
from chrome not reachable
Build info: version: &#039;3.141.59&#039;, revision: &#039;e82be7d358&#039;, time: &#039;2018-11-14T08:25:53&#039;
System info: host: &#039;CIPLWKT014&#039;, ip: &#039;10.4.8.14&#039;, os.name: &#039;Windows 10&#039;, os.arch: &#039;x86&#039;, os.version: &#039;10.0&#039;, java.version: &#039;1.8.0_351&#039;
Driver info: driver.version: ChromeDriver
remote stacktrace: 	GetHandleVerifier [0x00007FF61AFF3E42+31618]
	(No symbol) [0x00007FF61AF6B0A9]
	(No symbol) [0x00007FF61AE286B9]
	(No symbol) [0x00007FF61AE13D34]
	(No symbol) [0x00007FF61AE65F32]
	(No symbol) [0x00007FF61AE60E6C]
	(No symbol) [0x00007FF61AE5BC8F]
	(No symbol) [0x00007FF61AEA8864]
	(No symbol) [0x00007FF61AEA7EC0]
	(No symbol) [0x00007FF61AE9CEB3]
	(No symbol) [0x00007FF61AE6A46B]
	(No symbol) [0x00007FF61AE6B001]
	GetHandleVerifier [0x00007FF61B2FA01D+3202397]
	GetHandleVerifier [0x00007FF61B346A3D+3516285]
	GetHandleVerifier [0x00007FF61B33C4B0+3473904]
	GetHandleVerifier [0x00007FF61B0A5D46+760454]
	(No symbol) [0x00007FF61AF76B4F]
	(No symbol) [0x00007FF61AF71CE4]
	(No symbol) [0x00007FF61AF71E72]
	(No symbol) [0x00007FF61AF6121F]
	BaseThreadInitThunk [0x00007FFE40C57344+20]
	RtlUserThreadStart [0x00007FFE413DCC91+33]
">
      <![CDATA[org.openqa.selenium.SessionNotCreatedException: session not created
from chrome not reachable
Build info: version: '3.141.59', revision: 'e82be7d358', time: '2018-11-14T08:25:53'
System info: host: 'CIPLWKT014', ip: '10.4.8.14', os.name: 'Windows 10', os.arch: 'x86', os.version: '10.0', java.version: '1.8.0_351'
Driver info: driver.version: ChromeDriver
remote stacktrace: GetHandleVerifier [0x00007FF61AFF3E42+31618]
(No symbol) [0x00007FF61AF6B0A9]
(No symbol) [0x00007FF61AE286B9]
(No symbol) [0x00007FF61AE13D34]
(No symbol) [0x00007FF61AE65F32]
(No symbol) [0x00007FF61AE60E6C]
(No symbol) [0x00007FF61AE5BC8F]
(No symbol) [0x00007FF61AEA8864]
(No symbol) [0x00007FF61AEA7EC0]
(No symbol) [0x00007FF61AE9CEB3]
(No symbol) [0x00007FF61AE6A46B]
(No symbol) [0x00007FF61AE6B001]
GetHandleVerifier [0x00007FF61B2FA01D+3202397]
GetHandleVerifier [0x00007FF61B346A3D+3516285]
GetHandleVerifier [0x00007FF61B33C4B0+3473904]
GetHandleVerifier [0x00007FF61B0A5D46+760454]
(No symbol) [0x00007FF61AF76B4F]
(No symbol) [0x00007FF61AF71CE4]
(No symbol) [0x00007FF61AF71E72]
(No symbol) [0x00007FF61AF6121F]
BaseThreadInitThunk [0x00007FFE40C57344+20]
RtlUserThreadStart [0x00007FFE413DCC91+33]

at sun.reflect.NativeConstructorAccessorImpl.newInstance0(Native Method)
at sun.reflect.NativeConstructorAccessorImpl.newInstance(Unknown Source)
at sun.reflect.DelegatingConstructorAccessorImpl.newInstance(Unknown Source)
at java.lang.reflect.Constructor.newInstance(Unknown Source)
at org.openqa.selenium.remote.W3CHandshakeResponse.lambda$errorHandler$0(W3CHandshakeResponse.java:62)
at org.openqa.selenium.remote.HandshakeResponse.lambda$getResponseFunction$0(HandshakeResponse.java:30)
at org.openqa.selenium.remote.ProtocolHandshake.lambda$createSession$0(ProtocolHandshake.java:126)
at java.util.stream.ReferencePipeline$3$1.accept(Unknown Source)
at java.util.Spliterators$ArraySpliterator.tryAdvance(Unknown Source)
at java.util.stream.ReferencePipeline.forEachWithCancel(Unknown Source)
at java.util.stream.AbstractPipeline.copyIntoWithCancel(Unknown Source)
at java.util.stream.AbstractPipeline.copyInto(Unknown Source)
at java.util.stream.AbstractPipeline.wrapAndCopyInto(Unknown Source)
at java.util.stream.FindOps$FindOp.evaluateSequential(Unknown Source)
at java.util.stream.AbstractPipeline.evaluate(Unknown Source)
at java.util.stream.ReferencePipeline.findFirst(Unknown Source)
at org.openqa.selenium.remote.ProtocolHandshake.createSession(ProtocolHandshake.java:128)
at org.openqa.selenium.remote.ProtocolHandshake.createSession(ProtocolHandshake.java:74)
at org.openqa.selenium.remote.HttpCommandExecutor.execute(HttpCommandExecutor.java:136)
at org.openqa.selenium.remote.service.DriverCommandExecutor.execute(DriverCommandExecutor.java:83)
at org.openqa.selenium.remote.RemoteWebDriver.execute(RemoteWebDriver.java:552)
at org.openqa.selenium.remote.RemoteWebDriver.startSession(RemoteWebDriver.java:213)
at org.openqa.selenium.remote.RemoteWebDriver.<init>(RemoteWebDriver.java:131)
at org.openqa.selenium.chrome.ChromeDriver.<init>(ChromeDriver.java:181)
at org.openqa.selenium.chrome.ChromeDriver.<init>(ChromeDriver.java:168)
at org.openqa.selenium.chrome.ChromeDriver.<init>(ChromeDriver.java:123)
at Generic.BaseClass.loadBrowser(BaseClass.java:75)
at Script.UnsupportedFiles.loadBrowser(UnsupportedFiles.java:19)
at sun.reflect.NativeMethodAccessorImpl.invoke0(Native Method)
at sun.reflect.NativeMethodAccessorImpl.invoke(Unknown Source)
at sun.reflect.DelegatingMethodAccessorImpl.invoke(Unknown Source)
at java.lang.reflect.Method.invoke(Unknown Source)
at org.testng.internal.MethodInvocationHelper.invokeMethod(MethodInvocationHelper.java:124)
at org.testng.internal.MethodInvocationHelper.invokeMethodConsideringTimeout(MethodInvocationHelper.java:59)
at org.testng.internal.Invoker.invokeConfigurationMethod(Invoker.java:458)
at org.testng.internal.Invoker.invokeConfigurations(Invoker.java:222)
at org.testng.internal.Invoker.invokeConfigurations(Invoker.java:142)
at org.testng.internal.TestMethodWorker.invokeBeforeClassMethods(TestMethodWorker.java:168)
at org.testng.internal.TestMethodWorker.run(TestMethodWorker.java:105)
at org.testng.TestRunner.privateRun(TestRunner.java:648)
at org.testng.TestRunner.run(TestRunner.java:505)
at org.testng.SuiteRunner.runTest(SuiteRunner.java:455)
at org.testng.SuiteRunner.runSequentially(SuiteRunner.java:450)
at org.testng.SuiteRunner.privateRun(SuiteRunner.java:415)
at org.testng.SuiteRunner.run(SuiteRunner.java:364)
at org.testng.SuiteRunnerWorker.runSuite(SuiteRunnerWorker.java:52)
at org.testng.SuiteRunnerWorker.run(SuiteRunnerWorker.java:84)
at org.testng.TestNG.runSuitesSequentially(TestNG.java:1208)
at org.testng.TestNG.runSuitesLocally(TestNG.java:1137)
at org.testng.TestNG.runSuites(TestNG.java:1049)
at org.testng.TestNG.run(TestNG.java:1017)
at org.testng.remote.AbstractRemoteTestNG.run(AbstractRemoteTestNG.java:114)
at org.testng.remote.RemoteTestNG.initAndRun(RemoteTestNG.java:251)
at org.testng.remote.RemoteTestNG.main(RemoteTestNG.java:77)
]]>
    </error>
  </testcase> <!-- loadBrowser -->
  <testcase name="TC_1_Login" time="0.000" classname="Script.UnsupportedFiles">
    <skipped/>
  </testcase> <!-- TC_1_Login -->
  <testcase name="TC_2_CreateDocumentWithUnsupportedFiles" time="0.000" classname="Script.UnsupportedFiles">
    <skipped/>
  </testcase> <!-- TC_2_CreateDocumentWithUnsupportedFiles -->
  <testcase name="TC_3_Verify_UnsupportedFiles_Download_Offline" time="0.000" classname="Script.UnsupportedFiles">
    <skipped/>
  </testcase> <!-- TC_3_Verify_UnsupportedFiles_Download_Offline -->
</testsuite> <!-- Script.UnsupportedFiles -->
