<?xml version="1.0" encoding="UTF-8"?>
<!-- Generated by org.testng.reporters.JUnitReportReporter -->
<testsuite skipped="6" hostname="CIPLWKT014" name="Script.Negative_Templates" tests="14" failures="0" timestamp="03 Jul 2024 16:39:02 GMT" time="1679.044" errors="1">
  <testcase name="Login_EWA" time="55.671" classname="Script.Negative_Templates"/>
  <testcase name="TC_01_Login_Template_permissionassign_User_and_verify_message_Select_Folder_ToCreateDoc" time="193.567" classname="Script.Negative_Templates"/>
  <testcase name="TC_01_Login_Template_permissionassign_User_and_verify_message_Select_Folder_ToCreateDoc" time="119.611" classname="Script.Negative_Templates">
    <skipped/>
  </testcase> <!-- TC_01_Login_Template_permissionassign_User_and_verify_message_Select_Folder_ToCreateDoc -->
  <testcase name="TC_02_verify_message_addPages_Using_SaveandClearButton" time="68.952" classname="Script.Negative_Templates"/>
  <testcase name="TC_03_Verify_TextboxName_and_Templatename_validation" time="180.245" classname="Script.Negative_Templates">
    <skipped/>
  </testcase> <!-- TC_03_Verify_TextboxName_and_Templatename_validation -->
  <testcase name="TC_03_Verify_TextboxName_and_Templatename_validation" time="4.230" classname="Script.Negative_Templates">
    <skipped/>
  </testcase> <!-- TC_03_Verify_TextboxName_and_Templatename_validation -->
  <testcase name="TC_03_Verify_TextboxName_and_Templatename_validation" time="4.253" classname="Script.Negative_Templates">
    <error type="org.openqa.selenium.JavascriptException" message="javascript error: {&quot;status&quot;:11,&quot;value&quot;:&quot;Element is not currently visible and may not be manipulated&quot;}
  (Session info: chrome=126.0.6478.127)
Build info: version: &#039;3.141.59&#039;, revision: &#039;e82be7d358&#039;, time: &#039;2018-11-14T08:25:53&#039;
System info: host: &#039;CIPLWKT014&#039;, ip: &#039;10.4.8.14&#039;, os.name: &#039;Windows 10&#039;, os.arch: &#039;x86&#039;, os.version: &#039;10.0&#039;, java.version: &#039;1.8.0_351&#039;
Driver info: org.openqa.selenium.chrome.ChromeDriver
Capabilities {acceptInsecureCerts: false, browserName: chrome, browserVersion: 126.0.6478.127, chrome: {chromedriverVersion: 126.0.6478.62 (b2781ca4c383..., userDataDir: C:\Users\nisha.r\AppData\Lo...}, fedcm:accounts: true, goog:chromeOptions: {debuggerAddress: localhost:55404}, javascriptEnabled: true, networkConnectionEnabled: false, pageLoadStrategy: normal, platform: WINDOWS, platformName: WINDOWS, proxy: Proxy(), setWindowRect: true, strictFileInteractability: false, timeouts: {implicit: 0, pageLoad: 300000, script: 30000}, unhandledPromptBehavior: dismiss and notify, webauthn:extension:credBlob: true, webauthn:extension:largeBlob: true, webauthn:extension:minPinLength: true, webauthn:extension:prf: true, webauthn:virtualAuthenticators: true}
Session ID: 1b3e99b23fa8a30d7cf6938fc4ef92ce">
      <![CDATA[org.openqa.selenium.JavascriptException: javascript error: {"status":11,"value":"Element is not currently visible and may not be manipulated"}
  (Session info: chrome=126.0.6478.127)
Build info: version: '3.141.59', revision: 'e82be7d358', time: '2018-11-14T08:25:53'
System info: host: 'CIPLWKT014', ip: '10.4.8.14', os.name: 'Windows 10', os.arch: 'x86', os.version: '10.0', java.version: '1.8.0_351'
Driver info: org.openqa.selenium.chrome.ChromeDriver
Capabilities {acceptInsecureCerts: false, browserName: chrome, browserVersion: 126.0.6478.127, chrome: {chromedriverVersion: 126.0.6478.62 (b2781ca4c383..., userDataDir: C:\Users\nisha.r\AppData\Lo...}, fedcm:accounts: true, goog:chromeOptions: {debuggerAddress: localhost:55404}, javascriptEnabled: true, networkConnectionEnabled: false, pageLoadStrategy: normal, platform: WINDOWS, platformName: WINDOWS, proxy: Proxy(), setWindowRect: true, strictFileInteractability: false, timeouts: {implicit: 0, pageLoad: 300000, script: 30000}, unhandledPromptBehavior: dismiss and notify, webauthn:extension:credBlob: true, webauthn:extension:largeBlob: true, webauthn:extension:minPinLength: true, webauthn:extension:prf: true, webauthn:virtualAuthenticators: true}
Session ID: 1b3e99b23fa8a30d7cf6938fc4ef92ce
at sun.reflect.NativeConstructorAccessorImpl.newInstance0(Native Method)
at sun.reflect.NativeConstructorAccessorImpl.newInstance(Unknown Source)
at sun.reflect.DelegatingConstructorAccessorImpl.newInstance(Unknown Source)
at java.lang.reflect.Constructor.newInstance(Unknown Source)
at org.openqa.selenium.remote.http.W3CHttpResponseCodec.createException(W3CHttpResponseCodec.java:187)
at org.openqa.selenium.remote.http.W3CHttpResponseCodec.decode(W3CHttpResponseCodec.java:122)
at org.openqa.selenium.remote.http.W3CHttpResponseCodec.decode(W3CHttpResponseCodec.java:49)
at org.openqa.selenium.remote.HttpCommandExecutor.execute(HttpCommandExecutor.java:158)
at org.openqa.selenium.remote.service.DriverCommandExecutor.execute(DriverCommandExecutor.java:83)
at org.openqa.selenium.remote.RemoteWebDriver.execute(RemoteWebDriver.java:552)
at org.openqa.selenium.remote.RemoteWebElement.execute(RemoteWebElement.java:285)
at org.openqa.selenium.remote.RemoteWebElement.click(RemoteWebElement.java:84)
at org.openqa.selenium.support.ui.Select.setSelected(Select.java:311)
at org.openqa.selenium.support.ui.Select.selectByVisibleText(Select.java:116)
at Pom.TemplatePage.getSelect_Document_Type_Dropdown(TemplatePage.java:367)
at Pom.TemplatePage.Verify_TextboxName_and_Templatename_validation(TemplatePage.java:1240)
at Script.Negative_Templates.TC_03_Verify_TextboxName_and_Templatename_validation(Negative_Templates.java:46)
at sun.reflect.NativeMethodAccessorImpl.invoke0(Native Method)
at sun.reflect.NativeMethodAccessorImpl.invoke(Unknown Source)
at sun.reflect.DelegatingMethodAccessorImpl.invoke(Unknown Source)
at java.lang.reflect.Method.invoke(Unknown Source)
at org.testng.internal.MethodInvocationHelper.invokeMethod(MethodInvocationHelper.java:124)
at org.testng.internal.Invoker.invokeMethod(Invoker.java:583)
at org.testng.internal.Invoker.retryFailed(Invoker.java:839)
at org.testng.internal.Invoker.invokeTestMethods(Invoker.java:1010)
at org.testng.internal.TestMethodWorker.invokeTestMethods(TestMethodWorker.java:125)
at org.testng.internal.TestMethodWorker.run(TestMethodWorker.java:109)
at org.testng.TestRunner.privateRun(TestRunner.java:648)
at org.testng.TestRunner.run(TestRunner.java:505)
at org.testng.SuiteRunner.runTest(SuiteRunner.java:455)
at org.testng.SuiteRunner.runSequentially(SuiteRunner.java:450)
at org.testng.SuiteRunner.privateRun(SuiteRunner.java:415)
at org.testng.SuiteRunner.run(SuiteRunner.java:364)
at org.testng.SuiteRunnerWorker.runSuite(SuiteRunnerWorker.java:52)
at org.testng.SuiteRunnerWorker.run(SuiteRunnerWorker.java:84)
at org.testng.TestNG.runSuitesSequentially(TestNG.java:1208)
at org.testng.TestNG.runSuitesSequentially(TestNG.java:1204)
at org.testng.TestNG.runSuitesLocally(TestNG.java:1137)
at org.testng.TestNG.runSuites(TestNG.java:1049)
at org.testng.TestNG.run(TestNG.java:1017)
at org.testng.remote.AbstractRemoteTestNG.run(AbstractRemoteTestNG.java:114)
at org.testng.remote.RemoteTestNG.initAndRun(RemoteTestNG.java:251)
at org.testng.remote.RemoteTestNG.main(RemoteTestNG.java:77)
]]>
    </error>
  </testcase> <!-- TC_03_Verify_TextboxName_and_Templatename_validation -->
  <testcase name="TC_03_Verify_TextboxName_and_Templatename_validation" time="4.273" classname="Script.Negative_Templates">
    <skipped/>
  </testcase> <!-- TC_03_Verify_TextboxName_and_Templatename_validation -->
  <testcase name="TC_04_Verify_validation_Duplicate_Template_Created" time="73.312" classname="Script.Negative_Templates">
    <skipped/>
  </testcase> <!-- TC_04_Verify_validation_Duplicate_Template_Created -->
  <testcase name="TC_04_Verify_validation_Duplicate_Template_Created" time="73.312" classname="Script.Negative_Templates">
    <skipped/>
  </testcase> <!-- TC_04_Verify_validation_Duplicate_Template_Created -->
  <testcase name="TC_04_Verify_validation_Duplicate_Template_Created" time="366.194" classname="Script.Negative_Templates"/>
  <testcase name="TC_05_verify_to_CreateorBrowse_Template_Advancedviewing_Officedoc" time="330.298" classname="Script.Negative_Templates"/>
  <testcase name="TC_06_verify_Validation_Formmapping_PDFTemplate_Advancedviewing" time="160.766" classname="Script.Negative_Templates"/>
  <testcase name="TC_07_Set_Defaultview" time="44.360" classname="Script.Negative_Templates"/>
</testsuite> <!-- Script.Negative_Templates -->
